[0.009s] Invoking command in '/home/y/works/ARM-Sim2sim-Isaaclab-to-Gazebo/build/arm_description': CMAKE_PREFIX_PATH=/opt/ros/humble /usr/bin/cmake /home/y/works/ARM-Sim2sim-Isaaclab-to-Gazebo/src/arm_description -DAMENT_CMAKE_SYMLINK_INSTALL=1 -DCMAKE_INSTALL_PREFIX=/home/y/works/ARM-Sim2sim-Isaaclab-to-Gazebo/install/arm_description
[0.019s] -- Found ament_cmake: 1.3.12 (/opt/ros/humble/share/ament_cmake/cmake)
[0.096s] -- Override CMake install command with custom implementation using symlinks instead of copying resources
[0.101s] -- Found ament_lint_auto: 0.12.14 (/opt/ros/humble/share/ament_lint_auto/cmake)
[0.147s] -- Added test 'copyright' to check source files copyright and LICENSE
[0.148s] -- Added test 'lint_cmake' to check CMake code style
[0.149s] -- Added test 'xmllint' to check XML markup files
[0.150s] -- Configuring done
[0.152s] -- Generating done
[0.153s] -- Build files have been written to: /home/y/works/ARM-Sim2sim-Isaaclab-to-Gazebo/build/arm_description
[0.157s] Invoked command in '/home/y/works/ARM-Sim2sim-Isaaclab-to-Gazebo/build/arm_description' returned '0': CMAKE_PREFIX_PATH=/opt/ros/humble /usr/bin/cmake /home/y/works/ARM-Sim2sim-Isaaclab-to-Gazebo/src/arm_description -DAMENT_CMAKE_SYMLINK_INSTALL=1 -DCMAKE_INSTALL_PREFIX=/home/y/works/ARM-Sim2sim-Isaaclab-to-Gazebo/install/arm_description
[0.158s] Invoking command in '/home/y/works/ARM-Sim2sim-Isaaclab-to-Gazebo/build/arm_description': CMAKE_PREFIX_PATH=/opt/ros/humble /usr/bin/cmake --build /home/y/works/ARM-Sim2sim-Isaaclab-to-Gazebo/build/arm_description -- -j16 -l16
[0.189s] Invoked command in '/home/y/works/ARM-Sim2sim-Isaaclab-to-Gazebo/build/arm_description' returned '0': CMAKE_PREFIX_PATH=/opt/ros/humble /usr/bin/cmake --build /home/y/works/ARM-Sim2sim-Isaaclab-to-Gazebo/build/arm_description -- -j16 -l16
[0.191s] Invoking command in '/home/y/works/ARM-Sim2sim-Isaaclab-to-Gazebo/build/arm_description': CMAKE_PREFIX_PATH=/opt/ros/humble /usr/bin/cmake --install /home/y/works/ARM-Sim2sim-Isaaclab-to-Gazebo/build/arm_description
[0.198s] -- Install configuration: ""
[0.198s] -- Execute custom install script
[0.198s] -- Symlinking: /home/y/works/ARM-Sim2sim-Isaaclab-to-Gazebo/install/arm_description/share/arm_description/meshes/base_link.STL
[0.206s] -- Symlinking: /home/y/works/ARM-Sim2sim-Isaaclab-to-Gazebo/install/arm_description/share/arm_description/meshes/gripper_1_link.STL
[0.214s] -- Symlinking: /home/y/works/ARM-Sim2sim-Isaaclab-to-Gazebo/install/arm_description/share/arm_description/meshes/gripper_2_link.STL
[0.222s] -- Symlinking: /home/y/works/ARM-Sim2sim-Isaaclab-to-Gazebo/install/arm_description/share/arm_description/meshes/gripper_centor_link.STL
[0.229s] -- Symlinking: /home/y/works/ARM-Sim2sim-Isaaclab-to-Gazebo/install/arm_description/share/arm_description/meshes/link1.STL
[0.236s] -- Symlinking: /home/y/works/ARM-Sim2sim-Isaaclab-to-Gazebo/install/arm_description/share/arm_description/meshes/link2.STL
[0.243s] -- Symlinking: /home/y/works/ARM-Sim2sim-Isaaclab-to-Gazebo/install/arm_description/share/arm_description/meshes/link3.STL
[0.250s] -- Symlinking: /home/y/works/ARM-Sim2sim-Isaaclab-to-Gazebo/install/arm_description/share/arm_description/meshes/link4.STL
[0.257s] -- Symlinking: /home/y/works/ARM-Sim2sim-Isaaclab-to-Gazebo/install/arm_description/share/arm_description/meshes/link5.STL
[0.266s] -- Symlinking: /home/y/works/ARM-Sim2sim-Isaaclab-to-Gazebo/install/arm_description/share/arm_description/meshes/link6.STL
[0.272s] -- Symlinking: /home/y/works/ARM-Sim2sim-Isaaclab-to-Gazebo/install/arm_description/share/arm_description/urdf/panther_description.urdf
[0.280s] -- Symlinking: /home/y/works/ARM-Sim2sim-Isaaclab-to-Gazebo/install/arm_description/share/arm_description/urdf/panther_gazebo.urdf.xacro
[0.287s] -- Symlinking: /home/y/works/ARM-Sim2sim-Isaaclab-to-Gazebo/install/arm_description/share/arm_description/urdf/panther_gazebo_control.xacro
[0.294s] -- Symlinking: /home/y/works/ARM-Sim2sim-Isaaclab-to-Gazebo/install/arm_description/share/arm_description/urdf/panther_with_ros2_control.urdf.xacro
[0.302s] -- Symlinking: /home/y/works/ARM-Sim2sim-Isaaclab-to-Gazebo/install/arm_description/share/ament_index/resource_index/package_run_dependencies/arm_description
[0.309s] -- Symlinking: /home/y/works/ARM-Sim2sim-Isaaclab-to-Gazebo/install/arm_description/share/ament_index/resource_index/parent_prefix_path/arm_description
[0.316s] -- Symlinking: /home/y/works/ARM-Sim2sim-Isaaclab-to-Gazebo/install/arm_description/share/arm_description/environment/ament_prefix_path.sh
[0.323s] -- Symlinking: /home/y/works/ARM-Sim2sim-Isaaclab-to-Gazebo/install/arm_description/share/arm_description/environment/ament_prefix_path.dsv
[0.331s] -- Symlinking: /home/y/works/ARM-Sim2sim-Isaaclab-to-Gazebo/install/arm_description/share/arm_description/environment/path.sh
[0.338s] -- Symlinking: /home/y/works/ARM-Sim2sim-Isaaclab-to-Gazebo/install/arm_description/share/arm_description/environment/path.dsv
[0.345s] -- Symlinking: /home/y/works/ARM-Sim2sim-Isaaclab-to-Gazebo/install/arm_description/share/arm_description/local_setup.bash
[0.352s] -- Symlinking: /home/y/works/ARM-Sim2sim-Isaaclab-to-Gazebo/install/arm_description/share/arm_description/local_setup.sh
[0.361s] -- Symlinking: /home/y/works/ARM-Sim2sim-Isaaclab-to-Gazebo/install/arm_description/share/arm_description/local_setup.zsh
[0.368s] -- Symlinking: /home/y/works/ARM-Sim2sim-Isaaclab-to-Gazebo/install/arm_description/share/arm_description/local_setup.dsv
[0.375s] -- Symlinking: /home/y/works/ARM-Sim2sim-Isaaclab-to-Gazebo/install/arm_description/share/arm_description/package.dsv
[0.383s] -- Symlinking: /home/y/works/ARM-Sim2sim-Isaaclab-to-Gazebo/install/arm_description/share/ament_index/resource_index/packages/arm_description
[0.390s] -- Symlinking: /home/y/works/ARM-Sim2sim-Isaaclab-to-Gazebo/install/arm_description/share/arm_description/cmake/arm_descriptionConfig.cmake
[0.398s] -- Symlinking: /home/y/works/ARM-Sim2sim-Isaaclab-to-Gazebo/install/arm_description/share/arm_description/cmake/arm_descriptionConfig-version.cmake
[0.406s] -- Symlinking: /home/y/works/ARM-Sim2sim-Isaaclab-to-Gazebo/install/arm_description/share/arm_description/package.xml
[0.415s] Invoked command in '/home/y/works/ARM-Sim2sim-Isaaclab-to-Gazebo/build/arm_description' returned '0': CMAKE_PREFIX_PATH=/opt/ros/humble /usr/bin/cmake --install /home/y/works/ARM-Sim2sim-Isaaclab-to-Gazebo/build/arm_description
