[0.098s] DEBUG:colcon:Command line arguments: ['/usr/bin/colcon', 'build']
[0.098s] DEBUG:colcon:Parsed command line arguments: Namespace(log_base=None, log_level=None, verb_name='build', build_base='build', install_base='install', merge_install=False, symlink_install=False, test_result_base=None, continue_on_error=False, executor='parallel', parallel_workers=16, event_handlers=None, ignore_user_meta=False, metas=['./colcon.meta'], base_paths=['.'], packages_ignore=None, packages_ignore_regex=None, paths=None, packages_up_to=None, packages_up_to_regex=None, packages_above=None, packages_above_and_dependencies=None, packages_above_depth=None, packages_select_by_dep=None, packages_skip_by_dep=None, packages_skip_up_to=None, packages_select_build_failed=False, packages_skip_build_finished=False, packages_select_test_failures=False, packages_skip_test_passed=False, packages_select=None, packages_skip=None, packages_select_regex=None, packages_skip_regex=None, packages_start=None, packages_end=None, allow_overriding=[], cmake_args=None, cmake_target=None, cmake_target_skip_unavailable=False, cmake_clean_cache=False, cmake_clean_first=False, cmake_force_configure=False, ament_cmake_args=None, catkin_cmake_args=None, catkin_skip_building_tests=False, verb_parser=<colcon_defaults.argument_parser.defaults.DefaultArgumentsDecorator object at 0x7fa67edf5180>, verb_extension=<colcon_core.verb.build.BuildVerb object at 0x7fa67ef5e500>, main=<bound method BuildVerb.main of <colcon_core.verb.build.BuildVerb object at 0x7fa67ef5e500>>)
[0.185s] Level 1:colcon.colcon_core.package_discovery:discover_packages(colcon_meta) check parameters
[0.186s] Level 1:colcon.colcon_core.package_discovery:discover_packages(recursive) check parameters
[0.186s] Level 1:colcon.colcon_core.package_discovery:discover_packages(ignore) check parameters
[0.186s] Level 1:colcon.colcon_core.package_discovery:discover_packages(path) check parameters
[0.186s] Level 1:colcon.colcon_core.package_discovery:discover_packages(colcon_meta) discover
[0.186s] Level 1:colcon.colcon_core.package_discovery:discover_packages(recursive) discover
[0.186s] INFO:colcon.colcon_core.package_discovery:Crawling recursively for packages in '/home/y/works/ARM-Sim2sim-Isaaclab-to-Gazebo'
[0.186s] Level 1:colcon.colcon_core.package_identification:_identify(.) by extensions ['ignore', 'ignore_ament_install']
[0.186s] Level 1:colcon.colcon_core.package_identification:_identify(.) by extension 'ignore'
[0.186s] Level 1:colcon.colcon_core.package_identification:_identify(.) by extension 'ignore_ament_install'
[0.186s] Level 1:colcon.colcon_core.package_identification:_identify(.) by extensions ['colcon_pkg']
[0.186s] Level 1:colcon.colcon_core.package_identification:_identify(.) by extension 'colcon_pkg'
[0.186s] Level 1:colcon.colcon_core.package_identification:_identify(.) by extensions ['colcon_meta']
[0.186s] Level 1:colcon.colcon_core.package_identification:_identify(.) by extension 'colcon_meta'
[0.186s] Level 1:colcon.colcon_core.package_identification:_identify(.) by extensions ['ros']
[0.186s] Level 1:colcon.colcon_core.package_identification:_identify(.) by extension 'ros'
[0.194s] Level 1:colcon.colcon_core.package_identification:_identify(.) by extensions ['cmake', 'python']
[0.194s] Level 1:colcon.colcon_core.package_identification:_identify(.) by extension 'cmake'
[0.194s] Level 1:colcon.colcon_core.package_identification:_identify(.) by extension 'python'
[0.194s] Level 1:colcon.colcon_core.package_identification:_identify(.) by extensions ['python_setup_py']
[0.194s] Level 1:colcon.colcon_core.package_identification:_identify(.) by extension 'python_setup_py'
[0.194s] Level 1:colcon.colcon_core.package_identification:_identify(build) by extensions ['ignore', 'ignore_ament_install']
[0.194s] Level 1:colcon.colcon_core.package_identification:_identify(build) by extension 'ignore'
[0.194s] Level 1:colcon.colcon_core.package_identification:_identify(build) ignored
[0.194s] Level 1:colcon.colcon_core.package_identification:_identify(install) by extensions ['ignore', 'ignore_ament_install']
[0.194s] Level 1:colcon.colcon_core.package_identification:_identify(install) by extension 'ignore'
[0.194s] Level 1:colcon.colcon_core.package_identification:_identify(install) ignored
[0.194s] Level 1:colcon.colcon_core.package_identification:_identify(log) by extensions ['ignore', 'ignore_ament_install']
[0.195s] Level 1:colcon.colcon_core.package_identification:_identify(log) by extension 'ignore'
[0.195s] Level 1:colcon.colcon_core.package_identification:_identify(log) ignored
[0.195s] Level 1:colcon.colcon_core.package_identification:_identify(src) by extensions ['ignore', 'ignore_ament_install']
[0.195s] Level 1:colcon.colcon_core.package_identification:_identify(src) by extension 'ignore'
[0.195s] Level 1:colcon.colcon_core.package_identification:_identify(src) by extension 'ignore_ament_install'
[0.195s] Level 1:colcon.colcon_core.package_identification:_identify(src) by extensions ['colcon_pkg']
[0.195s] Level 1:colcon.colcon_core.package_identification:_identify(src) by extension 'colcon_pkg'
[0.195s] Level 1:colcon.colcon_core.package_identification:_identify(src) by extensions ['colcon_meta']
[0.195s] Level 1:colcon.colcon_core.package_identification:_identify(src) by extension 'colcon_meta'
[0.195s] Level 1:colcon.colcon_core.package_identification:_identify(src) by extensions ['ros']
[0.195s] Level 1:colcon.colcon_core.package_identification:_identify(src) by extension 'ros'
[0.195s] Level 1:colcon.colcon_core.package_identification:_identify(src) by extensions ['cmake', 'python']
[0.195s] Level 1:colcon.colcon_core.package_identification:_identify(src) by extension 'cmake'
[0.195s] Level 1:colcon.colcon_core.package_identification:_identify(src) by extension 'python'
[0.195s] Level 1:colcon.colcon_core.package_identification:_identify(src) by extensions ['python_setup_py']
[0.195s] Level 1:colcon.colcon_core.package_identification:_identify(src) by extension 'python_setup_py'
[0.195s] Level 1:colcon.colcon_core.package_identification:_identify(src/arm_description) by extensions ['ignore', 'ignore_ament_install']
[0.195s] Level 1:colcon.colcon_core.package_identification:_identify(src/arm_description) by extension 'ignore'
[0.195s] Level 1:colcon.colcon_core.package_identification:_identify(src/arm_description) by extension 'ignore_ament_install'
[0.195s] Level 1:colcon.colcon_core.package_identification:_identify(src/arm_description) by extensions ['colcon_pkg']
[0.195s] Level 1:colcon.colcon_core.package_identification:_identify(src/arm_description) by extension 'colcon_pkg'
[0.195s] Level 1:colcon.colcon_core.package_identification:_identify(src/arm_description) by extensions ['colcon_meta']
[0.195s] Level 1:colcon.colcon_core.package_identification:_identify(src/arm_description) by extension 'colcon_meta'
[0.195s] Level 1:colcon.colcon_core.package_identification:_identify(src/arm_description) by extensions ['ros']
[0.195s] Level 1:colcon.colcon_core.package_identification:_identify(src/arm_description) by extension 'ros'
[0.197s] DEBUG:colcon.colcon_core.package_identification:Package 'src/arm_description' with type 'ros.ament_cmake' and name 'arm_description'
[0.197s] Level 1:colcon.colcon_core.package_identification:_identify(src/arm_rl_sim) by extensions ['ignore', 'ignore_ament_install']
[0.197s] Level 1:colcon.colcon_core.package_identification:_identify(src/arm_rl_sim) by extension 'ignore'
[0.197s] Level 1:colcon.colcon_core.package_identification:_identify(src/arm_rl_sim) by extension 'ignore_ament_install'
[0.197s] Level 1:colcon.colcon_core.package_identification:_identify(src/arm_rl_sim) by extensions ['colcon_pkg']
[0.197s] Level 1:colcon.colcon_core.package_identification:_identify(src/arm_rl_sim) by extension 'colcon_pkg'
[0.197s] Level 1:colcon.colcon_core.package_identification:_identify(src/arm_rl_sim) by extensions ['colcon_meta']
[0.197s] Level 1:colcon.colcon_core.package_identification:_identify(src/arm_rl_sim) by extension 'colcon_meta'
[0.197s] Level 1:colcon.colcon_core.package_identification:_identify(src/arm_rl_sim) by extensions ['ros']
[0.197s] Level 1:colcon.colcon_core.package_identification:_identify(src/arm_rl_sim) by extension 'ros'
[0.198s] DEBUG:colcon.colcon_core.package_identification:Package 'src/arm_rl_sim' with type 'ros.ament_cmake' and name 'arm_rl_sim'
[0.198s] Level 1:colcon.colcon_core.package_identification:_identify(src/robot_joint_controller) by extensions ['ignore', 'ignore_ament_install']
[0.198s] Level 1:colcon.colcon_core.package_identification:_identify(src/robot_joint_controller) by extension 'ignore'
[0.198s] Level 1:colcon.colcon_core.package_identification:_identify(src/robot_joint_controller) by extension 'ignore_ament_install'
[0.198s] Level 1:colcon.colcon_core.package_identification:_identify(src/robot_joint_controller) by extensions ['colcon_pkg']
[0.198s] Level 1:colcon.colcon_core.package_identification:_identify(src/robot_joint_controller) by extension 'colcon_pkg'
[0.198s] Level 1:colcon.colcon_core.package_identification:_identify(src/robot_joint_controller) by extensions ['colcon_meta']
[0.198s] Level 1:colcon.colcon_core.package_identification:_identify(src/robot_joint_controller) by extension 'colcon_meta'
[0.198s] Level 1:colcon.colcon_core.package_identification:_identify(src/robot_joint_controller) by extensions ['ros']
[0.198s] Level 1:colcon.colcon_core.package_identification:_identify(src/robot_joint_controller) by extension 'ros'
[0.198s] DEBUG:colcon.colcon_core.package_identification:Package 'src/robot_joint_controller' with type 'ros.ament_cmake' and name 'robot_joint_controller'
[0.198s] Level 1:colcon.colcon_core.package_identification:_identify(src/robot_msgs) by extensions ['ignore', 'ignore_ament_install']
[0.198s] Level 1:colcon.colcon_core.package_identification:_identify(src/robot_msgs) by extension 'ignore'
[0.199s] Level 1:colcon.colcon_core.package_identification:_identify(src/robot_msgs) by extension 'ignore_ament_install'
[0.199s] Level 1:colcon.colcon_core.package_identification:_identify(src/robot_msgs) by extensions ['colcon_pkg']
[0.199s] Level 1:colcon.colcon_core.package_identification:_identify(src/robot_msgs) by extension 'colcon_pkg'
[0.199s] Level 1:colcon.colcon_core.package_identification:_identify(src/robot_msgs) by extensions ['colcon_meta']
[0.199s] Level 1:colcon.colcon_core.package_identification:_identify(src/robot_msgs) by extension 'colcon_meta'
[0.199s] Level 1:colcon.colcon_core.package_identification:_identify(src/robot_msgs) by extensions ['ros']
[0.199s] Level 1:colcon.colcon_core.package_identification:_identify(src/robot_msgs) by extension 'ros'
[0.199s] DEBUG:colcon.colcon_core.package_identification:Package 'src/robot_msgs' with type 'ros.ament_cmake' and name 'robot_msgs'
[0.199s] Level 1:colcon.colcon_core.package_discovery:discover_packages(recursive) using defaults
[0.199s] Level 1:colcon.colcon_core.package_discovery:discover_packages(ignore) discover
[0.199s] Level 1:colcon.colcon_core.package_discovery:discover_packages(ignore) using defaults
[0.199s] Level 1:colcon.colcon_core.package_discovery:discover_packages(path) discover
[0.199s] Level 1:colcon.colcon_core.package_discovery:discover_packages(path) using defaults
[0.220s] Level 1:colcon.colcon_core.package_discovery:discover_packages(prefix_path) check parameters
[0.220s] Level 1:colcon.colcon_core.package_discovery:discover_packages(prefix_path) discover
[0.222s] DEBUG:colcon.colcon_installed_package_information.package_discovery:Found 418 installed packages in /opt/ros/humble
[0.223s] Level 1:colcon.colcon_core.package_discovery:discover_packages(prefix_path) using defaults
[0.250s] Level 5:colcon.colcon_core.verb:set package 'arm_description' build argument 'cmake_args' from command line to 'None'
[0.251s] Level 5:colcon.colcon_core.verb:set package 'arm_description' build argument 'cmake_target' from command line to 'None'
[0.251s] Level 5:colcon.colcon_core.verb:set package 'arm_description' build argument 'cmake_target_skip_unavailable' from command line to 'False'
[0.251s] Level 5:colcon.colcon_core.verb:set package 'arm_description' build argument 'cmake_clean_cache' from command line to 'False'
[0.251s] Level 5:colcon.colcon_core.verb:set package 'arm_description' build argument 'cmake_clean_first' from command line to 'False'
[0.251s] Level 5:colcon.colcon_core.verb:set package 'arm_description' build argument 'cmake_force_configure' from command line to 'False'
[0.251s] Level 5:colcon.colcon_core.verb:set package 'arm_description' build argument 'ament_cmake_args' from command line to 'None'
[0.251s] Level 5:colcon.colcon_core.verb:set package 'arm_description' build argument 'catkin_cmake_args' from command line to 'None'
[0.251s] Level 5:colcon.colcon_core.verb:set package 'arm_description' build argument 'catkin_skip_building_tests' from command line to 'False'
[0.251s] DEBUG:colcon.colcon_core.verb:Building package 'arm_description' with the following arguments: {'ament_cmake_args': None, 'build_base': '/home/y/works/ARM-Sim2sim-Isaaclab-to-Gazebo/build/arm_description', 'catkin_cmake_args': None, 'catkin_skip_building_tests': False, 'cmake_args': None, 'cmake_clean_cache': False, 'cmake_clean_first': False, 'cmake_force_configure': False, 'cmake_target': None, 'cmake_target_skip_unavailable': False, 'install_base': '/home/y/works/ARM-Sim2sim-Isaaclab-to-Gazebo/install/arm_description', 'merge_install': False, 'path': '/home/y/works/ARM-Sim2sim-Isaaclab-to-Gazebo/src/arm_description', 'symlink_install': False, 'test_result_base': None}
[0.251s] Level 5:colcon.colcon_core.verb:set package 'robot_msgs' build argument 'cmake_args' from command line to 'None'
[0.251s] Level 5:colcon.colcon_core.verb:set package 'robot_msgs' build argument 'cmake_target' from command line to 'None'
[0.251s] Level 5:colcon.colcon_core.verb:set package 'robot_msgs' build argument 'cmake_target_skip_unavailable' from command line to 'False'
[0.251s] Level 5:colcon.colcon_core.verb:set package 'robot_msgs' build argument 'cmake_clean_cache' from command line to 'False'
[0.251s] Level 5:colcon.colcon_core.verb:set package 'robot_msgs' build argument 'cmake_clean_first' from command line to 'False'
[0.251s] Level 5:colcon.colcon_core.verb:set package 'robot_msgs' build argument 'cmake_force_configure' from command line to 'False'
[0.251s] Level 5:colcon.colcon_core.verb:set package 'robot_msgs' build argument 'ament_cmake_args' from command line to 'None'
[0.251s] Level 5:colcon.colcon_core.verb:set package 'robot_msgs' build argument 'catkin_cmake_args' from command line to 'None'
[0.251s] Level 5:colcon.colcon_core.verb:set package 'robot_msgs' build argument 'catkin_skip_building_tests' from command line to 'False'
[0.251s] DEBUG:colcon.colcon_core.verb:Building package 'robot_msgs' with the following arguments: {'ament_cmake_args': None, 'build_base': '/home/y/works/ARM-Sim2sim-Isaaclab-to-Gazebo/build/robot_msgs', 'catkin_cmake_args': None, 'catkin_skip_building_tests': False, 'cmake_args': None, 'cmake_clean_cache': False, 'cmake_clean_first': False, 'cmake_force_configure': False, 'cmake_target': None, 'cmake_target_skip_unavailable': False, 'install_base': '/home/y/works/ARM-Sim2sim-Isaaclab-to-Gazebo/install/robot_msgs', 'merge_install': False, 'path': '/home/y/works/ARM-Sim2sim-Isaaclab-to-Gazebo/src/robot_msgs', 'symlink_install': False, 'test_result_base': None}
[0.251s] Level 5:colcon.colcon_core.verb:set package 'robot_joint_controller' build argument 'cmake_args' from command line to 'None'
[0.251s] Level 5:colcon.colcon_core.verb:set package 'robot_joint_controller' build argument 'cmake_target' from command line to 'None'
[0.251s] Level 5:colcon.colcon_core.verb:set package 'robot_joint_controller' build argument 'cmake_target_skip_unavailable' from command line to 'False'
[0.251s] Level 5:colcon.colcon_core.verb:set package 'robot_joint_controller' build argument 'cmake_clean_cache' from command line to 'False'
[0.251s] Level 5:colcon.colcon_core.verb:set package 'robot_joint_controller' build argument 'cmake_clean_first' from command line to 'False'
[0.251s] Level 5:colcon.colcon_core.verb:set package 'robot_joint_controller' build argument 'cmake_force_configure' from command line to 'False'
[0.251s] Level 5:colcon.colcon_core.verb:set package 'robot_joint_controller' build argument 'ament_cmake_args' from command line to 'None'
[0.251s] Level 5:colcon.colcon_core.verb:set package 'robot_joint_controller' build argument 'catkin_cmake_args' from command line to 'None'
[0.251s] Level 5:colcon.colcon_core.verb:set package 'robot_joint_controller' build argument 'catkin_skip_building_tests' from command line to 'False'
[0.251s] DEBUG:colcon.colcon_core.verb:Building package 'robot_joint_controller' with the following arguments: {'ament_cmake_args': None, 'build_base': '/home/y/works/ARM-Sim2sim-Isaaclab-to-Gazebo/build/robot_joint_controller', 'catkin_cmake_args': None, 'catkin_skip_building_tests': False, 'cmake_args': None, 'cmake_clean_cache': False, 'cmake_clean_first': False, 'cmake_force_configure': False, 'cmake_target': None, 'cmake_target_skip_unavailable': False, 'install_base': '/home/y/works/ARM-Sim2sim-Isaaclab-to-Gazebo/install/robot_joint_controller', 'merge_install': False, 'path': '/home/y/works/ARM-Sim2sim-Isaaclab-to-Gazebo/src/robot_joint_controller', 'symlink_install': False, 'test_result_base': None}
[0.251s] Level 5:colcon.colcon_core.verb:set package 'arm_rl_sim' build argument 'cmake_args' from command line to 'None'
[0.251s] Level 5:colcon.colcon_core.verb:set package 'arm_rl_sim' build argument 'cmake_target' from command line to 'None'
[0.251s] Level 5:colcon.colcon_core.verb:set package 'arm_rl_sim' build argument 'cmake_target_skip_unavailable' from command line to 'False'
[0.251s] Level 5:colcon.colcon_core.verb:set package 'arm_rl_sim' build argument 'cmake_clean_cache' from command line to 'False'
[0.251s] Level 5:colcon.colcon_core.verb:set package 'arm_rl_sim' build argument 'cmake_clean_first' from command line to 'False'
[0.251s] Level 5:colcon.colcon_core.verb:set package 'arm_rl_sim' build argument 'cmake_force_configure' from command line to 'False'
[0.251s] Level 5:colcon.colcon_core.verb:set package 'arm_rl_sim' build argument 'ament_cmake_args' from command line to 'None'
[0.251s] Level 5:colcon.colcon_core.verb:set package 'arm_rl_sim' build argument 'catkin_cmake_args' from command line to 'None'
[0.251s] Level 5:colcon.colcon_core.verb:set package 'arm_rl_sim' build argument 'catkin_skip_building_tests' from command line to 'False'
[0.251s] DEBUG:colcon.colcon_core.verb:Building package 'arm_rl_sim' with the following arguments: {'ament_cmake_args': None, 'build_base': '/home/y/works/ARM-Sim2sim-Isaaclab-to-Gazebo/build/arm_rl_sim', 'catkin_cmake_args': None, 'catkin_skip_building_tests': False, 'cmake_args': None, 'cmake_clean_cache': False, 'cmake_clean_first': False, 'cmake_force_configure': False, 'cmake_target': None, 'cmake_target_skip_unavailable': False, 'install_base': '/home/y/works/ARM-Sim2sim-Isaaclab-to-Gazebo/install/arm_rl_sim', 'merge_install': False, 'path': '/home/y/works/ARM-Sim2sim-Isaaclab-to-Gazebo/src/arm_rl_sim', 'symlink_install': False, 'test_result_base': None}
[0.252s] INFO:colcon.colcon_core.executor:Executing jobs using 'parallel' executor
[0.252s] DEBUG:colcon.colcon_parallel_executor.executor.parallel:run_until_complete
[0.253s] INFO:colcon.colcon_ros.task.ament_cmake.build:Building ROS package in '/home/y/works/ARM-Sim2sim-Isaaclab-to-Gazebo/src/robot_msgs' with build type 'ament_cmake'
[0.253s] INFO:colcon.colcon_cmake.task.cmake.build:Building CMake package in '/home/y/works/ARM-Sim2sim-Isaaclab-to-Gazebo/src/robot_msgs'
[0.254s] INFO:colcon.colcon_core.plugin_system:Skipping extension 'colcon_core.shell.bat': Not used on non-Windows systems
[0.254s] INFO:colcon.colcon_core.shell:Skip shell extension 'powershell' for command environment: Not usable outside of PowerShell
[0.254s] DEBUG:colcon.colcon_core.shell:Skip shell extension 'dsv' for command environment
[0.257s] INFO:colcon.colcon_ros.task.ament_cmake.build:Building ROS package in '/home/y/works/ARM-Sim2sim-Isaaclab-to-Gazebo/src/arm_description' with build type 'ament_cmake'
[0.257s] INFO:colcon.colcon_cmake.task.cmake.build:Building CMake package in '/home/y/works/ARM-Sim2sim-Isaaclab-to-Gazebo/src/arm_description'
[0.257s] INFO:colcon.colcon_core.shell:Skip shell extension 'powershell' for command environment: Not usable outside of PowerShell
[0.257s] DEBUG:colcon.colcon_core.shell:Skip shell extension 'dsv' for command environment
[0.262s] DEBUG:colcon.colcon_core.event_handler.log_command:Invoking command in '/home/y/works/ARM-Sim2sim-Isaaclab-to-Gazebo/build/robot_msgs': CMAKE_PREFIX_PATH=/opt/ros/humble /usr/bin/cmake /home/y/works/ARM-Sim2sim-Isaaclab-to-Gazebo/src/robot_msgs -DCMAKE_INSTALL_PREFIX=/home/y/works/ARM-Sim2sim-Isaaclab-to-Gazebo/install/robot_msgs
[0.263s] DEBUG:colcon.colcon_core.event_handler.log_command:Invoking command in '/home/y/works/ARM-Sim2sim-Isaaclab-to-Gazebo/build/arm_description': CMAKE_PREFIX_PATH=/opt/ros/humble /usr/bin/cmake /home/y/works/ARM-Sim2sim-Isaaclab-to-Gazebo/src/arm_description -DCMAKE_INSTALL_PREFIX=/home/y/works/ARM-Sim2sim-Isaaclab-to-Gazebo/install/arm_description
[0.726s] DEBUG:colcon.colcon_core.event_handler.log_command:Invoked command in '/home/y/works/ARM-Sim2sim-Isaaclab-to-Gazebo/build/arm_description' returned '0': CMAKE_PREFIX_PATH=/opt/ros/humble /usr/bin/cmake /home/y/works/ARM-Sim2sim-Isaaclab-to-Gazebo/src/arm_description -DCMAKE_INSTALL_PREFIX=/home/y/works/ARM-Sim2sim-Isaaclab-to-Gazebo/install/arm_description
[0.728s] DEBUG:colcon.colcon_core.event_handler.log_command:Invoking command in '/home/y/works/ARM-Sim2sim-Isaaclab-to-Gazebo/build/arm_description': CMAKE_PREFIX_PATH=/opt/ros/humble /usr/bin/cmake --build /home/y/works/ARM-Sim2sim-Isaaclab-to-Gazebo/build/arm_description -- -j16 -l16
[0.765s] DEBUG:colcon.colcon_core.event_handler.log_command:Invoked command in '/home/y/works/ARM-Sim2sim-Isaaclab-to-Gazebo/build/arm_description' returned '0': CMAKE_PREFIX_PATH=/opt/ros/humble /usr/bin/cmake --build /home/y/works/ARM-Sim2sim-Isaaclab-to-Gazebo/build/arm_description -- -j16 -l16
[0.775s] DEBUG:colcon.colcon_core.event_handler.log_command:Invoking command in '/home/y/works/ARM-Sim2sim-Isaaclab-to-Gazebo/build/arm_description': CMAKE_PREFIX_PATH=/opt/ros/humble /usr/bin/cmake --install /home/y/works/ARM-Sim2sim-Isaaclab-to-Gazebo/build/arm_description
[0.786s] Level 1:colcon.colcon_core.environment:create_environment_scripts_only(arm_description)
[0.787s] DEBUG:colcon.colcon_core.event_handler.log_command:Invoked command in '/home/y/works/ARM-Sim2sim-Isaaclab-to-Gazebo/build/arm_description' returned '0': CMAKE_PREFIX_PATH=/opt/ros/humble /usr/bin/cmake --install /home/y/works/ARM-Sim2sim-Isaaclab-to-Gazebo/build/arm_description
[0.788s] Level 1:colcon.colcon_core.environment:checking '/home/y/works/ARM-Sim2sim-Isaaclab-to-Gazebo/install/arm_description' for CMake module files
[0.789s] Level 1:colcon.colcon_core.environment:checking '/home/y/works/ARM-Sim2sim-Isaaclab-to-Gazebo/install/arm_description' for CMake config files
[0.789s] Level 1:colcon.colcon_core.shell:create_environment_hook('arm_description', 'cmake_prefix_path')
[0.789s] INFO:colcon.colcon_core.shell:Creating environment hook '/home/y/works/ARM-Sim2sim-Isaaclab-to-Gazebo/install/arm_description/share/arm_description/hook/cmake_prefix_path.ps1'
[0.789s] INFO:colcon.colcon_core.shell:Creating environment descriptor '/home/y/works/ARM-Sim2sim-Isaaclab-to-Gazebo/install/arm_description/share/arm_description/hook/cmake_prefix_path.dsv'
[0.789s] INFO:colcon.colcon_core.shell:Creating environment hook '/home/y/works/ARM-Sim2sim-Isaaclab-to-Gazebo/install/arm_description/share/arm_description/hook/cmake_prefix_path.sh'
[0.790s] Level 1:colcon.colcon_core.environment:checking '/home/y/works/ARM-Sim2sim-Isaaclab-to-Gazebo/install/arm_description/bin'
[0.790s] Level 1:colcon.colcon_core.environment:checking '/home/y/works/ARM-Sim2sim-Isaaclab-to-Gazebo/install/arm_description/lib/pkgconfig/arm_description.pc'
[0.790s] Level 1:colcon.colcon_core.environment:checking '/home/y/works/ARM-Sim2sim-Isaaclab-to-Gazebo/install/arm_description/lib/python3.10/site-packages'
[0.790s] Level 1:colcon.colcon_core.environment:checking '/home/y/works/ARM-Sim2sim-Isaaclab-to-Gazebo/install/arm_description/bin'
[0.790s] INFO:colcon.colcon_core.shell:Creating package script '/home/y/works/ARM-Sim2sim-Isaaclab-to-Gazebo/install/arm_description/share/arm_description/package.ps1'
[0.791s] INFO:colcon.colcon_core.shell:Creating package descriptor '/home/y/works/ARM-Sim2sim-Isaaclab-to-Gazebo/install/arm_description/share/arm_description/package.dsv'
[0.791s] INFO:colcon.colcon_core.shell:Creating package script '/home/y/works/ARM-Sim2sim-Isaaclab-to-Gazebo/install/arm_description/share/arm_description/package.sh'
[0.791s] INFO:colcon.colcon_core.shell:Creating package script '/home/y/works/ARM-Sim2sim-Isaaclab-to-Gazebo/install/arm_description/share/arm_description/package.bash'
[0.792s] INFO:colcon.colcon_core.shell:Creating package script '/home/y/works/ARM-Sim2sim-Isaaclab-to-Gazebo/install/arm_description/share/arm_description/package.zsh'
[0.792s] Level 1:colcon.colcon_core.environment:create_file_with_runtime_dependencies(/home/y/works/ARM-Sim2sim-Isaaclab-to-Gazebo/install/arm_description/share/colcon-core/packages/arm_description)
[0.792s] Level 1:colcon.colcon_core.environment:create_environment_scripts_only(arm_description)
[0.792s] Level 1:colcon.colcon_core.environment:checking '/home/y/works/ARM-Sim2sim-Isaaclab-to-Gazebo/install/arm_description' for CMake module files
[0.793s] Level 1:colcon.colcon_core.environment:checking '/home/y/works/ARM-Sim2sim-Isaaclab-to-Gazebo/install/arm_description' for CMake config files
[0.793s] Level 1:colcon.colcon_core.shell:create_environment_hook('arm_description', 'cmake_prefix_path')
[0.793s] INFO:colcon.colcon_core.shell:Creating environment hook '/home/y/works/ARM-Sim2sim-Isaaclab-to-Gazebo/install/arm_description/share/arm_description/hook/cmake_prefix_path.ps1'
[0.793s] INFO:colcon.colcon_core.shell:Creating environment descriptor '/home/y/works/ARM-Sim2sim-Isaaclab-to-Gazebo/install/arm_description/share/arm_description/hook/cmake_prefix_path.dsv'
[0.793s] INFO:colcon.colcon_core.shell:Creating environment hook '/home/y/works/ARM-Sim2sim-Isaaclab-to-Gazebo/install/arm_description/share/arm_description/hook/cmake_prefix_path.sh'
[0.794s] Level 1:colcon.colcon_core.environment:checking '/home/y/works/ARM-Sim2sim-Isaaclab-to-Gazebo/install/arm_description/bin'
[0.794s] Level 1:colcon.colcon_core.environment:checking '/home/y/works/ARM-Sim2sim-Isaaclab-to-Gazebo/install/arm_description/lib/pkgconfig/arm_description.pc'
[0.794s] Level 1:colcon.colcon_core.environment:checking '/home/y/works/ARM-Sim2sim-Isaaclab-to-Gazebo/install/arm_description/lib/python3.10/site-packages'
[0.794s] Level 1:colcon.colcon_core.environment:checking '/home/y/works/ARM-Sim2sim-Isaaclab-to-Gazebo/install/arm_description/bin'
[0.794s] INFO:colcon.colcon_core.shell:Creating package script '/home/y/works/ARM-Sim2sim-Isaaclab-to-Gazebo/install/arm_description/share/arm_description/package.ps1'
[0.794s] INFO:colcon.colcon_core.shell:Creating package descriptor '/home/y/works/ARM-Sim2sim-Isaaclab-to-Gazebo/install/arm_description/share/arm_description/package.dsv'
[0.794s] INFO:colcon.colcon_core.shell:Creating package script '/home/y/works/ARM-Sim2sim-Isaaclab-to-Gazebo/install/arm_description/share/arm_description/package.sh'
[0.795s] INFO:colcon.colcon_core.shell:Creating package script '/home/y/works/ARM-Sim2sim-Isaaclab-to-Gazebo/install/arm_description/share/arm_description/package.bash'
[0.795s] INFO:colcon.colcon_core.shell:Creating package script '/home/y/works/ARM-Sim2sim-Isaaclab-to-Gazebo/install/arm_description/share/arm_description/package.zsh'
[0.795s] Level 1:colcon.colcon_core.environment:create_file_with_runtime_dependencies(/home/y/works/ARM-Sim2sim-Isaaclab-to-Gazebo/install/arm_description/share/colcon-core/packages/arm_description)
[1.360s] DEBUG:colcon.colcon_core.event_handler.log_command:Invoked command in '/home/y/works/ARM-Sim2sim-Isaaclab-to-Gazebo/build/robot_msgs' returned '0': CMAKE_PREFIX_PATH=/opt/ros/humble /usr/bin/cmake /home/y/works/ARM-Sim2sim-Isaaclab-to-Gazebo/src/robot_msgs -DCMAKE_INSTALL_PREFIX=/home/y/works/ARM-Sim2sim-Isaaclab-to-Gazebo/install/robot_msgs
[1.361s] DEBUG:colcon.colcon_core.event_handler.log_command:Invoking command in '/home/y/works/ARM-Sim2sim-Isaaclab-to-Gazebo/build/robot_msgs': CMAKE_PREFIX_PATH=/opt/ros/humble /usr/bin/cmake --build /home/y/works/ARM-Sim2sim-Isaaclab-to-Gazebo/build/robot_msgs -- -j16 -l16
[3.540s] DEBUG:colcon.colcon_core.event_handler.log_command:Invoked command in '/home/y/works/ARM-Sim2sim-Isaaclab-to-Gazebo/build/robot_msgs' returned '0': CMAKE_PREFIX_PATH=/opt/ros/humble /usr/bin/cmake --build /home/y/works/ARM-Sim2sim-Isaaclab-to-Gazebo/build/robot_msgs -- -j16 -l16
[3.541s] DEBUG:colcon.colcon_core.event_handler.log_command:Invoking command in '/home/y/works/ARM-Sim2sim-Isaaclab-to-Gazebo/build/robot_msgs': CMAKE_PREFIX_PATH=/opt/ros/humble /usr/bin/cmake --install /home/y/works/ARM-Sim2sim-Isaaclab-to-Gazebo/build/robot_msgs
[3.599s] Level 1:colcon.colcon_core.environment:create_environment_scripts_only(robot_msgs)
[3.599s] Level 1:colcon.colcon_core.environment:checking '/home/y/works/ARM-Sim2sim-Isaaclab-to-Gazebo/install/robot_msgs' for CMake module files
[3.600s] DEBUG:colcon.colcon_core.event_handler.log_command:Invoked command in '/home/y/works/ARM-Sim2sim-Isaaclab-to-Gazebo/build/robot_msgs' returned '0': CMAKE_PREFIX_PATH=/opt/ros/humble /usr/bin/cmake --install /home/y/works/ARM-Sim2sim-Isaaclab-to-Gazebo/build/robot_msgs
[3.600s] Level 1:colcon.colcon_core.environment:checking '/home/y/works/ARM-Sim2sim-Isaaclab-to-Gazebo/install/robot_msgs' for CMake config files
[3.601s] Level 1:colcon.colcon_core.shell:create_environment_hook('robot_msgs', 'cmake_prefix_path')
[3.601s] INFO:colcon.colcon_core.shell:Creating environment hook '/home/y/works/ARM-Sim2sim-Isaaclab-to-Gazebo/install/robot_msgs/share/robot_msgs/hook/cmake_prefix_path.ps1'
[3.601s] INFO:colcon.colcon_core.shell:Creating environment descriptor '/home/y/works/ARM-Sim2sim-Isaaclab-to-Gazebo/install/robot_msgs/share/robot_msgs/hook/cmake_prefix_path.dsv'
[3.601s] INFO:colcon.colcon_core.shell:Creating environment hook '/home/y/works/ARM-Sim2sim-Isaaclab-to-Gazebo/install/robot_msgs/share/robot_msgs/hook/cmake_prefix_path.sh'
[3.601s] Level 1:colcon.colcon_core.environment:checking '/home/y/works/ARM-Sim2sim-Isaaclab-to-Gazebo/install/robot_msgs/lib'
[3.602s] Level 1:colcon.colcon_core.shell:create_environment_hook('robot_msgs', 'ld_library_path_lib')
[3.602s] INFO:colcon.colcon_core.shell:Creating environment hook '/home/y/works/ARM-Sim2sim-Isaaclab-to-Gazebo/install/robot_msgs/share/robot_msgs/hook/ld_library_path_lib.ps1'
[3.602s] INFO:colcon.colcon_core.shell:Creating environment descriptor '/home/y/works/ARM-Sim2sim-Isaaclab-to-Gazebo/install/robot_msgs/share/robot_msgs/hook/ld_library_path_lib.dsv'
[3.602s] INFO:colcon.colcon_core.shell:Creating environment hook '/home/y/works/ARM-Sim2sim-Isaaclab-to-Gazebo/install/robot_msgs/share/robot_msgs/hook/ld_library_path_lib.sh'
[3.602s] Level 1:colcon.colcon_core.environment:checking '/home/y/works/ARM-Sim2sim-Isaaclab-to-Gazebo/install/robot_msgs/bin'
[3.602s] Level 1:colcon.colcon_core.environment:checking '/home/y/works/ARM-Sim2sim-Isaaclab-to-Gazebo/install/robot_msgs/lib/pkgconfig/robot_msgs.pc'
[3.602s] Level 1:colcon.colcon_core.environment:checking '/home/y/works/ARM-Sim2sim-Isaaclab-to-Gazebo/install/robot_msgs/lib/python3.10/site-packages'
[3.602s] Level 1:colcon.colcon_core.environment:checking '/home/y/works/ARM-Sim2sim-Isaaclab-to-Gazebo/install/robot_msgs/bin'
[3.603s] INFO:colcon.colcon_core.shell:Creating package script '/home/y/works/ARM-Sim2sim-Isaaclab-to-Gazebo/install/robot_msgs/share/robot_msgs/package.ps1'
[3.603s] INFO:colcon.colcon_core.shell:Creating package descriptor '/home/y/works/ARM-Sim2sim-Isaaclab-to-Gazebo/install/robot_msgs/share/robot_msgs/package.dsv'
[3.603s] INFO:colcon.colcon_core.shell:Creating package script '/home/y/works/ARM-Sim2sim-Isaaclab-to-Gazebo/install/robot_msgs/share/robot_msgs/package.sh'
[3.603s] INFO:colcon.colcon_core.shell:Creating package script '/home/y/works/ARM-Sim2sim-Isaaclab-to-Gazebo/install/robot_msgs/share/robot_msgs/package.bash'
[3.603s] INFO:colcon.colcon_core.shell:Creating package script '/home/y/works/ARM-Sim2sim-Isaaclab-to-Gazebo/install/robot_msgs/share/robot_msgs/package.zsh'
[3.603s] Level 1:colcon.colcon_core.environment:create_file_with_runtime_dependencies(/home/y/works/ARM-Sim2sim-Isaaclab-to-Gazebo/install/robot_msgs/share/colcon-core/packages/robot_msgs)
[3.604s] Level 1:colcon.colcon_core.environment:create_environment_scripts_only(robot_msgs)
[3.604s] Level 1:colcon.colcon_core.environment:checking '/home/y/works/ARM-Sim2sim-Isaaclab-to-Gazebo/install/robot_msgs' for CMake module files
[3.604s] Level 1:colcon.colcon_core.environment:checking '/home/y/works/ARM-Sim2sim-Isaaclab-to-Gazebo/install/robot_msgs' for CMake config files
[3.605s] Level 1:colcon.colcon_core.shell:create_environment_hook('robot_msgs', 'cmake_prefix_path')
[3.605s] INFO:colcon.colcon_core.shell:Creating environment hook '/home/y/works/ARM-Sim2sim-Isaaclab-to-Gazebo/install/robot_msgs/share/robot_msgs/hook/cmake_prefix_path.ps1'
[3.605s] INFO:colcon.colcon_core.shell:Creating environment descriptor '/home/y/works/ARM-Sim2sim-Isaaclab-to-Gazebo/install/robot_msgs/share/robot_msgs/hook/cmake_prefix_path.dsv'
[3.606s] INFO:colcon.colcon_core.shell:Creating environment hook '/home/y/works/ARM-Sim2sim-Isaaclab-to-Gazebo/install/robot_msgs/share/robot_msgs/hook/cmake_prefix_path.sh'
[3.606s] Level 1:colcon.colcon_core.environment:checking '/home/y/works/ARM-Sim2sim-Isaaclab-to-Gazebo/install/robot_msgs/lib'
[3.606s] Level 1:colcon.colcon_core.shell:create_environment_hook('robot_msgs', 'ld_library_path_lib')
[3.606s] INFO:colcon.colcon_core.shell:Creating environment hook '/home/y/works/ARM-Sim2sim-Isaaclab-to-Gazebo/install/robot_msgs/share/robot_msgs/hook/ld_library_path_lib.ps1'
[3.607s] INFO:colcon.colcon_core.shell:Creating environment descriptor '/home/y/works/ARM-Sim2sim-Isaaclab-to-Gazebo/install/robot_msgs/share/robot_msgs/hook/ld_library_path_lib.dsv'
[3.607s] INFO:colcon.colcon_core.shell:Creating environment hook '/home/y/works/ARM-Sim2sim-Isaaclab-to-Gazebo/install/robot_msgs/share/robot_msgs/hook/ld_library_path_lib.sh'
[3.607s] Level 1:colcon.colcon_core.environment:checking '/home/y/works/ARM-Sim2sim-Isaaclab-to-Gazebo/install/robot_msgs/bin'
[3.607s] Level 1:colcon.colcon_core.environment:checking '/home/y/works/ARM-Sim2sim-Isaaclab-to-Gazebo/install/robot_msgs/lib/pkgconfig/robot_msgs.pc'
[3.607s] Level 1:colcon.colcon_core.environment:checking '/home/y/works/ARM-Sim2sim-Isaaclab-to-Gazebo/install/robot_msgs/lib/python3.10/site-packages'
[3.607s] Level 1:colcon.colcon_core.environment:checking '/home/y/works/ARM-Sim2sim-Isaaclab-to-Gazebo/install/robot_msgs/bin'
[3.607s] INFO:colcon.colcon_core.shell:Creating package script '/home/y/works/ARM-Sim2sim-Isaaclab-to-Gazebo/install/robot_msgs/share/robot_msgs/package.ps1'
[3.608s] INFO:colcon.colcon_core.shell:Creating package descriptor '/home/y/works/ARM-Sim2sim-Isaaclab-to-Gazebo/install/robot_msgs/share/robot_msgs/package.dsv'
[3.608s] INFO:colcon.colcon_core.shell:Creating package script '/home/y/works/ARM-Sim2sim-Isaaclab-to-Gazebo/install/robot_msgs/share/robot_msgs/package.sh'
[3.608s] INFO:colcon.colcon_core.shell:Creating package script '/home/y/works/ARM-Sim2sim-Isaaclab-to-Gazebo/install/robot_msgs/share/robot_msgs/package.bash'
[3.608s] INFO:colcon.colcon_core.shell:Creating package script '/home/y/works/ARM-Sim2sim-Isaaclab-to-Gazebo/install/robot_msgs/share/robot_msgs/package.zsh'
[3.609s] Level 1:colcon.colcon_core.environment:create_file_with_runtime_dependencies(/home/y/works/ARM-Sim2sim-Isaaclab-to-Gazebo/install/robot_msgs/share/colcon-core/packages/robot_msgs)
[3.609s] INFO:colcon.colcon_ros.task.ament_cmake.build:Building ROS package in '/home/y/works/ARM-Sim2sim-Isaaclab-to-Gazebo/src/robot_joint_controller' with build type 'ament_cmake'
[3.609s] INFO:colcon.colcon_cmake.task.cmake.build:Building CMake package in '/home/y/works/ARM-Sim2sim-Isaaclab-to-Gazebo/src/robot_joint_controller'
[3.609s] INFO:colcon.colcon_core.shell:Skip shell extension 'powershell' for command environment: Not usable outside of PowerShell
[3.609s] DEBUG:colcon.colcon_core.shell:Skip shell extension 'dsv' for command environment
[3.617s] DEBUG:colcon.colcon_core.event_handler.log_command:Invoking command in '/home/y/works/ARM-Sim2sim-Isaaclab-to-Gazebo/build/robot_joint_controller': AMENT_PREFIX_PATH=/home/y/works/ARM-Sim2sim-Isaaclab-to-Gazebo/install/robot_msgs:${AMENT_PREFIX_PATH} CMAKE_PREFIX_PATH=/home/y/works/ARM-Sim2sim-Isaaclab-to-Gazebo/install/robot_msgs:/opt/ros/humble LD_LIBRARY_PATH=/home/y/works/ARM-Sim2sim-Isaaclab-to-Gazebo/install/robot_msgs/lib:/usr/local/cuda-12.4/lib64:/usr/lib/x86_64-linux-gnu/gazebo-11/plugins:/opt/ros/humble/opt/rviz_ogre_vendor/lib:/opt/ros/humble/lib/x86_64-linux-gnu:/opt/ros/humble/lib:/usr/local/cuda-12.4/lib64:/usr/share/gazebo/../../lib/x86_64-linux-gnu/gazebo-11/plugins:/usr/share/gazebo/../../lib/x86_64-linux-gnu/gazebo-11/plugins:/usr/share/gazebo/../../lib/x86_64-linux-gnu/gazebo-11/plugins PYTHONPATH=/home/y/works/ARM-Sim2sim-Isaaclab-to-Gazebo/install/robot_msgs/local/lib/python3.10/dist-packages:${PYTHONPATH} /usr/bin/cmake /home/y/works/ARM-Sim2sim-Isaaclab-to-Gazebo/src/robot_joint_controller -DCMAKE_INSTALL_PREFIX=/home/y/works/ARM-Sim2sim-Isaaclab-to-Gazebo/install/robot_joint_controller
[4.552s] DEBUG:colcon.colcon_core.event_handler.log_command:Invoked command in '/home/y/works/ARM-Sim2sim-Isaaclab-to-Gazebo/build/robot_joint_controller' returned '0': AMENT_PREFIX_PATH=/home/y/works/ARM-Sim2sim-Isaaclab-to-Gazebo/install/robot_msgs:${AMENT_PREFIX_PATH} CMAKE_PREFIX_PATH=/home/y/works/ARM-Sim2sim-Isaaclab-to-Gazebo/install/robot_msgs:/opt/ros/humble LD_LIBRARY_PATH=/home/y/works/ARM-Sim2sim-Isaaclab-to-Gazebo/install/robot_msgs/lib:/usr/local/cuda-12.4/lib64:/usr/lib/x86_64-linux-gnu/gazebo-11/plugins:/opt/ros/humble/opt/rviz_ogre_vendor/lib:/opt/ros/humble/lib/x86_64-linux-gnu:/opt/ros/humble/lib:/usr/local/cuda-12.4/lib64:/usr/share/gazebo/../../lib/x86_64-linux-gnu/gazebo-11/plugins:/usr/share/gazebo/../../lib/x86_64-linux-gnu/gazebo-11/plugins:/usr/share/gazebo/../../lib/x86_64-linux-gnu/gazebo-11/plugins PYTHONPATH=/home/y/works/ARM-Sim2sim-Isaaclab-to-Gazebo/install/robot_msgs/local/lib/python3.10/dist-packages:${PYTHONPATH} /usr/bin/cmake /home/y/works/ARM-Sim2sim-Isaaclab-to-Gazebo/src/robot_joint_controller -DCMAKE_INSTALL_PREFIX=/home/y/works/ARM-Sim2sim-Isaaclab-to-Gazebo/install/robot_joint_controller
[4.554s] DEBUG:colcon.colcon_core.event_handler.log_command:Invoking command in '/home/y/works/ARM-Sim2sim-Isaaclab-to-Gazebo/build/robot_joint_controller': AMENT_PREFIX_PATH=/home/y/works/ARM-Sim2sim-Isaaclab-to-Gazebo/install/robot_msgs:${AMENT_PREFIX_PATH} CMAKE_PREFIX_PATH=/home/y/works/ARM-Sim2sim-Isaaclab-to-Gazebo/install/robot_msgs:/opt/ros/humble LD_LIBRARY_PATH=/home/y/works/ARM-Sim2sim-Isaaclab-to-Gazebo/install/robot_msgs/lib:/usr/local/cuda-12.4/lib64:/usr/lib/x86_64-linux-gnu/gazebo-11/plugins:/opt/ros/humble/opt/rviz_ogre_vendor/lib:/opt/ros/humble/lib/x86_64-linux-gnu:/opt/ros/humble/lib:/usr/local/cuda-12.4/lib64:/usr/share/gazebo/../../lib/x86_64-linux-gnu/gazebo-11/plugins:/usr/share/gazebo/../../lib/x86_64-linux-gnu/gazebo-11/plugins:/usr/share/gazebo/../../lib/x86_64-linux-gnu/gazebo-11/plugins PYTHONPATH=/home/y/works/ARM-Sim2sim-Isaaclab-to-Gazebo/install/robot_msgs/local/lib/python3.10/dist-packages:${PYTHONPATH} /usr/bin/cmake --build /home/y/works/ARM-Sim2sim-Isaaclab-to-Gazebo/build/robot_joint_controller -- -j16 -l16
[10.595s] DEBUG:colcon.colcon_core.event_handler.log_command:Invoked command in '/home/y/works/ARM-Sim2sim-Isaaclab-to-Gazebo/build/robot_joint_controller' returned '0': AMENT_PREFIX_PATH=/home/y/works/ARM-Sim2sim-Isaaclab-to-Gazebo/install/robot_msgs:${AMENT_PREFIX_PATH} CMAKE_PREFIX_PATH=/home/y/works/ARM-Sim2sim-Isaaclab-to-Gazebo/install/robot_msgs:/opt/ros/humble LD_LIBRARY_PATH=/home/y/works/ARM-Sim2sim-Isaaclab-to-Gazebo/install/robot_msgs/lib:/usr/local/cuda-12.4/lib64:/usr/lib/x86_64-linux-gnu/gazebo-11/plugins:/opt/ros/humble/opt/rviz_ogre_vendor/lib:/opt/ros/humble/lib/x86_64-linux-gnu:/opt/ros/humble/lib:/usr/local/cuda-12.4/lib64:/usr/share/gazebo/../../lib/x86_64-linux-gnu/gazebo-11/plugins:/usr/share/gazebo/../../lib/x86_64-linux-gnu/gazebo-11/plugins:/usr/share/gazebo/../../lib/x86_64-linux-gnu/gazebo-11/plugins PYTHONPATH=/home/y/works/ARM-Sim2sim-Isaaclab-to-Gazebo/install/robot_msgs/local/lib/python3.10/dist-packages:${PYTHONPATH} /usr/bin/cmake --build /home/y/works/ARM-Sim2sim-Isaaclab-to-Gazebo/build/robot_joint_controller -- -j16 -l16
[10.596s] DEBUG:colcon.colcon_core.event_handler.log_command:Invoking command in '/home/y/works/ARM-Sim2sim-Isaaclab-to-Gazebo/build/robot_joint_controller': AMENT_PREFIX_PATH=/home/y/works/ARM-Sim2sim-Isaaclab-to-Gazebo/install/robot_msgs:${AMENT_PREFIX_PATH} CMAKE_PREFIX_PATH=/home/y/works/ARM-Sim2sim-Isaaclab-to-Gazebo/install/robot_msgs:/opt/ros/humble LD_LIBRARY_PATH=/home/y/works/ARM-Sim2sim-Isaaclab-to-Gazebo/install/robot_msgs/lib:/usr/local/cuda-12.4/lib64:/usr/lib/x86_64-linux-gnu/gazebo-11/plugins:/opt/ros/humble/opt/rviz_ogre_vendor/lib:/opt/ros/humble/lib/x86_64-linux-gnu:/opt/ros/humble/lib:/usr/local/cuda-12.4/lib64:/usr/share/gazebo/../../lib/x86_64-linux-gnu/gazebo-11/plugins:/usr/share/gazebo/../../lib/x86_64-linux-gnu/gazebo-11/plugins:/usr/share/gazebo/../../lib/x86_64-linux-gnu/gazebo-11/plugins PYTHONPATH=/home/y/works/ARM-Sim2sim-Isaaclab-to-Gazebo/install/robot_msgs/local/lib/python3.10/dist-packages:${PYTHONPATH} /usr/bin/cmake --install /home/y/works/ARM-Sim2sim-Isaaclab-to-Gazebo/build/robot_joint_controller
[10.620s] Level 1:colcon.colcon_core.environment:create_environment_scripts_only(robot_joint_controller)
[10.620s] Level 1:colcon.colcon_core.environment:checking '/home/y/works/ARM-Sim2sim-Isaaclab-to-Gazebo/install/robot_joint_controller' for CMake module files
[10.621s] DEBUG:colcon.colcon_core.event_handler.log_command:Invoked command in '/home/y/works/ARM-Sim2sim-Isaaclab-to-Gazebo/build/robot_joint_controller' returned '0': AMENT_PREFIX_PATH=/home/y/works/ARM-Sim2sim-Isaaclab-to-Gazebo/install/robot_msgs:${AMENT_PREFIX_PATH} CMAKE_PREFIX_PATH=/home/y/works/ARM-Sim2sim-Isaaclab-to-Gazebo/install/robot_msgs:/opt/ros/humble LD_LIBRARY_PATH=/home/y/works/ARM-Sim2sim-Isaaclab-to-Gazebo/install/robot_msgs/lib:/usr/local/cuda-12.4/lib64:/usr/lib/x86_64-linux-gnu/gazebo-11/plugins:/opt/ros/humble/opt/rviz_ogre_vendor/lib:/opt/ros/humble/lib/x86_64-linux-gnu:/opt/ros/humble/lib:/usr/local/cuda-12.4/lib64:/usr/share/gazebo/../../lib/x86_64-linux-gnu/gazebo-11/plugins:/usr/share/gazebo/../../lib/x86_64-linux-gnu/gazebo-11/plugins:/usr/share/gazebo/../../lib/x86_64-linux-gnu/gazebo-11/plugins PYTHONPATH=/home/y/works/ARM-Sim2sim-Isaaclab-to-Gazebo/install/robot_msgs/local/lib/python3.10/dist-packages:${PYTHONPATH} /usr/bin/cmake --install /home/y/works/ARM-Sim2sim-Isaaclab-to-Gazebo/build/robot_joint_controller
[10.621s] Level 1:colcon.colcon_core.environment:checking '/home/y/works/ARM-Sim2sim-Isaaclab-to-Gazebo/install/robot_joint_controller' for CMake config files
[10.621s] Level 1:colcon.colcon_core.shell:create_environment_hook('robot_joint_controller', 'cmake_prefix_path')
[10.621s] INFO:colcon.colcon_core.shell:Creating environment hook '/home/y/works/ARM-Sim2sim-Isaaclab-to-Gazebo/install/robot_joint_controller/share/robot_joint_controller/hook/cmake_prefix_path.ps1'
[10.622s] INFO:colcon.colcon_core.shell:Creating environment descriptor '/home/y/works/ARM-Sim2sim-Isaaclab-to-Gazebo/install/robot_joint_controller/share/robot_joint_controller/hook/cmake_prefix_path.dsv'
[10.622s] INFO:colcon.colcon_core.shell:Creating environment hook '/home/y/works/ARM-Sim2sim-Isaaclab-to-Gazebo/install/robot_joint_controller/share/robot_joint_controller/hook/cmake_prefix_path.sh'
[10.622s] Level 1:colcon.colcon_core.environment:checking '/home/y/works/ARM-Sim2sim-Isaaclab-to-Gazebo/install/robot_joint_controller/lib'
[10.622s] Level 1:colcon.colcon_core.shell:create_environment_hook('robot_joint_controller', 'ld_library_path_lib')
[10.622s] INFO:colcon.colcon_core.shell:Creating environment hook '/home/y/works/ARM-Sim2sim-Isaaclab-to-Gazebo/install/robot_joint_controller/share/robot_joint_controller/hook/ld_library_path_lib.ps1'
[10.622s] INFO:colcon.colcon_core.shell:Creating environment descriptor '/home/y/works/ARM-Sim2sim-Isaaclab-to-Gazebo/install/robot_joint_controller/share/robot_joint_controller/hook/ld_library_path_lib.dsv'
[10.623s] INFO:colcon.colcon_core.shell:Creating environment hook '/home/y/works/ARM-Sim2sim-Isaaclab-to-Gazebo/install/robot_joint_controller/share/robot_joint_controller/hook/ld_library_path_lib.sh'
[10.623s] Level 1:colcon.colcon_core.environment:checking '/home/y/works/ARM-Sim2sim-Isaaclab-to-Gazebo/install/robot_joint_controller/bin'
[10.623s] Level 1:colcon.colcon_core.environment:checking '/home/y/works/ARM-Sim2sim-Isaaclab-to-Gazebo/install/robot_joint_controller/lib/pkgconfig/robot_joint_controller.pc'
[10.623s] Level 1:colcon.colcon_core.environment:checking '/home/y/works/ARM-Sim2sim-Isaaclab-to-Gazebo/install/robot_joint_controller/lib/python3.10/site-packages'
[10.623s] Level 1:colcon.colcon_core.environment:checking '/home/y/works/ARM-Sim2sim-Isaaclab-to-Gazebo/install/robot_joint_controller/bin'
[10.623s] INFO:colcon.colcon_core.shell:Creating package script '/home/y/works/ARM-Sim2sim-Isaaclab-to-Gazebo/install/robot_joint_controller/share/robot_joint_controller/package.ps1'
[10.623s] INFO:colcon.colcon_core.shell:Creating package descriptor '/home/y/works/ARM-Sim2sim-Isaaclab-to-Gazebo/install/robot_joint_controller/share/robot_joint_controller/package.dsv'
[10.624s] INFO:colcon.colcon_core.shell:Creating package script '/home/y/works/ARM-Sim2sim-Isaaclab-to-Gazebo/install/robot_joint_controller/share/robot_joint_controller/package.sh'
[10.624s] INFO:colcon.colcon_core.shell:Creating package script '/home/y/works/ARM-Sim2sim-Isaaclab-to-Gazebo/install/robot_joint_controller/share/robot_joint_controller/package.bash'
[10.625s] INFO:colcon.colcon_core.shell:Creating package script '/home/y/works/ARM-Sim2sim-Isaaclab-to-Gazebo/install/robot_joint_controller/share/robot_joint_controller/package.zsh'
[10.625s] Level 1:colcon.colcon_core.environment:create_file_with_runtime_dependencies(/home/y/works/ARM-Sim2sim-Isaaclab-to-Gazebo/install/robot_joint_controller/share/colcon-core/packages/robot_joint_controller)
[10.625s] Level 1:colcon.colcon_core.environment:create_environment_scripts_only(robot_joint_controller)
[10.625s] Level 1:colcon.colcon_core.environment:checking '/home/y/works/ARM-Sim2sim-Isaaclab-to-Gazebo/install/robot_joint_controller' for CMake module files
[10.625s] Level 1:colcon.colcon_core.environment:checking '/home/y/works/ARM-Sim2sim-Isaaclab-to-Gazebo/install/robot_joint_controller' for CMake config files
[10.626s] Level 1:colcon.colcon_core.shell:create_environment_hook('robot_joint_controller', 'cmake_prefix_path')
[10.626s] INFO:colcon.colcon_core.shell:Creating environment hook '/home/y/works/ARM-Sim2sim-Isaaclab-to-Gazebo/install/robot_joint_controller/share/robot_joint_controller/hook/cmake_prefix_path.ps1'
[10.626s] INFO:colcon.colcon_core.shell:Creating environment descriptor '/home/y/works/ARM-Sim2sim-Isaaclab-to-Gazebo/install/robot_joint_controller/share/robot_joint_controller/hook/cmake_prefix_path.dsv'
[10.626s] INFO:colcon.colcon_core.shell:Creating environment hook '/home/y/works/ARM-Sim2sim-Isaaclab-to-Gazebo/install/robot_joint_controller/share/robot_joint_controller/hook/cmake_prefix_path.sh'
[10.626s] Level 1:colcon.colcon_core.environment:checking '/home/y/works/ARM-Sim2sim-Isaaclab-to-Gazebo/install/robot_joint_controller/lib'
[10.626s] Level 1:colcon.colcon_core.shell:create_environment_hook('robot_joint_controller', 'ld_library_path_lib')
[10.627s] INFO:colcon.colcon_core.shell:Creating environment hook '/home/y/works/ARM-Sim2sim-Isaaclab-to-Gazebo/install/robot_joint_controller/share/robot_joint_controller/hook/ld_library_path_lib.ps1'
[10.627s] INFO:colcon.colcon_core.shell:Creating environment descriptor '/home/y/works/ARM-Sim2sim-Isaaclab-to-Gazebo/install/robot_joint_controller/share/robot_joint_controller/hook/ld_library_path_lib.dsv'
[10.627s] INFO:colcon.colcon_core.shell:Creating environment hook '/home/y/works/ARM-Sim2sim-Isaaclab-to-Gazebo/install/robot_joint_controller/share/robot_joint_controller/hook/ld_library_path_lib.sh'
[10.627s] Level 1:colcon.colcon_core.environment:checking '/home/y/works/ARM-Sim2sim-Isaaclab-to-Gazebo/install/robot_joint_controller/bin'
[10.627s] Level 1:colcon.colcon_core.environment:checking '/home/y/works/ARM-Sim2sim-Isaaclab-to-Gazebo/install/robot_joint_controller/lib/pkgconfig/robot_joint_controller.pc'
[10.627s] Level 1:colcon.colcon_core.environment:checking '/home/y/works/ARM-Sim2sim-Isaaclab-to-Gazebo/install/robot_joint_controller/lib/python3.10/site-packages'
[10.627s] Level 1:colcon.colcon_core.environment:checking '/home/y/works/ARM-Sim2sim-Isaaclab-to-Gazebo/install/robot_joint_controller/bin'
[10.628s] INFO:colcon.colcon_core.shell:Creating package script '/home/y/works/ARM-Sim2sim-Isaaclab-to-Gazebo/install/robot_joint_controller/share/robot_joint_controller/package.ps1'
[10.628s] INFO:colcon.colcon_core.shell:Creating package descriptor '/home/y/works/ARM-Sim2sim-Isaaclab-to-Gazebo/install/robot_joint_controller/share/robot_joint_controller/package.dsv'
[10.628s] INFO:colcon.colcon_core.shell:Creating package script '/home/y/works/ARM-Sim2sim-Isaaclab-to-Gazebo/install/robot_joint_controller/share/robot_joint_controller/package.sh'
[10.628s] INFO:colcon.colcon_core.shell:Creating package script '/home/y/works/ARM-Sim2sim-Isaaclab-to-Gazebo/install/robot_joint_controller/share/robot_joint_controller/package.bash'
[10.628s] INFO:colcon.colcon_core.shell:Creating package script '/home/y/works/ARM-Sim2sim-Isaaclab-to-Gazebo/install/robot_joint_controller/share/robot_joint_controller/package.zsh'
[10.629s] Level 1:colcon.colcon_core.environment:create_file_with_runtime_dependencies(/home/y/works/ARM-Sim2sim-Isaaclab-to-Gazebo/install/robot_joint_controller/share/colcon-core/packages/robot_joint_controller)
[10.629s] INFO:colcon.colcon_ros.task.ament_cmake.build:Building ROS package in '/home/y/works/ARM-Sim2sim-Isaaclab-to-Gazebo/src/arm_rl_sim' with build type 'ament_cmake'
[10.629s] INFO:colcon.colcon_cmake.task.cmake.build:Building CMake package in '/home/y/works/ARM-Sim2sim-Isaaclab-to-Gazebo/src/arm_rl_sim'
[10.629s] INFO:colcon.colcon_core.shell:Skip shell extension 'powershell' for command environment: Not usable outside of PowerShell
[10.629s] DEBUG:colcon.colcon_core.shell:Skip shell extension 'dsv' for command environment
[10.639s] DEBUG:colcon.colcon_core.event_handler.log_command:Invoking command in '/home/y/works/ARM-Sim2sim-Isaaclab-to-Gazebo/build/arm_rl_sim': AMENT_PREFIX_PATH=/home/y/works/ARM-Sim2sim-Isaaclab-to-Gazebo/install/robot_joint_controller:/home/y/works/ARM-Sim2sim-Isaaclab-to-Gazebo/install/robot_msgs:${AMENT_PREFIX_PATH} CMAKE_PREFIX_PATH=/home/y/works/ARM-Sim2sim-Isaaclab-to-Gazebo/install/robot_joint_controller:/home/y/works/ARM-Sim2sim-Isaaclab-to-Gazebo/install/robot_msgs:/opt/ros/humble LD_LIBRARY_PATH=/home/y/works/ARM-Sim2sim-Isaaclab-to-Gazebo/install/robot_joint_controller/lib:/home/y/works/ARM-Sim2sim-Isaaclab-to-Gazebo/install/robot_msgs/lib:/usr/local/cuda-12.4/lib64:/usr/lib/x86_64-linux-gnu/gazebo-11/plugins:/opt/ros/humble/opt/rviz_ogre_vendor/lib:/opt/ros/humble/lib/x86_64-linux-gnu:/opt/ros/humble/lib:/usr/local/cuda-12.4/lib64:/usr/share/gazebo/../../lib/x86_64-linux-gnu/gazebo-11/plugins:/usr/share/gazebo/../../lib/x86_64-linux-gnu/gazebo-11/plugins:/usr/share/gazebo/../../lib/x86_64-linux-gnu/gazebo-11/plugins PYTHONPATH=/home/y/works/ARM-Sim2sim-Isaaclab-to-Gazebo/install/robot_msgs/local/lib/python3.10/dist-packages:${PYTHONPATH} /usr/bin/cmake /home/y/works/ARM-Sim2sim-Isaaclab-to-Gazebo/src/arm_rl_sim -DCMAKE_INSTALL_PREFIX=/home/y/works/ARM-Sim2sim-Isaaclab-to-Gazebo/install/arm_rl_sim
[11.088s] DEBUG:colcon.colcon_core.event_handler.log_command:Invoked command in '/home/y/works/ARM-Sim2sim-Isaaclab-to-Gazebo/build/arm_rl_sim' returned '0': AMENT_PREFIX_PATH=/home/y/works/ARM-Sim2sim-Isaaclab-to-Gazebo/install/robot_joint_controller:/home/y/works/ARM-Sim2sim-Isaaclab-to-Gazebo/install/robot_msgs:${AMENT_PREFIX_PATH} CMAKE_PREFIX_PATH=/home/y/works/ARM-Sim2sim-Isaaclab-to-Gazebo/install/robot_joint_controller:/home/y/works/ARM-Sim2sim-Isaaclab-to-Gazebo/install/robot_msgs:/opt/ros/humble LD_LIBRARY_PATH=/home/y/works/ARM-Sim2sim-Isaaclab-to-Gazebo/install/robot_joint_controller/lib:/home/y/works/ARM-Sim2sim-Isaaclab-to-Gazebo/install/robot_msgs/lib:/usr/local/cuda-12.4/lib64:/usr/lib/x86_64-linux-gnu/gazebo-11/plugins:/opt/ros/humble/opt/rviz_ogre_vendor/lib:/opt/ros/humble/lib/x86_64-linux-gnu:/opt/ros/humble/lib:/usr/local/cuda-12.4/lib64:/usr/share/gazebo/../../lib/x86_64-linux-gnu/gazebo-11/plugins:/usr/share/gazebo/../../lib/x86_64-linux-gnu/gazebo-11/plugins:/usr/share/gazebo/../../lib/x86_64-linux-gnu/gazebo-11/plugins PYTHONPATH=/home/y/works/ARM-Sim2sim-Isaaclab-to-Gazebo/install/robot_msgs/local/lib/python3.10/dist-packages:${PYTHONPATH} /usr/bin/cmake /home/y/works/ARM-Sim2sim-Isaaclab-to-Gazebo/src/arm_rl_sim -DCMAKE_INSTALL_PREFIX=/home/y/works/ARM-Sim2sim-Isaaclab-to-Gazebo/install/arm_rl_sim
[11.089s] DEBUG:colcon.colcon_core.event_handler.log_command:Invoking command in '/home/y/works/ARM-Sim2sim-Isaaclab-to-Gazebo/build/arm_rl_sim': AMENT_PREFIX_PATH=/home/y/works/ARM-Sim2sim-Isaaclab-to-Gazebo/install/robot_joint_controller:/home/y/works/ARM-Sim2sim-Isaaclab-to-Gazebo/install/robot_msgs:${AMENT_PREFIX_PATH} CMAKE_PREFIX_PATH=/home/y/works/ARM-Sim2sim-Isaaclab-to-Gazebo/install/robot_joint_controller:/home/y/works/ARM-Sim2sim-Isaaclab-to-Gazebo/install/robot_msgs:/opt/ros/humble LD_LIBRARY_PATH=/home/y/works/ARM-Sim2sim-Isaaclab-to-Gazebo/install/robot_joint_controller/lib:/home/y/works/ARM-Sim2sim-Isaaclab-to-Gazebo/install/robot_msgs/lib:/usr/local/cuda-12.4/lib64:/usr/lib/x86_64-linux-gnu/gazebo-11/plugins:/opt/ros/humble/opt/rviz_ogre_vendor/lib:/opt/ros/humble/lib/x86_64-linux-gnu:/opt/ros/humble/lib:/usr/local/cuda-12.4/lib64:/usr/share/gazebo/../../lib/x86_64-linux-gnu/gazebo-11/plugins:/usr/share/gazebo/../../lib/x86_64-linux-gnu/gazebo-11/plugins:/usr/share/gazebo/../../lib/x86_64-linux-gnu/gazebo-11/plugins PYTHONPATH=/home/y/works/ARM-Sim2sim-Isaaclab-to-Gazebo/install/robot_msgs/local/lib/python3.10/dist-packages:${PYTHONPATH} /usr/bin/cmake --build /home/y/works/ARM-Sim2sim-Isaaclab-to-Gazebo/build/arm_rl_sim -- -j16 -l16
[11.124s] DEBUG:colcon.colcon_core.event_handler.log_command:Invoked command in '/home/y/works/ARM-Sim2sim-Isaaclab-to-Gazebo/build/arm_rl_sim' returned '0': AMENT_PREFIX_PATH=/home/y/works/ARM-Sim2sim-Isaaclab-to-Gazebo/install/robot_joint_controller:/home/y/works/ARM-Sim2sim-Isaaclab-to-Gazebo/install/robot_msgs:${AMENT_PREFIX_PATH} CMAKE_PREFIX_PATH=/home/y/works/ARM-Sim2sim-Isaaclab-to-Gazebo/install/robot_joint_controller:/home/y/works/ARM-Sim2sim-Isaaclab-to-Gazebo/install/robot_msgs:/opt/ros/humble LD_LIBRARY_PATH=/home/y/works/ARM-Sim2sim-Isaaclab-to-Gazebo/install/robot_joint_controller/lib:/home/y/works/ARM-Sim2sim-Isaaclab-to-Gazebo/install/robot_msgs/lib:/usr/local/cuda-12.4/lib64:/usr/lib/x86_64-linux-gnu/gazebo-11/plugins:/opt/ros/humble/opt/rviz_ogre_vendor/lib:/opt/ros/humble/lib/x86_64-linux-gnu:/opt/ros/humble/lib:/usr/local/cuda-12.4/lib64:/usr/share/gazebo/../../lib/x86_64-linux-gnu/gazebo-11/plugins:/usr/share/gazebo/../../lib/x86_64-linux-gnu/gazebo-11/plugins:/usr/share/gazebo/../../lib/x86_64-linux-gnu/gazebo-11/plugins PYTHONPATH=/home/y/works/ARM-Sim2sim-Isaaclab-to-Gazebo/install/robot_msgs/local/lib/python3.10/dist-packages:${PYTHONPATH} /usr/bin/cmake --build /home/y/works/ARM-Sim2sim-Isaaclab-to-Gazebo/build/arm_rl_sim -- -j16 -l16
[11.126s] DEBUG:colcon.colcon_core.event_handler.log_command:Invoking command in '/home/y/works/ARM-Sim2sim-Isaaclab-to-Gazebo/build/arm_rl_sim': AMENT_PREFIX_PATH=/home/y/works/ARM-Sim2sim-Isaaclab-to-Gazebo/install/robot_joint_controller:/home/y/works/ARM-Sim2sim-Isaaclab-to-Gazebo/install/robot_msgs:${AMENT_PREFIX_PATH} CMAKE_PREFIX_PATH=/home/y/works/ARM-Sim2sim-Isaaclab-to-Gazebo/install/robot_joint_controller:/home/y/works/ARM-Sim2sim-Isaaclab-to-Gazebo/install/robot_msgs:/opt/ros/humble LD_LIBRARY_PATH=/home/y/works/ARM-Sim2sim-Isaaclab-to-Gazebo/install/robot_joint_controller/lib:/home/y/works/ARM-Sim2sim-Isaaclab-to-Gazebo/install/robot_msgs/lib:/usr/local/cuda-12.4/lib64:/usr/lib/x86_64-linux-gnu/gazebo-11/plugins:/opt/ros/humble/opt/rviz_ogre_vendor/lib:/opt/ros/humble/lib/x86_64-linux-gnu:/opt/ros/humble/lib:/usr/local/cuda-12.4/lib64:/usr/share/gazebo/../../lib/x86_64-linux-gnu/gazebo-11/plugins:/usr/share/gazebo/../../lib/x86_64-linux-gnu/gazebo-11/plugins:/usr/share/gazebo/../../lib/x86_64-linux-gnu/gazebo-11/plugins PYTHONPATH=/home/y/works/ARM-Sim2sim-Isaaclab-to-Gazebo/install/robot_msgs/local/lib/python3.10/dist-packages:${PYTHONPATH} /usr/bin/cmake --install /home/y/works/ARM-Sim2sim-Isaaclab-to-Gazebo/build/arm_rl_sim
[11.135s] Level 1:colcon.colcon_core.environment:create_environment_scripts_only(arm_rl_sim)
[11.136s] Level 1:colcon.colcon_core.environment:checking '/home/y/works/ARM-Sim2sim-Isaaclab-to-Gazebo/install/arm_rl_sim' for CMake module files
[11.136s] DEBUG:colcon.colcon_core.event_handler.log_command:Invoked command in '/home/y/works/ARM-Sim2sim-Isaaclab-to-Gazebo/build/arm_rl_sim' returned '0': AMENT_PREFIX_PATH=/home/y/works/ARM-Sim2sim-Isaaclab-to-Gazebo/install/robot_joint_controller:/home/y/works/ARM-Sim2sim-Isaaclab-to-Gazebo/install/robot_msgs:${AMENT_PREFIX_PATH} CMAKE_PREFIX_PATH=/home/y/works/ARM-Sim2sim-Isaaclab-to-Gazebo/install/robot_joint_controller:/home/y/works/ARM-Sim2sim-Isaaclab-to-Gazebo/install/robot_msgs:/opt/ros/humble LD_LIBRARY_PATH=/home/y/works/ARM-Sim2sim-Isaaclab-to-Gazebo/install/robot_joint_controller/lib:/home/y/works/ARM-Sim2sim-Isaaclab-to-Gazebo/install/robot_msgs/lib:/usr/local/cuda-12.4/lib64:/usr/lib/x86_64-linux-gnu/gazebo-11/plugins:/opt/ros/humble/opt/rviz_ogre_vendor/lib:/opt/ros/humble/lib/x86_64-linux-gnu:/opt/ros/humble/lib:/usr/local/cuda-12.4/lib64:/usr/share/gazebo/../../lib/x86_64-linux-gnu/gazebo-11/plugins:/usr/share/gazebo/../../lib/x86_64-linux-gnu/gazebo-11/plugins:/usr/share/gazebo/../../lib/x86_64-linux-gnu/gazebo-11/plugins PYTHONPATH=/home/y/works/ARM-Sim2sim-Isaaclab-to-Gazebo/install/robot_msgs/local/lib/python3.10/dist-packages:${PYTHONPATH} /usr/bin/cmake --install /home/y/works/ARM-Sim2sim-Isaaclab-to-Gazebo/build/arm_rl_sim
[11.136s] Level 1:colcon.colcon_core.environment:checking '/home/y/works/ARM-Sim2sim-Isaaclab-to-Gazebo/install/arm_rl_sim' for CMake config files
[11.136s] Level 1:colcon.colcon_core.shell:create_environment_hook('arm_rl_sim', 'cmake_prefix_path')
[11.136s] INFO:colcon.colcon_core.shell:Creating environment hook '/home/y/works/ARM-Sim2sim-Isaaclab-to-Gazebo/install/arm_rl_sim/share/arm_rl_sim/hook/cmake_prefix_path.ps1'
[11.137s] INFO:colcon.colcon_core.shell:Creating environment descriptor '/home/y/works/ARM-Sim2sim-Isaaclab-to-Gazebo/install/arm_rl_sim/share/arm_rl_sim/hook/cmake_prefix_path.dsv'
[11.137s] INFO:colcon.colcon_core.shell:Creating environment hook '/home/y/works/ARM-Sim2sim-Isaaclab-to-Gazebo/install/arm_rl_sim/share/arm_rl_sim/hook/cmake_prefix_path.sh'
[11.137s] Level 1:colcon.colcon_core.environment:checking '/home/y/works/ARM-Sim2sim-Isaaclab-to-Gazebo/install/arm_rl_sim/lib'
[11.137s] Level 1:colcon.colcon_core.environment:checking '/home/y/works/ARM-Sim2sim-Isaaclab-to-Gazebo/install/arm_rl_sim/bin'
[11.137s] Level 1:colcon.colcon_core.environment:checking '/home/y/works/ARM-Sim2sim-Isaaclab-to-Gazebo/install/arm_rl_sim/lib/pkgconfig/arm_rl_sim.pc'
[11.138s] Level 1:colcon.colcon_core.environment:checking '/home/y/works/ARM-Sim2sim-Isaaclab-to-Gazebo/install/arm_rl_sim/lib/python3.10/site-packages'
[11.138s] Level 1:colcon.colcon_core.environment:checking '/home/y/works/ARM-Sim2sim-Isaaclab-to-Gazebo/install/arm_rl_sim/bin'
[11.138s] INFO:colcon.colcon_core.shell:Creating package script '/home/y/works/ARM-Sim2sim-Isaaclab-to-Gazebo/install/arm_rl_sim/share/arm_rl_sim/package.ps1'
[11.138s] INFO:colcon.colcon_core.shell:Creating package descriptor '/home/y/works/ARM-Sim2sim-Isaaclab-to-Gazebo/install/arm_rl_sim/share/arm_rl_sim/package.dsv'
[11.138s] INFO:colcon.colcon_core.shell:Creating package script '/home/y/works/ARM-Sim2sim-Isaaclab-to-Gazebo/install/arm_rl_sim/share/arm_rl_sim/package.sh'
[11.139s] INFO:colcon.colcon_core.shell:Creating package script '/home/y/works/ARM-Sim2sim-Isaaclab-to-Gazebo/install/arm_rl_sim/share/arm_rl_sim/package.bash'
[11.139s] INFO:colcon.colcon_core.shell:Creating package script '/home/y/works/ARM-Sim2sim-Isaaclab-to-Gazebo/install/arm_rl_sim/share/arm_rl_sim/package.zsh'
[11.139s] Level 1:colcon.colcon_core.environment:create_file_with_runtime_dependencies(/home/y/works/ARM-Sim2sim-Isaaclab-to-Gazebo/install/arm_rl_sim/share/colcon-core/packages/arm_rl_sim)
[11.139s] Level 1:colcon.colcon_core.environment:create_environment_scripts_only(arm_rl_sim)
[11.139s] Level 1:colcon.colcon_core.environment:checking '/home/y/works/ARM-Sim2sim-Isaaclab-to-Gazebo/install/arm_rl_sim' for CMake module files
[11.140s] Level 1:colcon.colcon_core.environment:checking '/home/y/works/ARM-Sim2sim-Isaaclab-to-Gazebo/install/arm_rl_sim' for CMake config files
[11.140s] Level 1:colcon.colcon_core.shell:create_environment_hook('arm_rl_sim', 'cmake_prefix_path')
[11.140s] INFO:colcon.colcon_core.shell:Creating environment hook '/home/y/works/ARM-Sim2sim-Isaaclab-to-Gazebo/install/arm_rl_sim/share/arm_rl_sim/hook/cmake_prefix_path.ps1'
[11.140s] INFO:colcon.colcon_core.shell:Creating environment descriptor '/home/y/works/ARM-Sim2sim-Isaaclab-to-Gazebo/install/arm_rl_sim/share/arm_rl_sim/hook/cmake_prefix_path.dsv'
[11.140s] INFO:colcon.colcon_core.shell:Creating environment hook '/home/y/works/ARM-Sim2sim-Isaaclab-to-Gazebo/install/arm_rl_sim/share/arm_rl_sim/hook/cmake_prefix_path.sh'
[11.140s] Level 1:colcon.colcon_core.environment:checking '/home/y/works/ARM-Sim2sim-Isaaclab-to-Gazebo/install/arm_rl_sim/lib'
[11.141s] Level 1:colcon.colcon_core.environment:checking '/home/y/works/ARM-Sim2sim-Isaaclab-to-Gazebo/install/arm_rl_sim/bin'
[11.141s] Level 1:colcon.colcon_core.environment:checking '/home/y/works/ARM-Sim2sim-Isaaclab-to-Gazebo/install/arm_rl_sim/lib/pkgconfig/arm_rl_sim.pc'
[11.141s] Level 1:colcon.colcon_core.environment:checking '/home/y/works/ARM-Sim2sim-Isaaclab-to-Gazebo/install/arm_rl_sim/lib/python3.10/site-packages'
[11.141s] Level 1:colcon.colcon_core.environment:checking '/home/y/works/ARM-Sim2sim-Isaaclab-to-Gazebo/install/arm_rl_sim/bin'
[11.141s] INFO:colcon.colcon_core.shell:Creating package script '/home/y/works/ARM-Sim2sim-Isaaclab-to-Gazebo/install/arm_rl_sim/share/arm_rl_sim/package.ps1'
[11.141s] INFO:colcon.colcon_core.shell:Creating package descriptor '/home/y/works/ARM-Sim2sim-Isaaclab-to-Gazebo/install/arm_rl_sim/share/arm_rl_sim/package.dsv'
[11.141s] INFO:colcon.colcon_core.shell:Creating package script '/home/y/works/ARM-Sim2sim-Isaaclab-to-Gazebo/install/arm_rl_sim/share/arm_rl_sim/package.sh'
[11.142s] INFO:colcon.colcon_core.shell:Creating package script '/home/y/works/ARM-Sim2sim-Isaaclab-to-Gazebo/install/arm_rl_sim/share/arm_rl_sim/package.bash'
[11.142s] INFO:colcon.colcon_core.shell:Creating package script '/home/y/works/ARM-Sim2sim-Isaaclab-to-Gazebo/install/arm_rl_sim/share/arm_rl_sim/package.zsh'
[11.142s] Level 1:colcon.colcon_core.environment:create_file_with_runtime_dependencies(/home/y/works/ARM-Sim2sim-Isaaclab-to-Gazebo/install/arm_rl_sim/share/colcon-core/packages/arm_rl_sim)
[11.142s] DEBUG:colcon.colcon_parallel_executor.executor.parallel:closing loop
[11.142s] DEBUG:colcon.colcon_parallel_executor.executor.parallel:loop closed
[11.142s] DEBUG:colcon.colcon_parallel_executor.executor.parallel:run_until_complete finished with '0'
[11.142s] DEBUG:colcon.colcon_core.event_reactor:joining thread
[11.147s] INFO:colcon.colcon_core.plugin_system:Skipping extension 'colcon_notification.desktop_notification.terminal_notifier': Not used on non-Darwin systems
[11.147s] INFO:colcon.colcon_core.plugin_system:Skipping extension 'colcon_notification.desktop_notification.win32': Not used on non-Windows systems
[11.147s] INFO:colcon.colcon_notification.desktop_notification:Sending desktop notification using 'notify2'
[11.153s] DEBUG:colcon.colcon_core.event_reactor:joined thread
[11.153s] INFO:colcon.colcon_core.shell:Creating prefix script '/home/y/works/ARM-Sim2sim-Isaaclab-to-Gazebo/install/local_setup.ps1'
[11.154s] INFO:colcon.colcon_core.shell:Creating prefix util module '/home/y/works/ARM-Sim2sim-Isaaclab-to-Gazebo/install/_local_setup_util_ps1.py'
[11.155s] INFO:colcon.colcon_core.shell:Creating prefix chain script '/home/y/works/ARM-Sim2sim-Isaaclab-to-Gazebo/install/setup.ps1'
[11.155s] INFO:colcon.colcon_core.shell:Creating prefix script '/home/y/works/ARM-Sim2sim-Isaaclab-to-Gazebo/install/local_setup.sh'
[11.155s] INFO:colcon.colcon_core.shell:Creating prefix util module '/home/y/works/ARM-Sim2sim-Isaaclab-to-Gazebo/install/_local_setup_util_sh.py'
[11.156s] INFO:colcon.colcon_core.shell:Creating prefix chain script '/home/y/works/ARM-Sim2sim-Isaaclab-to-Gazebo/install/setup.sh'
[11.156s] INFO:colcon.colcon_core.shell:Creating prefix script '/home/y/works/ARM-Sim2sim-Isaaclab-to-Gazebo/install/local_setup.bash'
[11.157s] INFO:colcon.colcon_core.shell:Creating prefix chain script '/home/y/works/ARM-Sim2sim-Isaaclab-to-Gazebo/install/setup.bash'
[11.157s] INFO:colcon.colcon_core.shell:Creating prefix script '/home/y/works/ARM-Sim2sim-Isaaclab-to-Gazebo/install/local_setup.zsh'
[11.157s] INFO:colcon.colcon_core.shell:Creating prefix chain script '/home/y/works/ARM-Sim2sim-Isaaclab-to-Gazebo/install/setup.zsh'
