[0.010s] Invoking command in '/home/y/works/ARM-Sim2sim-Isaaclab-to-Gazebo/build/arm_rl_sim': AMENT_PREFIX_PATH=/home/y/works/ARM-Sim2sim-Isaaclab-to-Gazebo/install/robot_joint_controller:/home/y/works/ARM-Sim2sim-Isaaclab-to-Gazebo/install/robot_msgs:${AMENT_PREFIX_PATH} CMAKE_PREFIX_PATH=/home/y/works/ARM-Sim2sim-Isaaclab-to-Gazebo/install/robot_joint_controller:/home/y/works/ARM-Sim2sim-Isaaclab-to-Gazebo/install/robot_msgs:/opt/ros/humble LD_LIBRARY_PATH=/home/y/works/ARM-Sim2sim-Isaaclab-to-Gazebo/install/robot_joint_controller/lib:/home/y/works/ARM-Sim2sim-Isaaclab-to-Gazebo/install/robot_msgs/lib:/usr/local/cuda-12.4/lib64:/usr/lib/x86_64-linux-gnu/gazebo-11/plugins:/opt/ros/humble/opt/rviz_ogre_vendor/lib:/opt/ros/humble/lib/x86_64-linux-gnu:/opt/ros/humble/lib:/usr/local/cuda-12.4/lib64:/usr/share/gazebo/../../lib/x86_64-linux-gnu/gazebo-11/plugins:/usr/share/gazebo/../../lib/x86_64-linux-gnu/gazebo-11/plugins:/usr/share/gazebo/../../lib/x86_64-linux-gnu/gazebo-11/plugins PYTHONPATH=/home/y/works/ARM-Sim2sim-Isaaclab-to-Gazebo/install/robot_msgs/local/lib/python3.10/dist-packages:${PYTHONPATH} /usr/bin/cmake --build /home/y/works/ARM-Sim2sim-Isaaclab-to-Gazebo/build/arm_rl_sim -- -j16 -l16
[0.045s] Invoked command in '/home/y/works/ARM-Sim2sim-Isaaclab-to-Gazebo/build/arm_rl_sim' returned '0': AMENT_PREFIX_PATH=/home/y/works/ARM-Sim2sim-Isaaclab-to-Gazebo/install/robot_joint_controller:/home/y/works/ARM-Sim2sim-Isaaclab-to-Gazebo/install/robot_msgs:${AMENT_PREFIX_PATH} CMAKE_PREFIX_PATH=/home/y/works/ARM-Sim2sim-Isaaclab-to-Gazebo/install/robot_joint_controller:/home/y/works/ARM-Sim2sim-Isaaclab-to-Gazebo/install/robot_msgs:/opt/ros/humble LD_LIBRARY_PATH=/home/y/works/ARM-Sim2sim-Isaaclab-to-Gazebo/install/robot_joint_controller/lib:/home/y/works/ARM-Sim2sim-Isaaclab-to-Gazebo/install/robot_msgs/lib:/usr/local/cuda-12.4/lib64:/usr/lib/x86_64-linux-gnu/gazebo-11/plugins:/opt/ros/humble/opt/rviz_ogre_vendor/lib:/opt/ros/humble/lib/x86_64-linux-gnu:/opt/ros/humble/lib:/usr/local/cuda-12.4/lib64:/usr/share/gazebo/../../lib/x86_64-linux-gnu/gazebo-11/plugins:/usr/share/gazebo/../../lib/x86_64-linux-gnu/gazebo-11/plugins:/usr/share/gazebo/../../lib/x86_64-linux-gnu/gazebo-11/plugins PYTHONPATH=/home/y/works/ARM-Sim2sim-Isaaclab-to-Gazebo/install/robot_msgs/local/lib/python3.10/dist-packages:${PYTHONPATH} /usr/bin/cmake --build /home/y/works/ARM-Sim2sim-Isaaclab-to-Gazebo/build/arm_rl_sim -- -j16 -l16
[0.053s] Invoking command in '/home/y/works/ARM-Sim2sim-Isaaclab-to-Gazebo/build/arm_rl_sim': AMENT_PREFIX_PATH=/home/y/works/ARM-Sim2sim-Isaaclab-to-Gazebo/install/robot_joint_controller:/home/y/works/ARM-Sim2sim-Isaaclab-to-Gazebo/install/robot_msgs:${AMENT_PREFIX_PATH} CMAKE_PREFIX_PATH=/home/y/works/ARM-Sim2sim-Isaaclab-to-Gazebo/install/robot_joint_controller:/home/y/works/ARM-Sim2sim-Isaaclab-to-Gazebo/install/robot_msgs:/opt/ros/humble LD_LIBRARY_PATH=/home/y/works/ARM-Sim2sim-Isaaclab-to-Gazebo/install/robot_joint_controller/lib:/home/y/works/ARM-Sim2sim-Isaaclab-to-Gazebo/install/robot_msgs/lib:/usr/local/cuda-12.4/lib64:/usr/lib/x86_64-linux-gnu/gazebo-11/plugins:/opt/ros/humble/opt/rviz_ogre_vendor/lib:/opt/ros/humble/lib/x86_64-linux-gnu:/opt/ros/humble/lib:/usr/local/cuda-12.4/lib64:/usr/share/gazebo/../../lib/x86_64-linux-gnu/gazebo-11/plugins:/usr/share/gazebo/../../lib/x86_64-linux-gnu/gazebo-11/plugins:/usr/share/gazebo/../../lib/x86_64-linux-gnu/gazebo-11/plugins PYTHONPATH=/home/y/works/ARM-Sim2sim-Isaaclab-to-Gazebo/install/robot_msgs/local/lib/python3.10/dist-packages:${PYTHONPATH} /usr/bin/cmake --install /home/y/works/ARM-Sim2sim-Isaaclab-to-Gazebo/build/arm_rl_sim
[0.060s] -- Install configuration: ""
[0.060s] -- Execute custom install script
[0.060s] -- Up-to-date symlink: /home/y/works/ARM-Sim2sim-Isaaclab-to-Gazebo/install/arm_rl_sim/lib/arm_rl_sim/arm_rl_sim.py
[0.060s] -- Up-to-date symlink: /home/y/works/ARM-Sim2sim-Isaaclab-to-Gazebo/install/arm_rl_sim/lib/arm_rl_sim/target_pose_publisher.py
[0.060s] -- Up-to-date symlink: /home/y/works/ARM-Sim2sim-Isaaclab-to-Gazebo/install/arm_rl_sim/share/arm_rl_sim//launch/gazebo.launch.py
[0.061s] -- Up-to-date symlink: /home/y/works/ARM-Sim2sim-Isaaclab-to-Gazebo/install/arm_rl_sim/share/arm_rl_sim//models/arm_t_isaaclab/config.yaml
[0.061s] -- Up-to-date symlink: /home/y/works/ARM-Sim2sim-Isaaclab-to-Gazebo/install/arm_rl_sim/share/arm_rl_sim//models/arm_t_isaaclab/policy.pt
[0.061s] -- Up-to-date symlink: /home/y/works/ARM-Sim2sim-Isaaclab-to-Gazebo/install/arm_rl_sim/share/arm_rl_sim//config/robot_control.yaml
[0.061s] -- Up-to-date symlink: /home/y/works/ARM-Sim2sim-Isaaclab-to-Gazebo/install/arm_rl_sim/share/ament_index/resource_index/package_run_dependencies/arm_rl_sim
[0.061s] -- Up-to-date symlink: /home/y/works/ARM-Sim2sim-Isaaclab-to-Gazebo/install/arm_rl_sim/share/ament_index/resource_index/parent_prefix_path/arm_rl_sim
[0.061s] -- Up-to-date symlink: /home/y/works/ARM-Sim2sim-Isaaclab-to-Gazebo/install/arm_rl_sim/share/arm_rl_sim/environment/ament_prefix_path.sh
[0.061s] -- Up-to-date symlink: /home/y/works/ARM-Sim2sim-Isaaclab-to-Gazebo/install/arm_rl_sim/share/arm_rl_sim/environment/ament_prefix_path.dsv
[0.061s] -- Up-to-date symlink: /home/y/works/ARM-Sim2sim-Isaaclab-to-Gazebo/install/arm_rl_sim/share/arm_rl_sim/environment/path.sh
[0.061s] -- Up-to-date symlink: /home/y/works/ARM-Sim2sim-Isaaclab-to-Gazebo/install/arm_rl_sim/share/arm_rl_sim/environment/path.dsv
[0.062s] -- Up-to-date symlink: /home/y/works/ARM-Sim2sim-Isaaclab-to-Gazebo/install/arm_rl_sim/share/arm_rl_sim/local_setup.bash
[0.062s] -- Up-to-date symlink: /home/y/works/ARM-Sim2sim-Isaaclab-to-Gazebo/install/arm_rl_sim/share/arm_rl_sim/local_setup.sh
[0.062s] -- Up-to-date symlink: /home/y/works/ARM-Sim2sim-Isaaclab-to-Gazebo/install/arm_rl_sim/share/arm_rl_sim/local_setup.zsh
[0.062s] -- Up-to-date symlink: /home/y/works/ARM-Sim2sim-Isaaclab-to-Gazebo/install/arm_rl_sim/share/arm_rl_sim/local_setup.dsv
[0.062s] -- Symlinking: /home/y/works/ARM-Sim2sim-Isaaclab-to-Gazebo/install/arm_rl_sim/share/arm_rl_sim/package.dsv
[0.069s] -- Up-to-date symlink: /home/y/works/ARM-Sim2sim-Isaaclab-to-Gazebo/install/arm_rl_sim/share/ament_index/resource_index/packages/arm_rl_sim
[0.069s] -- Up-to-date symlink: /home/y/works/ARM-Sim2sim-Isaaclab-to-Gazebo/install/arm_rl_sim/share/arm_rl_sim/cmake/arm_rl_simConfig.cmake
[0.069s] -- Up-to-date symlink: /home/y/works/ARM-Sim2sim-Isaaclab-to-Gazebo/install/arm_rl_sim/share/arm_rl_sim/cmake/arm_rl_simConfig-version.cmake
[0.069s] -- Up-to-date symlink: /home/y/works/ARM-Sim2sim-Isaaclab-to-Gazebo/install/arm_rl_sim/share/arm_rl_sim/package.xml
[0.071s] Invoked command in '/home/y/works/ARM-Sim2sim-Isaaclab-to-Gazebo/build/arm_rl_sim' returned '0': AMENT_PREFIX_PATH=/home/y/works/ARM-Sim2sim-Isaaclab-to-Gazebo/install/robot_joint_controller:/home/y/works/ARM-Sim2sim-Isaaclab-to-Gazebo/install/robot_msgs:${AMENT_PREFIX_PATH} CMAKE_PREFIX_PATH=/home/y/works/ARM-Sim2sim-Isaaclab-to-Gazebo/install/robot_joint_controller:/home/y/works/ARM-Sim2sim-Isaaclab-to-Gazebo/install/robot_msgs:/opt/ros/humble LD_LIBRARY_PATH=/home/y/works/ARM-Sim2sim-Isaaclab-to-Gazebo/install/robot_joint_controller/lib:/home/y/works/ARM-Sim2sim-Isaaclab-to-Gazebo/install/robot_msgs/lib:/usr/local/cuda-12.4/lib64:/usr/lib/x86_64-linux-gnu/gazebo-11/plugins:/opt/ros/humble/opt/rviz_ogre_vendor/lib:/opt/ros/humble/lib/x86_64-linux-gnu:/opt/ros/humble/lib:/usr/local/cuda-12.4/lib64:/usr/share/gazebo/../../lib/x86_64-linux-gnu/gazebo-11/plugins:/usr/share/gazebo/../../lib/x86_64-linux-gnu/gazebo-11/plugins:/usr/share/gazebo/../../lib/x86_64-linux-gnu/gazebo-11/plugins PYTHONPATH=/home/y/works/ARM-Sim2sim-Isaaclab-to-Gazebo/install/robot_msgs/local/lib/python3.10/dist-packages:${PYTHONPATH} /usr/bin/cmake --install /home/y/works/ARM-Sim2sim-Isaaclab-to-Gazebo/build/arm_rl_sim
