[0.061s] DEBUG:colcon:Command line arguments: ['/usr/bin/colcon', 'build', '--packages-select', 'arm_description', '--symlink-install']
[0.061s] DEBUG:colcon:Parsed command line arguments: Namespace(log_base=None, log_level=None, verb_name='build', build_base='build', install_base='install', merge_install=False, symlink_install=True, test_result_base=None, continue_on_error=False, executor='parallel', parallel_workers=16, event_handlers=None, ignore_user_meta=False, metas=['./colcon.meta'], base_paths=['.'], packages_ignore=None, packages_ignore_regex=None, paths=None, packages_up_to=None, packages_up_to_regex=None, packages_above=None, packages_above_and_dependencies=None, packages_above_depth=None, packages_select_by_dep=None, packages_skip_by_dep=None, packages_skip_up_to=None, packages_select_build_failed=False, packages_skip_build_finished=False, packages_select_test_failures=False, packages_skip_test_passed=False, packages_select=['arm_description'], packages_skip=None, packages_select_regex=None, packages_skip_regex=None, packages_start=None, packages_end=None, allow_overriding=[], cmake_args=None, cmake_target=None, cmake_target_skip_unavailable=False, cmake_clean_cache=False, cmake_clean_first=False, cmake_force_configure=False, ament_cmake_args=None, catkin_cmake_args=None, catkin_skip_building_tests=False, verb_parser=<colcon_defaults.argument_parser.defaults.DefaultArgumentsDecorator object at 0x77f828a51360>, verb_extension=<colcon_core.verb.build.BuildVerb object at 0x77f828b5e6e0>, main=<bound method BuildVerb.main of <colcon_core.verb.build.BuildVerb object at 0x77f828b5e6e0>>)
[0.152s] Level 1:colcon.colcon_core.package_discovery:discover_packages(colcon_meta) check parameters
[0.152s] Level 1:colcon.colcon_core.package_discovery:discover_packages(recursive) check parameters
[0.152s] Level 1:colcon.colcon_core.package_discovery:discover_packages(ignore) check parameters
[0.152s] Level 1:colcon.colcon_core.package_discovery:discover_packages(path) check parameters
[0.152s] Level 1:colcon.colcon_core.package_discovery:discover_packages(colcon_meta) discover
[0.152s] Level 1:colcon.colcon_core.package_discovery:discover_packages(recursive) discover
[0.152s] INFO:colcon.colcon_core.package_discovery:Crawling recursively for packages in '/home/y/works/ARM-Sim2sim-Isaaclab-to-Gazebo'
[0.153s] Level 1:colcon.colcon_core.package_identification:_identify(.) by extensions ['ignore', 'ignore_ament_install']
[0.153s] Level 1:colcon.colcon_core.package_identification:_identify(.) by extension 'ignore'
[0.153s] Level 1:colcon.colcon_core.package_identification:_identify(.) by extension 'ignore_ament_install'
[0.153s] Level 1:colcon.colcon_core.package_identification:_identify(.) by extensions ['colcon_pkg']
[0.153s] Level 1:colcon.colcon_core.package_identification:_identify(.) by extension 'colcon_pkg'
[0.153s] Level 1:colcon.colcon_core.package_identification:_identify(.) by extensions ['colcon_meta']
[0.153s] Level 1:colcon.colcon_core.package_identification:_identify(.) by extension 'colcon_meta'
[0.153s] Level 1:colcon.colcon_core.package_identification:_identify(.) by extensions ['ros']
[0.153s] Level 1:colcon.colcon_core.package_identification:_identify(.) by extension 'ros'
[0.159s] Level 1:colcon.colcon_core.package_identification:_identify(.) by extensions ['cmake', 'python']
[0.159s] Level 1:colcon.colcon_core.package_identification:_identify(.) by extension 'cmake'
[0.159s] Level 1:colcon.colcon_core.package_identification:_identify(.) by extension 'python'
[0.159s] Level 1:colcon.colcon_core.package_identification:_identify(.) by extensions ['python_setup_py']
[0.159s] Level 1:colcon.colcon_core.package_identification:_identify(.) by extension 'python_setup_py'
[0.159s] Level 1:colcon.colcon_core.package_identification:_identify(build) by extensions ['ignore', 'ignore_ament_install']
[0.159s] Level 1:colcon.colcon_core.package_identification:_identify(build) by extension 'ignore'
[0.159s] Level 1:colcon.colcon_core.package_identification:_identify(build) ignored
[0.159s] Level 1:colcon.colcon_core.package_identification:_identify(install) by extensions ['ignore', 'ignore_ament_install']
[0.159s] Level 1:colcon.colcon_core.package_identification:_identify(install) by extension 'ignore'
[0.159s] Level 1:colcon.colcon_core.package_identification:_identify(install) ignored
[0.159s] Level 1:colcon.colcon_core.package_identification:_identify(log) by extensions ['ignore', 'ignore_ament_install']
[0.159s] Level 1:colcon.colcon_core.package_identification:_identify(log) by extension 'ignore'
[0.159s] Level 1:colcon.colcon_core.package_identification:_identify(log) ignored
[0.159s] Level 1:colcon.colcon_core.package_identification:_identify(src) by extensions ['ignore', 'ignore_ament_install']
[0.159s] Level 1:colcon.colcon_core.package_identification:_identify(src) by extension 'ignore'
[0.159s] Level 1:colcon.colcon_core.package_identification:_identify(src) by extension 'ignore_ament_install'
[0.159s] Level 1:colcon.colcon_core.package_identification:_identify(src) by extensions ['colcon_pkg']
[0.159s] Level 1:colcon.colcon_core.package_identification:_identify(src) by extension 'colcon_pkg'
[0.160s] Level 1:colcon.colcon_core.package_identification:_identify(src) by extensions ['colcon_meta']
[0.160s] Level 1:colcon.colcon_core.package_identification:_identify(src) by extension 'colcon_meta'
[0.160s] Level 1:colcon.colcon_core.package_identification:_identify(src) by extensions ['ros']
[0.160s] Level 1:colcon.colcon_core.package_identification:_identify(src) by extension 'ros'
[0.160s] Level 1:colcon.colcon_core.package_identification:_identify(src) by extensions ['cmake', 'python']
[0.160s] Level 1:colcon.colcon_core.package_identification:_identify(src) by extension 'cmake'
[0.160s] Level 1:colcon.colcon_core.package_identification:_identify(src) by extension 'python'
[0.160s] Level 1:colcon.colcon_core.package_identification:_identify(src) by extensions ['python_setup_py']
[0.160s] Level 1:colcon.colcon_core.package_identification:_identify(src) by extension 'python_setup_py'
[0.160s] Level 1:colcon.colcon_core.package_identification:_identify(src/arm_description) by extensions ['ignore', 'ignore_ament_install']
[0.160s] Level 1:colcon.colcon_core.package_identification:_identify(src/arm_description) by extension 'ignore'
[0.160s] Level 1:colcon.colcon_core.package_identification:_identify(src/arm_description) by extension 'ignore_ament_install'
[0.160s] Level 1:colcon.colcon_core.package_identification:_identify(src/arm_description) by extensions ['colcon_pkg']
[0.160s] Level 1:colcon.colcon_core.package_identification:_identify(src/arm_description) by extension 'colcon_pkg'
[0.160s] Level 1:colcon.colcon_core.package_identification:_identify(src/arm_description) by extensions ['colcon_meta']
[0.160s] Level 1:colcon.colcon_core.package_identification:_identify(src/arm_description) by extension 'colcon_meta'
[0.160s] Level 1:colcon.colcon_core.package_identification:_identify(src/arm_description) by extensions ['ros']
[0.160s] Level 1:colcon.colcon_core.package_identification:_identify(src/arm_description) by extension 'ros'
[0.162s] DEBUG:colcon.colcon_core.package_identification:Package 'src/arm_description' with type 'ros.ament_cmake' and name 'arm_description'
[0.162s] Level 1:colcon.colcon_core.package_identification:_identify(src/arm_rl_sim) by extensions ['ignore', 'ignore_ament_install']
[0.162s] Level 1:colcon.colcon_core.package_identification:_identify(src/arm_rl_sim) by extension 'ignore'
[0.162s] Level 1:colcon.colcon_core.package_identification:_identify(src/arm_rl_sim) by extension 'ignore_ament_install'
[0.162s] Level 1:colcon.colcon_core.package_identification:_identify(src/arm_rl_sim) by extensions ['colcon_pkg']
[0.162s] Level 1:colcon.colcon_core.package_identification:_identify(src/arm_rl_sim) by extension 'colcon_pkg'
[0.162s] Level 1:colcon.colcon_core.package_identification:_identify(src/arm_rl_sim) by extensions ['colcon_meta']
[0.162s] Level 1:colcon.colcon_core.package_identification:_identify(src/arm_rl_sim) by extension 'colcon_meta'
[0.162s] Level 1:colcon.colcon_core.package_identification:_identify(src/arm_rl_sim) by extensions ['ros']
[0.162s] Level 1:colcon.colcon_core.package_identification:_identify(src/arm_rl_sim) by extension 'ros'
[0.162s] DEBUG:colcon.colcon_core.package_identification:Package 'src/arm_rl_sim' with type 'ros.ament_cmake' and name 'arm_rl_sim'
[0.163s] Level 1:colcon.colcon_core.package_identification:_identify(src/robot_joint_controller) by extensions ['ignore', 'ignore_ament_install']
[0.163s] Level 1:colcon.colcon_core.package_identification:_identify(src/robot_joint_controller) by extension 'ignore'
[0.163s] Level 1:colcon.colcon_core.package_identification:_identify(src/robot_joint_controller) by extension 'ignore_ament_install'
[0.163s] Level 1:colcon.colcon_core.package_identification:_identify(src/robot_joint_controller) by extensions ['colcon_pkg']
[0.163s] Level 1:colcon.colcon_core.package_identification:_identify(src/robot_joint_controller) by extension 'colcon_pkg'
[0.163s] Level 1:colcon.colcon_core.package_identification:_identify(src/robot_joint_controller) by extensions ['colcon_meta']
[0.163s] Level 1:colcon.colcon_core.package_identification:_identify(src/robot_joint_controller) by extension 'colcon_meta'
[0.163s] Level 1:colcon.colcon_core.package_identification:_identify(src/robot_joint_controller) by extensions ['ros']
[0.163s] Level 1:colcon.colcon_core.package_identification:_identify(src/robot_joint_controller) by extension 'ros'
[0.163s] DEBUG:colcon.colcon_core.package_identification:Package 'src/robot_joint_controller' with type 'ros.ament_cmake' and name 'robot_joint_controller'
[0.163s] Level 1:colcon.colcon_core.package_identification:_identify(src/robot_msgs) by extensions ['ignore', 'ignore_ament_install']
[0.163s] Level 1:colcon.colcon_core.package_identification:_identify(src/robot_msgs) by extension 'ignore'
[0.163s] Level 1:colcon.colcon_core.package_identification:_identify(src/robot_msgs) by extension 'ignore_ament_install'
[0.163s] Level 1:colcon.colcon_core.package_identification:_identify(src/robot_msgs) by extensions ['colcon_pkg']
[0.163s] Level 1:colcon.colcon_core.package_identification:_identify(src/robot_msgs) by extension 'colcon_pkg'
[0.163s] Level 1:colcon.colcon_core.package_identification:_identify(src/robot_msgs) by extensions ['colcon_meta']
[0.163s] Level 1:colcon.colcon_core.package_identification:_identify(src/robot_msgs) by extension 'colcon_meta'
[0.163s] Level 1:colcon.colcon_core.package_identification:_identify(src/robot_msgs) by extensions ['ros']
[0.163s] Level 1:colcon.colcon_core.package_identification:_identify(src/robot_msgs) by extension 'ros'
[0.164s] DEBUG:colcon.colcon_core.package_identification:Package 'src/robot_msgs' with type 'ros.ament_cmake' and name 'robot_msgs'
[0.164s] Level 1:colcon.colcon_core.package_discovery:discover_packages(recursive) using defaults
[0.164s] Level 1:colcon.colcon_core.package_discovery:discover_packages(ignore) discover
[0.164s] Level 1:colcon.colcon_core.package_discovery:discover_packages(ignore) using defaults
[0.164s] Level 1:colcon.colcon_core.package_discovery:discover_packages(path) discover
[0.164s] Level 1:colcon.colcon_core.package_discovery:discover_packages(path) using defaults
[0.186s] INFO:colcon.colcon_core.package_selection:Skipping not selected package 'robot_msgs' in 'src/robot_msgs'
[0.186s] INFO:colcon.colcon_core.package_selection:Skipping not selected package 'robot_joint_controller' in 'src/robot_joint_controller'
[0.186s] INFO:colcon.colcon_core.package_selection:Skipping not selected package 'arm_rl_sim' in 'src/arm_rl_sim'
[0.186s] Level 1:colcon.colcon_core.package_discovery:discover_packages(prefix_path) check parameters
[0.186s] Level 1:colcon.colcon_core.package_discovery:discover_packages(prefix_path) discover
[0.188s] DEBUG:colcon.colcon_installed_package_information.package_discovery:Found 418 installed packages in /opt/ros/humble
[0.190s] Level 1:colcon.colcon_core.package_discovery:discover_packages(prefix_path) using defaults
[0.218s] Level 5:colcon.colcon_core.verb:set package 'arm_description' build argument 'cmake_args' from command line to 'None'
[0.218s] Level 5:colcon.colcon_core.verb:set package 'arm_description' build argument 'cmake_target' from command line to 'None'
[0.218s] Level 5:colcon.colcon_core.verb:set package 'arm_description' build argument 'cmake_target_skip_unavailable' from command line to 'False'
[0.218s] Level 5:colcon.colcon_core.verb:set package 'arm_description' build argument 'cmake_clean_cache' from command line to 'False'
[0.218s] Level 5:colcon.colcon_core.verb:set package 'arm_description' build argument 'cmake_clean_first' from command line to 'False'
[0.218s] Level 5:colcon.colcon_core.verb:set package 'arm_description' build argument 'cmake_force_configure' from command line to 'False'
[0.218s] Level 5:colcon.colcon_core.verb:set package 'arm_description' build argument 'ament_cmake_args' from command line to 'None'
[0.218s] Level 5:colcon.colcon_core.verb:set package 'arm_description' build argument 'catkin_cmake_args' from command line to 'None'
[0.218s] Level 5:colcon.colcon_core.verb:set package 'arm_description' build argument 'catkin_skip_building_tests' from command line to 'False'
[0.218s] DEBUG:colcon.colcon_core.verb:Building package 'arm_description' with the following arguments: {'ament_cmake_args': None, 'build_base': '/home/y/works/ARM-Sim2sim-Isaaclab-to-Gazebo/build/arm_description', 'catkin_cmake_args': None, 'catkin_skip_building_tests': False, 'cmake_args': None, 'cmake_clean_cache': False, 'cmake_clean_first': False, 'cmake_force_configure': False, 'cmake_target': None, 'cmake_target_skip_unavailable': False, 'install_base': '/home/y/works/ARM-Sim2sim-Isaaclab-to-Gazebo/install/arm_description', 'merge_install': False, 'path': '/home/y/works/ARM-Sim2sim-Isaaclab-to-Gazebo/src/arm_description', 'symlink_install': True, 'test_result_base': None}
[0.218s] INFO:colcon.colcon_core.executor:Executing jobs using 'parallel' executor
[0.219s] DEBUG:colcon.colcon_parallel_executor.executor.parallel:run_until_complete
[0.219s] INFO:colcon.colcon_ros.task.ament_cmake.build:Building ROS package in '/home/y/works/ARM-Sim2sim-Isaaclab-to-Gazebo/src/arm_description' with build type 'ament_cmake'
[0.219s] INFO:colcon.colcon_cmake.task.cmake.build:Building CMake package in '/home/y/works/ARM-Sim2sim-Isaaclab-to-Gazebo/src/arm_description'
[0.220s] INFO:colcon.colcon_core.plugin_system:Skipping extension 'colcon_core.shell.bat': Not used on non-Windows systems
[0.220s] INFO:colcon.colcon_core.shell:Skip shell extension 'powershell' for command environment: Not usable outside of PowerShell
[0.220s] DEBUG:colcon.colcon_core.shell:Skip shell extension 'dsv' for command environment
[0.227s] DEBUG:colcon.colcon_core.event_handler.log_command:Invoking command in '/home/y/works/ARM-Sim2sim-Isaaclab-to-Gazebo/build/arm_description': CMAKE_PREFIX_PATH=/opt/ros/humble /usr/bin/cmake --build /home/y/works/ARM-Sim2sim-Isaaclab-to-Gazebo/build/arm_description -- -j16 -l16
[0.259s] DEBUG:colcon.colcon_core.event_handler.log_command:Invoked command in '/home/y/works/ARM-Sim2sim-Isaaclab-to-Gazebo/build/arm_description' returned '0': CMAKE_PREFIX_PATH=/opt/ros/humble /usr/bin/cmake --build /home/y/works/ARM-Sim2sim-Isaaclab-to-Gazebo/build/arm_description -- -j16 -l16
[0.269s] DEBUG:colcon.colcon_core.event_handler.log_command:Invoking command in '/home/y/works/ARM-Sim2sim-Isaaclab-to-Gazebo/build/arm_description': CMAKE_PREFIX_PATH=/opt/ros/humble /usr/bin/cmake --install /home/y/works/ARM-Sim2sim-Isaaclab-to-Gazebo/build/arm_description
[0.287s] Level 1:colcon.colcon_core.environment:create_environment_scripts_only(arm_description)
[0.287s] DEBUG:colcon.colcon_core.event_handler.log_command:Invoked command in '/home/y/works/ARM-Sim2sim-Isaaclab-to-Gazebo/build/arm_description' returned '0': CMAKE_PREFIX_PATH=/opt/ros/humble /usr/bin/cmake --install /home/y/works/ARM-Sim2sim-Isaaclab-to-Gazebo/build/arm_description
[0.289s] Level 1:colcon.colcon_core.environment:checking '/home/y/works/ARM-Sim2sim-Isaaclab-to-Gazebo/install/arm_description' for CMake module files
[0.289s] Level 1:colcon.colcon_core.environment:checking '/home/y/works/ARM-Sim2sim-Isaaclab-to-Gazebo/install/arm_description' for CMake config files
[0.289s] Level 1:colcon.colcon_core.shell:create_environment_hook('arm_description', 'cmake_prefix_path')
[0.289s] INFO:colcon.colcon_core.shell:Creating environment hook '/home/y/works/ARM-Sim2sim-Isaaclab-to-Gazebo/install/arm_description/share/arm_description/hook/cmake_prefix_path.ps1'
[0.290s] INFO:colcon.colcon_core.shell:Creating environment descriptor '/home/y/works/ARM-Sim2sim-Isaaclab-to-Gazebo/install/arm_description/share/arm_description/hook/cmake_prefix_path.dsv'
[0.290s] INFO:colcon.colcon_core.shell:Creating environment hook '/home/y/works/ARM-Sim2sim-Isaaclab-to-Gazebo/install/arm_description/share/arm_description/hook/cmake_prefix_path.sh'
[0.290s] Level 1:colcon.colcon_core.environment:checking '/home/y/works/ARM-Sim2sim-Isaaclab-to-Gazebo/install/arm_description/bin'
[0.290s] Level 1:colcon.colcon_core.environment:checking '/home/y/works/ARM-Sim2sim-Isaaclab-to-Gazebo/install/arm_description/lib/pkgconfig/arm_description.pc'
[0.290s] Level 1:colcon.colcon_core.environment:checking '/home/y/works/ARM-Sim2sim-Isaaclab-to-Gazebo/install/arm_description/lib/python3.10/site-packages'
[0.291s] Level 1:colcon.colcon_core.environment:checking '/home/y/works/ARM-Sim2sim-Isaaclab-to-Gazebo/install/arm_description/bin'
[0.291s] INFO:colcon.colcon_core.shell:Creating package script '/home/y/works/ARM-Sim2sim-Isaaclab-to-Gazebo/install/arm_description/share/arm_description/package.ps1'
[0.291s] INFO:colcon.colcon_core.shell:Creating package descriptor '/home/y/works/ARM-Sim2sim-Isaaclab-to-Gazebo/install/arm_description/share/arm_description/package.dsv'
[0.291s] INFO:colcon.colcon_core.shell:Creating package script '/home/y/works/ARM-Sim2sim-Isaaclab-to-Gazebo/install/arm_description/share/arm_description/package.sh'
[0.292s] INFO:colcon.colcon_core.shell:Creating package script '/home/y/works/ARM-Sim2sim-Isaaclab-to-Gazebo/install/arm_description/share/arm_description/package.bash'
[0.292s] INFO:colcon.colcon_core.shell:Creating package script '/home/y/works/ARM-Sim2sim-Isaaclab-to-Gazebo/install/arm_description/share/arm_description/package.zsh'
[0.292s] Level 1:colcon.colcon_core.environment:create_file_with_runtime_dependencies(/home/y/works/ARM-Sim2sim-Isaaclab-to-Gazebo/install/arm_description/share/colcon-core/packages/arm_description)
[0.293s] Level 1:colcon.colcon_core.environment:create_environment_scripts_only(arm_description)
[0.293s] Level 1:colcon.colcon_core.environment:checking '/home/y/works/ARM-Sim2sim-Isaaclab-to-Gazebo/install/arm_description' for CMake module files
[0.293s] Level 1:colcon.colcon_core.environment:checking '/home/y/works/ARM-Sim2sim-Isaaclab-to-Gazebo/install/arm_description' for CMake config files
[0.293s] Level 1:colcon.colcon_core.shell:create_environment_hook('arm_description', 'cmake_prefix_path')
[0.293s] INFO:colcon.colcon_core.shell:Creating environment hook '/home/y/works/ARM-Sim2sim-Isaaclab-to-Gazebo/install/arm_description/share/arm_description/hook/cmake_prefix_path.ps1'
[0.294s] INFO:colcon.colcon_core.shell:Creating environment descriptor '/home/y/works/ARM-Sim2sim-Isaaclab-to-Gazebo/install/arm_description/share/arm_description/hook/cmake_prefix_path.dsv'
[0.294s] INFO:colcon.colcon_core.shell:Creating environment hook '/home/y/works/ARM-Sim2sim-Isaaclab-to-Gazebo/install/arm_description/share/arm_description/hook/cmake_prefix_path.sh'
[0.294s] Level 1:colcon.colcon_core.environment:checking '/home/y/works/ARM-Sim2sim-Isaaclab-to-Gazebo/install/arm_description/bin'
[0.294s] Level 1:colcon.colcon_core.environment:checking '/home/y/works/ARM-Sim2sim-Isaaclab-to-Gazebo/install/arm_description/lib/pkgconfig/arm_description.pc'
[0.294s] Level 1:colcon.colcon_core.environment:checking '/home/y/works/ARM-Sim2sim-Isaaclab-to-Gazebo/install/arm_description/lib/python3.10/site-packages'
[0.294s] Level 1:colcon.colcon_core.environment:checking '/home/y/works/ARM-Sim2sim-Isaaclab-to-Gazebo/install/arm_description/bin'
[0.294s] INFO:colcon.colcon_core.shell:Creating package script '/home/y/works/ARM-Sim2sim-Isaaclab-to-Gazebo/install/arm_description/share/arm_description/package.ps1'
[0.295s] INFO:colcon.colcon_core.shell:Creating package descriptor '/home/y/works/ARM-Sim2sim-Isaaclab-to-Gazebo/install/arm_description/share/arm_description/package.dsv'
[0.295s] INFO:colcon.colcon_core.shell:Creating package script '/home/y/works/ARM-Sim2sim-Isaaclab-to-Gazebo/install/arm_description/share/arm_description/package.sh'
[0.295s] INFO:colcon.colcon_core.shell:Creating package script '/home/y/works/ARM-Sim2sim-Isaaclab-to-Gazebo/install/arm_description/share/arm_description/package.bash'
[0.295s] INFO:colcon.colcon_core.shell:Creating package script '/home/y/works/ARM-Sim2sim-Isaaclab-to-Gazebo/install/arm_description/share/arm_description/package.zsh'
[0.295s] Level 1:colcon.colcon_core.environment:create_file_with_runtime_dependencies(/home/y/works/ARM-Sim2sim-Isaaclab-to-Gazebo/install/arm_description/share/colcon-core/packages/arm_description)
[0.296s] DEBUG:colcon.colcon_parallel_executor.executor.parallel:closing loop
[0.296s] DEBUG:colcon.colcon_parallel_executor.executor.parallel:loop closed
[0.296s] DEBUG:colcon.colcon_parallel_executor.executor.parallel:run_until_complete finished with '0'
[0.296s] DEBUG:colcon.colcon_core.event_reactor:joining thread
[0.299s] INFO:colcon.colcon_core.plugin_system:Skipping extension 'colcon_notification.desktop_notification.terminal_notifier': Not used on non-Darwin systems
[0.299s] INFO:colcon.colcon_core.plugin_system:Skipping extension 'colcon_notification.desktop_notification.win32': Not used on non-Windows systems
[0.299s] INFO:colcon.colcon_notification.desktop_notification:Sending desktop notification using 'notify2'
[0.305s] DEBUG:colcon.colcon_core.event_reactor:joined thread
[0.305s] INFO:colcon.colcon_core.shell:Creating prefix script '/home/y/works/ARM-Sim2sim-Isaaclab-to-Gazebo/install/local_setup.ps1'
[0.306s] INFO:colcon.colcon_core.shell:Creating prefix util module '/home/y/works/ARM-Sim2sim-Isaaclab-to-Gazebo/install/_local_setup_util_ps1.py'
[0.307s] INFO:colcon.colcon_core.shell:Creating prefix chain script '/home/y/works/ARM-Sim2sim-Isaaclab-to-Gazebo/install/setup.ps1'
[0.307s] INFO:colcon.colcon_core.shell:Creating prefix script '/home/y/works/ARM-Sim2sim-Isaaclab-to-Gazebo/install/local_setup.sh'
[0.308s] INFO:colcon.colcon_core.shell:Creating prefix util module '/home/y/works/ARM-Sim2sim-Isaaclab-to-Gazebo/install/_local_setup_util_sh.py'
[0.308s] INFO:colcon.colcon_core.shell:Creating prefix chain script '/home/y/works/ARM-Sim2sim-Isaaclab-to-Gazebo/install/setup.sh'
[0.308s] INFO:colcon.colcon_core.shell:Creating prefix script '/home/y/works/ARM-Sim2sim-Isaaclab-to-Gazebo/install/local_setup.bash'
[0.309s] INFO:colcon.colcon_core.shell:Creating prefix chain script '/home/y/works/ARM-Sim2sim-Isaaclab-to-Gazebo/install/setup.bash'
[0.309s] INFO:colcon.colcon_core.shell:Creating prefix script '/home/y/works/ARM-Sim2sim-Isaaclab-to-Gazebo/install/local_setup.zsh'
[0.309s] INFO:colcon.colcon_core.shell:Creating prefix chain script '/home/y/works/ARM-Sim2sim-Isaaclab-to-Gazebo/install/setup.zsh'
