-- The C compiler identification is GNU 11.4.0
-- The CXX compiler identification is GNU 11.4.0
-- Detecting C compiler ABI info
-- Detecting C compiler ABI info - done
-- Check for working C compiler: /usr/bin/cc - skipped
-- Detecting C compile features
-- Detecting C compile features - done
-- Detecting CXX compiler ABI info
-- Detecting CXX compiler ABI info - done
-- Check for working CXX compiler: /usr/bin/c++ - skipped
-- Detecting CXX compile features
-- Detecting CXX compile features - done
-- Found ament_cmake: 1.3.12 (/opt/ros/humble/share/ament_cmake/cmake)
-- Found Python3: /usr/bin/python3 (found version "3.10.12") found components: Interpreter 
-- Override CMake install command with custom implementation using symlinks instead of copying resources
-- Found rosidl_default_generators: 1.2.0 (/opt/ros/humble/share/rosidl_default_generators/cmake)
-- Using all available rosidl_typesupport_c: rosidl_typesupport_fastrtps_c;rosidl_typesupport_introspection_c
-- Found rosidl_adapter: 3.1.7 (/opt/ros/humble/share/rosidl_adapter/cmake)
-- Using all available rosidl_typesupport_cpp: rosidl_typesupport_fastrtps_cpp;rosidl_typesupport_introspection_cpp
-- Found std_msgs: 4.9.0 (/opt/ros/humble/share/std_msgs/cmake)
-- Found geometry_msgs: 4.9.0 (/opt/ros/humble/share/geometry_msgs/cmake)
-- Found ament_cmake_ros: 0.10.0 (/opt/ros/humble/share/ament_cmake_ros/cmake)
-- Using all available rosidl_typesupport_c: rosidl_typesupport_fastrtps_c;rosidl_typesupport_introspection_c
-- Using all available rosidl_typesupport_cpp: rosidl_typesupport_fastrtps_cpp;rosidl_typesupport_introspection_cpp
-- Found PythonInterp: /usr/bin/python3 (found suitable version "3.10.12", minimum required is "3.6") 
-- Found python_cmake_module: 0.10.0 (/opt/ros/humble/share/python_cmake_module/cmake)
-- Found PythonLibs: /usr/lib/x86_64-linux-gnu/libpython3.10.so (found suitable version "3.10.12", minimum required is "3.5") 
-- Using PYTHON_EXECUTABLE: /usr/bin/python3
-- Using PYTHON_INCLUDE_DIRS: /usr/include/python3.10
-- Using PYTHON_LIBRARIES: /usr/lib/x86_64-linux-gnu/libpython3.10.so
-- Found PythonExtra: .so  
-- Configuring done
-- Generating done
-- Build files have been written to: /home/y/works/ARM-Sim2sim-Isaaclab-to-Gazebo/build/robot_msgs
[  1%] Generating C code for ROS interfaces
[  2%] Generating C++ code for ROS interfaces
[  2%] Built target ament_cmake_python_symlink_robot_msgs
running egg_info
creating robot_msgs.egg-info
writing robot_msgs.egg-info/PKG-INFO
writing dependency_links to robot_msgs.egg-info/dependency_links.txt
writing top-level names to robot_msgs.egg-info/top_level.txt
writing manifest file 'robot_msgs.egg-info/SOURCES.txt'
reading manifest file 'robot_msgs.egg-info/SOURCES.txt'
writing manifest file 'robot_msgs.egg-info/SOURCES.txt'
[  2%] Built target ament_cmake_python_build_robot_msgs_egg
[  4%] Building C object CMakeFiles/robot_msgs__rosidl_generator_c.dir/rosidl_generator_c/robot_msgs/msg/detail/motor_command__functions.c.o
[  7%] Building C object CMakeFiles/robot_msgs__rosidl_generator_c.dir/rosidl_generator_c/robot_msgs/msg/detail/robot_command__functions.c.o
[  7%] Building C object CMakeFiles/robot_msgs__rosidl_generator_c.dir/rosidl_generator_c/robot_msgs/msg/detail/motor_state__functions.c.o
[  8%] Building C object CMakeFiles/robot_msgs__rosidl_generator_c.dir/rosidl_generator_c/robot_msgs/msg/detail/robot_state__functions.c.o
[  9%] Building C object CMakeFiles/robot_msgs__rosidl_generator_c.dir/rosidl_generator_c/robot_msgs/msg/detail/imu__functions.c.o
[ 11%] Building C object CMakeFiles/robot_msgs__rosidl_generator_c.dir/rosidl_generator_c/robot_msgs/msg/detail/arm_debug_status__functions.c.o
[ 11%] Built target robot_msgs__cpp
[ 14%] Generating C++ type support for eProsima Fast-RTPS
[ 12%] Generating C++ introspection for ROS interfaces
[ 15%] Generating C++ type support dispatch for ROS interfaces
[ 16%] Linking C shared library librobot_msgs__rosidl_generator_c.so
[ 16%] Built target robot_msgs__rosidl_generator_c
[ 21%] Generating C introspection for ROS interfaces
[ 21%] Generating C type support for eProsima Fast-RTPS
[ 21%] Generating C type support dispatch for ROS interfaces
[ 23%] Building CXX object CMakeFiles/robot_msgs__rosidl_typesupport_cpp.dir/rosidl_typesupport_cpp/robot_msgs/msg/imu__type_support.cpp.o
[ 23%] Building CXX object CMakeFiles/robot_msgs__rosidl_typesupport_cpp.dir/rosidl_typesupport_cpp/robot_msgs/msg/robot_command__type_support.cpp.o
[ 25%] Building CXX object CMakeFiles/robot_msgs__rosidl_typesupport_cpp.dir/rosidl_typesupport_cpp/robot_msgs/msg/motor_command__type_support.cpp.o
[ 26%] Building CXX object CMakeFiles/robot_msgs__rosidl_typesupport_cpp.dir/rosidl_typesupport_cpp/robot_msgs/msg/robot_state__type_support.cpp.o
[ 28%] Building CXX object CMakeFiles/robot_msgs__rosidl_typesupport_cpp.dir/rosidl_typesupport_cpp/robot_msgs/msg/motor_state__type_support.cpp.o
[ 29%] Building CXX object CMakeFiles/robot_msgs__rosidl_typesupport_cpp.dir/rosidl_typesupport_cpp/robot_msgs/msg/arm_debug_status__type_support.cpp.o
[ 30%] Building CXX object CMakeFiles/robot_msgs__rosidl_typesupport_introspection_cpp.dir/rosidl_typesupport_introspection_cpp/robot_msgs/msg/detail/motor_command__type_support.cpp.o
[ 32%] Building CXX object CMakeFiles/robot_msgs__rosidl_typesupport_introspection_cpp.dir/rosidl_typesupport_introspection_cpp/robot_msgs/msg/detail/motor_state__type_support.cpp.o
[ 33%] Building CXX object CMakeFiles/robot_msgs__rosidl_typesupport_introspection_cpp.dir/rosidl_typesupport_introspection_cpp/robot_msgs/msg/detail/robot_command__type_support.cpp.o
[ 36%] Building CXX object CMakeFiles/robot_msgs__rosidl_typesupport_introspection_cpp.dir/rosidl_typesupport_introspection_cpp/robot_msgs/msg/detail/imu__type_support.cpp.o
[ 36%] Building CXX object CMakeFiles/robot_msgs__rosidl_typesupport_introspection_cpp.dir/rosidl_typesupport_introspection_cpp/robot_msgs/msg/detail/arm_debug_status__type_support.cpp.o
[ 38%] Building CXX object CMakeFiles/robot_msgs__rosidl_typesupport_introspection_cpp.dir/rosidl_typesupport_introspection_cpp/robot_msgs/msg/detail/robot_state__type_support.cpp.o
[ 39%] Building CXX object CMakeFiles/robot_msgs__rosidl_typesupport_fastrtps_cpp.dir/rosidl_typesupport_fastrtps_cpp/robot_msgs/msg/detail/dds_fastrtps/motor_command__type_support.cpp.o
[ 40%] Building CXX object CMakeFiles/robot_msgs__rosidl_typesupport_c.dir/rosidl_typesupport_c/robot_msgs/msg/motor_command__type_support.cpp.o
[ 42%] Building CXX object CMakeFiles/robot_msgs__rosidl_typesupport_c.dir/rosidl_typesupport_c/robot_msgs/msg/motor_state__type_support.cpp.o
[ 43%] Building CXX object CMakeFiles/robot_msgs__rosidl_typesupport_fastrtps_cpp.dir/rosidl_typesupport_fastrtps_cpp/robot_msgs/msg/detail/dds_fastrtps/motor_state__type_support.cpp.o
[ 45%] Building CXX object CMakeFiles/robot_msgs__rosidl_typesupport_c.dir/rosidl_typesupport_c/robot_msgs/msg/robot_command__type_support.cpp.o
[ 46%] Building CXX object CMakeFiles/robot_msgs__rosidl_typesupport_fastrtps_cpp.dir/rosidl_typesupport_fastrtps_cpp/robot_msgs/msg/detail/dds_fastrtps/robot_command__type_support.cpp.o
[ 49%] Building CXX object CMakeFiles/robot_msgs__rosidl_typesupport_c.dir/rosidl_typesupport_c/robot_msgs/msg/robot_state__type_support.cpp.o
[ 47%] Building CXX object CMakeFiles/robot_msgs__rosidl_typesupport_c.dir/rosidl_typesupport_c/robot_msgs/msg/imu__type_support.cpp.o
[ 50%] Linking CXX shared library librobot_msgs__rosidl_typesupport_cpp.so
[ 52%] Building CXX object CMakeFiles/robot_msgs__rosidl_typesupport_fastrtps_cpp.dir/rosidl_typesupport_fastrtps_cpp/robot_msgs/msg/detail/dds_fastrtps/robot_state__type_support.cpp.o
[ 53%] Building C object CMakeFiles/robot_msgs__rosidl_typesupport_introspection_c.dir/rosidl_typesupport_introspection_c/robot_msgs/msg/detail/motor_command__type_support.c.o
[ 54%] Building CXX object CMakeFiles/robot_msgs__rosidl_typesupport_fastrtps_cpp.dir/rosidl_typesupport_fastrtps_cpp/robot_msgs/msg/detail/dds_fastrtps/imu__type_support.cpp.o
[ 56%] Building CXX object CMakeFiles/robot_msgs__rosidl_typesupport_fastrtps_cpp.dir/rosidl_typesupport_fastrtps_cpp/robot_msgs/msg/detail/dds_fastrtps/arm_debug_status__type_support.cpp.o
[ 57%] Building CXX object CMakeFiles/robot_msgs__rosidl_typesupport_c.dir/rosidl_typesupport_c/robot_msgs/msg/arm_debug_status__type_support.cpp.o
[ 59%] Building CXX object CMakeFiles/robot_msgs__rosidl_typesupport_fastrtps_c.dir/rosidl_typesupport_fastrtps_c/robot_msgs/msg/detail/motor_command__type_support_c.cpp.o
[ 59%] Built target robot_msgs__rosidl_typesupport_cpp
[ 60%] Building C object CMakeFiles/robot_msgs__rosidl_typesupport_introspection_c.dir/rosidl_typesupport_introspection_c/robot_msgs/msg/detail/motor_state__type_support.c.o
[ 61%] Building CXX object CMakeFiles/robot_msgs__rosidl_typesupport_fastrtps_c.dir/rosidl_typesupport_fastrtps_c/robot_msgs/msg/detail/motor_state__type_support_c.cpp.o
[ 63%] Linking CXX shared library librobot_msgs__rosidl_typesupport_c.so
[ 64%] Building C object CMakeFiles/robot_msgs__rosidl_typesupport_introspection_c.dir/rosidl_typesupport_introspection_c/robot_msgs/msg/detail/robot_command__type_support.c.o
[ 66%] Building C object CMakeFiles/robot_msgs__rosidl_typesupport_introspection_c.dir/rosidl_typesupport_introspection_c/robot_msgs/msg/detail/robot_state__type_support.c.o
[ 67%] Building CXX object CMakeFiles/robot_msgs__rosidl_typesupport_fastrtps_c.dir/rosidl_typesupport_fastrtps_c/robot_msgs/msg/detail/robot_command__type_support_c.cpp.o
[ 67%] Built target robot_msgs__rosidl_typesupport_c
[ 69%] Building CXX object CMakeFiles/robot_msgs__rosidl_typesupport_fastrtps_c.dir/rosidl_typesupport_fastrtps_c/robot_msgs/msg/detail/robot_state__type_support_c.cpp.o
[ 70%] Building C object CMakeFiles/robot_msgs__rosidl_typesupport_introspection_c.dir/rosidl_typesupport_introspection_c/robot_msgs/msg/detail/arm_debug_status__type_support.c.o
[ 71%] Building CXX object CMakeFiles/robot_msgs__rosidl_typesupport_fastrtps_c.dir/rosidl_typesupport_fastrtps_c/robot_msgs/msg/detail/imu__type_support_c.cpp.o
[ 73%] Building CXX object CMakeFiles/robot_msgs__rosidl_typesupport_fastrtps_c.dir/rosidl_typesupport_fastrtps_c/robot_msgs/msg/detail/arm_debug_status__type_support_c.cpp.o
[ 74%] Building C object CMakeFiles/robot_msgs__rosidl_typesupport_introspection_c.dir/rosidl_typesupport_introspection_c/robot_msgs/msg/detail/imu__type_support.c.o
[ 76%] Linking C shared library librobot_msgs__rosidl_typesupport_introspection_c.so
[ 77%] Linking CXX shared library librobot_msgs__rosidl_typesupport_introspection_cpp.so
[ 77%] Built target robot_msgs__rosidl_typesupport_introspection_c
[ 77%] Built target robot_msgs__rosidl_typesupport_introspection_cpp
[ 78%] Linking CXX shared library librobot_msgs__rosidl_typesupport_fastrtps_cpp.so
[ 80%] Linking CXX shared library librobot_msgs__rosidl_typesupport_fastrtps_c.so
[ 80%] Built target robot_msgs__rosidl_typesupport_fastrtps_cpp
[ 80%] Built target robot_msgs__rosidl_typesupport_fastrtps_c
[ 80%] Built target robot_msgs
[ 81%] Generating Python code for ROS interfaces
[ 81%] Built target robot_msgs__py
[ 87%] Building C object CMakeFiles/robot_msgs__rosidl_generator_py.dir/rosidl_generator_py/robot_msgs/msg/_robot_state_s.c.o
[ 87%] Building C object CMakeFiles/robot_msgs__rosidl_generator_py.dir/rosidl_generator_py/robot_msgs/msg/_robot_command_s.c.o
[ 87%] Building C object CMakeFiles/robot_msgs__rosidl_generator_py.dir/rosidl_generator_py/robot_msgs/msg/_motor_command_s.c.o
[ 88%] Building C object CMakeFiles/robot_msgs__rosidl_generator_py.dir/rosidl_generator_py/robot_msgs/msg/_imu_s.c.o
[ 88%] Building C object CMakeFiles/robot_msgs__rosidl_generator_py.dir/rosidl_generator_py/robot_msgs/msg/_motor_state_s.c.o
[ 90%] Building C object CMakeFiles/robot_msgs__rosidl_generator_py.dir/rosidl_generator_py/robot_msgs/msg/_arm_debug_status_s.c.o
[ 91%] Linking C shared library rosidl_generator_py/robot_msgs/librobot_msgs__rosidl_generator_py.so
[ 91%] Built target robot_msgs__rosidl_generator_py
[ 95%] Building C object CMakeFiles/robot_msgs__rosidl_typesupport_c__pyext.dir/rosidl_generator_py/robot_msgs/_robot_msgs_s.ep.rosidl_typesupport_c.c.o
[ 95%] Building C object CMakeFiles/robot_msgs__rosidl_typesupport_introspection_c__pyext.dir/rosidl_generator_py/robot_msgs/_robot_msgs_s.ep.rosidl_typesupport_introspection_c.c.o
[ 95%] Building C object CMakeFiles/robot_msgs__rosidl_typesupport_fastrtps_c__pyext.dir/rosidl_generator_py/robot_msgs/_robot_msgs_s.ep.rosidl_typesupport_fastrtps_c.c.o
[ 98%] Linking C shared library rosidl_generator_py/robot_msgs/robot_msgs_s__rosidl_typesupport_introspection_c.cpython-310-x86_64-linux-gnu.so
[ 98%] Linking C shared library rosidl_generator_py/robot_msgs/robot_msgs_s__rosidl_typesupport_c.cpython-310-x86_64-linux-gnu.so
[100%] Linking C shared library rosidl_generator_py/robot_msgs/robot_msgs_s__rosidl_typesupport_fastrtps_c.cpython-310-x86_64-linux-gnu.so
[100%] Built target robot_msgs__rosidl_typesupport_introspection_c__pyext
[100%] Built target robot_msgs__rosidl_typesupport_fastrtps_c__pyext
[100%] Built target robot_msgs__rosidl_typesupport_c__pyext
-- Install configuration: ""
-- Execute custom install script
-- Symlinking: /home/y/works/ARM-Sim2sim-Isaaclab-to-Gazebo/install/robot_msgs/share/ament_index/resource_index/rosidl_interfaces/robot_msgs
-- Symlinking: /home/y/works/ARM-Sim2sim-Isaaclab-to-Gazebo/install/robot_msgs/include/robot_msgs/robot_msgs/msg/arm_debug_status.h
-- Symlinking: /home/y/works/ARM-Sim2sim-Isaaclab-to-Gazebo/install/robot_msgs/include/robot_msgs/robot_msgs/msg/detail/arm_debug_status__functions.h
-- Symlinking: /home/y/works/ARM-Sim2sim-Isaaclab-to-Gazebo/install/robot_msgs/include/robot_msgs/robot_msgs/msg/detail/arm_debug_status__struct.h
-- Symlinking: /home/y/works/ARM-Sim2sim-Isaaclab-to-Gazebo/install/robot_msgs/include/robot_msgs/robot_msgs/msg/detail/arm_debug_status__type_support.h
-- Symlinking: /home/y/works/ARM-Sim2sim-Isaaclab-to-Gazebo/install/robot_msgs/include/robot_msgs/robot_msgs/msg/detail/imu__functions.h
-- Symlinking: /home/y/works/ARM-Sim2sim-Isaaclab-to-Gazebo/install/robot_msgs/include/robot_msgs/robot_msgs/msg/detail/imu__struct.h
-- Symlinking: /home/y/works/ARM-Sim2sim-Isaaclab-to-Gazebo/install/robot_msgs/include/robot_msgs/robot_msgs/msg/detail/imu__type_support.h
-- Symlinking: /home/y/works/ARM-Sim2sim-Isaaclab-to-Gazebo/install/robot_msgs/include/robot_msgs/robot_msgs/msg/detail/motor_command__functions.h
-- Symlinking: /home/y/works/ARM-Sim2sim-Isaaclab-to-Gazebo/install/robot_msgs/include/robot_msgs/robot_msgs/msg/detail/motor_command__struct.h
-- Symlinking: /home/y/works/ARM-Sim2sim-Isaaclab-to-Gazebo/install/robot_msgs/include/robot_msgs/robot_msgs/msg/detail/motor_command__type_support.h
-- Symlinking: /home/y/works/ARM-Sim2sim-Isaaclab-to-Gazebo/install/robot_msgs/include/robot_msgs/robot_msgs/msg/detail/motor_state__functions.h
-- Symlinking: /home/y/works/ARM-Sim2sim-Isaaclab-to-Gazebo/install/robot_msgs/include/robot_msgs/robot_msgs/msg/detail/motor_state__struct.h
-- Symlinking: /home/y/works/ARM-Sim2sim-Isaaclab-to-Gazebo/install/robot_msgs/include/robot_msgs/robot_msgs/msg/detail/motor_state__type_support.h
-- Symlinking: /home/y/works/ARM-Sim2sim-Isaaclab-to-Gazebo/install/robot_msgs/include/robot_msgs/robot_msgs/msg/detail/robot_command__functions.h
-- Symlinking: /home/y/works/ARM-Sim2sim-Isaaclab-to-Gazebo/install/robot_msgs/include/robot_msgs/robot_msgs/msg/detail/robot_command__struct.h
-- Symlinking: /home/y/works/ARM-Sim2sim-Isaaclab-to-Gazebo/install/robot_msgs/include/robot_msgs/robot_msgs/msg/detail/robot_command__type_support.h
-- Symlinking: /home/y/works/ARM-Sim2sim-Isaaclab-to-Gazebo/install/robot_msgs/include/robot_msgs/robot_msgs/msg/detail/robot_state__functions.h
-- Symlinking: /home/y/works/ARM-Sim2sim-Isaaclab-to-Gazebo/install/robot_msgs/include/robot_msgs/robot_msgs/msg/detail/robot_state__struct.h
-- Symlinking: /home/y/works/ARM-Sim2sim-Isaaclab-to-Gazebo/install/robot_msgs/include/robot_msgs/robot_msgs/msg/detail/robot_state__type_support.h
-- Symlinking: /home/y/works/ARM-Sim2sim-Isaaclab-to-Gazebo/install/robot_msgs/include/robot_msgs/robot_msgs/msg/imu.h
-- Symlinking: /home/y/works/ARM-Sim2sim-Isaaclab-to-Gazebo/install/robot_msgs/include/robot_msgs/robot_msgs/msg/motor_command.h
-- Symlinking: /home/y/works/ARM-Sim2sim-Isaaclab-to-Gazebo/install/robot_msgs/include/robot_msgs/robot_msgs/msg/motor_state.h
-- Symlinking: /home/y/works/ARM-Sim2sim-Isaaclab-to-Gazebo/install/robot_msgs/include/robot_msgs/robot_msgs/msg/robot_command.h
-- Symlinking: /home/y/works/ARM-Sim2sim-Isaaclab-to-Gazebo/install/robot_msgs/include/robot_msgs/robot_msgs/msg/robot_state.h
-- Symlinking: /home/y/works/ARM-Sim2sim-Isaaclab-to-Gazebo/install/robot_msgs/include/robot_msgs/robot_msgs/msg/rosidl_generator_c__visibility_control.h
-- Symlinking: /home/y/works/ARM-Sim2sim-Isaaclab-to-Gazebo/install/robot_msgs/share/robot_msgs/environment/library_path.sh
-- Symlinking: /home/y/works/ARM-Sim2sim-Isaaclab-to-Gazebo/install/robot_msgs/share/robot_msgs/environment/library_path.dsv
-- Symlinking: /home/y/works/ARM-Sim2sim-Isaaclab-to-Gazebo/install/robot_msgs/include/robot_msgs/robot_msgs/msg/detail/arm_debug_status__rosidl_typesupport_fastrtps_c.h
-- Symlinking: /home/y/works/ARM-Sim2sim-Isaaclab-to-Gazebo/install/robot_msgs/include/robot_msgs/robot_msgs/msg/detail/imu__rosidl_typesupport_fastrtps_c.h
-- Symlinking: /home/y/works/ARM-Sim2sim-Isaaclab-to-Gazebo/install/robot_msgs/include/robot_msgs/robot_msgs/msg/detail/motor_command__rosidl_typesupport_fastrtps_c.h
-- Symlinking: /home/y/works/ARM-Sim2sim-Isaaclab-to-Gazebo/install/robot_msgs/include/robot_msgs/robot_msgs/msg/detail/motor_state__rosidl_typesupport_fastrtps_c.h
-- Symlinking: /home/y/works/ARM-Sim2sim-Isaaclab-to-Gazebo/install/robot_msgs/include/robot_msgs/robot_msgs/msg/detail/robot_command__rosidl_typesupport_fastrtps_c.h
-- Symlinking: /home/y/works/ARM-Sim2sim-Isaaclab-to-Gazebo/install/robot_msgs/include/robot_msgs/robot_msgs/msg/detail/robot_state__rosidl_typesupport_fastrtps_c.h
-- Symlinking: /home/y/works/ARM-Sim2sim-Isaaclab-to-Gazebo/install/robot_msgs/include/robot_msgs/robot_msgs/msg/rosidl_typesupport_fastrtps_c__visibility_control.h
-- Symlinking: /home/y/works/ARM-Sim2sim-Isaaclab-to-Gazebo/install/robot_msgs/include/robot_msgs/robot_msgs/msg/detail/arm_debug_status__rosidl_typesupport_introspection_c.h
-- Symlinking: /home/y/works/ARM-Sim2sim-Isaaclab-to-Gazebo/install/robot_msgs/include/robot_msgs/robot_msgs/msg/detail/imu__rosidl_typesupport_introspection_c.h
-- Symlinking: /home/y/works/ARM-Sim2sim-Isaaclab-to-Gazebo/install/robot_msgs/include/robot_msgs/robot_msgs/msg/detail/motor_command__rosidl_typesupport_introspection_c.h
-- Symlinking: /home/y/works/ARM-Sim2sim-Isaaclab-to-Gazebo/install/robot_msgs/include/robot_msgs/robot_msgs/msg/detail/motor_state__rosidl_typesupport_introspection_c.h
-- Symlinking: /home/y/works/ARM-Sim2sim-Isaaclab-to-Gazebo/install/robot_msgs/include/robot_msgs/robot_msgs/msg/detail/robot_command__rosidl_typesupport_introspection_c.h
-- Symlinking: /home/y/works/ARM-Sim2sim-Isaaclab-to-Gazebo/install/robot_msgs/include/robot_msgs/robot_msgs/msg/detail/robot_state__rosidl_typesupport_introspection_c.h
-- Symlinking: /home/y/works/ARM-Sim2sim-Isaaclab-to-Gazebo/install/robot_msgs/include/robot_msgs/robot_msgs/msg/rosidl_typesupport_introspection_c__visibility_control.h
-- Symlinking: /home/y/works/ARM-Sim2sim-Isaaclab-to-Gazebo/install/robot_msgs/include/robot_msgs/robot_msgs/msg/arm_debug_status.hpp
-- Symlinking: /home/y/works/ARM-Sim2sim-Isaaclab-to-Gazebo/install/robot_msgs/include/robot_msgs/robot_msgs/msg/detail/arm_debug_status__builder.hpp
-- Symlinking: /home/y/works/ARM-Sim2sim-Isaaclab-to-Gazebo/install/robot_msgs/include/robot_msgs/robot_msgs/msg/detail/arm_debug_status__struct.hpp
-- Symlinking: /home/y/works/ARM-Sim2sim-Isaaclab-to-Gazebo/install/robot_msgs/include/robot_msgs/robot_msgs/msg/detail/arm_debug_status__traits.hpp
-- Symlinking: /home/y/works/ARM-Sim2sim-Isaaclab-to-Gazebo/install/robot_msgs/include/robot_msgs/robot_msgs/msg/detail/arm_debug_status__type_support.hpp
-- Symlinking: /home/y/works/ARM-Sim2sim-Isaaclab-to-Gazebo/install/robot_msgs/include/robot_msgs/robot_msgs/msg/detail/imu__builder.hpp
-- Symlinking: /home/y/works/ARM-Sim2sim-Isaaclab-to-Gazebo/install/robot_msgs/include/robot_msgs/robot_msgs/msg/detail/imu__struct.hpp
-- Symlinking: /home/y/works/ARM-Sim2sim-Isaaclab-to-Gazebo/install/robot_msgs/include/robot_msgs/robot_msgs/msg/detail/imu__traits.hpp
-- Symlinking: /home/y/works/ARM-Sim2sim-Isaaclab-to-Gazebo/install/robot_msgs/include/robot_msgs/robot_msgs/msg/detail/imu__type_support.hpp
-- Symlinking: /home/y/works/ARM-Sim2sim-Isaaclab-to-Gazebo/install/robot_msgs/include/robot_msgs/robot_msgs/msg/detail/motor_command__builder.hpp
-- Symlinking: /home/y/works/ARM-Sim2sim-Isaaclab-to-Gazebo/install/robot_msgs/include/robot_msgs/robot_msgs/msg/detail/motor_command__struct.hpp
-- Symlinking: /home/y/works/ARM-Sim2sim-Isaaclab-to-Gazebo/install/robot_msgs/include/robot_msgs/robot_msgs/msg/detail/motor_command__traits.hpp
-- Symlinking: /home/y/works/ARM-Sim2sim-Isaaclab-to-Gazebo/install/robot_msgs/include/robot_msgs/robot_msgs/msg/detail/motor_command__type_support.hpp
-- Symlinking: /home/y/works/ARM-Sim2sim-Isaaclab-to-Gazebo/install/robot_msgs/include/robot_msgs/robot_msgs/msg/detail/motor_state__builder.hpp
-- Symlinking: /home/y/works/ARM-Sim2sim-Isaaclab-to-Gazebo/install/robot_msgs/include/robot_msgs/robot_msgs/msg/detail/motor_state__struct.hpp
-- Symlinking: /home/y/works/ARM-Sim2sim-Isaaclab-to-Gazebo/install/robot_msgs/include/robot_msgs/robot_msgs/msg/detail/motor_state__traits.hpp
-- Symlinking: /home/y/works/ARM-Sim2sim-Isaaclab-to-Gazebo/install/robot_msgs/include/robot_msgs/robot_msgs/msg/detail/motor_state__type_support.hpp
-- Symlinking: /home/y/works/ARM-Sim2sim-Isaaclab-to-Gazebo/install/robot_msgs/include/robot_msgs/robot_msgs/msg/detail/robot_command__builder.hpp
-- Symlinking: /home/y/works/ARM-Sim2sim-Isaaclab-to-Gazebo/install/robot_msgs/include/robot_msgs/robot_msgs/msg/detail/robot_command__struct.hpp
-- Symlinking: /home/y/works/ARM-Sim2sim-Isaaclab-to-Gazebo/install/robot_msgs/include/robot_msgs/robot_msgs/msg/detail/robot_command__traits.hpp
-- Symlinking: /home/y/works/ARM-Sim2sim-Isaaclab-to-Gazebo/install/robot_msgs/include/robot_msgs/robot_msgs/msg/detail/robot_command__type_support.hpp
-- Symlinking: /home/y/works/ARM-Sim2sim-Isaaclab-to-Gazebo/install/robot_msgs/include/robot_msgs/robot_msgs/msg/detail/robot_state__builder.hpp
-- Symlinking: /home/y/works/ARM-Sim2sim-Isaaclab-to-Gazebo/install/robot_msgs/include/robot_msgs/robot_msgs/msg/detail/robot_state__struct.hpp
-- Symlinking: /home/y/works/ARM-Sim2sim-Isaaclab-to-Gazebo/install/robot_msgs/include/robot_msgs/robot_msgs/msg/detail/robot_state__traits.hpp
-- Symlinking: /home/y/works/ARM-Sim2sim-Isaaclab-to-Gazebo/install/robot_msgs/include/robot_msgs/robot_msgs/msg/detail/robot_state__type_support.hpp
-- Symlinking: /home/y/works/ARM-Sim2sim-Isaaclab-to-Gazebo/install/robot_msgs/include/robot_msgs/robot_msgs/msg/imu.hpp
-- Symlinking: /home/y/works/ARM-Sim2sim-Isaaclab-to-Gazebo/install/robot_msgs/include/robot_msgs/robot_msgs/msg/motor_command.hpp
-- Symlinking: /home/y/works/ARM-Sim2sim-Isaaclab-to-Gazebo/install/robot_msgs/include/robot_msgs/robot_msgs/msg/motor_state.hpp
-- Symlinking: /home/y/works/ARM-Sim2sim-Isaaclab-to-Gazebo/install/robot_msgs/include/robot_msgs/robot_msgs/msg/robot_command.hpp
-- Symlinking: /home/y/works/ARM-Sim2sim-Isaaclab-to-Gazebo/install/robot_msgs/include/robot_msgs/robot_msgs/msg/robot_state.hpp
-- Symlinking: /home/y/works/ARM-Sim2sim-Isaaclab-to-Gazebo/install/robot_msgs/include/robot_msgs/robot_msgs/msg/rosidl_generator_cpp__visibility_control.hpp
-- Symlinking: /home/y/works/ARM-Sim2sim-Isaaclab-to-Gazebo/install/robot_msgs/include/robot_msgs/robot_msgs/msg/detail/arm_debug_status__rosidl_typesupport_fastrtps_cpp.hpp
-- Symlinking: /home/y/works/ARM-Sim2sim-Isaaclab-to-Gazebo/install/robot_msgs/include/robot_msgs/robot_msgs/msg/detail/imu__rosidl_typesupport_fastrtps_cpp.hpp
-- Symlinking: /home/y/works/ARM-Sim2sim-Isaaclab-to-Gazebo/install/robot_msgs/include/robot_msgs/robot_msgs/msg/detail/motor_command__rosidl_typesupport_fastrtps_cpp.hpp
-- Symlinking: /home/y/works/ARM-Sim2sim-Isaaclab-to-Gazebo/install/robot_msgs/include/robot_msgs/robot_msgs/msg/detail/motor_state__rosidl_typesupport_fastrtps_cpp.hpp
-- Symlinking: /home/y/works/ARM-Sim2sim-Isaaclab-to-Gazebo/install/robot_msgs/include/robot_msgs/robot_msgs/msg/detail/robot_command__rosidl_typesupport_fastrtps_cpp.hpp
-- Symlinking: /home/y/works/ARM-Sim2sim-Isaaclab-to-Gazebo/install/robot_msgs/include/robot_msgs/robot_msgs/msg/detail/robot_state__rosidl_typesupport_fastrtps_cpp.hpp
-- Symlinking: /home/y/works/ARM-Sim2sim-Isaaclab-to-Gazebo/install/robot_msgs/include/robot_msgs/robot_msgs/msg/rosidl_typesupport_fastrtps_cpp__visibility_control.h
-- Symlinking: /home/y/works/ARM-Sim2sim-Isaaclab-to-Gazebo/install/robot_msgs/include/robot_msgs/robot_msgs/msg/detail/arm_debug_status__rosidl_typesupport_introspection_cpp.hpp
-- Symlinking: /home/y/works/ARM-Sim2sim-Isaaclab-to-Gazebo/install/robot_msgs/include/robot_msgs/robot_msgs/msg/detail/imu__rosidl_typesupport_introspection_cpp.hpp
-- Symlinking: /home/y/works/ARM-Sim2sim-Isaaclab-to-Gazebo/install/robot_msgs/include/robot_msgs/robot_msgs/msg/detail/motor_command__rosidl_typesupport_introspection_cpp.hpp
-- Symlinking: /home/y/works/ARM-Sim2sim-Isaaclab-to-Gazebo/install/robot_msgs/include/robot_msgs/robot_msgs/msg/detail/motor_state__rosidl_typesupport_introspection_cpp.hpp
-- Symlinking: /home/y/works/ARM-Sim2sim-Isaaclab-to-Gazebo/install/robot_msgs/include/robot_msgs/robot_msgs/msg/detail/robot_command__rosidl_typesupport_introspection_cpp.hpp
-- Symlinking: /home/y/works/ARM-Sim2sim-Isaaclab-to-Gazebo/install/robot_msgs/include/robot_msgs/robot_msgs/msg/detail/robot_state__rosidl_typesupport_introspection_cpp.hpp
-- Symlinking: /home/y/works/ARM-Sim2sim-Isaaclab-to-Gazebo/install/robot_msgs/share/robot_msgs/environment/pythonpath.sh
-- Symlinking: /home/y/works/ARM-Sim2sim-Isaaclab-to-Gazebo/install/robot_msgs/share/robot_msgs/environment/pythonpath.dsv
-- Symlinking: /home/y/works/ARM-Sim2sim-Isaaclab-to-Gazebo/install/robot_msgs/local/lib/python3.10/dist-packages/robot_msgs-1.0.0-py3.10.egg-info/PKG-INFO
-- Symlinking: /home/y/works/ARM-Sim2sim-Isaaclab-to-Gazebo/install/robot_msgs/local/lib/python3.10/dist-packages/robot_msgs-1.0.0-py3.10.egg-info/SOURCES.txt
-- Symlinking: /home/y/works/ARM-Sim2sim-Isaaclab-to-Gazebo/install/robot_msgs/local/lib/python3.10/dist-packages/robot_msgs-1.0.0-py3.10.egg-info/dependency_links.txt
-- Symlinking: /home/y/works/ARM-Sim2sim-Isaaclab-to-Gazebo/install/robot_msgs/local/lib/python3.10/dist-packages/robot_msgs-1.0.0-py3.10.egg-info/top_level.txt
-- Symlinking: /home/y/works/ARM-Sim2sim-Isaaclab-to-Gazebo/install/robot_msgs/local/lib/python3.10/dist-packages/robot_msgs/__init__.py
-- Symlinking: /home/y/works/ARM-Sim2sim-Isaaclab-to-Gazebo/install/robot_msgs/local/lib/python3.10/dist-packages/robot_msgs/_robot_msgs_s.ep.rosidl_typesupport_c.c
-- Symlinking: /home/y/works/ARM-Sim2sim-Isaaclab-to-Gazebo/install/robot_msgs/local/lib/python3.10/dist-packages/robot_msgs/_robot_msgs_s.ep.rosidl_typesupport_fastrtps_c.c
-- Symlinking: /home/y/works/ARM-Sim2sim-Isaaclab-to-Gazebo/install/robot_msgs/local/lib/python3.10/dist-packages/robot_msgs/_robot_msgs_s.ep.rosidl_typesupport_introspection_c.c
-- Symlinking: /home/y/works/ARM-Sim2sim-Isaaclab-to-Gazebo/install/robot_msgs/local/lib/python3.10/dist-packages/robot_msgs/librobot_msgs__rosidl_generator_py.so
-- Symlinking: /home/y/works/ARM-Sim2sim-Isaaclab-to-Gazebo/install/robot_msgs/local/lib/python3.10/dist-packages/robot_msgs/msg/__init__.py
-- Symlinking: /home/y/works/ARM-Sim2sim-Isaaclab-to-Gazebo/install/robot_msgs/local/lib/python3.10/dist-packages/robot_msgs/msg/_arm_debug_status.py
-- Symlinking: /home/y/works/ARM-Sim2sim-Isaaclab-to-Gazebo/install/robot_msgs/local/lib/python3.10/dist-packages/robot_msgs/msg/_arm_debug_status_s.c
-- Symlinking: /home/y/works/ARM-Sim2sim-Isaaclab-to-Gazebo/install/robot_msgs/local/lib/python3.10/dist-packages/robot_msgs/msg/_imu.py
-- Symlinking: /home/y/works/ARM-Sim2sim-Isaaclab-to-Gazebo/install/robot_msgs/local/lib/python3.10/dist-packages/robot_msgs/msg/_imu_s.c
-- Symlinking: /home/y/works/ARM-Sim2sim-Isaaclab-to-Gazebo/install/robot_msgs/local/lib/python3.10/dist-packages/robot_msgs/msg/_motor_command.py
-- Symlinking: /home/y/works/ARM-Sim2sim-Isaaclab-to-Gazebo/install/robot_msgs/local/lib/python3.10/dist-packages/robot_msgs/msg/_motor_command_s.c
-- Symlinking: /home/y/works/ARM-Sim2sim-Isaaclab-to-Gazebo/install/robot_msgs/local/lib/python3.10/dist-packages/robot_msgs/msg/_motor_state.py
-- Symlinking: /home/y/works/ARM-Sim2sim-Isaaclab-to-Gazebo/install/robot_msgs/local/lib/python3.10/dist-packages/robot_msgs/msg/_motor_state_s.c
-- Symlinking: /home/y/works/ARM-Sim2sim-Isaaclab-to-Gazebo/install/robot_msgs/local/lib/python3.10/dist-packages/robot_msgs/msg/_robot_command.py
-- Symlinking: /home/y/works/ARM-Sim2sim-Isaaclab-to-Gazebo/install/robot_msgs/local/lib/python3.10/dist-packages/robot_msgs/msg/_robot_command_s.c
-- Symlinking: /home/y/works/ARM-Sim2sim-Isaaclab-to-Gazebo/install/robot_msgs/local/lib/python3.10/dist-packages/robot_msgs/msg/_robot_state.py
-- Symlinking: /home/y/works/ARM-Sim2sim-Isaaclab-to-Gazebo/install/robot_msgs/local/lib/python3.10/dist-packages/robot_msgs/msg/_robot_state_s.c
-- Symlinking: /home/y/works/ARM-Sim2sim-Isaaclab-to-Gazebo/install/robot_msgs/local/lib/python3.10/dist-packages/robot_msgs/robot_msgs_s__rosidl_typesupport_c.cpython-310-x86_64-linux-gnu.so
-- Symlinking: /home/y/works/ARM-Sim2sim-Isaaclab-to-Gazebo/install/robot_msgs/local/lib/python3.10/dist-packages/robot_msgs/robot_msgs_s__rosidl_typesupport_fastrtps_c.cpython-310-x86_64-linux-gnu.so
-- Symlinking: /home/y/works/ARM-Sim2sim-Isaaclab-to-Gazebo/install/robot_msgs/local/lib/python3.10/dist-packages/robot_msgs/robot_msgs_s__rosidl_typesupport_introspection_c.cpython-310-x86_64-linux-gnu.so
-- Up-to-date symlink: /home/y/works/ARM-Sim2sim-Isaaclab-to-Gazebo/install/robot_msgs/local/lib/python3.10/dist-packages/robot_msgs/robot_msgs_s__rosidl_typesupport_fastrtps_c.cpython-310-x86_64-linux-gnu.so
-- Up-to-date symlink: /home/y/works/ARM-Sim2sim-Isaaclab-to-Gazebo/install/robot_msgs/local/lib/python3.10/dist-packages/robot_msgs/robot_msgs_s__rosidl_typesupport_introspection_c.cpython-310-x86_64-linux-gnu.so
-- Up-to-date symlink: /home/y/works/ARM-Sim2sim-Isaaclab-to-Gazebo/install/robot_msgs/local/lib/python3.10/dist-packages/robot_msgs/robot_msgs_s__rosidl_typesupport_c.cpython-310-x86_64-linux-gnu.so
-- Symlinking: /home/y/works/ARM-Sim2sim-Isaaclab-to-Gazebo/install/robot_msgs/share/robot_msgs/msg/MotorCommand.idl
-- Symlinking: /home/y/works/ARM-Sim2sim-Isaaclab-to-Gazebo/install/robot_msgs/share/robot_msgs/msg/MotorState.idl
-- Symlinking: /home/y/works/ARM-Sim2sim-Isaaclab-to-Gazebo/install/robot_msgs/share/robot_msgs/msg/RobotCommand.idl
-- Symlinking: /home/y/works/ARM-Sim2sim-Isaaclab-to-Gazebo/install/robot_msgs/share/robot_msgs/msg/RobotState.idl
-- Symlinking: /home/y/works/ARM-Sim2sim-Isaaclab-to-Gazebo/install/robot_msgs/share/robot_msgs/msg/IMU.idl
-- Symlinking: /home/y/works/ARM-Sim2sim-Isaaclab-to-Gazebo/install/robot_msgs/share/robot_msgs/msg/ArmDebugStatus.idl
-- Symlinking: /home/y/works/ARM-Sim2sim-Isaaclab-to-Gazebo/install/robot_msgs/share/robot_msgs/msg/MotorCommand.msg
-- Symlinking: /home/y/works/ARM-Sim2sim-Isaaclab-to-Gazebo/install/robot_msgs/share/robot_msgs/msg/MotorState.msg
-- Symlinking: /home/y/works/ARM-Sim2sim-Isaaclab-to-Gazebo/install/robot_msgs/share/robot_msgs/msg/RobotCommand.msg
-- Symlinking: /home/y/works/ARM-Sim2sim-Isaaclab-to-Gazebo/install/robot_msgs/share/robot_msgs/msg/RobotState.msg
-- Symlinking: /home/y/works/ARM-Sim2sim-Isaaclab-to-Gazebo/install/robot_msgs/share/robot_msgs/msg/IMU.msg
-- Symlinking: /home/y/works/ARM-Sim2sim-Isaaclab-to-Gazebo/install/robot_msgs/share/robot_msgs/msg/ArmDebugStatus.msg
-- Symlinking: /home/y/works/ARM-Sim2sim-Isaaclab-to-Gazebo/install/robot_msgs/share/ament_index/resource_index/package_run_dependencies/robot_msgs
-- Symlinking: /home/y/works/ARM-Sim2sim-Isaaclab-to-Gazebo/install/robot_msgs/share/ament_index/resource_index/parent_prefix_path/robot_msgs
-- Symlinking: /home/y/works/ARM-Sim2sim-Isaaclab-to-Gazebo/install/robot_msgs/share/robot_msgs/environment/ament_prefix_path.sh
-- Symlinking: /home/y/works/ARM-Sim2sim-Isaaclab-to-Gazebo/install/robot_msgs/share/robot_msgs/environment/ament_prefix_path.dsv
-- Symlinking: /home/y/works/ARM-Sim2sim-Isaaclab-to-Gazebo/install/robot_msgs/share/robot_msgs/environment/path.sh
-- Symlinking: /home/y/works/ARM-Sim2sim-Isaaclab-to-Gazebo/install/robot_msgs/share/robot_msgs/environment/path.dsv
-- Symlinking: /home/y/works/ARM-Sim2sim-Isaaclab-to-Gazebo/install/robot_msgs/share/robot_msgs/local_setup.bash
-- Symlinking: /home/y/works/ARM-Sim2sim-Isaaclab-to-Gazebo/install/robot_msgs/share/robot_msgs/local_setup.sh
-- Symlinking: /home/y/works/ARM-Sim2sim-Isaaclab-to-Gazebo/install/robot_msgs/share/robot_msgs/local_setup.zsh
-- Symlinking: /home/y/works/ARM-Sim2sim-Isaaclab-to-Gazebo/install/robot_msgs/share/robot_msgs/local_setup.dsv
-- Symlinking: /home/y/works/ARM-Sim2sim-Isaaclab-to-Gazebo/install/robot_msgs/share/robot_msgs/package.dsv
-- Symlinking: /home/y/works/ARM-Sim2sim-Isaaclab-to-Gazebo/install/robot_msgs/share/ament_index/resource_index/packages/robot_msgs
-- Symlinking: /home/y/works/ARM-Sim2sim-Isaaclab-to-Gazebo/install/robot_msgs/share/robot_msgs/cmake/rosidl_cmake-extras.cmake
-- Symlinking: /home/y/works/ARM-Sim2sim-Isaaclab-to-Gazebo/install/robot_msgs/share/robot_msgs/cmake/ament_cmake_export_dependencies-extras.cmake
-- Symlinking: /home/y/works/ARM-Sim2sim-Isaaclab-to-Gazebo/install/robot_msgs/share/robot_msgs/cmake/ament_cmake_export_include_directories-extras.cmake
-- Symlinking: /home/y/works/ARM-Sim2sim-Isaaclab-to-Gazebo/install/robot_msgs/share/robot_msgs/cmake/ament_cmake_export_libraries-extras.cmake
-- Symlinking: /home/y/works/ARM-Sim2sim-Isaaclab-to-Gazebo/install/robot_msgs/share/robot_msgs/cmake/ament_cmake_export_targets-extras.cmake
-- Symlinking: /home/y/works/ARM-Sim2sim-Isaaclab-to-Gazebo/install/robot_msgs/share/robot_msgs/cmake/rosidl_cmake_export_typesupport_targets-extras.cmake
-- Symlinking: /home/y/works/ARM-Sim2sim-Isaaclab-to-Gazebo/install/robot_msgs/share/robot_msgs/cmake/rosidl_cmake_export_typesupport_libraries-extras.cmake
-- Symlinking: /home/y/works/ARM-Sim2sim-Isaaclab-to-Gazebo/install/robot_msgs/share/robot_msgs/cmake/robot_msgsConfig.cmake
-- Symlinking: /home/y/works/ARM-Sim2sim-Isaaclab-to-Gazebo/install/robot_msgs/share/robot_msgs/cmake/robot_msgsConfig-version.cmake
-- Symlinking: /home/y/works/ARM-Sim2sim-Isaaclab-to-Gazebo/install/robot_msgs/share/robot_msgs/package.xml
-- Installing: /home/y/works/ARM-Sim2sim-Isaaclab-to-Gazebo/install/robot_msgs/lib/librobot_msgs__rosidl_generator_c.so
-- Set runtime path of "/home/y/works/ARM-Sim2sim-Isaaclab-to-Gazebo/install/robot_msgs/lib/librobot_msgs__rosidl_generator_c.so" to ""
-- Installing: /home/y/works/ARM-Sim2sim-Isaaclab-to-Gazebo/install/robot_msgs/lib/librobot_msgs__rosidl_typesupport_fastrtps_c.so
-- Set runtime path of "/home/y/works/ARM-Sim2sim-Isaaclab-to-Gazebo/install/robot_msgs/lib/librobot_msgs__rosidl_typesupport_fastrtps_c.so" to ""
-- Installing: /home/y/works/ARM-Sim2sim-Isaaclab-to-Gazebo/install/robot_msgs/lib/librobot_msgs__rosidl_typesupport_introspection_c.so
-- Set runtime path of "/home/y/works/ARM-Sim2sim-Isaaclab-to-Gazebo/install/robot_msgs/lib/librobot_msgs__rosidl_typesupport_introspection_c.so" to ""
-- Installing: /home/y/works/ARM-Sim2sim-Isaaclab-to-Gazebo/install/robot_msgs/lib/librobot_msgs__rosidl_typesupport_c.so
-- Set runtime path of "/home/y/works/ARM-Sim2sim-Isaaclab-to-Gazebo/install/robot_msgs/lib/librobot_msgs__rosidl_typesupport_c.so" to ""
-- Installing: /home/y/works/ARM-Sim2sim-Isaaclab-to-Gazebo/install/robot_msgs/lib/librobot_msgs__rosidl_typesupport_fastrtps_cpp.so
-- Set runtime path of "/home/y/works/ARM-Sim2sim-Isaaclab-to-Gazebo/install/robot_msgs/lib/librobot_msgs__rosidl_typesupport_fastrtps_cpp.so" to ""
-- Installing: /home/y/works/ARM-Sim2sim-Isaaclab-to-Gazebo/install/robot_msgs/lib/librobot_msgs__rosidl_typesupport_introspection_cpp.so
-- Set runtime path of "/home/y/works/ARM-Sim2sim-Isaaclab-to-Gazebo/install/robot_msgs/lib/librobot_msgs__rosidl_typesupport_introspection_cpp.so" to ""
-- Installing: /home/y/works/ARM-Sim2sim-Isaaclab-to-Gazebo/install/robot_msgs/lib/librobot_msgs__rosidl_typesupport_cpp.so
-- Set runtime path of "/home/y/works/ARM-Sim2sim-Isaaclab-to-Gazebo/install/robot_msgs/lib/librobot_msgs__rosidl_typesupport_cpp.so" to ""
Listing '/home/y/works/ARM-Sim2sim-Isaaclab-to-Gazebo/install/robot_msgs/local/lib/python3.10/dist-packages/robot_msgs'...
Compiling '/home/y/works/ARM-Sim2sim-Isaaclab-to-Gazebo/install/robot_msgs/local/lib/python3.10/dist-packages/robot_msgs/__init__.py'...
Listing '/home/y/works/ARM-Sim2sim-Isaaclab-to-Gazebo/install/robot_msgs/local/lib/python3.10/dist-packages/robot_msgs/msg'...
Compiling '/home/y/works/ARM-Sim2sim-Isaaclab-to-Gazebo/install/robot_msgs/local/lib/python3.10/dist-packages/robot_msgs/msg/__init__.py'...
Compiling '/home/y/works/ARM-Sim2sim-Isaaclab-to-Gazebo/install/robot_msgs/local/lib/python3.10/dist-packages/robot_msgs/msg/_arm_debug_status.py'...
Compiling '/home/y/works/ARM-Sim2sim-Isaaclab-to-Gazebo/install/robot_msgs/local/lib/python3.10/dist-packages/robot_msgs/msg/_imu.py'...
Compiling '/home/y/works/ARM-Sim2sim-Isaaclab-to-Gazebo/install/robot_msgs/local/lib/python3.10/dist-packages/robot_msgs/msg/_motor_command.py'...
Compiling '/home/y/works/ARM-Sim2sim-Isaaclab-to-Gazebo/install/robot_msgs/local/lib/python3.10/dist-packages/robot_msgs/msg/_motor_state.py'...
Compiling '/home/y/works/ARM-Sim2sim-Isaaclab-to-Gazebo/install/robot_msgs/local/lib/python3.10/dist-packages/robot_msgs/msg/_robot_command.py'...
Compiling '/home/y/works/ARM-Sim2sim-Isaaclab-to-Gazebo/install/robot_msgs/local/lib/python3.10/dist-packages/robot_msgs/msg/_robot_state.py'...
-- Installing: /home/y/works/ARM-Sim2sim-Isaaclab-to-Gazebo/install/robot_msgs/lib/librobot_msgs__rosidl_generator_py.so
-- Set runtime path of "/home/y/works/ARM-Sim2sim-Isaaclab-to-Gazebo/install/robot_msgs/lib/librobot_msgs__rosidl_generator_py.so" to ""
-- Installing: /home/y/works/ARM-Sim2sim-Isaaclab-to-Gazebo/install/robot_msgs/share/robot_msgs/cmake/export_robot_msgs__rosidl_generator_cExport.cmake
-- Installing: /home/y/works/ARM-Sim2sim-Isaaclab-to-Gazebo/install/robot_msgs/share/robot_msgs/cmake/export_robot_msgs__rosidl_generator_cExport-noconfig.cmake
-- Installing: /home/y/works/ARM-Sim2sim-Isaaclab-to-Gazebo/install/robot_msgs/share/robot_msgs/cmake/export_robot_msgs__rosidl_typesupport_fastrtps_cExport.cmake
-- Installing: /home/y/works/ARM-Sim2sim-Isaaclab-to-Gazebo/install/robot_msgs/share/robot_msgs/cmake/export_robot_msgs__rosidl_typesupport_fastrtps_cExport-noconfig.cmake
-- Installing: /home/y/works/ARM-Sim2sim-Isaaclab-to-Gazebo/install/robot_msgs/share/robot_msgs/cmake/robot_msgs__rosidl_typesupport_introspection_cExport.cmake
-- Installing: /home/y/works/ARM-Sim2sim-Isaaclab-to-Gazebo/install/robot_msgs/share/robot_msgs/cmake/robot_msgs__rosidl_typesupport_introspection_cExport-noconfig.cmake
-- Installing: /home/y/works/ARM-Sim2sim-Isaaclab-to-Gazebo/install/robot_msgs/share/robot_msgs/cmake/robot_msgs__rosidl_typesupport_cExport.cmake
-- Installing: /home/y/works/ARM-Sim2sim-Isaaclab-to-Gazebo/install/robot_msgs/share/robot_msgs/cmake/robot_msgs__rosidl_typesupport_cExport-noconfig.cmake
-- Installing: /home/y/works/ARM-Sim2sim-Isaaclab-to-Gazebo/install/robot_msgs/share/robot_msgs/cmake/export_robot_msgs__rosidl_generator_cppExport.cmake
-- Installing: /home/y/works/ARM-Sim2sim-Isaaclab-to-Gazebo/install/robot_msgs/share/robot_msgs/cmake/export_robot_msgs__rosidl_typesupport_fastrtps_cppExport.cmake
-- Installing: /home/y/works/ARM-Sim2sim-Isaaclab-to-Gazebo/install/robot_msgs/share/robot_msgs/cmake/export_robot_msgs__rosidl_typesupport_fastrtps_cppExport-noconfig.cmake
-- Installing: /home/y/works/ARM-Sim2sim-Isaaclab-to-Gazebo/install/robot_msgs/share/robot_msgs/cmake/robot_msgs__rosidl_typesupport_introspection_cppExport.cmake
-- Installing: /home/y/works/ARM-Sim2sim-Isaaclab-to-Gazebo/install/robot_msgs/share/robot_msgs/cmake/robot_msgs__rosidl_typesupport_introspection_cppExport-noconfig.cmake
-- Installing: /home/y/works/ARM-Sim2sim-Isaaclab-to-Gazebo/install/robot_msgs/share/robot_msgs/cmake/robot_msgs__rosidl_typesupport_cppExport.cmake
-- Installing: /home/y/works/ARM-Sim2sim-Isaaclab-to-Gazebo/install/robot_msgs/share/robot_msgs/cmake/robot_msgs__rosidl_typesupport_cppExport-noconfig.cmake
-- Installing: /home/y/works/ARM-Sim2sim-Isaaclab-to-Gazebo/install/robot_msgs/share/robot_msgs/cmake/export_robot_msgs__rosidl_generator_pyExport.cmake
-- Installing: /home/y/works/ARM-Sim2sim-Isaaclab-to-Gazebo/install/robot_msgs/share/robot_msgs/cmake/export_robot_msgs__rosidl_generator_pyExport-noconfig.cmake
