[0.008s] Invoking command in '/home/y/works/ARM-Sim2sim-Isaaclab-to-Gazebo/build/robot_msgs': CMAKE_PREFIX_PATH=${CMAKE_PREFIX_PATH}:/opt/ros/humble /usr/bin/cmake /home/y/works/ARM-Sim2sim-Isaaclab-to-Gazebo/src/robot_msgs -DAMENT_CMAKE_SYMLINK_INSTALL=1 -DCMAKE_INSTALL_PREFIX=/home/y/works/ARM-Sim2sim-Isaaclab-to-Gazebo/install/robot_msgs
[0.071s] -- The C compiler identification is GNU 11.4.0
[0.113s] -- The CXX compiler identification is GNU 11.4.0
[0.119s] -- Detecting C compiler ABI info
[0.180s] -- Detecting C compiler ABI info - done
[0.184s] -- Check for working C compiler: /usr/bin/cc - skipped
[0.184s] -- Detecting C compile features
[0.184s] -- Detecting C compile features - done
[0.186s] -- Detecting CXX compiler ABI info
[0.257s] -- Detecting CXX compiler ABI info - done
[0.262s] -- Check for working CXX compiler: /usr/bin/c++ - skipped
[0.263s] -- Detecting CXX compile features
[0.263s] -- Detecting CXX compile features - done
[0.265s] -- Found ament_cmake: 1.3.12 (/opt/ros/humble/share/ament_cmake/cmake)
[0.389s] -- Found Python3: /usr/bin/python3 (found version "3.10.12") found components: Interpreter 
[0.437s] -- Override CMake install command with custom implementation using symlinks instead of copying resources
[0.465s] -- Found rosidl_default_generators: 1.2.0 (/opt/ros/humble/share/rosidl_default_generators/cmake)
[0.467s] -- Using all available rosidl_typesupport_c: rosidl_typesupport_fastrtps_c;rosidl_typesupport_introspection_c
[0.473s] -- Found rosidl_adapter: 3.1.7 (/opt/ros/humble/share/rosidl_adapter/cmake)
[0.506s] -- Using all available rosidl_typesupport_cpp: rosidl_typesupport_fastrtps_cpp;rosidl_typesupport_introspection_cpp
[0.533s] -- Found std_msgs: 4.9.0 (/opt/ros/humble/share/std_msgs/cmake)
[0.550s] -- Found geometry_msgs: 4.9.0 (/opt/ros/humble/share/geometry_msgs/cmake)
[0.784s] -- Found ament_cmake_ros: 0.10.0 (/opt/ros/humble/share/ament_cmake_ros/cmake)
[0.967s] -- Using all available rosidl_typesupport_c: rosidl_typesupport_fastrtps_c;rosidl_typesupport_introspection_c
[1.248s] -- Using all available rosidl_typesupport_cpp: rosidl_typesupport_fastrtps_cpp;rosidl_typesupport_introspection_cpp
[1.265s] -- Found PythonInterp: /usr/bin/python3 (found suitable version "3.10.12", minimum required is "3.6") 
[1.267s] -- Found python_cmake_module: 0.10.0 (/opt/ros/humble/share/python_cmake_module/cmake)
[1.289s] -- Found PythonLibs: /usr/lib/x86_64-linux-gnu/libpython3.10.so (found suitable version "3.10.12", minimum required is "3.5") 
[1.289s] -- Using PYTHON_EXECUTABLE: /usr/bin/python3
[1.289s] -- Using PYTHON_INCLUDE_DIRS: /usr/include/python3.10
[1.289s] -- Using PYTHON_LIBRARIES: /usr/lib/x86_64-linux-gnu/libpython3.10.so
[1.304s] -- Found PythonExtra: .so  
[1.352s] -- Configuring done
[1.380s] -- Generating done
[1.388s] -- Build files have been written to: /home/y/works/ARM-Sim2sim-Isaaclab-to-Gazebo/build/robot_msgs
[1.396s] Invoked command in '/home/y/works/ARM-Sim2sim-Isaaclab-to-Gazebo/build/robot_msgs' returned '0': CMAKE_PREFIX_PATH=${CMAKE_PREFIX_PATH}:/opt/ros/humble /usr/bin/cmake /home/y/works/ARM-Sim2sim-Isaaclab-to-Gazebo/src/robot_msgs -DAMENT_CMAKE_SYMLINK_INSTALL=1 -DCMAKE_INSTALL_PREFIX=/home/y/works/ARM-Sim2sim-Isaaclab-to-Gazebo/install/robot_msgs
[1.397s] Invoking command in '/home/y/works/ARM-Sim2sim-Isaaclab-to-Gazebo/build/robot_msgs': CMAKE_PREFIX_PATH=${CMAKE_PREFIX_PATH}:/opt/ros/humble /usr/bin/cmake --build /home/y/works/ARM-Sim2sim-Isaaclab-to-Gazebo/build/robot_msgs -- -j16 -l16
[1.431s] [  1%] Generating C code for ROS interfaces
[1.440s] [  2%] Generating C++ code for ROS interfaces
[1.448s] [  2%] Built target ament_cmake_python_symlink_robot_msgs
[1.594s] running egg_info
[1.594s] creating robot_msgs.egg-info
[1.595s] writing robot_msgs.egg-info/PKG-INFO
[1.595s] writing dependency_links to robot_msgs.egg-info/dependency_links.txt
[1.595s] writing top-level names to robot_msgs.egg-info/top_level.txt
[1.595s] writing manifest file 'robot_msgs.egg-info/SOURCES.txt'
[1.596s] reading manifest file 'robot_msgs.egg-info/SOURCES.txt'
[1.596s] writing manifest file 'robot_msgs.egg-info/SOURCES.txt'
[1.617s] [  2%] Built target ament_cmake_python_build_robot_msgs_egg
[1.904s] [  4%] Building C object CMakeFiles/robot_msgs__rosidl_generator_c.dir/rosidl_generator_c/robot_msgs/msg/detail/motor_command__functions.c.o
[1.906s] [  7%] Building C object CMakeFiles/robot_msgs__rosidl_generator_c.dir/rosidl_generator_c/robot_msgs/msg/detail/robot_command__functions.c.o
[1.906s] [  7%] Building C object CMakeFiles/robot_msgs__rosidl_generator_c.dir/rosidl_generator_c/robot_msgs/msg/detail/motor_state__functions.c.o
[1.906s] [  8%] Building C object CMakeFiles/robot_msgs__rosidl_generator_c.dir/rosidl_generator_c/robot_msgs/msg/detail/robot_state__functions.c.o
[1.907s] [  9%] Building C object CMakeFiles/robot_msgs__rosidl_generator_c.dir/rosidl_generator_c/robot_msgs/msg/detail/imu__functions.c.o
[1.908s] [ 11%] Building C object CMakeFiles/robot_msgs__rosidl_generator_c.dir/rosidl_generator_c/robot_msgs/msg/detail/arm_debug_status__functions.c.o
[1.913s] [ 11%] Built target robot_msgs__cpp
[1.924s] [ 14%] Generating C++ type support for eProsima Fast-RTPS
[1.924s] [ 12%] Generating C++ introspection for ROS interfaces
[1.924s] [ 15%] Generating C++ type support dispatch for ROS interfaces
[1.959s] [ 16%] Linking C shared library librobot_msgs__rosidl_generator_c.so
[1.996s] [ 16%] Built target robot_msgs__rosidl_generator_c
[2.006s] [ 21%] Generating C introspection for ROS interfaces
[2.006s] [ 21%] Generating C type support for eProsima Fast-RTPS
[2.006s] [ 21%] Generating C type support dispatch for ROS interfaces
[2.355s] [ 23%] Building CXX object CMakeFiles/robot_msgs__rosidl_typesupport_cpp.dir/rosidl_typesupport_cpp/robot_msgs/msg/imu__type_support.cpp.o
[2.355s] [ 23%] Building CXX object CMakeFiles/robot_msgs__rosidl_typesupport_cpp.dir/rosidl_typesupport_cpp/robot_msgs/msg/robot_command__type_support.cpp.o
[2.355s] [ 25%] Building CXX object CMakeFiles/robot_msgs__rosidl_typesupport_cpp.dir/rosidl_typesupport_cpp/robot_msgs/msg/motor_command__type_support.cpp.o
[2.355s] [ 26%] Building CXX object CMakeFiles/robot_msgs__rosidl_typesupport_cpp.dir/rosidl_typesupport_cpp/robot_msgs/msg/robot_state__type_support.cpp.o
[2.355s] [ 28%] Building CXX object CMakeFiles/robot_msgs__rosidl_typesupport_cpp.dir/rosidl_typesupport_cpp/robot_msgs/msg/motor_state__type_support.cpp.o
[2.356s] [ 29%] Building CXX object CMakeFiles/robot_msgs__rosidl_typesupport_cpp.dir/rosidl_typesupport_cpp/robot_msgs/msg/arm_debug_status__type_support.cpp.o
[2.420s] [ 30%] Building CXX object CMakeFiles/robot_msgs__rosidl_typesupport_introspection_cpp.dir/rosidl_typesupport_introspection_cpp/robot_msgs/msg/detail/motor_command__type_support.cpp.o
[2.429s] [ 32%] Building CXX object CMakeFiles/robot_msgs__rosidl_typesupport_introspection_cpp.dir/rosidl_typesupport_introspection_cpp/robot_msgs/msg/detail/motor_state__type_support.cpp.o
[2.430s] [ 33%] Building CXX object CMakeFiles/robot_msgs__rosidl_typesupport_introspection_cpp.dir/rosidl_typesupport_introspection_cpp/robot_msgs/msg/detail/robot_command__type_support.cpp.o
[2.432s] [ 36%] Building CXX object CMakeFiles/robot_msgs__rosidl_typesupport_introspection_cpp.dir/rosidl_typesupport_introspection_cpp/robot_msgs/msg/detail/imu__type_support.cpp.o
[2.432s] [ 36%] Building CXX object CMakeFiles/robot_msgs__rosidl_typesupport_introspection_cpp.dir/rosidl_typesupport_introspection_cpp/robot_msgs/msg/detail/arm_debug_status__type_support.cpp.o
[2.439s] [ 38%] Building CXX object CMakeFiles/robot_msgs__rosidl_typesupport_introspection_cpp.dir/rosidl_typesupport_introspection_cpp/robot_msgs/msg/detail/robot_state__type_support.cpp.o
[2.453s] [ 39%] Building CXX object CMakeFiles/robot_msgs__rosidl_typesupport_fastrtps_cpp.dir/rosidl_typesupport_fastrtps_cpp/robot_msgs/msg/detail/dds_fastrtps/motor_command__type_support.cpp.o
[2.565s] [ 40%] Building CXX object CMakeFiles/robot_msgs__rosidl_typesupport_c.dir/rosidl_typesupport_c/robot_msgs/msg/motor_command__type_support.cpp.o
[2.650s] [ 42%] Building CXX object CMakeFiles/robot_msgs__rosidl_typesupport_c.dir/rosidl_typesupport_c/robot_msgs/msg/motor_state__type_support.cpp.o
[2.654s] [ 43%] Building CXX object CMakeFiles/robot_msgs__rosidl_typesupport_fastrtps_cpp.dir/rosidl_typesupport_fastrtps_cpp/robot_msgs/msg/detail/dds_fastrtps/motor_state__type_support.cpp.o
[2.657s] [ 45%] Building CXX object CMakeFiles/robot_msgs__rosidl_typesupport_c.dir/rosidl_typesupport_c/robot_msgs/msg/robot_command__type_support.cpp.o
[2.660s] [ 46%] Building CXX object CMakeFiles/robot_msgs__rosidl_typesupport_fastrtps_cpp.dir/rosidl_typesupport_fastrtps_cpp/robot_msgs/msg/detail/dds_fastrtps/robot_command__type_support.cpp.o
[2.671s] [ 49%] Building CXX object CMakeFiles/robot_msgs__rosidl_typesupport_c.dir/rosidl_typesupport_c/robot_msgs/msg/robot_state__type_support.cpp.o
[2.671s] [ 47%] Building CXX object CMakeFiles/robot_msgs__rosidl_typesupport_c.dir/rosidl_typesupport_c/robot_msgs/msg/imu__type_support.cpp.o
[2.680s] [ 50%] Linking CXX shared library librobot_msgs__rosidl_typesupport_cpp.so
[2.699s] [ 52%] Building CXX object CMakeFiles/robot_msgs__rosidl_typesupport_fastrtps_cpp.dir/rosidl_typesupport_fastrtps_cpp/robot_msgs/msg/detail/dds_fastrtps/robot_state__type_support.cpp.o
[2.701s] [ 53%] Building C object CMakeFiles/robot_msgs__rosidl_typesupport_introspection_c.dir/rosidl_typesupport_introspection_c/robot_msgs/msg/detail/motor_command__type_support.c.o
[2.706s] [ 54%] Building CXX object CMakeFiles/robot_msgs__rosidl_typesupport_fastrtps_cpp.dir/rosidl_typesupport_fastrtps_cpp/robot_msgs/msg/detail/dds_fastrtps/imu__type_support.cpp.o
[2.717s] [ 56%] Building CXX object CMakeFiles/robot_msgs__rosidl_typesupport_fastrtps_cpp.dir/rosidl_typesupport_fastrtps_cpp/robot_msgs/msg/detail/dds_fastrtps/arm_debug_status__type_support.cpp.o
[2.717s] [ 57%] Building CXX object CMakeFiles/robot_msgs__rosidl_typesupport_c.dir/rosidl_typesupport_c/robot_msgs/msg/arm_debug_status__type_support.cpp.o
[2.725s] [ 59%] Building CXX object CMakeFiles/robot_msgs__rosidl_typesupport_fastrtps_c.dir/rosidl_typesupport_fastrtps_c/robot_msgs/msg/detail/motor_command__type_support_c.cpp.o
[2.739s] [ 59%] Built target robot_msgs__rosidl_typesupport_cpp
[2.751s] [ 60%] Building C object CMakeFiles/robot_msgs__rosidl_typesupport_introspection_c.dir/rosidl_typesupport_introspection_c/robot_msgs/msg/detail/motor_state__type_support.c.o
[2.752s] [ 61%] Building CXX object CMakeFiles/robot_msgs__rosidl_typesupport_fastrtps_c.dir/rosidl_typesupport_fastrtps_c/robot_msgs/msg/detail/motor_state__type_support_c.cpp.o
[2.789s] [ 63%] Linking CXX shared library librobot_msgs__rosidl_typesupport_c.so
[2.797s] [ 64%] Building C object CMakeFiles/robot_msgs__rosidl_typesupport_introspection_c.dir/rosidl_typesupport_introspection_c/robot_msgs/msg/detail/robot_command__type_support.c.o
[2.854s] [ 66%] Building C object CMakeFiles/robot_msgs__rosidl_typesupport_introspection_c.dir/rosidl_typesupport_introspection_c/robot_msgs/msg/detail/robot_state__type_support.c.o
[2.861s] [ 67%] Building CXX object CMakeFiles/robot_msgs__rosidl_typesupport_fastrtps_c.dir/rosidl_typesupport_fastrtps_c/robot_msgs/msg/detail/robot_command__type_support_c.cpp.o
[2.873s] [ 67%] Built target robot_msgs__rosidl_typesupport_c
[2.889s] [ 69%] Building CXX object CMakeFiles/robot_msgs__rosidl_typesupport_fastrtps_c.dir/rosidl_typesupport_fastrtps_c/robot_msgs/msg/detail/robot_state__type_support_c.cpp.o
[2.904s] [ 70%] Building C object CMakeFiles/robot_msgs__rosidl_typesupport_introspection_c.dir/rosidl_typesupport_introspection_c/robot_msgs/msg/detail/arm_debug_status__type_support.c.o
[2.910s] [ 71%] Building CXX object CMakeFiles/robot_msgs__rosidl_typesupport_fastrtps_c.dir/rosidl_typesupport_fastrtps_c/robot_msgs/msg/detail/imu__type_support_c.cpp.o
[2.917s] [ 73%] Building CXX object CMakeFiles/robot_msgs__rosidl_typesupport_fastrtps_c.dir/rosidl_typesupport_fastrtps_c/robot_msgs/msg/detail/arm_debug_status__type_support_c.cpp.o
[2.917s] [ 74%] Building C object CMakeFiles/robot_msgs__rosidl_typesupport_introspection_c.dir/rosidl_typesupport_introspection_c/robot_msgs/msg/detail/imu__type_support.c.o
[2.969s] [ 76%] Linking C shared library librobot_msgs__rosidl_typesupport_introspection_c.so
[2.982s] [ 77%] Linking CXX shared library librobot_msgs__rosidl_typesupport_introspection_cpp.so
[3.019s] [ 77%] Built target robot_msgs__rosidl_typesupport_introspection_c
[3.109s] [ 77%] Built target robot_msgs__rosidl_typesupport_introspection_cpp
[3.175s] [ 78%] Linking CXX shared library librobot_msgs__rosidl_typesupport_fastrtps_cpp.so
[3.223s] [ 80%] Linking CXX shared library librobot_msgs__rosidl_typesupport_fastrtps_c.so
[3.239s] [ 80%] Built target robot_msgs__rosidl_typesupport_fastrtps_cpp
[3.283s] [ 80%] Built target robot_msgs__rosidl_typesupport_fastrtps_c
[3.305s] [ 80%] Built target robot_msgs
[3.327s] [ 81%] Generating Python code for ROS interfaces
[4.061s] [ 81%] Built target robot_msgs__py
[4.082s] [ 87%] Building C object CMakeFiles/robot_msgs__rosidl_generator_py.dir/rosidl_generator_py/robot_msgs/msg/_robot_state_s.c.o
[4.082s] [ 87%] Building C object CMakeFiles/robot_msgs__rosidl_generator_py.dir/rosidl_generator_py/robot_msgs/msg/_robot_command_s.c.o
[4.082s] [ 87%] Building C object CMakeFiles/robot_msgs__rosidl_generator_py.dir/rosidl_generator_py/robot_msgs/msg/_motor_command_s.c.o
[4.082s] [ 88%] Building C object CMakeFiles/robot_msgs__rosidl_generator_py.dir/rosidl_generator_py/robot_msgs/msg/_imu_s.c.o
[4.082s] [ 88%] Building C object CMakeFiles/robot_msgs__rosidl_generator_py.dir/rosidl_generator_py/robot_msgs/msg/_motor_state_s.c.o
[4.083s] [ 90%] Building C object CMakeFiles/robot_msgs__rosidl_generator_py.dir/rosidl_generator_py/robot_msgs/msg/_arm_debug_status_s.c.o
[4.172s] [ 91%] Linking C shared library rosidl_generator_py/robot_msgs/librobot_msgs__rosidl_generator_py.so
[4.210s] [ 91%] Built target robot_msgs__rosidl_generator_py
[4.229s] [ 95%] Building C object CMakeFiles/robot_msgs__rosidl_typesupport_c__pyext.dir/rosidl_generator_py/robot_msgs/_robot_msgs_s.ep.rosidl_typesupport_c.c.o
[4.229s] [ 95%] Building C object CMakeFiles/robot_msgs__rosidl_typesupport_introspection_c__pyext.dir/rosidl_generator_py/robot_msgs/_robot_msgs_s.ep.rosidl_typesupport_introspection_c.c.o
[4.229s] [ 95%] Building C object CMakeFiles/robot_msgs__rosidl_typesupport_fastrtps_c__pyext.dir/rosidl_generator_py/robot_msgs/_robot_msgs_s.ep.rosidl_typesupport_fastrtps_c.c.o
[4.306s] [ 98%] Linking C shared library rosidl_generator_py/robot_msgs/robot_msgs_s__rosidl_typesupport_introspection_c.cpython-310-x86_64-linux-gnu.so
[4.306s] [ 98%] Linking C shared library rosidl_generator_py/robot_msgs/robot_msgs_s__rosidl_typesupport_c.cpython-310-x86_64-linux-gnu.so
[4.307s] [100%] Linking C shared library rosidl_generator_py/robot_msgs/robot_msgs_s__rosidl_typesupport_fastrtps_c.cpython-310-x86_64-linux-gnu.so
[4.339s] [100%] Built target robot_msgs__rosidl_typesupport_introspection_c__pyext
[4.339s] [100%] Built target robot_msgs__rosidl_typesupport_fastrtps_c__pyext
[4.340s] [100%] Built target robot_msgs__rosidl_typesupport_c__pyext
[4.350s] Invoked command in '/home/y/works/ARM-Sim2sim-Isaaclab-to-Gazebo/build/robot_msgs' returned '0': CMAKE_PREFIX_PATH=${CMAKE_PREFIX_PATH}:/opt/ros/humble /usr/bin/cmake --build /home/y/works/ARM-Sim2sim-Isaaclab-to-Gazebo/build/robot_msgs -- -j16 -l16
[4.360s] Invoking command in '/home/y/works/ARM-Sim2sim-Isaaclab-to-Gazebo/build/robot_msgs': CMAKE_PREFIX_PATH=${CMAKE_PREFIX_PATH}:/opt/ros/humble /usr/bin/cmake --install /home/y/works/ARM-Sim2sim-Isaaclab-to-Gazebo/build/robot_msgs
[4.367s] -- Install configuration: ""
[4.367s] -- Execute custom install script
[4.367s] -- Symlinking: /home/y/works/ARM-Sim2sim-Isaaclab-to-Gazebo/install/robot_msgs/share/ament_index/resource_index/rosidl_interfaces/robot_msgs
[4.375s] -- Symlinking: /home/y/works/ARM-Sim2sim-Isaaclab-to-Gazebo/install/robot_msgs/include/robot_msgs/robot_msgs/msg/arm_debug_status.h
[4.383s] -- Symlinking: /home/y/works/ARM-Sim2sim-Isaaclab-to-Gazebo/install/robot_msgs/include/robot_msgs/robot_msgs/msg/detail/arm_debug_status__functions.h
[4.392s] -- Symlinking: /home/y/works/ARM-Sim2sim-Isaaclab-to-Gazebo/install/robot_msgs/include/robot_msgs/robot_msgs/msg/detail/arm_debug_status__struct.h
[4.400s] -- Symlinking: /home/y/works/ARM-Sim2sim-Isaaclab-to-Gazebo/install/robot_msgs/include/robot_msgs/robot_msgs/msg/detail/arm_debug_status__type_support.h
[4.409s] -- Symlinking: /home/y/works/ARM-Sim2sim-Isaaclab-to-Gazebo/install/robot_msgs/include/robot_msgs/robot_msgs/msg/detail/imu__functions.h
[4.418s] -- Symlinking: /home/y/works/ARM-Sim2sim-Isaaclab-to-Gazebo/install/robot_msgs/include/robot_msgs/robot_msgs/msg/detail/imu__struct.h
[4.427s] -- Symlinking: /home/y/works/ARM-Sim2sim-Isaaclab-to-Gazebo/install/robot_msgs/include/robot_msgs/robot_msgs/msg/detail/imu__type_support.h
[4.437s] -- Symlinking: /home/y/works/ARM-Sim2sim-Isaaclab-to-Gazebo/install/robot_msgs/include/robot_msgs/robot_msgs/msg/detail/motor_command__functions.h
[4.445s] -- Symlinking: /home/y/works/ARM-Sim2sim-Isaaclab-to-Gazebo/install/robot_msgs/include/robot_msgs/robot_msgs/msg/detail/motor_command__struct.h
[4.453s] -- Symlinking: /home/y/works/ARM-Sim2sim-Isaaclab-to-Gazebo/install/robot_msgs/include/robot_msgs/robot_msgs/msg/detail/motor_command__type_support.h
[4.461s] -- Symlinking: /home/y/works/ARM-Sim2sim-Isaaclab-to-Gazebo/install/robot_msgs/include/robot_msgs/robot_msgs/msg/detail/motor_state__functions.h
[4.469s] -- Symlinking: /home/y/works/ARM-Sim2sim-Isaaclab-to-Gazebo/install/robot_msgs/include/robot_msgs/robot_msgs/msg/detail/motor_state__struct.h
[4.479s] -- Symlinking: /home/y/works/ARM-Sim2sim-Isaaclab-to-Gazebo/install/robot_msgs/include/robot_msgs/robot_msgs/msg/detail/motor_state__type_support.h
[4.486s] -- Symlinking: /home/y/works/ARM-Sim2sim-Isaaclab-to-Gazebo/install/robot_msgs/include/robot_msgs/robot_msgs/msg/detail/robot_command__functions.h
[4.495s] -- Symlinking: /home/y/works/ARM-Sim2sim-Isaaclab-to-Gazebo/install/robot_msgs/include/robot_msgs/robot_msgs/msg/detail/robot_command__struct.h
[4.503s] -- Symlinking: /home/y/works/ARM-Sim2sim-Isaaclab-to-Gazebo/install/robot_msgs/include/robot_msgs/robot_msgs/msg/detail/robot_command__type_support.h
[4.512s] -- Symlinking: /home/y/works/ARM-Sim2sim-Isaaclab-to-Gazebo/install/robot_msgs/include/robot_msgs/robot_msgs/msg/detail/robot_state__functions.h
[4.519s] -- Symlinking: /home/y/works/ARM-Sim2sim-Isaaclab-to-Gazebo/install/robot_msgs/include/robot_msgs/robot_msgs/msg/detail/robot_state__struct.h
[4.527s] -- Symlinking: /home/y/works/ARM-Sim2sim-Isaaclab-to-Gazebo/install/robot_msgs/include/robot_msgs/robot_msgs/msg/detail/robot_state__type_support.h
[4.534s] -- Symlinking: /home/y/works/ARM-Sim2sim-Isaaclab-to-Gazebo/install/robot_msgs/include/robot_msgs/robot_msgs/msg/imu.h
[4.543s] -- Symlinking: /home/y/works/ARM-Sim2sim-Isaaclab-to-Gazebo/install/robot_msgs/include/robot_msgs/robot_msgs/msg/motor_command.h
[4.550s] -- Symlinking: /home/y/works/ARM-Sim2sim-Isaaclab-to-Gazebo/install/robot_msgs/include/robot_msgs/robot_msgs/msg/motor_state.h
[4.559s] -- Symlinking: /home/y/works/ARM-Sim2sim-Isaaclab-to-Gazebo/install/robot_msgs/include/robot_msgs/robot_msgs/msg/robot_command.h
[4.568s] -- Symlinking: /home/y/works/ARM-Sim2sim-Isaaclab-to-Gazebo/install/robot_msgs/include/robot_msgs/robot_msgs/msg/robot_state.h
[4.575s] -- Symlinking: /home/y/works/ARM-Sim2sim-Isaaclab-to-Gazebo/install/robot_msgs/include/robot_msgs/robot_msgs/msg/rosidl_generator_c__visibility_control.h
[4.583s] -- Symlinking: /home/y/works/ARM-Sim2sim-Isaaclab-to-Gazebo/install/robot_msgs/share/robot_msgs/environment/library_path.sh
[4.590s] -- Symlinking: /home/y/works/ARM-Sim2sim-Isaaclab-to-Gazebo/install/robot_msgs/share/robot_msgs/environment/library_path.dsv
[4.598s] -- Symlinking: /home/y/works/ARM-Sim2sim-Isaaclab-to-Gazebo/install/robot_msgs/include/robot_msgs/robot_msgs/msg/detail/arm_debug_status__rosidl_typesupport_fastrtps_c.h
[4.607s] -- Symlinking: /home/y/works/ARM-Sim2sim-Isaaclab-to-Gazebo/install/robot_msgs/include/robot_msgs/robot_msgs/msg/detail/imu__rosidl_typesupport_fastrtps_c.h
[4.615s] -- Symlinking: /home/y/works/ARM-Sim2sim-Isaaclab-to-Gazebo/install/robot_msgs/include/robot_msgs/robot_msgs/msg/detail/motor_command__rosidl_typesupport_fastrtps_c.h
[4.623s] -- Symlinking: /home/y/works/ARM-Sim2sim-Isaaclab-to-Gazebo/install/robot_msgs/include/robot_msgs/robot_msgs/msg/detail/motor_state__rosidl_typesupport_fastrtps_c.h
[4.631s] -- Symlinking: /home/y/works/ARM-Sim2sim-Isaaclab-to-Gazebo/install/robot_msgs/include/robot_msgs/robot_msgs/msg/detail/robot_command__rosidl_typesupport_fastrtps_c.h
[4.639s] -- Symlinking: /home/y/works/ARM-Sim2sim-Isaaclab-to-Gazebo/install/robot_msgs/include/robot_msgs/robot_msgs/msg/detail/robot_state__rosidl_typesupport_fastrtps_c.h
[4.648s] -- Symlinking: /home/y/works/ARM-Sim2sim-Isaaclab-to-Gazebo/install/robot_msgs/include/robot_msgs/robot_msgs/msg/rosidl_typesupport_fastrtps_c__visibility_control.h
[4.657s] -- Symlinking: /home/y/works/ARM-Sim2sim-Isaaclab-to-Gazebo/install/robot_msgs/include/robot_msgs/robot_msgs/msg/detail/arm_debug_status__rosidl_typesupport_introspection_c.h
[4.664s] -- Symlinking: /home/y/works/ARM-Sim2sim-Isaaclab-to-Gazebo/install/robot_msgs/include/robot_msgs/robot_msgs/msg/detail/imu__rosidl_typesupport_introspection_c.h
[4.673s] -- Symlinking: /home/y/works/ARM-Sim2sim-Isaaclab-to-Gazebo/install/robot_msgs/include/robot_msgs/robot_msgs/msg/detail/motor_command__rosidl_typesupport_introspection_c.h
[4.682s] -- Symlinking: /home/y/works/ARM-Sim2sim-Isaaclab-to-Gazebo/install/robot_msgs/include/robot_msgs/robot_msgs/msg/detail/motor_state__rosidl_typesupport_introspection_c.h
[4.691s] -- Symlinking: /home/y/works/ARM-Sim2sim-Isaaclab-to-Gazebo/install/robot_msgs/include/robot_msgs/robot_msgs/msg/detail/robot_command__rosidl_typesupport_introspection_c.h
[4.699s] -- Symlinking: /home/y/works/ARM-Sim2sim-Isaaclab-to-Gazebo/install/robot_msgs/include/robot_msgs/robot_msgs/msg/detail/robot_state__rosidl_typesupport_introspection_c.h
[4.709s] -- Symlinking: /home/y/works/ARM-Sim2sim-Isaaclab-to-Gazebo/install/robot_msgs/include/robot_msgs/robot_msgs/msg/rosidl_typesupport_introspection_c__visibility_control.h
[4.719s] -- Symlinking: /home/y/works/ARM-Sim2sim-Isaaclab-to-Gazebo/install/robot_msgs/include/robot_msgs/robot_msgs/msg/arm_debug_status.hpp
[4.728s] -- Symlinking: /home/y/works/ARM-Sim2sim-Isaaclab-to-Gazebo/install/robot_msgs/include/robot_msgs/robot_msgs/msg/detail/arm_debug_status__builder.hpp
[4.736s] -- Symlinking: /home/y/works/ARM-Sim2sim-Isaaclab-to-Gazebo/install/robot_msgs/include/robot_msgs/robot_msgs/msg/detail/arm_debug_status__struct.hpp
[4.745s] -- Symlinking: /home/y/works/ARM-Sim2sim-Isaaclab-to-Gazebo/install/robot_msgs/include/robot_msgs/robot_msgs/msg/detail/arm_debug_status__traits.hpp
[4.754s] -- Symlinking: /home/y/works/ARM-Sim2sim-Isaaclab-to-Gazebo/install/robot_msgs/include/robot_msgs/robot_msgs/msg/detail/arm_debug_status__type_support.hpp
[4.762s] -- Symlinking: /home/y/works/ARM-Sim2sim-Isaaclab-to-Gazebo/install/robot_msgs/include/robot_msgs/robot_msgs/msg/detail/imu__builder.hpp
[4.771s] -- Symlinking: /home/y/works/ARM-Sim2sim-Isaaclab-to-Gazebo/install/robot_msgs/include/robot_msgs/robot_msgs/msg/detail/imu__struct.hpp
[4.779s] -- Symlinking: /home/y/works/ARM-Sim2sim-Isaaclab-to-Gazebo/install/robot_msgs/include/robot_msgs/robot_msgs/msg/detail/imu__traits.hpp
[4.787s] -- Symlinking: /home/y/works/ARM-Sim2sim-Isaaclab-to-Gazebo/install/robot_msgs/include/robot_msgs/robot_msgs/msg/detail/imu__type_support.hpp
[4.795s] -- Symlinking: /home/y/works/ARM-Sim2sim-Isaaclab-to-Gazebo/install/robot_msgs/include/robot_msgs/robot_msgs/msg/detail/motor_command__builder.hpp
[4.803s] -- Symlinking: /home/y/works/ARM-Sim2sim-Isaaclab-to-Gazebo/install/robot_msgs/include/robot_msgs/robot_msgs/msg/detail/motor_command__struct.hpp
[4.812s] -- Symlinking: /home/y/works/ARM-Sim2sim-Isaaclab-to-Gazebo/install/robot_msgs/include/robot_msgs/robot_msgs/msg/detail/motor_command__traits.hpp
[4.819s] -- Symlinking: /home/y/works/ARM-Sim2sim-Isaaclab-to-Gazebo/install/robot_msgs/include/robot_msgs/robot_msgs/msg/detail/motor_command__type_support.hpp
[4.828s] -- Symlinking: /home/y/works/ARM-Sim2sim-Isaaclab-to-Gazebo/install/robot_msgs/include/robot_msgs/robot_msgs/msg/detail/motor_state__builder.hpp
[4.837s] -- Symlinking: /home/y/works/ARM-Sim2sim-Isaaclab-to-Gazebo/install/robot_msgs/include/robot_msgs/robot_msgs/msg/detail/motor_state__struct.hpp
[4.845s] -- Symlinking: /home/y/works/ARM-Sim2sim-Isaaclab-to-Gazebo/install/robot_msgs/include/robot_msgs/robot_msgs/msg/detail/motor_state__traits.hpp
[4.853s] -- Symlinking: /home/y/works/ARM-Sim2sim-Isaaclab-to-Gazebo/install/robot_msgs/include/robot_msgs/robot_msgs/msg/detail/motor_state__type_support.hpp
[4.862s] -- Symlinking: /home/y/works/ARM-Sim2sim-Isaaclab-to-Gazebo/install/robot_msgs/include/robot_msgs/robot_msgs/msg/detail/robot_command__builder.hpp
[4.871s] -- Symlinking: /home/y/works/ARM-Sim2sim-Isaaclab-to-Gazebo/install/robot_msgs/include/robot_msgs/robot_msgs/msg/detail/robot_command__struct.hpp
[4.879s] -- Symlinking: /home/y/works/ARM-Sim2sim-Isaaclab-to-Gazebo/install/robot_msgs/include/robot_msgs/robot_msgs/msg/detail/robot_command__traits.hpp
[4.887s] -- Symlinking: /home/y/works/ARM-Sim2sim-Isaaclab-to-Gazebo/install/robot_msgs/include/robot_msgs/robot_msgs/msg/detail/robot_command__type_support.hpp
[4.895s] -- Symlinking: /home/y/works/ARM-Sim2sim-Isaaclab-to-Gazebo/install/robot_msgs/include/robot_msgs/robot_msgs/msg/detail/robot_state__builder.hpp
[4.904s] -- Symlinking: /home/y/works/ARM-Sim2sim-Isaaclab-to-Gazebo/install/robot_msgs/include/robot_msgs/robot_msgs/msg/detail/robot_state__struct.hpp
[4.912s] -- Symlinking: /home/y/works/ARM-Sim2sim-Isaaclab-to-Gazebo/install/robot_msgs/include/robot_msgs/robot_msgs/msg/detail/robot_state__traits.hpp
[4.921s] -- Symlinking: /home/y/works/ARM-Sim2sim-Isaaclab-to-Gazebo/install/robot_msgs/include/robot_msgs/robot_msgs/msg/detail/robot_state__type_support.hpp
[4.930s] -- Symlinking: /home/y/works/ARM-Sim2sim-Isaaclab-to-Gazebo/install/robot_msgs/include/robot_msgs/robot_msgs/msg/imu.hpp
[4.938s] -- Symlinking: /home/y/works/ARM-Sim2sim-Isaaclab-to-Gazebo/install/robot_msgs/include/robot_msgs/robot_msgs/msg/motor_command.hpp
[4.947s] -- Symlinking: /home/y/works/ARM-Sim2sim-Isaaclab-to-Gazebo/install/robot_msgs/include/robot_msgs/robot_msgs/msg/motor_state.hpp
[4.955s] -- Symlinking: /home/y/works/ARM-Sim2sim-Isaaclab-to-Gazebo/install/robot_msgs/include/robot_msgs/robot_msgs/msg/robot_command.hpp
[4.967s] -- Symlinking: /home/y/works/ARM-Sim2sim-Isaaclab-to-Gazebo/install/robot_msgs/include/robot_msgs/robot_msgs/msg/robot_state.hpp
[4.977s] -- Symlinking: /home/y/works/ARM-Sim2sim-Isaaclab-to-Gazebo/install/robot_msgs/include/robot_msgs/robot_msgs/msg/rosidl_generator_cpp__visibility_control.hpp
[4.985s] -- Symlinking: /home/y/works/ARM-Sim2sim-Isaaclab-to-Gazebo/install/robot_msgs/include/robot_msgs/robot_msgs/msg/detail/arm_debug_status__rosidl_typesupport_fastrtps_cpp.hpp
[4.994s] -- Symlinking: /home/y/works/ARM-Sim2sim-Isaaclab-to-Gazebo/install/robot_msgs/include/robot_msgs/robot_msgs/msg/detail/imu__rosidl_typesupport_fastrtps_cpp.hpp
[5.001s] -- Symlinking: /home/y/works/ARM-Sim2sim-Isaaclab-to-Gazebo/install/robot_msgs/include/robot_msgs/robot_msgs/msg/detail/motor_command__rosidl_typesupport_fastrtps_cpp.hpp
[5.010s] -- Symlinking: /home/y/works/ARM-Sim2sim-Isaaclab-to-Gazebo/install/robot_msgs/include/robot_msgs/robot_msgs/msg/detail/motor_state__rosidl_typesupport_fastrtps_cpp.hpp
[5.021s] -- Symlinking: /home/y/works/ARM-Sim2sim-Isaaclab-to-Gazebo/install/robot_msgs/include/robot_msgs/robot_msgs/msg/detail/robot_command__rosidl_typesupport_fastrtps_cpp.hpp
[5.029s] -- Symlinking: /home/y/works/ARM-Sim2sim-Isaaclab-to-Gazebo/install/robot_msgs/include/robot_msgs/robot_msgs/msg/detail/robot_state__rosidl_typesupport_fastrtps_cpp.hpp
[5.038s] -- Symlinking: /home/y/works/ARM-Sim2sim-Isaaclab-to-Gazebo/install/robot_msgs/include/robot_msgs/robot_msgs/msg/rosidl_typesupport_fastrtps_cpp__visibility_control.h
[5.047s] -- Symlinking: /home/y/works/ARM-Sim2sim-Isaaclab-to-Gazebo/install/robot_msgs/include/robot_msgs/robot_msgs/msg/detail/arm_debug_status__rosidl_typesupport_introspection_cpp.hpp
[5.056s] -- Symlinking: /home/y/works/ARM-Sim2sim-Isaaclab-to-Gazebo/install/robot_msgs/include/robot_msgs/robot_msgs/msg/detail/imu__rosidl_typesupport_introspection_cpp.hpp
[5.063s] -- Symlinking: /home/y/works/ARM-Sim2sim-Isaaclab-to-Gazebo/install/robot_msgs/include/robot_msgs/robot_msgs/msg/detail/motor_command__rosidl_typesupport_introspection_cpp.hpp
[5.072s] -- Symlinking: /home/y/works/ARM-Sim2sim-Isaaclab-to-Gazebo/install/robot_msgs/include/robot_msgs/robot_msgs/msg/detail/motor_state__rosidl_typesupport_introspection_cpp.hpp
[5.081s] -- Symlinking: /home/y/works/ARM-Sim2sim-Isaaclab-to-Gazebo/install/robot_msgs/include/robot_msgs/robot_msgs/msg/detail/robot_command__rosidl_typesupport_introspection_cpp.hpp
[5.089s] -- Symlinking: /home/y/works/ARM-Sim2sim-Isaaclab-to-Gazebo/install/robot_msgs/include/robot_msgs/robot_msgs/msg/detail/robot_state__rosidl_typesupport_introspection_cpp.hpp
[5.097s] -- Symlinking: /home/y/works/ARM-Sim2sim-Isaaclab-to-Gazebo/install/robot_msgs/share/robot_msgs/environment/pythonpath.sh
[5.105s] -- Symlinking: /home/y/works/ARM-Sim2sim-Isaaclab-to-Gazebo/install/robot_msgs/share/robot_msgs/environment/pythonpath.dsv
[5.115s] -- Symlinking: /home/y/works/ARM-Sim2sim-Isaaclab-to-Gazebo/install/robot_msgs/local/lib/python3.10/dist-packages/robot_msgs-1.0.0-py3.10.egg-info/PKG-INFO
[5.123s] -- Symlinking: /home/y/works/ARM-Sim2sim-Isaaclab-to-Gazebo/install/robot_msgs/local/lib/python3.10/dist-packages/robot_msgs-1.0.0-py3.10.egg-info/SOURCES.txt
[5.131s] -- Symlinking: /home/y/works/ARM-Sim2sim-Isaaclab-to-Gazebo/install/robot_msgs/local/lib/python3.10/dist-packages/robot_msgs-1.0.0-py3.10.egg-info/dependency_links.txt
[5.138s] -- Symlinking: /home/y/works/ARM-Sim2sim-Isaaclab-to-Gazebo/install/robot_msgs/local/lib/python3.10/dist-packages/robot_msgs-1.0.0-py3.10.egg-info/top_level.txt
[5.148s] -- Symlinking: /home/y/works/ARM-Sim2sim-Isaaclab-to-Gazebo/install/robot_msgs/local/lib/python3.10/dist-packages/robot_msgs/__init__.py
[5.155s] -- Symlinking: /home/y/works/ARM-Sim2sim-Isaaclab-to-Gazebo/install/robot_msgs/local/lib/python3.10/dist-packages/robot_msgs/_robot_msgs_s.ep.rosidl_typesupport_c.c
[5.163s] -- Symlinking: /home/y/works/ARM-Sim2sim-Isaaclab-to-Gazebo/install/robot_msgs/local/lib/python3.10/dist-packages/robot_msgs/_robot_msgs_s.ep.rosidl_typesupport_fastrtps_c.c
[5.171s] -- Symlinking: /home/y/works/ARM-Sim2sim-Isaaclab-to-Gazebo/install/robot_msgs/local/lib/python3.10/dist-packages/robot_msgs/_robot_msgs_s.ep.rosidl_typesupport_introspection_c.c
[5.179s] -- Symlinking: /home/y/works/ARM-Sim2sim-Isaaclab-to-Gazebo/install/robot_msgs/local/lib/python3.10/dist-packages/robot_msgs/librobot_msgs__rosidl_generator_py.so
[5.187s] -- Symlinking: /home/y/works/ARM-Sim2sim-Isaaclab-to-Gazebo/install/robot_msgs/local/lib/python3.10/dist-packages/robot_msgs/msg/__init__.py
[5.195s] -- Symlinking: /home/y/works/ARM-Sim2sim-Isaaclab-to-Gazebo/install/robot_msgs/local/lib/python3.10/dist-packages/robot_msgs/msg/_arm_debug_status.py
[5.204s] -- Symlinking: /home/y/works/ARM-Sim2sim-Isaaclab-to-Gazebo/install/robot_msgs/local/lib/python3.10/dist-packages/robot_msgs/msg/_arm_debug_status_s.c
[5.212s] -- Symlinking: /home/y/works/ARM-Sim2sim-Isaaclab-to-Gazebo/install/robot_msgs/local/lib/python3.10/dist-packages/robot_msgs/msg/_imu.py
[5.222s] -- Symlinking: /home/y/works/ARM-Sim2sim-Isaaclab-to-Gazebo/install/robot_msgs/local/lib/python3.10/dist-packages/robot_msgs/msg/_imu_s.c
[5.231s] -- Symlinking: /home/y/works/ARM-Sim2sim-Isaaclab-to-Gazebo/install/robot_msgs/local/lib/python3.10/dist-packages/robot_msgs/msg/_motor_command.py
[5.239s] -- Symlinking: /home/y/works/ARM-Sim2sim-Isaaclab-to-Gazebo/install/robot_msgs/local/lib/python3.10/dist-packages/robot_msgs/msg/_motor_command_s.c
[5.247s] -- Symlinking: /home/y/works/ARM-Sim2sim-Isaaclab-to-Gazebo/install/robot_msgs/local/lib/python3.10/dist-packages/robot_msgs/msg/_motor_state.py
[5.256s] -- Symlinking: /home/y/works/ARM-Sim2sim-Isaaclab-to-Gazebo/install/robot_msgs/local/lib/python3.10/dist-packages/robot_msgs/msg/_motor_state_s.c
[5.264s] -- Symlinking: /home/y/works/ARM-Sim2sim-Isaaclab-to-Gazebo/install/robot_msgs/local/lib/python3.10/dist-packages/robot_msgs/msg/_robot_command.py
[5.273s] -- Symlinking: /home/y/works/ARM-Sim2sim-Isaaclab-to-Gazebo/install/robot_msgs/local/lib/python3.10/dist-packages/robot_msgs/msg/_robot_command_s.c
[5.281s] -- Symlinking: /home/y/works/ARM-Sim2sim-Isaaclab-to-Gazebo/install/robot_msgs/local/lib/python3.10/dist-packages/robot_msgs/msg/_robot_state.py
[5.291s] -- Symlinking: /home/y/works/ARM-Sim2sim-Isaaclab-to-Gazebo/install/robot_msgs/local/lib/python3.10/dist-packages/robot_msgs/msg/_robot_state_s.c
[5.299s] -- Symlinking: /home/y/works/ARM-Sim2sim-Isaaclab-to-Gazebo/install/robot_msgs/local/lib/python3.10/dist-packages/robot_msgs/robot_msgs_s__rosidl_typesupport_c.cpython-310-x86_64-linux-gnu.so
[5.309s] -- Symlinking: /home/y/works/ARM-Sim2sim-Isaaclab-to-Gazebo/install/robot_msgs/local/lib/python3.10/dist-packages/robot_msgs/robot_msgs_s__rosidl_typesupport_fastrtps_c.cpython-310-x86_64-linux-gnu.so
[5.316s] -- Symlinking: /home/y/works/ARM-Sim2sim-Isaaclab-to-Gazebo/install/robot_msgs/local/lib/python3.10/dist-packages/robot_msgs/robot_msgs_s__rosidl_typesupport_introspection_c.cpython-310-x86_64-linux-gnu.so
[5.325s] -- Up-to-date symlink: /home/y/works/ARM-Sim2sim-Isaaclab-to-Gazebo/install/robot_msgs/local/lib/python3.10/dist-packages/robot_msgs/robot_msgs_s__rosidl_typesupport_fastrtps_c.cpython-310-x86_64-linux-gnu.so
[5.326s] -- Up-to-date symlink: /home/y/works/ARM-Sim2sim-Isaaclab-to-Gazebo/install/robot_msgs/local/lib/python3.10/dist-packages/robot_msgs/robot_msgs_s__rosidl_typesupport_introspection_c.cpython-310-x86_64-linux-gnu.so
[5.326s] -- Up-to-date symlink: /home/y/works/ARM-Sim2sim-Isaaclab-to-Gazebo/install/robot_msgs/local/lib/python3.10/dist-packages/robot_msgs/robot_msgs_s__rosidl_typesupport_c.cpython-310-x86_64-linux-gnu.so
[5.326s] -- Symlinking: /home/y/works/ARM-Sim2sim-Isaaclab-to-Gazebo/install/robot_msgs/share/robot_msgs/msg/MotorCommand.idl
[5.334s] -- Symlinking: /home/y/works/ARM-Sim2sim-Isaaclab-to-Gazebo/install/robot_msgs/share/robot_msgs/msg/MotorState.idl
[5.343s] -- Symlinking: /home/y/works/ARM-Sim2sim-Isaaclab-to-Gazebo/install/robot_msgs/share/robot_msgs/msg/RobotCommand.idl
[5.352s] -- Symlinking: /home/y/works/ARM-Sim2sim-Isaaclab-to-Gazebo/install/robot_msgs/share/robot_msgs/msg/RobotState.idl
[5.361s] -- Symlinking: /home/y/works/ARM-Sim2sim-Isaaclab-to-Gazebo/install/robot_msgs/share/robot_msgs/msg/IMU.idl
[5.370s] -- Symlinking: /home/y/works/ARM-Sim2sim-Isaaclab-to-Gazebo/install/robot_msgs/share/robot_msgs/msg/ArmDebugStatus.idl
[5.380s] -- Symlinking: /home/y/works/ARM-Sim2sim-Isaaclab-to-Gazebo/install/robot_msgs/share/robot_msgs/msg/MotorCommand.msg
[5.388s] -- Symlinking: /home/y/works/ARM-Sim2sim-Isaaclab-to-Gazebo/install/robot_msgs/share/robot_msgs/msg/MotorState.msg
[5.399s] -- Symlinking: /home/y/works/ARM-Sim2sim-Isaaclab-to-Gazebo/install/robot_msgs/share/robot_msgs/msg/RobotCommand.msg
[5.408s] -- Symlinking: /home/y/works/ARM-Sim2sim-Isaaclab-to-Gazebo/install/robot_msgs/share/robot_msgs/msg/RobotState.msg
[5.417s] -- Symlinking: /home/y/works/ARM-Sim2sim-Isaaclab-to-Gazebo/install/robot_msgs/share/robot_msgs/msg/IMU.msg
[5.426s] -- Symlinking: /home/y/works/ARM-Sim2sim-Isaaclab-to-Gazebo/install/robot_msgs/share/robot_msgs/msg/ArmDebugStatus.msg
[5.434s] -- Symlinking: /home/y/works/ARM-Sim2sim-Isaaclab-to-Gazebo/install/robot_msgs/share/ament_index/resource_index/package_run_dependencies/robot_msgs
[5.444s] -- Symlinking: /home/y/works/ARM-Sim2sim-Isaaclab-to-Gazebo/install/robot_msgs/share/ament_index/resource_index/parent_prefix_path/robot_msgs
[5.452s] -- Symlinking: /home/y/works/ARM-Sim2sim-Isaaclab-to-Gazebo/install/robot_msgs/share/robot_msgs/environment/ament_prefix_path.sh
[5.461s] -- Symlinking: /home/y/works/ARM-Sim2sim-Isaaclab-to-Gazebo/install/robot_msgs/share/robot_msgs/environment/ament_prefix_path.dsv
[5.468s] -- Symlinking: /home/y/works/ARM-Sim2sim-Isaaclab-to-Gazebo/install/robot_msgs/share/robot_msgs/environment/path.sh
[5.477s] -- Symlinking: /home/y/works/ARM-Sim2sim-Isaaclab-to-Gazebo/install/robot_msgs/share/robot_msgs/environment/path.dsv
[5.485s] -- Symlinking: /home/y/works/ARM-Sim2sim-Isaaclab-to-Gazebo/install/robot_msgs/share/robot_msgs/local_setup.bash
[5.495s] -- Symlinking: /home/y/works/ARM-Sim2sim-Isaaclab-to-Gazebo/install/robot_msgs/share/robot_msgs/local_setup.sh
[5.504s] -- Symlinking: /home/y/works/ARM-Sim2sim-Isaaclab-to-Gazebo/install/robot_msgs/share/robot_msgs/local_setup.zsh
[5.513s] -- Symlinking: /home/y/works/ARM-Sim2sim-Isaaclab-to-Gazebo/install/robot_msgs/share/robot_msgs/local_setup.dsv
[5.521s] -- Symlinking: /home/y/works/ARM-Sim2sim-Isaaclab-to-Gazebo/install/robot_msgs/share/robot_msgs/package.dsv
[5.531s] -- Symlinking: /home/y/works/ARM-Sim2sim-Isaaclab-to-Gazebo/install/robot_msgs/share/ament_index/resource_index/packages/robot_msgs
[5.540s] -- Symlinking: /home/y/works/ARM-Sim2sim-Isaaclab-to-Gazebo/install/robot_msgs/share/robot_msgs/cmake/rosidl_cmake-extras.cmake
[5.549s] -- Symlinking: /home/y/works/ARM-Sim2sim-Isaaclab-to-Gazebo/install/robot_msgs/share/robot_msgs/cmake/ament_cmake_export_dependencies-extras.cmake
[5.557s] -- Symlinking: /home/y/works/ARM-Sim2sim-Isaaclab-to-Gazebo/install/robot_msgs/share/robot_msgs/cmake/ament_cmake_export_include_directories-extras.cmake
[5.565s] -- Symlinking: /home/y/works/ARM-Sim2sim-Isaaclab-to-Gazebo/install/robot_msgs/share/robot_msgs/cmake/ament_cmake_export_libraries-extras.cmake
[5.572s] -- Symlinking: /home/y/works/ARM-Sim2sim-Isaaclab-to-Gazebo/install/robot_msgs/share/robot_msgs/cmake/ament_cmake_export_targets-extras.cmake
[5.580s] -- Symlinking: /home/y/works/ARM-Sim2sim-Isaaclab-to-Gazebo/install/robot_msgs/share/robot_msgs/cmake/rosidl_cmake_export_typesupport_targets-extras.cmake
[5.588s] -- Symlinking: /home/y/works/ARM-Sim2sim-Isaaclab-to-Gazebo/install/robot_msgs/share/robot_msgs/cmake/rosidl_cmake_export_typesupport_libraries-extras.cmake
[5.596s] -- Symlinking: /home/y/works/ARM-Sim2sim-Isaaclab-to-Gazebo/install/robot_msgs/share/robot_msgs/cmake/robot_msgsConfig.cmake
[5.604s] -- Symlinking: /home/y/works/ARM-Sim2sim-Isaaclab-to-Gazebo/install/robot_msgs/share/robot_msgs/cmake/robot_msgsConfig-version.cmake
[5.612s] -- Symlinking: /home/y/works/ARM-Sim2sim-Isaaclab-to-Gazebo/install/robot_msgs/share/robot_msgs/package.xml
[5.620s] -- Installing: /home/y/works/ARM-Sim2sim-Isaaclab-to-Gazebo/install/robot_msgs/lib/librobot_msgs__rosidl_generator_c.so
[5.621s] -- Set runtime path of "/home/y/works/ARM-Sim2sim-Isaaclab-to-Gazebo/install/robot_msgs/lib/librobot_msgs__rosidl_generator_c.so" to ""
[5.621s] -- Installing: /home/y/works/ARM-Sim2sim-Isaaclab-to-Gazebo/install/robot_msgs/lib/librobot_msgs__rosidl_typesupport_fastrtps_c.so
[5.621s] -- Set runtime path of "/home/y/works/ARM-Sim2sim-Isaaclab-to-Gazebo/install/robot_msgs/lib/librobot_msgs__rosidl_typesupport_fastrtps_c.so" to ""
[5.621s] -- Installing: /home/y/works/ARM-Sim2sim-Isaaclab-to-Gazebo/install/robot_msgs/lib/librobot_msgs__rosidl_typesupport_introspection_c.so
[5.621s] -- Set runtime path of "/home/y/works/ARM-Sim2sim-Isaaclab-to-Gazebo/install/robot_msgs/lib/librobot_msgs__rosidl_typesupport_introspection_c.so" to ""
[5.622s] -- Installing: /home/y/works/ARM-Sim2sim-Isaaclab-to-Gazebo/install/robot_msgs/lib/librobot_msgs__rosidl_typesupport_c.so
[5.622s] -- Set runtime path of "/home/y/works/ARM-Sim2sim-Isaaclab-to-Gazebo/install/robot_msgs/lib/librobot_msgs__rosidl_typesupport_c.so" to ""
[5.622s] -- Installing: /home/y/works/ARM-Sim2sim-Isaaclab-to-Gazebo/install/robot_msgs/lib/librobot_msgs__rosidl_typesupport_fastrtps_cpp.so
[5.622s] -- Set runtime path of "/home/y/works/ARM-Sim2sim-Isaaclab-to-Gazebo/install/robot_msgs/lib/librobot_msgs__rosidl_typesupport_fastrtps_cpp.so" to ""
[5.622s] -- Installing: /home/y/works/ARM-Sim2sim-Isaaclab-to-Gazebo/install/robot_msgs/lib/librobot_msgs__rosidl_typesupport_introspection_cpp.so
[5.623s] -- Set runtime path of "/home/y/works/ARM-Sim2sim-Isaaclab-to-Gazebo/install/robot_msgs/lib/librobot_msgs__rosidl_typesupport_introspection_cpp.so" to ""
[5.623s] -- Installing: /home/y/works/ARM-Sim2sim-Isaaclab-to-Gazebo/install/robot_msgs/lib/librobot_msgs__rosidl_typesupport_cpp.so
[5.623s] -- Set runtime path of "/home/y/works/ARM-Sim2sim-Isaaclab-to-Gazebo/install/robot_msgs/lib/librobot_msgs__rosidl_typesupport_cpp.so" to ""
[5.650s] Listing '/home/y/works/ARM-Sim2sim-Isaaclab-to-Gazebo/install/robot_msgs/local/lib/python3.10/dist-packages/robot_msgs'...
[5.650s] Compiling '/home/y/works/ARM-Sim2sim-Isaaclab-to-Gazebo/install/robot_msgs/local/lib/python3.10/dist-packages/robot_msgs/__init__.py'...
[5.650s] Listing '/home/y/works/ARM-Sim2sim-Isaaclab-to-Gazebo/install/robot_msgs/local/lib/python3.10/dist-packages/robot_msgs/msg'...
[5.651s] Compiling '/home/y/works/ARM-Sim2sim-Isaaclab-to-Gazebo/install/robot_msgs/local/lib/python3.10/dist-packages/robot_msgs/msg/__init__.py'...
[5.651s] Compiling '/home/y/works/ARM-Sim2sim-Isaaclab-to-Gazebo/install/robot_msgs/local/lib/python3.10/dist-packages/robot_msgs/msg/_arm_debug_status.py'...
[5.651s] Compiling '/home/y/works/ARM-Sim2sim-Isaaclab-to-Gazebo/install/robot_msgs/local/lib/python3.10/dist-packages/robot_msgs/msg/_imu.py'...
[5.651s] Compiling '/home/y/works/ARM-Sim2sim-Isaaclab-to-Gazebo/install/robot_msgs/local/lib/python3.10/dist-packages/robot_msgs/msg/_motor_command.py'...
[5.651s] Compiling '/home/y/works/ARM-Sim2sim-Isaaclab-to-Gazebo/install/robot_msgs/local/lib/python3.10/dist-packages/robot_msgs/msg/_motor_state.py'...
[5.651s] Compiling '/home/y/works/ARM-Sim2sim-Isaaclab-to-Gazebo/install/robot_msgs/local/lib/python3.10/dist-packages/robot_msgs/msg/_robot_command.py'...
[5.651s] Compiling '/home/y/works/ARM-Sim2sim-Isaaclab-to-Gazebo/install/robot_msgs/local/lib/python3.10/dist-packages/robot_msgs/msg/_robot_state.py'...
[5.653s] -- Installing: /home/y/works/ARM-Sim2sim-Isaaclab-to-Gazebo/install/robot_msgs/lib/librobot_msgs__rosidl_generator_py.so
[5.653s] -- Set runtime path of "/home/y/works/ARM-Sim2sim-Isaaclab-to-Gazebo/install/robot_msgs/lib/librobot_msgs__rosidl_generator_py.so" to ""
[5.653s] -- Installing: /home/y/works/ARM-Sim2sim-Isaaclab-to-Gazebo/install/robot_msgs/share/robot_msgs/cmake/export_robot_msgs__rosidl_generator_cExport.cmake
[5.654s] -- Installing: /home/y/works/ARM-Sim2sim-Isaaclab-to-Gazebo/install/robot_msgs/share/robot_msgs/cmake/export_robot_msgs__rosidl_generator_cExport-noconfig.cmake
[5.654s] -- Installing: /home/y/works/ARM-Sim2sim-Isaaclab-to-Gazebo/install/robot_msgs/share/robot_msgs/cmake/export_robot_msgs__rosidl_typesupport_fastrtps_cExport.cmake
[5.654s] -- Installing: /home/y/works/ARM-Sim2sim-Isaaclab-to-Gazebo/install/robot_msgs/share/robot_msgs/cmake/export_robot_msgs__rosidl_typesupport_fastrtps_cExport-noconfig.cmake
[5.654s] -- Installing: /home/y/works/ARM-Sim2sim-Isaaclab-to-Gazebo/install/robot_msgs/share/robot_msgs/cmake/robot_msgs__rosidl_typesupport_introspection_cExport.cmake
[5.654s] -- Installing: /home/y/works/ARM-Sim2sim-Isaaclab-to-Gazebo/install/robot_msgs/share/robot_msgs/cmake/robot_msgs__rosidl_typesupport_introspection_cExport-noconfig.cmake
[5.655s] -- Installing: /home/y/works/ARM-Sim2sim-Isaaclab-to-Gazebo/install/robot_msgs/share/robot_msgs/cmake/robot_msgs__rosidl_typesupport_cExport.cmake
[5.655s] -- Installing: /home/y/works/ARM-Sim2sim-Isaaclab-to-Gazebo/install/robot_msgs/share/robot_msgs/cmake/robot_msgs__rosidl_typesupport_cExport-noconfig.cmake
[5.655s] -- Installing: /home/y/works/ARM-Sim2sim-Isaaclab-to-Gazebo/install/robot_msgs/share/robot_msgs/cmake/export_robot_msgs__rosidl_generator_cppExport.cmake
[5.655s] -- Installing: /home/y/works/ARM-Sim2sim-Isaaclab-to-Gazebo/install/robot_msgs/share/robot_msgs/cmake/export_robot_msgs__rosidl_typesupport_fastrtps_cppExport.cmake
[5.655s] -- Installing: /home/y/works/ARM-Sim2sim-Isaaclab-to-Gazebo/install/robot_msgs/share/robot_msgs/cmake/export_robot_msgs__rosidl_typesupport_fastrtps_cppExport-noconfig.cmake
[5.655s] -- Installing: /home/y/works/ARM-Sim2sim-Isaaclab-to-Gazebo/install/robot_msgs/share/robot_msgs/cmake/robot_msgs__rosidl_typesupport_introspection_cppExport.cmake
[5.655s] -- Installing: /home/y/works/ARM-Sim2sim-Isaaclab-to-Gazebo/install/robot_msgs/share/robot_msgs/cmake/robot_msgs__rosidl_typesupport_introspection_cppExport-noconfig.cmake
[5.655s] -- Installing: /home/y/works/ARM-Sim2sim-Isaaclab-to-Gazebo/install/robot_msgs/share/robot_msgs/cmake/robot_msgs__rosidl_typesupport_cppExport.cmake
[5.655s] -- Installing: /home/y/works/ARM-Sim2sim-Isaaclab-to-Gazebo/install/robot_msgs/share/robot_msgs/cmake/robot_msgs__rosidl_typesupport_cppExport-noconfig.cmake
[5.655s] -- Installing: /home/y/works/ARM-Sim2sim-Isaaclab-to-Gazebo/install/robot_msgs/share/robot_msgs/cmake/export_robot_msgs__rosidl_generator_pyExport.cmake
[5.656s] -- Installing: /home/y/works/ARM-Sim2sim-Isaaclab-to-Gazebo/install/robot_msgs/share/robot_msgs/cmake/export_robot_msgs__rosidl_generator_pyExport-noconfig.cmake
[5.658s] Invoked command in '/home/y/works/ARM-Sim2sim-Isaaclab-to-Gazebo/build/robot_msgs' returned '0': CMAKE_PREFIX_PATH=${CMAKE_PREFIX_PATH}:/opt/ros/humble /usr/bin/cmake --install /home/y/works/ARM-Sim2sim-Isaaclab-to-Gazebo/build/robot_msgs
