In file included from [01m[K/home/y/works/ARM-Sim2sim-Isaaclab-to-Gazebo/src/robot_joint_controller/include/robot_joint_controller/robot_joint_controller_group.hpp:13[m[K,
                 from [01m[K/home/y/works/ARM-Sim2sim-Isaaclab-to-Gazebo/src/robot_joint_controller/src/robot_joint_controller_group.cpp:1[m[K:
[01m[K/opt/ros/humble/include/realtime_tools/realtime_tools/realtime_buffer.h:22:100:[m[K [01;36m[Knote: [m[K‘[01m[K#pragma message: This header include is deprecated. Please update your code to use 'realtime_buffer.hpp' header.[m[K’
   22 |   "This header include is deprecated. Please update your code to use 'realtime_buffer.hpp' header."[01;36m[K)[m[K  //NOLINT
      |                                                                                                    [01;36m[K^[m[K
In file included from [01m[K/home/y/works/ARM-Sim2sim-Isaaclab-to-Gazebo/src/robot_joint_controller/include/robot_joint_controller/robot_joint_controller_group.hpp:14[m[K,
                 from [01m[K/home/y/works/ARM-Sim2sim-Isaaclab-to-Gazebo/src/robot_joint_controller/src/robot_joint_controller_group.cpp:1[m[K:
[01m[K/opt/ros/humble/include/realtime_tools/realtime_tools/realtime_publisher.h:22:103:[m[K [01;36m[Knote: [m[K‘[01m[K#pragma message: This header include is deprecated. Please update your code to use 'realtime_publisher.hpp' header.[m[K’
   22 |   "This header include is deprecated. Please update your code to use 'realtime_publisher.hpp' header."[01;36m[K)[m[K  //NOLINT
      |                                                                                                       [01;36m[K^[m[K
In file included from [01m[K/home/y/works/ARM-Sim2sim-Isaaclab-to-Gazebo/src/robot_joint_controller/include/robot_joint_controller/robot_joint_controller.hpp:13[m[K,
                 from [01m[K/home/y/works/ARM-Sim2sim-Isaaclab-to-Gazebo/src/robot_joint_controller/src/robot_joint_controller.cpp:1[m[K:
[01m[K/opt/ros/humble/include/realtime_tools/realtime_tools/realtime_buffer.h:22:100:[m[K [01;36m[Knote: [m[K‘[01m[K#pragma message: This header include is deprecated. Please update your code to use 'realtime_buffer.hpp' header.[m[K’
   22 | er include is deprecated. Please update your code to use 'realtime_buffer.hpp' header."[01;36m[K)[m[K  //NOLINT
      |                                                                                        [01;36m[K^[m[K

In file included from [01m[K/home/y/works/ARM-Sim2sim-Isaaclab-to-Gazebo/src/robot_joint_controller/include/robot_joint_controller/robot_joint_controller.hpp:14[m[K,
                 from [01m[K/home/y/works/ARM-Sim2sim-Isaaclab-to-Gazebo/src/robot_joint_controller/src/robot_joint_controller.cpp:1[m[K:
[01m[K/opt/ros/humble/include/realtime_tools/realtime_tools/realtime_publisher.h:22:103:[m[K [01;36m[Knote: [m[K‘[01m[K#pragma message: This header include is deprecated. Please update your code to use 'realtime_publisher.hpp' header.[m[K’
   22 | include is deprecated. Please update your code to use 'realtime_publisher.hpp' header."[01;36m[K)[m[K  //NOLINT
      |                                                                                        [01;36m[K^[m[K

