-- The C compiler identification is GNU 11.4.0
-- The CXX compiler identification is GNU 11.4.0
-- Detecting C compiler ABI info
-- Detecting C compiler ABI info - done
-- Check for working C compiler: /usr/bin/cc - skipped
-- Detecting C compile features
-- Detecting C compile features - done
-- Detecting CXX compiler ABI info
-- Detecting CXX compiler ABI info - done
-- Check for working CXX compiler: /usr/bin/c++ - skipped
-- Detecting CXX compile features
-- Detecting CXX compile features - done
-- Found ament_cmake: 1.3.12 (/opt/ros/humble/share/ament_cmake/cmake)
-- Found Python3: /usr/bin/python3 (found version "3.10.12") found components: Interpreter 
-- Found controller_interface: 2.52.0 (/opt/ros/humble/share/controller_interface/cmake)
-- Found rosidl_generator_c: 3.1.7 (/opt/ros/humble/share/rosidl_generator_c/cmake)
-- Found rosidl_adapter: 3.1.7 (/opt/ros/humble/share/rosidl_adapter/cmake)
-- Found rosidl_generator_cpp: 3.1.7 (/opt/ros/humble/share/rosidl_generator_cpp/cmake)
-- Using all available rosidl_typesupport_c: rosidl_typesupport_fastrtps_c;rosidl_typesupport_introspection_c
-- Using all available rosidl_typesupport_cpp: rosidl_typesupport_fastrtps_cpp;rosidl_typesupport_introspection_cpp
-- Found rmw_implementation_cmake: 6.1.2 (/opt/ros/humble/share/rmw_implementation_cmake/cmake)
-- Found rmw_fastrtps_cpp: 6.2.8 (/opt/ros/humble/share/rmw_fastrtps_cpp/cmake)
-- Found TinyXML2 via Config file: TinyXML2_DIR-NOTFOUND
-- Found OpenSSL: /usr/lib/x86_64-linux-gnu/libcrypto.so (found version "3.0.2")  
-- Found TinyXML2 via Config file: TinyXML2_DIR-NOTFOUND
-- Found FastRTPS: /opt/ros/humble/include  
-- Found TinyXML2 via Config file: TinyXML2_DIR-NOTFOUND
-- Found TinyXML2 via Config file: TinyXML2_DIR-NOTFOUND
-- Using RMW implementation 'rmw_fastrtps_cpp' as default
-- Looking for pthread.h
-- Looking for pthread.h - found
-- Performing Test CMAKE_HAVE_LIBC_PTHREAD
-- Performing Test CMAKE_HAVE_LIBC_PTHREAD - Success
-- Found Threads: TRUE  
-- Found realtime_tools: 2.14.0 (/opt/ros/humble/share/realtime_tools/cmake)
-- Found robot_msgs: 1.0.0 (/home/y/works/ARM-Sim2sim-Isaaclab-to-Gazebo/install/robot_msgs/share/robot_msgs/cmake)
-- Found urdf: 2.6.1 (/opt/ros/humble/share/urdf/cmake)
-- Configuring done
-- Generating done
-- Build files have been written to: /home/y/works/ARM-Sim2sim-Isaaclab-to-Gazebo/build/robot_joint_controller
[ 50%] [32mBuilding CXX object CMakeFiles/robot_joint_controller.dir/src/robot_joint_controller.cpp.o[0m
[ 50%] [32mBuilding CXX object CMakeFiles/robot_joint_controller_group.dir/src/robot_joint_controller_group.cpp.o[0m
[ 75%] [32m[1mLinking CXX shared library librobot_joint_controller.so[0m
[100%] [32m[1mLinking CXX shared library librobot_joint_controller_group.so[0m
[100%] Built target robot_joint_controller
[100%] Built target robot_joint_controller_group
-- Install configuration: ""
-- Installing: /home/y/works/ARM-Sim2sim-Isaaclab-to-Gazebo/install/robot_joint_controller/share/robot_joint_controller/robot_joint_controller_plugins.xml
-- Installing: /home/y/works/ARM-Sim2sim-Isaaclab-to-Gazebo/install/robot_joint_controller/lib/librobot_joint_controller.so
-- Set runtime path of "/home/y/works/ARM-Sim2sim-Isaaclab-to-Gazebo/install/robot_joint_controller/lib/librobot_joint_controller.so" to ""
-- Installing: /home/y/works/ARM-Sim2sim-Isaaclab-to-Gazebo/install/robot_joint_controller/lib/librobot_joint_controller_group.so
-- Set runtime path of "/home/y/works/ARM-Sim2sim-Isaaclab-to-Gazebo/install/robot_joint_controller/lib/librobot_joint_controller_group.so" to ""
-- Installing: /home/y/works/ARM-Sim2sim-Isaaclab-to-Gazebo/install/robot_joint_controller/include
-- Installing: /home/y/works/ARM-Sim2sim-Isaaclab-to-Gazebo/install/robot_joint_controller/include/robot_joint_controller
-- Installing: /home/y/works/ARM-Sim2sim-Isaaclab-to-Gazebo/install/robot_joint_controller/include/robot_joint_controller/robot_joint_controller.hpp
-- Installing: /home/y/works/ARM-Sim2sim-Isaaclab-to-Gazebo/install/robot_joint_controller/include/robot_joint_controller/robot_joint_controller_group.hpp
-- Installing: /home/y/works/ARM-Sim2sim-Isaaclab-to-Gazebo/install/robot_joint_controller/share/robot_joint_controller/environment/library_path.sh
-- Installing: /home/y/works/ARM-Sim2sim-Isaaclab-to-Gazebo/install/robot_joint_controller/share/robot_joint_controller/environment/library_path.dsv
-- Installing: /home/y/works/ARM-Sim2sim-Isaaclab-to-Gazebo/install/robot_joint_controller/share/ament_index/resource_index/package_run_dependencies/robot_joint_controller
-- Installing: /home/y/works/ARM-Sim2sim-Isaaclab-to-Gazebo/install/robot_joint_controller/share/ament_index/resource_index/parent_prefix_path/robot_joint_controller
-- Installing: /home/y/works/ARM-Sim2sim-Isaaclab-to-Gazebo/install/robot_joint_controller/share/robot_joint_controller/environment/ament_prefix_path.sh
-- Installing: /home/y/works/ARM-Sim2sim-Isaaclab-to-Gazebo/install/robot_joint_controller/share/robot_joint_controller/environment/ament_prefix_path.dsv
-- Installing: /home/y/works/ARM-Sim2sim-Isaaclab-to-Gazebo/install/robot_joint_controller/share/robot_joint_controller/environment/path.sh
-- Installing: /home/y/works/ARM-Sim2sim-Isaaclab-to-Gazebo/install/robot_joint_controller/share/robot_joint_controller/environment/path.dsv
-- Installing: /home/y/works/ARM-Sim2sim-Isaaclab-to-Gazebo/install/robot_joint_controller/share/robot_joint_controller/local_setup.bash
-- Installing: /home/y/works/ARM-Sim2sim-Isaaclab-to-Gazebo/install/robot_joint_controller/share/robot_joint_controller/local_setup.sh
-- Installing: /home/y/works/ARM-Sim2sim-Isaaclab-to-Gazebo/install/robot_joint_controller/share/robot_joint_controller/local_setup.zsh
-- Installing: /home/y/works/ARM-Sim2sim-Isaaclab-to-Gazebo/install/robot_joint_controller/share/robot_joint_controller/local_setup.dsv
-- Installing: /home/y/works/ARM-Sim2sim-Isaaclab-to-Gazebo/install/robot_joint_controller/share/robot_joint_controller/package.dsv
-- Installing: /home/y/works/ARM-Sim2sim-Isaaclab-to-Gazebo/install/robot_joint_controller/share/ament_index/resource_index/packages/robot_joint_controller
-- Installing: /home/y/works/ARM-Sim2sim-Isaaclab-to-Gazebo/install/robot_joint_controller/share/ament_index/resource_index/controller_interface__pluginlib__plugin/robot_joint_controller
-- Installing: /home/y/works/ARM-Sim2sim-Isaaclab-to-Gazebo/install/robot_joint_controller/share/robot_joint_controller/cmake/ament_cmake_export_include_directories-extras.cmake
-- Installing: /home/y/works/ARM-Sim2sim-Isaaclab-to-Gazebo/install/robot_joint_controller/share/robot_joint_controller/cmake/ament_cmake_export_libraries-extras.cmake
-- Installing: /home/y/works/ARM-Sim2sim-Isaaclab-to-Gazebo/install/robot_joint_controller/share/robot_joint_controller/cmake/ament_cmake_export_dependencies-extras.cmake
-- Installing: /home/y/works/ARM-Sim2sim-Isaaclab-to-Gazebo/install/robot_joint_controller/share/robot_joint_controller/cmake/robot_joint_controllerConfig.cmake
-- Installing: /home/y/works/ARM-Sim2sim-Isaaclab-to-Gazebo/install/robot_joint_controller/share/robot_joint_controller/cmake/robot_joint_controllerConfig-version.cmake
-- Installing: /home/y/works/ARM-Sim2sim-Isaaclab-to-Gazebo/install/robot_joint_controller/share/robot_joint_controller/package.xml
