[0.007s] Invoking command in '/home/y/works/ARM-Sim2sim-Isaaclab-to-Gazebo/build/robot_joint_controller': AMENT_PREFIX_PATH=/home/y/works/ARM-Sim2sim-Isaaclab-to-Gazebo/install/robot_msgs:${AMENT_PREFIX_PATH} CMAKE_PREFIX_PATH=/home/y/works/ARM-Sim2sim-Isaaclab-to-Gazebo/install/robot_msgs:/opt/ros/humble LD_LIBRARY_PATH=/home/y/works/ARM-Sim2sim-Isaaclab-to-Gazebo/install/robot_msgs/lib:/usr/local/cuda-12.4/lib64:/usr/lib/x86_64-linux-gnu/gazebo-11/plugins:/opt/ros/humble/opt/rviz_ogre_vendor/lib:/opt/ros/humble/lib/x86_64-linux-gnu:/opt/ros/humble/lib:/usr/local/cuda-12.4/lib64:/usr/share/gazebo/../../lib/x86_64-linux-gnu/gazebo-11/plugins:/usr/share/gazebo/../../lib/x86_64-linux-gnu/gazebo-11/plugins:/usr/share/gazebo/../../lib/x86_64-linux-gnu/gazebo-11/plugins PYTHONPATH=/home/y/works/ARM-Sim2sim-Isaaclab-to-Gazebo/install/robot_msgs/local/lib/python3.10/dist-packages:${PYTHONPATH} /usr/bin/cmake /home/y/works/ARM-Sim2sim-Isaaclab-to-Gazebo/src/robot_joint_controller -DCMAKE_INSTALL_PREFIX=/home/y/works/ARM-Sim2sim-Isaaclab-to-Gazebo/install/robot_joint_controller
[0.051s] -- The C compiler identification is GNU 11.4.0
[0.091s] -- The CXX compiler identification is GNU 11.4.0
[0.096s] -- Detecting C compiler ABI info
[0.152s] -- Detecting C compiler ABI info - done
[0.156s] -- Check for working C compiler: /usr/bin/cc - skipped
[0.156s] -- Detecting C compile features
[0.156s] -- Detecting C compile features - done
[0.158s] -- Detecting CXX compiler ABI info
[0.224s] -- Detecting CXX compiler ABI info - done
[0.228s] -- Check for working CXX compiler: /usr/bin/c++ - skipped
[0.228s] -- Detecting CXX compile features
[0.228s] -- Detecting CXX compile features - done
[0.230s] -- Found ament_cmake: 1.3.12 (/opt/ros/humble/share/ament_cmake/cmake)
[0.335s] -- Found Python3: /usr/bin/python3 (found version "3.10.12") found components: Interpreter 
[0.395s] -- Found controller_interface: 2.52.0 (/opt/ros/humble/share/controller_interface/cmake)
[0.422s] -- Found rosidl_generator_c: 3.1.7 (/opt/ros/humble/share/rosidl_generator_c/cmake)
[0.426s] -- Found rosidl_adapter: 3.1.7 (/opt/ros/humble/share/rosidl_adapter/cmake)
[0.431s] -- Found rosidl_generator_cpp: 3.1.7 (/opt/ros/humble/share/rosidl_generator_cpp/cmake)
[0.439s] -- Using all available rosidl_typesupport_c: rosidl_typesupport_fastrtps_c;rosidl_typesupport_introspection_c
[0.449s] -- Using all available rosidl_typesupport_cpp: rosidl_typesupport_fastrtps_cpp;rosidl_typesupport_introspection_cpp
[0.579s] -- Found rmw_implementation_cmake: 6.1.2 (/opt/ros/humble/share/rmw_implementation_cmake/cmake)
[0.581s] -- Found rmw_fastrtps_cpp: 6.2.8 (/opt/ros/humble/share/rmw_fastrtps_cpp/cmake)
[0.597s] -- Found TinyXML2 via Config file: TinyXML2_DIR-NOTFOUND
[0.651s] -- Found OpenSSL: /usr/lib/x86_64-linux-gnu/libcrypto.so (found version "3.0.2")  
[0.652s] -- Found TinyXML2 via Config file: TinyXML2_DIR-NOTFOUND
[0.662s] -- Found FastRTPS: /opt/ros/humble/include  
[0.663s] -- Found TinyXML2 via Config file: TinyXML2_DIR-NOTFOUND
[0.670s] -- Found TinyXML2 via Config file: TinyXML2_DIR-NOTFOUND
[0.680s] -- Using RMW implementation 'rmw_fastrtps_cpp' as default
[0.687s] -- Looking for pthread.h
[0.757s] -- Looking for pthread.h - found
[0.758s] -- Performing Test CMAKE_HAVE_LIBC_PTHREAD
[0.817s] -- Performing Test CMAKE_HAVE_LIBC_PTHREAD - Success
[0.818s] -- Found Threads: TRUE  
[0.846s] -- Found realtime_tools: 2.14.0 (/opt/ros/humble/share/realtime_tools/cmake)
[0.854s] -- Found robot_msgs: 1.0.0 (/home/y/works/ARM-Sim2sim-Isaaclab-to-Gazebo/install/robot_msgs/share/robot_msgs/cmake)
[0.862s] -- Found urdf: 2.6.1 (/opt/ros/humble/share/urdf/cmake)
[0.916s] -- Configuring done
[0.929s] -- Generating done
[0.934s] -- Build files have been written to: /home/y/works/ARM-Sim2sim-Isaaclab-to-Gazebo/build/robot_joint_controller
[0.942s] Invoked command in '/home/y/works/ARM-Sim2sim-Isaaclab-to-Gazebo/build/robot_joint_controller' returned '0': AMENT_PREFIX_PATH=/home/y/works/ARM-Sim2sim-Isaaclab-to-Gazebo/install/robot_msgs:${AMENT_PREFIX_PATH} CMAKE_PREFIX_PATH=/home/y/works/ARM-Sim2sim-Isaaclab-to-Gazebo/install/robot_msgs:/opt/ros/humble LD_LIBRARY_PATH=/home/y/works/ARM-Sim2sim-Isaaclab-to-Gazebo/install/robot_msgs/lib:/usr/local/cuda-12.4/lib64:/usr/lib/x86_64-linux-gnu/gazebo-11/plugins:/opt/ros/humble/opt/rviz_ogre_vendor/lib:/opt/ros/humble/lib/x86_64-linux-gnu:/opt/ros/humble/lib:/usr/local/cuda-12.4/lib64:/usr/share/gazebo/../../lib/x86_64-linux-gnu/gazebo-11/plugins:/usr/share/gazebo/../../lib/x86_64-linux-gnu/gazebo-11/plugins:/usr/share/gazebo/../../lib/x86_64-linux-gnu/gazebo-11/plugins PYTHONPATH=/home/y/works/ARM-Sim2sim-Isaaclab-to-Gazebo/install/robot_msgs/local/lib/python3.10/dist-packages:${PYTHONPATH} /usr/bin/cmake /home/y/works/ARM-Sim2sim-Isaaclab-to-Gazebo/src/robot_joint_controller -DCMAKE_INSTALL_PREFIX=/home/y/works/ARM-Sim2sim-Isaaclab-to-Gazebo/install/robot_joint_controller
[0.944s] Invoking command in '/home/y/works/ARM-Sim2sim-Isaaclab-to-Gazebo/build/robot_joint_controller': AMENT_PREFIX_PATH=/home/y/works/ARM-Sim2sim-Isaaclab-to-Gazebo/install/robot_msgs:${AMENT_PREFIX_PATH} CMAKE_PREFIX_PATH=/home/y/works/ARM-Sim2sim-Isaaclab-to-Gazebo/install/robot_msgs:/opt/ros/humble LD_LIBRARY_PATH=/home/y/works/ARM-Sim2sim-Isaaclab-to-Gazebo/install/robot_msgs/lib:/usr/local/cuda-12.4/lib64:/usr/lib/x86_64-linux-gnu/gazebo-11/plugins:/opt/ros/humble/opt/rviz_ogre_vendor/lib:/opt/ros/humble/lib/x86_64-linux-gnu:/opt/ros/humble/lib:/usr/local/cuda-12.4/lib64:/usr/share/gazebo/../../lib/x86_64-linux-gnu/gazebo-11/plugins:/usr/share/gazebo/../../lib/x86_64-linux-gnu/gazebo-11/plugins:/usr/share/gazebo/../../lib/x86_64-linux-gnu/gazebo-11/plugins PYTHONPATH=/home/y/works/ARM-Sim2sim-Isaaclab-to-Gazebo/install/robot_msgs/local/lib/python3.10/dist-packages:${PYTHONPATH} /usr/bin/cmake --build /home/y/works/ARM-Sim2sim-Isaaclab-to-Gazebo/build/robot_joint_controller -- -j16 -l16
[0.990s] [ 50%] [32mBuilding CXX object CMakeFiles/robot_joint_controller.dir/src/robot_joint_controller.cpp.o[0m
[0.990s] [ 50%] [32mBuilding CXX object CMakeFiles/robot_joint_controller_group.dir/src/robot_joint_controller_group.cpp.o[0m
[2.539s] In file included from [01m[K/home/y/works/ARM-Sim2sim-Isaaclab-to-Gazebo/src/robot_joint_controller/include/robot_joint_controller/robot_joint_controller_group.hpp:13[m[K,
[2.539s]                  from [01m[K/home/y/works/ARM-Sim2sim-Isaaclab-to-Gazebo/src/robot_joint_controller/src/robot_joint_controller_group.cpp:1[m[K:
[2.539s] [01m[K/opt/ros/humble/include/realtime_tools/realtime_tools/realtime_buffer.h:22:100:[m[K [01;36m[Knote: [m[K‘[01m[K#pragma message: This header include is deprecated. Please update your code to use 'realtime_buffer.hpp' header.[m[K’
[2.540s]    22 |   "This header include is deprecated. Please update your code to use 'realtime_buffer.hpp' header."[01;36m[K)[m[K  //NOLINT
[2.540s]       |                                                                                                    [01;36m[K^[m[K
[2.540s] In file included from [01m[K/home/y/works/ARM-Sim2sim-Isaaclab-to-Gazebo/src/robot_joint_controller/include/robot_joint_controller/robot_joint_controller_group.hpp:14[m[K,
[2.540s]                  from [01m[K/home/y/works/ARM-Sim2sim-Isaaclab-to-Gazebo/src/robot_joint_controller/src/robot_joint_controller_group.cpp:1[m[K:
[2.540s] [01m[K/opt/ros/humble/include/realtime_tools/realtime_tools/realtime_publisher.h:22:103:[m[K [01;36m[Knote: [m[K‘[01m[K#pragma message: This header include is deprecated. Please update your code to use 'realtime_publisher.hpp' header.[m[K’
[2.540s]    22 |   "This header include is deprecated. Please update your code to use 'realtime_publisher.hpp' header."[01;36m[K)[m[K  //NOLINT
[2.540s]       |                                                                                                       [01;36m[K^[m[K
[2.549s] In file included from [01m[K/home/y/works/ARM-Sim2sim-Isaaclab-to-Gazebo/src/robot_joint_controller/include/robot_joint_controller/robot_joint_controller.hpp:13[m[K,
[2.549s]                  from [01m[K/home/y/works/ARM-Sim2sim-Isaaclab-to-Gazebo/src/robot_joint_controller/src/robot_joint_controller.cpp:1[m[K:
[2.549s] [01m[K/opt/ros/humble/include/realtime_tools/realtime_tools/realtime_buffer.h:22:100:[m[K [01;36m[Knote: [m[K‘[01m[K#pragma message: This header include is deprecated. Please update your code to use 'realtime_buffer.hpp' header.[m[K’
[2.549s]    22 | er include is deprecated. Please update your code to use 'realtime_buffer.hpp' header."[01;36m[K)[m[K  //NOLINT
[2.549s]       |                                                                                        [01;36m[K^[m[K
[2.549s] 
[2.549s] In file included from [01m[K/home/y/works/ARM-Sim2sim-Isaaclab-to-Gazebo/src/robot_joint_controller/include/robot_joint_controller/robot_joint_controller.hpp:14[m[K,
[2.549s]                  from [01m[K/home/y/works/ARM-Sim2sim-Isaaclab-to-Gazebo/src/robot_joint_controller/src/robot_joint_controller.cpp:1[m[K:
[2.549s] [01m[K/opt/ros/humble/include/realtime_tools/realtime_tools/realtime_publisher.h:22:103:[m[K [01;36m[Knote: [m[K‘[01m[K#pragma message: This header include is deprecated. Please update your code to use 'realtime_publisher.hpp' header.[m[K’
[2.549s]    22 | include is deprecated. Please update your code to use 'realtime_publisher.hpp' header."[01;36m[K)[m[K  //NOLINT
[2.549s]       |                                                                                        [01;36m[K^[m[K
[2.549s] 
[6.609s] [ 75%] [32m[1mLinking CXX shared library librobot_joint_controller.so[0m
[6.673s] [100%] [32m[1mLinking CXX shared library librobot_joint_controller_group.so[0m
[6.920s] [100%] Built target robot_joint_controller
[6.975s] [100%] Built target robot_joint_controller_group
[6.985s] Invoked command in '/home/y/works/ARM-Sim2sim-Isaaclab-to-Gazebo/build/robot_joint_controller' returned '0': AMENT_PREFIX_PATH=/home/y/works/ARM-Sim2sim-Isaaclab-to-Gazebo/install/robot_msgs:${AMENT_PREFIX_PATH} CMAKE_PREFIX_PATH=/home/y/works/ARM-Sim2sim-Isaaclab-to-Gazebo/install/robot_msgs:/opt/ros/humble LD_LIBRARY_PATH=/home/y/works/ARM-Sim2sim-Isaaclab-to-Gazebo/install/robot_msgs/lib:/usr/local/cuda-12.4/lib64:/usr/lib/x86_64-linux-gnu/gazebo-11/plugins:/opt/ros/humble/opt/rviz_ogre_vendor/lib:/opt/ros/humble/lib/x86_64-linux-gnu:/opt/ros/humble/lib:/usr/local/cuda-12.4/lib64:/usr/share/gazebo/../../lib/x86_64-linux-gnu/gazebo-11/plugins:/usr/share/gazebo/../../lib/x86_64-linux-gnu/gazebo-11/plugins:/usr/share/gazebo/../../lib/x86_64-linux-gnu/gazebo-11/plugins PYTHONPATH=/home/y/works/ARM-Sim2sim-Isaaclab-to-Gazebo/install/robot_msgs/local/lib/python3.10/dist-packages:${PYTHONPATH} /usr/bin/cmake --build /home/y/works/ARM-Sim2sim-Isaaclab-to-Gazebo/build/robot_joint_controller -- -j16 -l16
[6.986s] Invoking command in '/home/y/works/ARM-Sim2sim-Isaaclab-to-Gazebo/build/robot_joint_controller': AMENT_PREFIX_PATH=/home/y/works/ARM-Sim2sim-Isaaclab-to-Gazebo/install/robot_msgs:${AMENT_PREFIX_PATH} CMAKE_PREFIX_PATH=/home/y/works/ARM-Sim2sim-Isaaclab-to-Gazebo/install/robot_msgs:/opt/ros/humble LD_LIBRARY_PATH=/home/y/works/ARM-Sim2sim-Isaaclab-to-Gazebo/install/robot_msgs/lib:/usr/local/cuda-12.4/lib64:/usr/lib/x86_64-linux-gnu/gazebo-11/plugins:/opt/ros/humble/opt/rviz_ogre_vendor/lib:/opt/ros/humble/lib/x86_64-linux-gnu:/opt/ros/humble/lib:/usr/local/cuda-12.4/lib64:/usr/share/gazebo/../../lib/x86_64-linux-gnu/gazebo-11/plugins:/usr/share/gazebo/../../lib/x86_64-linux-gnu/gazebo-11/plugins:/usr/share/gazebo/../../lib/x86_64-linux-gnu/gazebo-11/plugins PYTHONPATH=/home/y/works/ARM-Sim2sim-Isaaclab-to-Gazebo/install/robot_msgs/local/lib/python3.10/dist-packages:${PYTHONPATH} /usr/bin/cmake --install /home/y/works/ARM-Sim2sim-Isaaclab-to-Gazebo/build/robot_joint_controller
[6.993s] -- Install configuration: ""
[6.993s] -- Installing: /home/y/works/ARM-Sim2sim-Isaaclab-to-Gazebo/install/robot_joint_controller/share/robot_joint_controller/robot_joint_controller_plugins.xml
[6.993s] -- Installing: /home/y/works/ARM-Sim2sim-Isaaclab-to-Gazebo/install/robot_joint_controller/lib/librobot_joint_controller.so
[7.001s] -- Set runtime path of "/home/y/works/ARM-Sim2sim-Isaaclab-to-Gazebo/install/robot_joint_controller/lib/librobot_joint_controller.so" to ""
[7.001s] -- Installing: /home/y/works/ARM-Sim2sim-Isaaclab-to-Gazebo/install/robot_joint_controller/lib/librobot_joint_controller_group.so
[7.007s] -- Set runtime path of "/home/y/works/ARM-Sim2sim-Isaaclab-to-Gazebo/install/robot_joint_controller/lib/librobot_joint_controller_group.so" to ""
[7.007s] -- Installing: /home/y/works/ARM-Sim2sim-Isaaclab-to-Gazebo/install/robot_joint_controller/include
[7.007s] -- Installing: /home/y/works/ARM-Sim2sim-Isaaclab-to-Gazebo/install/robot_joint_controller/include/robot_joint_controller
[7.007s] -- Installing: /home/y/works/ARM-Sim2sim-Isaaclab-to-Gazebo/install/robot_joint_controller/include/robot_joint_controller/robot_joint_controller.hpp
[7.007s] -- Installing: /home/y/works/ARM-Sim2sim-Isaaclab-to-Gazebo/install/robot_joint_controller/include/robot_joint_controller/robot_joint_controller_group.hpp
[7.007s] -- Installing: /home/y/works/ARM-Sim2sim-Isaaclab-to-Gazebo/install/robot_joint_controller/share/robot_joint_controller/environment/library_path.sh
[7.007s] -- Installing: /home/y/works/ARM-Sim2sim-Isaaclab-to-Gazebo/install/robot_joint_controller/share/robot_joint_controller/environment/library_path.dsv
[7.007s] -- Installing: /home/y/works/ARM-Sim2sim-Isaaclab-to-Gazebo/install/robot_joint_controller/share/ament_index/resource_index/package_run_dependencies/robot_joint_controller
[7.007s] -- Installing: /home/y/works/ARM-Sim2sim-Isaaclab-to-Gazebo/install/robot_joint_controller/share/ament_index/resource_index/parent_prefix_path/robot_joint_controller
[7.007s] -- Installing: /home/y/works/ARM-Sim2sim-Isaaclab-to-Gazebo/install/robot_joint_controller/share/robot_joint_controller/environment/ament_prefix_path.sh
[7.008s] -- Installing: /home/y/works/ARM-Sim2sim-Isaaclab-to-Gazebo/install/robot_joint_controller/share/robot_joint_controller/environment/ament_prefix_path.dsv
[7.008s] -- Installing: /home/y/works/ARM-Sim2sim-Isaaclab-to-Gazebo/install/robot_joint_controller/share/robot_joint_controller/environment/path.sh
[7.008s] -- Installing: /home/y/works/ARM-Sim2sim-Isaaclab-to-Gazebo/install/robot_joint_controller/share/robot_joint_controller/environment/path.dsv
[7.008s] -- Installing: /home/y/works/ARM-Sim2sim-Isaaclab-to-Gazebo/install/robot_joint_controller/share/robot_joint_controller/local_setup.bash
[7.008s] -- Installing: /home/y/works/ARM-Sim2sim-Isaaclab-to-Gazebo/install/robot_joint_controller/share/robot_joint_controller/local_setup.sh
[7.008s] -- Installing: /home/y/works/ARM-Sim2sim-Isaaclab-to-Gazebo/install/robot_joint_controller/share/robot_joint_controller/local_setup.zsh
[7.008s] -- Installing: /home/y/works/ARM-Sim2sim-Isaaclab-to-Gazebo/install/robot_joint_controller/share/robot_joint_controller/local_setup.dsv
[7.008s] -- Installing: /home/y/works/ARM-Sim2sim-Isaaclab-to-Gazebo/install/robot_joint_controller/share/robot_joint_controller/package.dsv
[7.008s] -- Installing: /home/y/works/ARM-Sim2sim-Isaaclab-to-Gazebo/install/robot_joint_controller/share/ament_index/resource_index/packages/robot_joint_controller
[7.008s] -- Installing: /home/y/works/ARM-Sim2sim-Isaaclab-to-Gazebo/install/robot_joint_controller/share/ament_index/resource_index/controller_interface__pluginlib__plugin/robot_joint_controller
[7.008s] -- Installing: /home/y/works/ARM-Sim2sim-Isaaclab-to-Gazebo/install/robot_joint_controller/share/robot_joint_controller/cmake/ament_cmake_export_include_directories-extras.cmake
[7.008s] -- Installing: /home/y/works/ARM-Sim2sim-Isaaclab-to-Gazebo/install/robot_joint_controller/share/robot_joint_controller/cmake/ament_cmake_export_libraries-extras.cmake
[7.009s] -- Installing: /home/y/works/ARM-Sim2sim-Isaaclab-to-Gazebo/install/robot_joint_controller/share/robot_joint_controller/cmake/ament_cmake_export_dependencies-extras.cmake
[7.009s] -- Installing: /home/y/works/ARM-Sim2sim-Isaaclab-to-Gazebo/install/robot_joint_controller/share/robot_joint_controller/cmake/robot_joint_controllerConfig.cmake
[7.009s] -- Installing: /home/y/works/ARM-Sim2sim-Isaaclab-to-Gazebo/install/robot_joint_controller/share/robot_joint_controller/cmake/robot_joint_controllerConfig-version.cmake
[7.009s] -- Installing: /home/y/works/ARM-Sim2sim-Isaaclab-to-Gazebo/install/robot_joint_controller/share/robot_joint_controller/package.xml
[7.011s] Invoked command in '/home/y/works/ARM-Sim2sim-Isaaclab-to-Gazebo/build/robot_joint_controller' returned '0': AMENT_PREFIX_PATH=/home/y/works/ARM-Sim2sim-Isaaclab-to-Gazebo/install/robot_msgs:${AMENT_PREFIX_PATH} CMAKE_PREFIX_PATH=/home/y/works/ARM-Sim2sim-Isaaclab-to-Gazebo/install/robot_msgs:/opt/ros/humble LD_LIBRARY_PATH=/home/y/works/ARM-Sim2sim-Isaaclab-to-Gazebo/install/robot_msgs/lib:/usr/local/cuda-12.4/lib64:/usr/lib/x86_64-linux-gnu/gazebo-11/plugins:/opt/ros/humble/opt/rviz_ogre_vendor/lib:/opt/ros/humble/lib/x86_64-linux-gnu:/opt/ros/humble/lib:/usr/local/cuda-12.4/lib64:/usr/share/gazebo/../../lib/x86_64-linux-gnu/gazebo-11/plugins:/usr/share/gazebo/../../lib/x86_64-linux-gnu/gazebo-11/plugins:/usr/share/gazebo/../../lib/x86_64-linux-gnu/gazebo-11/plugins PYTHONPATH=/home/y/works/ARM-Sim2sim-Isaaclab-to-Gazebo/install/robot_msgs/local/lib/python3.10/dist-packages:${PYTHONPATH} /usr/bin/cmake --install /home/y/works/ARM-Sim2sim-Isaaclab-to-Gazebo/build/robot_joint_controller
