[0.006s] Invoking command in '/home/y/works/ARM-Sim2sim-Isaaclab-to-Gazebo/build/arm_description': CMAKE_PREFIX_PATH=/opt/ros/humble /usr/bin/cmake /home/y/works/ARM-Sim2sim-Isaaclab-to-Gazebo/src/arm_description -DCMAKE_INSTALL_PREFIX=/home/y/works/ARM-Sim2sim-Isaaclab-to-Gazebo/install/arm_description
[0.074s] -- The C compiler identification is GNU 11.4.0
[0.114s] -- The CXX compiler identification is GNU 11.4.0
[0.119s] -- Detecting C compiler ABI info
[0.172s] -- Detecting C compiler ABI info - done
[0.176s] -- Check for working C compiler: /usr/bin/cc - skipped
[0.176s] -- Detecting C compile features
[0.176s] -- Detecting C compile features - done
[0.178s] -- Detecting CXX compiler ABI info
[0.240s] -- Detecting CXX compiler ABI info - done
[0.244s] -- Check for working CXX compiler: /usr/bin/c++ - skipped
[0.244s] -- Detecting CXX compile features
[0.245s] -- Detecting CXX compile features - done
[0.246s] -- Found ament_cmake: 1.3.12 (/opt/ros/humble/share/ament_cmake/cmake)
[0.344s] -- Found Python3: /usr/bin/python3 (found version "3.10.12") found components: Interpreter 
[0.401s] -- Found ament_lint_auto: 0.12.14 (/opt/ros/humble/share/ament_lint_auto/cmake)
[0.457s] -- Added test 'copyright' to check source files copyright and LICENSE
[0.459s] -- Added test 'lint_cmake' to check CMake code style
[0.460s] -- Added test 'xmllint' to check XML markup files
[0.461s] -- Configuring done
[0.463s] -- Generating done
[0.464s] -- Build files have been written to: /home/y/works/ARM-Sim2sim-Isaaclab-to-Gazebo/build/arm_description
[0.469s] Invoked command in '/home/y/works/ARM-Sim2sim-Isaaclab-to-Gazebo/build/arm_description' returned '0': CMAKE_PREFIX_PATH=/opt/ros/humble /usr/bin/cmake /home/y/works/ARM-Sim2sim-Isaaclab-to-Gazebo/src/arm_description -DCMAKE_INSTALL_PREFIX=/home/y/works/ARM-Sim2sim-Isaaclab-to-Gazebo/install/arm_description
[0.471s] Invoking command in '/home/y/works/ARM-Sim2sim-Isaaclab-to-Gazebo/build/arm_description': CMAKE_PREFIX_PATH=/opt/ros/humble /usr/bin/cmake --build /home/y/works/ARM-Sim2sim-Isaaclab-to-Gazebo/build/arm_description -- -j16 -l16
[0.508s] Invoked command in '/home/y/works/ARM-Sim2sim-Isaaclab-to-Gazebo/build/arm_description' returned '0': CMAKE_PREFIX_PATH=/opt/ros/humble /usr/bin/cmake --build /home/y/works/ARM-Sim2sim-Isaaclab-to-Gazebo/build/arm_description -- -j16 -l16
[0.518s] Invoking command in '/home/y/works/ARM-Sim2sim-Isaaclab-to-Gazebo/build/arm_description': CMAKE_PREFIX_PATH=/opt/ros/humble /usr/bin/cmake --install /home/y/works/ARM-Sim2sim-Isaaclab-to-Gazebo/build/arm_description
[0.524s] -- Install configuration: ""
[0.524s] -- Installing: /home/y/works/ARM-Sim2sim-Isaaclab-to-Gazebo/install/arm_description/share/arm_description/meshes
[0.524s] -- Installing: /home/y/works/ARM-Sim2sim-Isaaclab-to-Gazebo/install/arm_description/share/arm_description/meshes/link4.STL
[0.524s] -- Installing: /home/y/works/ARM-Sim2sim-Isaaclab-to-Gazebo/install/arm_description/share/arm_description/meshes/link5.STL
[0.524s] -- Installing: /home/y/works/ARM-Sim2sim-Isaaclab-to-Gazebo/install/arm_description/share/arm_description/meshes/gripper_2_link.STL
[0.524s] -- Installing: /home/y/works/ARM-Sim2sim-Isaaclab-to-Gazebo/install/arm_description/share/arm_description/meshes/link6.STL
[0.525s] -- Installing: /home/y/works/ARM-Sim2sim-Isaaclab-to-Gazebo/install/arm_description/share/arm_description/meshes/link2.STL
[0.525s] -- Installing: /home/y/works/ARM-Sim2sim-Isaaclab-to-Gazebo/install/arm_description/share/arm_description/meshes/link3.STL
[0.525s] -- Installing: /home/y/works/ARM-Sim2sim-Isaaclab-to-Gazebo/install/arm_description/share/arm_description/meshes/link1.STL
[0.525s] -- Installing: /home/y/works/ARM-Sim2sim-Isaaclab-to-Gazebo/install/arm_description/share/arm_description/meshes/gripper_1_link.STL
[0.526s] -- Installing: /home/y/works/ARM-Sim2sim-Isaaclab-to-Gazebo/install/arm_description/share/arm_description/meshes/base_link.STL
[0.526s] -- Installing: /home/y/works/ARM-Sim2sim-Isaaclab-to-Gazebo/install/arm_description/share/arm_description/meshes/gripper_centor_link.STL
[0.526s] -- Installing: /home/y/works/ARM-Sim2sim-Isaaclab-to-Gazebo/install/arm_description/share/arm_description/urdf
[0.526s] -- Installing: /home/y/works/ARM-Sim2sim-Isaaclab-to-Gazebo/install/arm_description/share/arm_description/urdf/panther_with_ros2_control.urdf.xacro
[0.526s] -- Installing: /home/y/works/ARM-Sim2sim-Isaaclab-to-Gazebo/install/arm_description/share/arm_description/urdf/panther_description.urdf
[0.526s] -- Installing: /home/y/works/ARM-Sim2sim-Isaaclab-to-Gazebo/install/arm_description/share/arm_description/urdf/panther_gazebo.urdf.xacro
[0.526s] -- Installing: /home/y/works/ARM-Sim2sim-Isaaclab-to-Gazebo/install/arm_description/share/arm_description/urdf/panther_gazebo_control.xacro
[0.527s] -- Installing: /home/y/works/ARM-Sim2sim-Isaaclab-to-Gazebo/install/arm_description/share/ament_index/resource_index/package_run_dependencies/arm_description
[0.527s] -- Installing: /home/y/works/ARM-Sim2sim-Isaaclab-to-Gazebo/install/arm_description/share/ament_index/resource_index/parent_prefix_path/arm_description
[0.527s] -- Installing: /home/y/works/ARM-Sim2sim-Isaaclab-to-Gazebo/install/arm_description/share/arm_description/environment/ament_prefix_path.sh
[0.527s] -- Installing: /home/y/works/ARM-Sim2sim-Isaaclab-to-Gazebo/install/arm_description/share/arm_description/environment/ament_prefix_path.dsv
[0.527s] -- Installing: /home/y/works/ARM-Sim2sim-Isaaclab-to-Gazebo/install/arm_description/share/arm_description/environment/path.sh
[0.527s] -- Installing: /home/y/works/ARM-Sim2sim-Isaaclab-to-Gazebo/install/arm_description/share/arm_description/environment/path.dsv
[0.527s] -- Installing: /home/y/works/ARM-Sim2sim-Isaaclab-to-Gazebo/install/arm_description/share/arm_description/local_setup.bash
[0.527s] -- Installing: /home/y/works/ARM-Sim2sim-Isaaclab-to-Gazebo/install/arm_description/share/arm_description/local_setup.sh
[0.527s] -- Installing: /home/y/works/ARM-Sim2sim-Isaaclab-to-Gazebo/install/arm_description/share/arm_description/local_setup.zsh
[0.527s] -- Installing: /home/y/works/ARM-Sim2sim-Isaaclab-to-Gazebo/install/arm_description/share/arm_description/local_setup.dsv
[0.528s] -- Installing: /home/y/works/ARM-Sim2sim-Isaaclab-to-Gazebo/install/arm_description/share/arm_description/package.dsv
[0.528s] -- Installing: /home/y/works/ARM-Sim2sim-Isaaclab-to-Gazebo/install/arm_description/share/ament_index/resource_index/packages/arm_description
[0.528s] -- Installing: /home/y/works/ARM-Sim2sim-Isaaclab-to-Gazebo/install/arm_description/share/arm_description/cmake/arm_descriptionConfig.cmake
[0.528s] -- Installing: /home/y/works/ARM-Sim2sim-Isaaclab-to-Gazebo/install/arm_description/share/arm_description/cmake/arm_descriptionConfig-version.cmake
[0.528s] -- Installing: /home/y/works/ARM-Sim2sim-Isaaclab-to-Gazebo/install/arm_description/share/arm_description/package.xml
[0.530s] Invoked command in '/home/y/works/ARM-Sim2sim-Isaaclab-to-Gazebo/build/arm_description' returned '0': CMAKE_PREFIX_PATH=/opt/ros/humble /usr/bin/cmake --install /home/y/works/ARM-Sim2sim-Isaaclab-to-Gazebo/build/arm_description
