[0.009s] Invoking command in '/home/y/works/ARM-Sim2sim-Isaaclab-to-Gazebo/build/arm_rl_sim': AMENT_PREFIX_PATH=/home/y/works/ARM-Sim2sim-Isaaclab-to-Gazebo/install/robot_joint_controller:/home/y/works/ARM-Sim2sim-Isaaclab-to-Gazebo/install/robot_msgs:${AMENT_PREFIX_PATH} CMAKE_PREFIX_PATH=/home/y/works/ARM-Sim2sim-Isaaclab-to-Gazebo/install/robot_joint_controller:/home/y/works/ARM-Sim2sim-Isaaclab-to-Gazebo/install/robot_msgs:/opt/ros/humble LD_LIBRARY_PATH=/home/y/works/ARM-Sim2sim-Isaaclab-to-Gazebo/install/robot_joint_controller/lib:/home/y/works/ARM-Sim2sim-Isaaclab-to-Gazebo/install/robot_msgs/lib:/usr/local/cuda-12.4/lib64:/usr/lib/x86_64-linux-gnu/gazebo-11/plugins:/opt/ros/humble/opt/rviz_ogre_vendor/lib:/opt/ros/humble/lib/x86_64-linux-gnu:/opt/ros/humble/lib:/usr/local/cuda-12.4/lib64:/usr/share/gazebo/../../lib/x86_64-linux-gnu/gazebo-11/plugins:/usr/share/gazebo/../../lib/x86_64-linux-gnu/gazebo-11/plugins:/usr/share/gazebo/../../lib/x86_64-linux-gnu/gazebo-11/plugins PYTHONPATH=/home/y/works/ARM-Sim2sim-Isaaclab-to-Gazebo/install/robot_msgs/local/lib/python3.10/dist-packages:${PYTHONPATH} /usr/bin/cmake /home/y/works/ARM-Sim2sim-Isaaclab-to-Gazebo/src/arm_rl_sim -DCMAKE_INSTALL_PREFIX=/home/y/works/ARM-Sim2sim-Isaaclab-to-Gazebo/install/arm_rl_sim
[0.050s] -- The C compiler identification is GNU 11.4.0
[0.091s] -- The CXX compiler identification is GNU 11.4.0
[0.095s] -- Detecting C compiler ABI info
[0.152s] -- Detecting C compiler ABI info - done
[0.156s] -- Check for working C compiler: /usr/bin/cc - skipped
[0.156s] -- Detecting C compile features
[0.157s] -- Detecting C compile features - done
[0.158s] -- Detecting CXX compiler ABI info
[0.223s] -- Detecting CXX compiler ABI info - done
[0.227s] -- Check for working CXX compiler: /usr/bin/c++ - skipped
[0.227s] -- Detecting CXX compile features
[0.227s] -- Detecting CXX compile features - done
[0.229s] -- Found ament_cmake: 1.3.12 (/opt/ros/humble/share/ament_cmake/cmake)
[0.345s] -- Found Python3: /usr/bin/python3 (found version "3.10.12") found components: Interpreter 
[0.413s] -- Found rclpy: 3.3.17 (/opt/ros/humble/share/rclpy/cmake)
[0.451s] -- Configuring done
[0.453s] -- Generating done
[0.454s] -- Build files have been written to: /home/y/works/ARM-Sim2sim-Isaaclab-to-Gazebo/build/arm_rl_sim
[0.458s] Invoked command in '/home/y/works/ARM-Sim2sim-Isaaclab-to-Gazebo/build/arm_rl_sim' returned '0': AMENT_PREFIX_PATH=/home/y/works/ARM-Sim2sim-Isaaclab-to-Gazebo/install/robot_joint_controller:/home/y/works/ARM-Sim2sim-Isaaclab-to-Gazebo/install/robot_msgs:${AMENT_PREFIX_PATH} CMAKE_PREFIX_PATH=/home/y/works/ARM-Sim2sim-Isaaclab-to-Gazebo/install/robot_joint_controller:/home/y/works/ARM-Sim2sim-Isaaclab-to-Gazebo/install/robot_msgs:/opt/ros/humble LD_LIBRARY_PATH=/home/y/works/ARM-Sim2sim-Isaaclab-to-Gazebo/install/robot_joint_controller/lib:/home/y/works/ARM-Sim2sim-Isaaclab-to-Gazebo/install/robot_msgs/lib:/usr/local/cuda-12.4/lib64:/usr/lib/x86_64-linux-gnu/gazebo-11/plugins:/opt/ros/humble/opt/rviz_ogre_vendor/lib:/opt/ros/humble/lib/x86_64-linux-gnu:/opt/ros/humble/lib:/usr/local/cuda-12.4/lib64:/usr/share/gazebo/../../lib/x86_64-linux-gnu/gazebo-11/plugins:/usr/share/gazebo/../../lib/x86_64-linux-gnu/gazebo-11/plugins:/usr/share/gazebo/../../lib/x86_64-linux-gnu/gazebo-11/plugins PYTHONPATH=/home/y/works/ARM-Sim2sim-Isaaclab-to-Gazebo/install/robot_msgs/local/lib/python3.10/dist-packages:${PYTHONPATH} /usr/bin/cmake /home/y/works/ARM-Sim2sim-Isaaclab-to-Gazebo/src/arm_rl_sim -DCMAKE_INSTALL_PREFIX=/home/y/works/ARM-Sim2sim-Isaaclab-to-Gazebo/install/arm_rl_sim
[0.459s] Invoking command in '/home/y/works/ARM-Sim2sim-Isaaclab-to-Gazebo/build/arm_rl_sim': AMENT_PREFIX_PATH=/home/y/works/ARM-Sim2sim-Isaaclab-to-Gazebo/install/robot_joint_controller:/home/y/works/ARM-Sim2sim-Isaaclab-to-Gazebo/install/robot_msgs:${AMENT_PREFIX_PATH} CMAKE_PREFIX_PATH=/home/y/works/ARM-Sim2sim-Isaaclab-to-Gazebo/install/robot_joint_controller:/home/y/works/ARM-Sim2sim-Isaaclab-to-Gazebo/install/robot_msgs:/opt/ros/humble LD_LIBRARY_PATH=/home/y/works/ARM-Sim2sim-Isaaclab-to-Gazebo/install/robot_joint_controller/lib:/home/y/works/ARM-Sim2sim-Isaaclab-to-Gazebo/install/robot_msgs/lib:/usr/local/cuda-12.4/lib64:/usr/lib/x86_64-linux-gnu/gazebo-11/plugins:/opt/ros/humble/opt/rviz_ogre_vendor/lib:/opt/ros/humble/lib/x86_64-linux-gnu:/opt/ros/humble/lib:/usr/local/cuda-12.4/lib64:/usr/share/gazebo/../../lib/x86_64-linux-gnu/gazebo-11/plugins:/usr/share/gazebo/../../lib/x86_64-linux-gnu/gazebo-11/plugins:/usr/share/gazebo/../../lib/x86_64-linux-gnu/gazebo-11/plugins PYTHONPATH=/home/y/works/ARM-Sim2sim-Isaaclab-to-Gazebo/install/robot_msgs/local/lib/python3.10/dist-packages:${PYTHONPATH} /usr/bin/cmake --build /home/y/works/ARM-Sim2sim-Isaaclab-to-Gazebo/build/arm_rl_sim -- -j16 -l16
[0.494s] Invoked command in '/home/y/works/ARM-Sim2sim-Isaaclab-to-Gazebo/build/arm_rl_sim' returned '0': AMENT_PREFIX_PATH=/home/y/works/ARM-Sim2sim-Isaaclab-to-Gazebo/install/robot_joint_controller:/home/y/works/ARM-Sim2sim-Isaaclab-to-Gazebo/install/robot_msgs:${AMENT_PREFIX_PATH} CMAKE_PREFIX_PATH=/home/y/works/ARM-Sim2sim-Isaaclab-to-Gazebo/install/robot_joint_controller:/home/y/works/ARM-Sim2sim-Isaaclab-to-Gazebo/install/robot_msgs:/opt/ros/humble LD_LIBRARY_PATH=/home/y/works/ARM-Sim2sim-Isaaclab-to-Gazebo/install/robot_joint_controller/lib:/home/y/works/ARM-Sim2sim-Isaaclab-to-Gazebo/install/robot_msgs/lib:/usr/local/cuda-12.4/lib64:/usr/lib/x86_64-linux-gnu/gazebo-11/plugins:/opt/ros/humble/opt/rviz_ogre_vendor/lib:/opt/ros/humble/lib/x86_64-linux-gnu:/opt/ros/humble/lib:/usr/local/cuda-12.4/lib64:/usr/share/gazebo/../../lib/x86_64-linux-gnu/gazebo-11/plugins:/usr/share/gazebo/../../lib/x86_64-linux-gnu/gazebo-11/plugins:/usr/share/gazebo/../../lib/x86_64-linux-gnu/gazebo-11/plugins PYTHONPATH=/home/y/works/ARM-Sim2sim-Isaaclab-to-Gazebo/install/robot_msgs/local/lib/python3.10/dist-packages:${PYTHONPATH} /usr/bin/cmake --build /home/y/works/ARM-Sim2sim-Isaaclab-to-Gazebo/build/arm_rl_sim -- -j16 -l16
[0.496s] Invoking command in '/home/y/works/ARM-Sim2sim-Isaaclab-to-Gazebo/build/arm_rl_sim': AMENT_PREFIX_PATH=/home/y/works/ARM-Sim2sim-Isaaclab-to-Gazebo/install/robot_joint_controller:/home/y/works/ARM-Sim2sim-Isaaclab-to-Gazebo/install/robot_msgs:${AMENT_PREFIX_PATH} CMAKE_PREFIX_PATH=/home/y/works/ARM-Sim2sim-Isaaclab-to-Gazebo/install/robot_joint_controller:/home/y/works/ARM-Sim2sim-Isaaclab-to-Gazebo/install/robot_msgs:/opt/ros/humble LD_LIBRARY_PATH=/home/y/works/ARM-Sim2sim-Isaaclab-to-Gazebo/install/robot_joint_controller/lib:/home/y/works/ARM-Sim2sim-Isaaclab-to-Gazebo/install/robot_msgs/lib:/usr/local/cuda-12.4/lib64:/usr/lib/x86_64-linux-gnu/gazebo-11/plugins:/opt/ros/humble/opt/rviz_ogre_vendor/lib:/opt/ros/humble/lib/x86_64-linux-gnu:/opt/ros/humble/lib:/usr/local/cuda-12.4/lib64:/usr/share/gazebo/../../lib/x86_64-linux-gnu/gazebo-11/plugins:/usr/share/gazebo/../../lib/x86_64-linux-gnu/gazebo-11/plugins:/usr/share/gazebo/../../lib/x86_64-linux-gnu/gazebo-11/plugins PYTHONPATH=/home/y/works/ARM-Sim2sim-Isaaclab-to-Gazebo/install/robot_msgs/local/lib/python3.10/dist-packages:${PYTHONPATH} /usr/bin/cmake --install /home/y/works/ARM-Sim2sim-Isaaclab-to-Gazebo/build/arm_rl_sim
[0.502s] -- Install configuration: ""
[0.502s] -- Installing: /home/y/works/ARM-Sim2sim-Isaaclab-to-Gazebo/install/arm_rl_sim/lib/arm_rl_sim/arm_rl_sim.py
[0.502s] -- Installing: /home/y/works/ARM-Sim2sim-Isaaclab-to-Gazebo/install/arm_rl_sim/lib/arm_rl_sim/target_pose_publisher.py
[0.502s] -- Installing: /home/y/works/ARM-Sim2sim-Isaaclab-to-Gazebo/install/arm_rl_sim/share/arm_rl_sim//launch
[0.502s] -- Installing: /home/y/works/ARM-Sim2sim-Isaaclab-to-Gazebo/install/arm_rl_sim/share/arm_rl_sim//launch/gazebo.launch.py
[0.502s] -- Installing: /home/y/works/ARM-Sim2sim-Isaaclab-to-Gazebo/install/arm_rl_sim/share/arm_rl_sim//models
[0.502s] -- Installing: /home/y/works/ARM-Sim2sim-Isaaclab-to-Gazebo/install/arm_rl_sim/share/arm_rl_sim//models/arm_t_isaaclab
[0.502s] -- Installing: /home/y/works/ARM-Sim2sim-Isaaclab-to-Gazebo/install/arm_rl_sim/share/arm_rl_sim//models/arm_t_isaaclab/config.yaml
[0.502s] -- Installing: /home/y/works/ARM-Sim2sim-Isaaclab-to-Gazebo/install/arm_rl_sim/share/arm_rl_sim//models/arm_t_isaaclab/policy.pt
[0.503s] -- Installing: /home/y/works/ARM-Sim2sim-Isaaclab-to-Gazebo/install/arm_rl_sim/share/arm_rl_sim//config
[0.503s] -- Installing: /home/y/works/ARM-Sim2sim-Isaaclab-to-Gazebo/install/arm_rl_sim/share/arm_rl_sim//config/robot_control.yaml
[0.503s] -- Installing: /home/y/works/ARM-Sim2sim-Isaaclab-to-Gazebo/install/arm_rl_sim/share/ament_index/resource_index/package_run_dependencies/arm_rl_sim
[0.503s] -- Installing: /home/y/works/ARM-Sim2sim-Isaaclab-to-Gazebo/install/arm_rl_sim/share/ament_index/resource_index/parent_prefix_path/arm_rl_sim
[0.503s] -- Installing: /home/y/works/ARM-Sim2sim-Isaaclab-to-Gazebo/install/arm_rl_sim/share/arm_rl_sim/environment/ament_prefix_path.sh
[0.503s] -- Installing: /home/y/works/ARM-Sim2sim-Isaaclab-to-Gazebo/install/arm_rl_sim/share/arm_rl_sim/environment/ament_prefix_path.dsv
[0.503s] -- Installing: /home/y/works/ARM-Sim2sim-Isaaclab-to-Gazebo/install/arm_rl_sim/share/arm_rl_sim/environment/path.sh
[0.503s] -- Installing: /home/y/works/ARM-Sim2sim-Isaaclab-to-Gazebo/install/arm_rl_sim/share/arm_rl_sim/environment/path.dsv
[0.503s] -- Installing: /home/y/works/ARM-Sim2sim-Isaaclab-to-Gazebo/install/arm_rl_sim/share/arm_rl_sim/local_setup.bash
[0.503s] -- Installing: /home/y/works/ARM-Sim2sim-Isaaclab-to-Gazebo/install/arm_rl_sim/share/arm_rl_sim/local_setup.sh
[0.504s] -- Installing: /home/y/works/ARM-Sim2sim-Isaaclab-to-Gazebo/install/arm_rl_sim/share/arm_rl_sim/local_setup.zsh
[0.504s] -- Installing: /home/y/works/ARM-Sim2sim-Isaaclab-to-Gazebo/install/arm_rl_sim/share/arm_rl_sim/local_setup.dsv
[0.504s] -- Installing: /home/y/works/ARM-Sim2sim-Isaaclab-to-Gazebo/install/arm_rl_sim/share/arm_rl_sim/package.dsv
[0.504s] -- Installing: /home/y/works/ARM-Sim2sim-Isaaclab-to-Gazebo/install/arm_rl_sim/share/ament_index/resource_index/packages/arm_rl_sim
[0.504s] -- Installing: /home/y/works/ARM-Sim2sim-Isaaclab-to-Gazebo/install/arm_rl_sim/share/arm_rl_sim/cmake/arm_rl_simConfig.cmake
[0.504s] -- Installing: /home/y/works/ARM-Sim2sim-Isaaclab-to-Gazebo/install/arm_rl_sim/share/arm_rl_sim/cmake/arm_rl_simConfig-version.cmake
[0.504s] -- Installing: /home/y/works/ARM-Sim2sim-Isaaclab-to-Gazebo/install/arm_rl_sim/share/arm_rl_sim/package.xml
[0.506s] Invoked command in '/home/y/works/ARM-Sim2sim-Isaaclab-to-Gazebo/build/arm_rl_sim' returned '0': AMENT_PREFIX_PATH=/home/y/works/ARM-Sim2sim-Isaaclab-to-Gazebo/install/robot_joint_controller:/home/y/works/ARM-Sim2sim-Isaaclab-to-Gazebo/install/robot_msgs:${AMENT_PREFIX_PATH} CMAKE_PREFIX_PATH=/home/y/works/ARM-Sim2sim-Isaaclab-to-Gazebo/install/robot_joint_controller:/home/y/works/ARM-Sim2sim-Isaaclab-to-Gazebo/install/robot_msgs:/opt/ros/humble LD_LIBRARY_PATH=/home/y/works/ARM-Sim2sim-Isaaclab-to-Gazebo/install/robot_joint_controller/lib:/home/y/works/ARM-Sim2sim-Isaaclab-to-Gazebo/install/robot_msgs/lib:/usr/local/cuda-12.4/lib64:/usr/lib/x86_64-linux-gnu/gazebo-11/plugins:/opt/ros/humble/opt/rviz_ogre_vendor/lib:/opt/ros/humble/lib/x86_64-linux-gnu:/opt/ros/humble/lib:/usr/local/cuda-12.4/lib64:/usr/share/gazebo/../../lib/x86_64-linux-gnu/gazebo-11/plugins:/usr/share/gazebo/../../lib/x86_64-linux-gnu/gazebo-11/plugins:/usr/share/gazebo/../../lib/x86_64-linux-gnu/gazebo-11/plugins PYTHONPATH=/home/y/works/ARM-Sim2sim-Isaaclab-to-Gazebo/install/robot_msgs/local/lib/python3.10/dist-packages:${PYTHONPATH} /usr/bin/cmake --install /home/y/works/ARM-Sim2sim-Isaaclab-to-Gazebo/build/arm_rl_sim
