[0.008s] Invoking command in '/home/y/works/ARM-Sim2sim-Isaaclab-to-Gazebo/build/robot_msgs': CMAKE_PREFIX_PATH=/opt/ros/humble /usr/bin/cmake /home/y/works/ARM-Sim2sim-Isaaclab-to-Gazebo/src/robot_msgs -DCMAKE_INSTALL_PREFIX=/home/y/works/ARM-Sim2sim-Isaaclab-to-Gazebo/install/robot_msgs
[0.078s] -- The C compiler identification is GNU 11.4.0
[0.117s] -- The CXX compiler identification is GNU 11.4.0
[0.123s] -- Detecting C compiler ABI info
[0.176s] -- Detecting C compiler ABI info - done
[0.180s] -- Check for working C compiler: /usr/bin/cc - skipped
[0.180s] -- Detecting C compile features
[0.180s] -- Detecting C compile features - done
[0.182s] -- Detecting CXX compiler ABI info
[0.244s] -- Detecting CXX compiler ABI info - done
[0.248s] -- Check for working CXX compiler: /usr/bin/c++ - skipped
[0.248s] -- Detecting CXX compile features
[0.249s] -- Detecting CXX compile features - done
[0.250s] -- Found ament_cmake: 1.3.12 (/opt/ros/humble/share/ament_cmake/cmake)
[0.345s] -- Found Python3: /usr/bin/python3 (found version "3.10.12") found components: Interpreter 
[0.403s] -- Found rosidl_default_generators: 1.2.0 (/opt/ros/humble/share/rosidl_default_generators/cmake)
[0.404s] -- Using all available rosidl_typesupport_c: rosidl_typesupport_fastrtps_c;rosidl_typesupport_introspection_c
[0.409s] -- Found rosidl_adapter: 3.1.7 (/opt/ros/humble/share/rosidl_adapter/cmake)
[0.438s] -- Using all available rosidl_typesupport_cpp: rosidl_typesupport_fastrtps_cpp;rosidl_typesupport_introspection_cpp
[0.459s] -- Found std_msgs: 4.9.0 (/opt/ros/humble/share/std_msgs/cmake)
[0.651s] -- Found ament_cmake_ros: 0.10.0 (/opt/ros/humble/share/ament_cmake_ros/cmake)
[0.790s] -- Using all available rosidl_typesupport_c: rosidl_typesupport_fastrtps_c;rosidl_typesupport_introspection_c
[0.985s] -- Using all available rosidl_typesupport_cpp: rosidl_typesupport_fastrtps_cpp;rosidl_typesupport_introspection_cpp
[1.001s] -- Found PythonInterp: /usr/bin/python3 (found suitable version "3.10.12", minimum required is "3.6") 
[1.002s] -- Found python_cmake_module: 0.10.0 (/opt/ros/humble/share/python_cmake_module/cmake)
[1.021s] -- Found PythonLibs: /usr/lib/x86_64-linux-gnu/libpython3.10.so (found suitable version "3.10.12", minimum required is "3.5") 
[1.021s] -- Using PYTHON_EXECUTABLE: /usr/bin/python3
[1.021s] -- Using PYTHON_INCLUDE_DIRS: /usr/include/python3.10
[1.022s] -- Using PYTHON_LIBRARIES: /usr/lib/x86_64-linux-gnu/libpython3.10.so
[1.038s] -- Found PythonExtra: .so  
[1.072s] -- Configuring done
[1.094s] -- Generating done
[1.101s] -- Build files have been written to: /home/y/works/ARM-Sim2sim-Isaaclab-to-Gazebo/build/robot_msgs
[1.107s] Invoked command in '/home/y/works/ARM-Sim2sim-Isaaclab-to-Gazebo/build/robot_msgs' returned '0': CMAKE_PREFIX_PATH=/opt/ros/humble /usr/bin/cmake /home/y/works/ARM-Sim2sim-Isaaclab-to-Gazebo/src/robot_msgs -DCMAKE_INSTALL_PREFIX=/home/y/works/ARM-Sim2sim-Isaaclab-to-Gazebo/install/robot_msgs
[1.108s] Invoking command in '/home/y/works/ARM-Sim2sim-Isaaclab-to-Gazebo/build/robot_msgs': CMAKE_PREFIX_PATH=/opt/ros/humble /usr/bin/cmake --build /home/y/works/ARM-Sim2sim-Isaaclab-to-Gazebo/build/robot_msgs -- -j16 -l16
[1.147s] [  1%] [34m[1mGenerating C code for ROS interfaces[0m
[1.154s] [  3%] [34m[1mGenerating C++ code for ROS interfaces[0m
[1.161s] [  3%] Built target ament_cmake_python_copy_robot_msgs
[1.299s] running egg_info
[1.299s] creating robot_msgs.egg-info
[1.299s] writing robot_msgs.egg-info/PKG-INFO
[1.299s] writing dependency_links to robot_msgs.egg-info/dependency_links.txt
[1.299s] writing top-level names to robot_msgs.egg-info/top_level.txt
[1.299s] writing manifest file 'robot_msgs.egg-info/SOURCES.txt'
[1.300s] reading manifest file 'robot_msgs.egg-info/SOURCES.txt'
[1.301s] writing manifest file 'robot_msgs.egg-info/SOURCES.txt'
[1.323s] [  3%] Built target ament_cmake_python_build_robot_msgs_egg
[1.502s] [  7%] [32mBuilding C object CMakeFiles/robot_msgs__rosidl_generator_c.dir/rosidl_generator_c/robot_msgs/msg/detail/robot_command__functions.c.o[0m
[1.502s] [  7%] [32mBuilding C object CMakeFiles/robot_msgs__rosidl_generator_c.dir/rosidl_generator_c/robot_msgs/msg/detail/motor_state__functions.c.o[0m
[1.502s] [  9%] [32mBuilding C object CMakeFiles/robot_msgs__rosidl_generator_c.dir/rosidl_generator_c/robot_msgs/msg/detail/motor_command__functions.c.o[0m
[1.502s] [ 11%] [32mBuilding C object CMakeFiles/robot_msgs__rosidl_generator_c.dir/rosidl_generator_c/robot_msgs/msg/detail/imu__functions.c.o[0m
[1.502s] [ 11%] [32mBuilding C object CMakeFiles/robot_msgs__rosidl_generator_c.dir/rosidl_generator_c/robot_msgs/msg/detail/robot_state__functions.c.o[0m
[1.526s] [ 11%] Built target robot_msgs__cpp
[1.533s] [ 14%] [34m[1mGenerating C++ introspection for ROS interfaces[0m
[1.533s] [ 14%] [34m[1mGenerating C++ type support dispatch for ROS interfaces[0m
[1.534s] [ 15%] [34m[1mGenerating C++ type support for eProsima Fast-RTPS[0m
[1.573s] [ 17%] [32m[1mLinking C shared library librobot_msgs__rosidl_generator_c.so[0m
[1.603s] [ 17%] Built target robot_msgs__rosidl_generator_c
[1.612s] [ 20%] [34m[1mGenerating C introspection for ROS interfaces[0m
[1.612s] [ 20%] [34m[1mGenerating C type support dispatch for ROS interfaces[0m
[1.612s] [ 22%] [34m[1mGenerating C type support for eProsima Fast-RTPS[0m
[1.807s] [ 23%] [32mBuilding CXX object CMakeFiles/robot_msgs__rosidl_typesupport_cpp.dir/rosidl_typesupport_cpp/robot_msgs/msg/robot_state__type_support.cpp.o[0m
[1.807s] [ 26%] [32mBuilding CXX object CMakeFiles/robot_msgs__rosidl_typesupport_cpp.dir/rosidl_typesupport_cpp/robot_msgs/msg/motor_state__type_support.cpp.o[0m
[1.807s] [ 26%] [32mBuilding CXX object CMakeFiles/robot_msgs__rosidl_typesupport_cpp.dir/rosidl_typesupport_cpp/robot_msgs/msg/robot_command__type_support.cpp.o[0m
[1.808s] [ 28%] [32mBuilding CXX object CMakeFiles/robot_msgs__rosidl_typesupport_cpp.dir/rosidl_typesupport_cpp/robot_msgs/msg/imu__type_support.cpp.o[0m
[1.809s] [ 30%] [32mBuilding CXX object CMakeFiles/robot_msgs__rosidl_typesupport_cpp.dir/rosidl_typesupport_cpp/robot_msgs/msg/motor_command__type_support.cpp.o[0m
[1.853s] [ 31%] [32mBuilding CXX object CMakeFiles/robot_msgs__rosidl_typesupport_introspection_cpp.dir/rosidl_typesupport_introspection_cpp/robot_msgs/msg/detail/motor_command__type_support.cpp.o[0m
[1.853s] [ 33%] [32mBuilding CXX object CMakeFiles/robot_msgs__rosidl_typesupport_introspection_cpp.dir/rosidl_typesupport_introspection_cpp/robot_msgs/msg/detail/imu__type_support.cpp.o[0m
[1.853s] [ 34%] [32mBuilding CXX object CMakeFiles/robot_msgs__rosidl_typesupport_introspection_cpp.dir/rosidl_typesupport_introspection_cpp/robot_msgs/msg/detail/robot_state__type_support.cpp.o[0m
[1.853s] [ 38%] [32mBuilding CXX object CMakeFiles/robot_msgs__rosidl_typesupport_introspection_cpp.dir/rosidl_typesupport_introspection_cpp/robot_msgs/msg/detail/robot_command__type_support.cpp.o[0m
[1.853s] [ 38%] [32mBuilding CXX object CMakeFiles/robot_msgs__rosidl_typesupport_introspection_cpp.dir/rosidl_typesupport_introspection_cpp/robot_msgs/msg/detail/motor_state__type_support.cpp.o[0m
[1.919s] [ 39%] [32mBuilding CXX object CMakeFiles/robot_msgs__rosidl_typesupport_fastrtps_cpp.dir/rosidl_typesupport_fastrtps_cpp/robot_msgs/msg/detail/dds_fastrtps/robot_command__type_support.cpp.o[0m
[1.919s] [ 42%] [32mBuilding CXX object CMakeFiles/robot_msgs__rosidl_typesupport_fastrtps_cpp.dir/rosidl_typesupport_fastrtps_cpp/robot_msgs/msg/detail/dds_fastrtps/motor_state__type_support.cpp.o[0m
[1.919s] [ 42%] [32mBuilding CXX object CMakeFiles/robot_msgs__rosidl_typesupport_fastrtps_cpp.dir/rosidl_typesupport_fastrtps_cpp/robot_msgs/msg/detail/dds_fastrtps/motor_command__type_support.cpp.o[0m
[1.958s] [ 44%] [32mBuilding CXX object CMakeFiles/robot_msgs__rosidl_typesupport_c.dir/rosidl_typesupport_c/robot_msgs/msg/motor_command__type_support.cpp.o[0m
[2.021s] [ 46%] [32mBuilding CXX object CMakeFiles/robot_msgs__rosidl_typesupport_c.dir/rosidl_typesupport_c/robot_msgs/msg/motor_state__type_support.cpp.o[0m
[2.034s] [ 47%] [32mBuilding CXX object CMakeFiles/robot_msgs__rosidl_typesupport_c.dir/rosidl_typesupport_c/robot_msgs/msg/robot_command__type_support.cpp.o[0m
[2.039s] [ 49%] [32mBuilding CXX object CMakeFiles/robot_msgs__rosidl_typesupport_c.dir/rosidl_typesupport_c/robot_msgs/msg/robot_state__type_support.cpp.o[0m
[2.045s] [ 50%] [32mBuilding CXX object CMakeFiles/robot_msgs__rosidl_typesupport_c.dir/rosidl_typesupport_c/robot_msgs/msg/imu__type_support.cpp.o[0m
[2.047s] [ 52%] [32m[1mLinking CXX shared library librobot_msgs__rosidl_typesupport_cpp.so[0m
[2.052s] [ 53%] [32mBuilding CXX object CMakeFiles/robot_msgs__rosidl_typesupport_fastrtps_cpp.dir/rosidl_typesupport_fastrtps_cpp/robot_msgs/msg/detail/dds_fastrtps/robot_state__type_support.cpp.o[0m
[2.055s] [ 55%] [32mBuilding CXX object CMakeFiles/robot_msgs__rosidl_typesupport_fastrtps_cpp.dir/rosidl_typesupport_fastrtps_cpp/robot_msgs/msg/detail/dds_fastrtps/imu__type_support.cpp.o[0m
[2.075s] [ 57%] [32mBuilding C object CMakeFiles/robot_msgs__rosidl_typesupport_introspection_c.dir/rosidl_typesupport_introspection_c/robot_msgs/msg/detail/motor_command__type_support.c.o[0m
[2.079s] [ 58%] [32mBuilding C object CMakeFiles/robot_msgs__rosidl_typesupport_introspection_c.dir/rosidl_typesupport_introspection_c/robot_msgs/msg/detail/motor_state__type_support.c.o[0m
[2.081s] [ 60%] [32mBuilding C object CMakeFiles/robot_msgs__rosidl_typesupport_introspection_c.dir/rosidl_typesupport_introspection_c/robot_msgs/msg/detail/robot_command__type_support.c.o[0m
[2.082s] [ 61%] [32m[1mLinking CXX shared library librobot_msgs__rosidl_typesupport_c.so[0m
[2.104s] [ 61%] Built target robot_msgs__rosidl_typesupport_cpp
[2.108s] [ 65%] [32mBuilding CXX object CMakeFiles/robot_msgs__rosidl_typesupport_fastrtps_c.dir/rosidl_typesupport_fastrtps_c/robot_msgs/msg/detail/motor_command__type_support_c.cpp.o[0m
[2.108s] [ 65%] [32mBuilding C object CMakeFiles/robot_msgs__rosidl_typesupport_introspection_c.dir/rosidl_typesupport_introspection_c/robot_msgs/msg/detail/robot_state__type_support.c.o[0m
[2.114s] [ 66%] [32mBuilding C object CMakeFiles/robot_msgs__rosidl_typesupport_introspection_c.dir/rosidl_typesupport_introspection_c/robot_msgs/msg/detail/imu__type_support.c.o[0m
[2.118s] [ 68%] [32mBuilding CXX object CMakeFiles/robot_msgs__rosidl_typesupport_fastrtps_c.dir/rosidl_typesupport_fastrtps_c/robot_msgs/msg/detail/motor_state__type_support_c.cpp.o[0m
[2.118s] [ 69%] [32mBuilding CXX object CMakeFiles/robot_msgs__rosidl_typesupport_fastrtps_c.dir/rosidl_typesupport_fastrtps_c/robot_msgs/msg/detail/robot_command__type_support_c.cpp.o[0m
[2.142s] [ 69%] Built target robot_msgs__rosidl_typesupport_c
[2.153s] [ 71%] [32mBuilding CXX object CMakeFiles/robot_msgs__rosidl_typesupport_fastrtps_c.dir/rosidl_typesupport_fastrtps_c/robot_msgs/msg/detail/robot_state__type_support_c.cpp.o[0m
[2.158s] [ 74%] [32m[1mLinking C shared library librobot_msgs__rosidl_typesupport_introspection_c.so[0m
[2.158s] [ 74%] [32mBuilding CXX object CMakeFiles/robot_msgs__rosidl_typesupport_fastrtps_c.dir/rosidl_typesupport_fastrtps_c/robot_msgs/msg/detail/imu__type_support_c.cpp.o[0m
[2.196s] [ 74%] Built target robot_msgs__rosidl_typesupport_introspection_c
[2.228s] [ 76%] [32m[1mLinking CXX shared library librobot_msgs__rosidl_typesupport_introspection_cpp.so[0m
[2.291s] [ 76%] Built target robot_msgs__rosidl_typesupport_introspection_cpp
[2.377s] [ 77%] [32m[1mLinking CXX shared library librobot_msgs__rosidl_typesupport_fastrtps_cpp.so[0m
[2.401s] [ 79%] [32m[1mLinking CXX shared library librobot_msgs__rosidl_typesupport_fastrtps_c.so[0m
[2.436s] [ 79%] Built target robot_msgs__rosidl_typesupport_fastrtps_cpp
[2.462s] [ 79%] Built target robot_msgs__rosidl_typesupport_fastrtps_c
[2.480s] [ 79%] Built target robot_msgs
[2.498s] [ 80%] [34m[1mGenerating Python code for ROS interfaces[0m
[3.035s] [ 80%] Built target robot_msgs__py
[3.056s] [ 87%] [32mBuilding C object CMakeFiles/robot_msgs__rosidl_generator_py.dir/rosidl_generator_py/robot_msgs/msg/_motor_command_s.c.o[0m
[3.056s] [ 87%] [32mBuilding C object CMakeFiles/robot_msgs__rosidl_generator_py.dir/rosidl_generator_py/robot_msgs/msg/_imu_s.c.o[0m
[3.056s] [ 87%] [32mBuilding C object CMakeFiles/robot_msgs__rosidl_generator_py.dir/rosidl_generator_py/robot_msgs/msg/_robot_command_s.c.o[0m
[3.056s] [ 87%] [32mBuilding C object CMakeFiles/robot_msgs__rosidl_generator_py.dir/rosidl_generator_py/robot_msgs/msg/_robot_state_s.c.o[0m
[3.056s] [ 88%] [32mBuilding C object CMakeFiles/robot_msgs__rosidl_generator_py.dir/rosidl_generator_py/robot_msgs/msg/_motor_state_s.c.o[0m
[3.126s] [ 90%] [32m[1mLinking C shared library rosidl_generator_py/robot_msgs/librobot_msgs__rosidl_generator_py.so[0m
[3.162s] [ 90%] Built target robot_msgs__rosidl_generator_py
[3.179s] [ 92%] [32mBuilding C object CMakeFiles/robot_msgs__rosidl_typesupport_fastrtps_c__pyext.dir/rosidl_generator_py/robot_msgs/_robot_msgs_s.ep.rosidl_typesupport_fastrtps_c.c.o[0m
[3.179s] [ 93%] [32mBuilding C object CMakeFiles/robot_msgs__rosidl_typesupport_c__pyext.dir/rosidl_generator_py/robot_msgs/_robot_msgs_s.ep.rosidl_typesupport_c.c.o[0m
[3.179s] [ 95%] [32mBuilding C object CMakeFiles/robot_msgs__rosidl_typesupport_introspection_c__pyext.dir/rosidl_generator_py/robot_msgs/_robot_msgs_s.ep.rosidl_typesupport_introspection_c.c.o[0m
[3.249s] [ 98%] [32m[1mLinking C shared library rosidl_generator_py/robot_msgs/robot_msgs_s__rosidl_typesupport_c.cpython-310-x86_64-linux-gnu.so[0m
[3.249s] [ 98%] [32m[1mLinking C shared library rosidl_generator_py/robot_msgs/robot_msgs_s__rosidl_typesupport_introspection_c.cpython-310-x86_64-linux-gnu.so[0m
[3.249s] [100%] [32m[1mLinking C shared library rosidl_generator_py/robot_msgs/robot_msgs_s__rosidl_typesupport_fastrtps_c.cpython-310-x86_64-linux-gnu.so[0m
[3.277s] [100%] Built target robot_msgs__rosidl_typesupport_fastrtps_c__pyext
[3.277s] [100%] Built target robot_msgs__rosidl_typesupport_introspection_c__pyext
[3.278s] [100%] Built target robot_msgs__rosidl_typesupport_c__pyext
[3.287s] Invoked command in '/home/y/works/ARM-Sim2sim-Isaaclab-to-Gazebo/build/robot_msgs' returned '0': CMAKE_PREFIX_PATH=/opt/ros/humble /usr/bin/cmake --build /home/y/works/ARM-Sim2sim-Isaaclab-to-Gazebo/build/robot_msgs -- -j16 -l16
[3.288s] Invoking command in '/home/y/works/ARM-Sim2sim-Isaaclab-to-Gazebo/build/robot_msgs': CMAKE_PREFIX_PATH=/opt/ros/humble /usr/bin/cmake --install /home/y/works/ARM-Sim2sim-Isaaclab-to-Gazebo/build/robot_msgs
[3.295s] -- Install configuration: ""
[3.295s] -- Installing: /home/y/works/ARM-Sim2sim-Isaaclab-to-Gazebo/install/robot_msgs/share/ament_index/resource_index/rosidl_interfaces/robot_msgs
[3.295s] -- Installing: /home/y/works/ARM-Sim2sim-Isaaclab-to-Gazebo/install/robot_msgs/include/robot_msgs/robot_msgs
[3.295s] -- Installing: /home/y/works/ARM-Sim2sim-Isaaclab-to-Gazebo/install/robot_msgs/include/robot_msgs/robot_msgs/msg
[3.295s] -- Installing: /home/y/works/ARM-Sim2sim-Isaaclab-to-Gazebo/install/robot_msgs/include/robot_msgs/robot_msgs/msg/imu.h
[3.295s] -- Installing: /home/y/works/ARM-Sim2sim-Isaaclab-to-Gazebo/install/robot_msgs/include/robot_msgs/robot_msgs/msg/detail
[3.295s] -- Installing: /home/y/works/ARM-Sim2sim-Isaaclab-to-Gazebo/install/robot_msgs/include/robot_msgs/robot_msgs/msg/detail/motor_state__functions.h
[3.295s] -- Installing: /home/y/works/ARM-Sim2sim-Isaaclab-to-Gazebo/install/robot_msgs/include/robot_msgs/robot_msgs/msg/detail/robot_state__functions.h
[3.295s] -- Installing: /home/y/works/ARM-Sim2sim-Isaaclab-to-Gazebo/install/robot_msgs/include/robot_msgs/robot_msgs/msg/detail/robot_state__functions.c
[3.295s] -- Installing: /home/y/works/ARM-Sim2sim-Isaaclab-to-Gazebo/install/robot_msgs/include/robot_msgs/robot_msgs/msg/detail/motor_command__struct.h
[3.295s] -- Installing: /home/y/works/ARM-Sim2sim-Isaaclab-to-Gazebo/install/robot_msgs/include/robot_msgs/robot_msgs/msg/detail/imu__type_support.h
[3.295s] -- Installing: /home/y/works/ARM-Sim2sim-Isaaclab-to-Gazebo/install/robot_msgs/include/robot_msgs/robot_msgs/msg/detail/motor_state__functions.c
[3.296s] -- Installing: /home/y/works/ARM-Sim2sim-Isaaclab-to-Gazebo/install/robot_msgs/include/robot_msgs/robot_msgs/msg/detail/robot_command__functions.c
[3.296s] -- Installing: /home/y/works/ARM-Sim2sim-Isaaclab-to-Gazebo/install/robot_msgs/include/robot_msgs/robot_msgs/msg/detail/robot_command__struct.h
[3.296s] -- Installing: /home/y/works/ARM-Sim2sim-Isaaclab-to-Gazebo/install/robot_msgs/include/robot_msgs/robot_msgs/msg/detail/motor_command__functions.c
[3.296s] -- Installing: /home/y/works/ARM-Sim2sim-Isaaclab-to-Gazebo/install/robot_msgs/include/robot_msgs/robot_msgs/msg/detail/imu__functions.h
[3.296s] -- Installing: /home/y/works/ARM-Sim2sim-Isaaclab-to-Gazebo/install/robot_msgs/include/robot_msgs/robot_msgs/msg/detail/imu__struct.h
[3.296s] -- Installing: /home/y/works/ARM-Sim2sim-Isaaclab-to-Gazebo/install/robot_msgs/include/robot_msgs/robot_msgs/msg/detail/motor_state__struct.h
[3.296s] -- Installing: /home/y/works/ARM-Sim2sim-Isaaclab-to-Gazebo/install/robot_msgs/include/robot_msgs/robot_msgs/msg/detail/robot_state__type_support.h
[3.296s] -- Installing: /home/y/works/ARM-Sim2sim-Isaaclab-to-Gazebo/install/robot_msgs/include/robot_msgs/robot_msgs/msg/detail/robot_state__struct.h
[3.296s] -- Installing: /home/y/works/ARM-Sim2sim-Isaaclab-to-Gazebo/install/robot_msgs/include/robot_msgs/robot_msgs/msg/detail/motor_command__type_support.h
[3.296s] -- Installing: /home/y/works/ARM-Sim2sim-Isaaclab-to-Gazebo/install/robot_msgs/include/robot_msgs/robot_msgs/msg/detail/motor_state__type_support.h
[3.296s] -- Installing: /home/y/works/ARM-Sim2sim-Isaaclab-to-Gazebo/install/robot_msgs/include/robot_msgs/robot_msgs/msg/detail/robot_command__functions.h
[3.296s] -- Installing: /home/y/works/ARM-Sim2sim-Isaaclab-to-Gazebo/install/robot_msgs/include/robot_msgs/robot_msgs/msg/detail/imu__functions.c
[3.297s] -- Installing: /home/y/works/ARM-Sim2sim-Isaaclab-to-Gazebo/install/robot_msgs/include/robot_msgs/robot_msgs/msg/detail/motor_command__functions.h
[3.297s] -- Installing: /home/y/works/ARM-Sim2sim-Isaaclab-to-Gazebo/install/robot_msgs/include/robot_msgs/robot_msgs/msg/detail/robot_command__type_support.h
[3.297s] -- Installing: /home/y/works/ARM-Sim2sim-Isaaclab-to-Gazebo/install/robot_msgs/include/robot_msgs/robot_msgs/msg/robot_state.h
[3.297s] -- Installing: /home/y/works/ARM-Sim2sim-Isaaclab-to-Gazebo/install/robot_msgs/include/robot_msgs/robot_msgs/msg/robot_command.h
[3.297s] -- Installing: /home/y/works/ARM-Sim2sim-Isaaclab-to-Gazebo/install/robot_msgs/include/robot_msgs/robot_msgs/msg/motor_command.h
[3.297s] -- Installing: /home/y/works/ARM-Sim2sim-Isaaclab-to-Gazebo/install/robot_msgs/include/robot_msgs/robot_msgs/msg/motor_state.h
[3.297s] -- Installing: /home/y/works/ARM-Sim2sim-Isaaclab-to-Gazebo/install/robot_msgs/include/robot_msgs/robot_msgs/msg/rosidl_generator_c__visibility_control.h
[3.297s] -- Installing: /home/y/works/ARM-Sim2sim-Isaaclab-to-Gazebo/install/robot_msgs/share/robot_msgs/environment/library_path.sh
[3.297s] -- Installing: /home/y/works/ARM-Sim2sim-Isaaclab-to-Gazebo/install/robot_msgs/share/robot_msgs/environment/library_path.dsv
[3.297s] -- Installing: /home/y/works/ARM-Sim2sim-Isaaclab-to-Gazebo/install/robot_msgs/lib/librobot_msgs__rosidl_generator_c.so
[3.298s] -- Set runtime path of "/home/y/works/ARM-Sim2sim-Isaaclab-to-Gazebo/install/robot_msgs/lib/librobot_msgs__rosidl_generator_c.so" to ""
[3.298s] -- Up-to-date: /home/y/works/ARM-Sim2sim-Isaaclab-to-Gazebo/install/robot_msgs/include/robot_msgs/robot_msgs
[3.298s] -- Up-to-date: /home/y/works/ARM-Sim2sim-Isaaclab-to-Gazebo/install/robot_msgs/include/robot_msgs/robot_msgs/msg
[3.298s] -- Installing: /home/y/works/ARM-Sim2sim-Isaaclab-to-Gazebo/install/robot_msgs/include/robot_msgs/robot_msgs/msg/rosidl_typesupport_fastrtps_c__visibility_control.h
[3.298s] -- Up-to-date: /home/y/works/ARM-Sim2sim-Isaaclab-to-Gazebo/install/robot_msgs/include/robot_msgs/robot_msgs/msg/detail
[3.298s] -- Installing: /home/y/works/ARM-Sim2sim-Isaaclab-to-Gazebo/install/robot_msgs/include/robot_msgs/robot_msgs/msg/detail/robot_command__rosidl_typesupport_fastrtps_c.h
[3.298s] -- Installing: /home/y/works/ARM-Sim2sim-Isaaclab-to-Gazebo/install/robot_msgs/include/robot_msgs/robot_msgs/msg/detail/motor_command__rosidl_typesupport_fastrtps_c.h
[3.298s] -- Installing: /home/y/works/ARM-Sim2sim-Isaaclab-to-Gazebo/install/robot_msgs/include/robot_msgs/robot_msgs/msg/detail/imu__rosidl_typesupport_fastrtps_c.h
[3.298s] -- Installing: /home/y/works/ARM-Sim2sim-Isaaclab-to-Gazebo/install/robot_msgs/include/robot_msgs/robot_msgs/msg/detail/motor_state__rosidl_typesupport_fastrtps_c.h
[3.298s] -- Installing: /home/y/works/ARM-Sim2sim-Isaaclab-to-Gazebo/install/robot_msgs/include/robot_msgs/robot_msgs/msg/detail/robot_state__rosidl_typesupport_fastrtps_c.h
[3.298s] -- Installing: /home/y/works/ARM-Sim2sim-Isaaclab-to-Gazebo/install/robot_msgs/lib/librobot_msgs__rosidl_typesupport_fastrtps_c.so
[3.298s] -- Set runtime path of "/home/y/works/ARM-Sim2sim-Isaaclab-to-Gazebo/install/robot_msgs/lib/librobot_msgs__rosidl_typesupport_fastrtps_c.so" to ""
[3.299s] -- Up-to-date: /home/y/works/ARM-Sim2sim-Isaaclab-to-Gazebo/install/robot_msgs/include/robot_msgs/robot_msgs
[3.299s] -- Up-to-date: /home/y/works/ARM-Sim2sim-Isaaclab-to-Gazebo/install/robot_msgs/include/robot_msgs/robot_msgs/msg
[3.299s] -- Up-to-date: /home/y/works/ARM-Sim2sim-Isaaclab-to-Gazebo/install/robot_msgs/include/robot_msgs/robot_msgs/msg/detail
[3.299s] -- Installing: /home/y/works/ARM-Sim2sim-Isaaclab-to-Gazebo/install/robot_msgs/include/robot_msgs/robot_msgs/msg/detail/motor_state__type_support.c
[3.299s] -- Installing: /home/y/works/ARM-Sim2sim-Isaaclab-to-Gazebo/install/robot_msgs/include/robot_msgs/robot_msgs/msg/detail/robot_state__type_support.c
[3.299s] -- Installing: /home/y/works/ARM-Sim2sim-Isaaclab-to-Gazebo/install/robot_msgs/include/robot_msgs/robot_msgs/msg/detail/robot_state__rosidl_typesupport_introspection_c.h
[3.299s] -- Installing: /home/y/works/ARM-Sim2sim-Isaaclab-to-Gazebo/install/robot_msgs/include/robot_msgs/robot_msgs/msg/detail/imu__type_support.c
[3.299s] -- Installing: /home/y/works/ARM-Sim2sim-Isaaclab-to-Gazebo/install/robot_msgs/include/robot_msgs/robot_msgs/msg/detail/motor_state__rosidl_typesupport_introspection_c.h
[3.299s] -- Installing: /home/y/works/ARM-Sim2sim-Isaaclab-to-Gazebo/install/robot_msgs/include/robot_msgs/robot_msgs/msg/detail/imu__rosidl_typesupport_introspection_c.h
[3.299s] -- Installing: /home/y/works/ARM-Sim2sim-Isaaclab-to-Gazebo/install/robot_msgs/include/robot_msgs/robot_msgs/msg/detail/motor_command__rosidl_typesupport_introspection_c.h
[3.299s] -- Installing: /home/y/works/ARM-Sim2sim-Isaaclab-to-Gazebo/install/robot_msgs/include/robot_msgs/robot_msgs/msg/detail/robot_command__rosidl_typesupport_introspection_c.h
[3.299s] -- Installing: /home/y/works/ARM-Sim2sim-Isaaclab-to-Gazebo/install/robot_msgs/include/robot_msgs/robot_msgs/msg/detail/robot_command__type_support.c
[3.299s] -- Installing: /home/y/works/ARM-Sim2sim-Isaaclab-to-Gazebo/install/robot_msgs/include/robot_msgs/robot_msgs/msg/detail/motor_command__type_support.c
[3.300s] -- Installing: /home/y/works/ARM-Sim2sim-Isaaclab-to-Gazebo/install/robot_msgs/include/robot_msgs/robot_msgs/msg/rosidl_typesupport_introspection_c__visibility_control.h
[3.300s] -- Installing: /home/y/works/ARM-Sim2sim-Isaaclab-to-Gazebo/install/robot_msgs/lib/librobot_msgs__rosidl_typesupport_introspection_c.so
[3.300s] -- Set runtime path of "/home/y/works/ARM-Sim2sim-Isaaclab-to-Gazebo/install/robot_msgs/lib/librobot_msgs__rosidl_typesupport_introspection_c.so" to ""
[3.300s] -- Installing: /home/y/works/ARM-Sim2sim-Isaaclab-to-Gazebo/install/robot_msgs/lib/librobot_msgs__rosidl_typesupport_c.so
[3.300s] -- Set runtime path of "/home/y/works/ARM-Sim2sim-Isaaclab-to-Gazebo/install/robot_msgs/lib/librobot_msgs__rosidl_typesupport_c.so" to ""
[3.300s] -- Up-to-date: /home/y/works/ARM-Sim2sim-Isaaclab-to-Gazebo/install/robot_msgs/include/robot_msgs/robot_msgs
[3.300s] -- Up-to-date: /home/y/works/ARM-Sim2sim-Isaaclab-to-Gazebo/install/robot_msgs/include/robot_msgs/robot_msgs/msg
[3.300s] -- Up-to-date: /home/y/works/ARM-Sim2sim-Isaaclab-to-Gazebo/install/robot_msgs/include/robot_msgs/robot_msgs/msg/detail
[3.300s] -- Installing: /home/y/works/ARM-Sim2sim-Isaaclab-to-Gazebo/install/robot_msgs/include/robot_msgs/robot_msgs/msg/detail/robot_command__struct.hpp
[3.300s] -- Installing: /home/y/works/ARM-Sim2sim-Isaaclab-to-Gazebo/install/robot_msgs/include/robot_msgs/robot_msgs/msg/detail/robot_command__builder.hpp
[3.300s] -- Installing: /home/y/works/ARM-Sim2sim-Isaaclab-to-Gazebo/install/robot_msgs/include/robot_msgs/robot_msgs/msg/detail/robot_command__type_support.hpp
[3.300s] -- Installing: /home/y/works/ARM-Sim2sim-Isaaclab-to-Gazebo/install/robot_msgs/include/robot_msgs/robot_msgs/msg/detail/motor_command__type_support.hpp
[3.301s] -- Installing: /home/y/works/ARM-Sim2sim-Isaaclab-to-Gazebo/install/robot_msgs/include/robot_msgs/robot_msgs/msg/detail/robot_state__traits.hpp
[3.301s] -- Installing: /home/y/works/ARM-Sim2sim-Isaaclab-to-Gazebo/install/robot_msgs/include/robot_msgs/robot_msgs/msg/detail/imu__struct.hpp
[3.301s] -- Installing: /home/y/works/ARM-Sim2sim-Isaaclab-to-Gazebo/install/robot_msgs/include/robot_msgs/robot_msgs/msg/detail/robot_state__type_support.hpp
[3.301s] -- Installing: /home/y/works/ARM-Sim2sim-Isaaclab-to-Gazebo/install/robot_msgs/include/robot_msgs/robot_msgs/msg/detail/imu__builder.hpp
[3.301s] -- Installing: /home/y/works/ARM-Sim2sim-Isaaclab-to-Gazebo/install/robot_msgs/include/robot_msgs/robot_msgs/msg/detail/imu__type_support.hpp
[3.301s] -- Installing: /home/y/works/ARM-Sim2sim-Isaaclab-to-Gazebo/install/robot_msgs/include/robot_msgs/robot_msgs/msg/detail/motor_command__struct.hpp
[3.301s] -- Installing: /home/y/works/ARM-Sim2sim-Isaaclab-to-Gazebo/install/robot_msgs/include/robot_msgs/robot_msgs/msg/detail/imu__traits.hpp
[3.301s] -- Installing: /home/y/works/ARM-Sim2sim-Isaaclab-to-Gazebo/install/robot_msgs/include/robot_msgs/robot_msgs/msg/detail/motor_state__traits.hpp
[3.301s] -- Installing: /home/y/works/ARM-Sim2sim-Isaaclab-to-Gazebo/install/robot_msgs/include/robot_msgs/robot_msgs/msg/detail/motor_command__traits.hpp
[3.301s] -- Installing: /home/y/works/ARM-Sim2sim-Isaaclab-to-Gazebo/install/robot_msgs/include/robot_msgs/robot_msgs/msg/detail/robot_command__traits.hpp
[3.301s] -- Installing: /home/y/works/ARM-Sim2sim-Isaaclab-to-Gazebo/install/robot_msgs/include/robot_msgs/robot_msgs/msg/detail/motor_command__builder.hpp
[3.301s] -- Installing: /home/y/works/ARM-Sim2sim-Isaaclab-to-Gazebo/install/robot_msgs/include/robot_msgs/robot_msgs/msg/detail/robot_state__builder.hpp
[3.302s] -- Installing: /home/y/works/ARM-Sim2sim-Isaaclab-to-Gazebo/install/robot_msgs/include/robot_msgs/robot_msgs/msg/detail/motor_state__builder.hpp
[3.302s] -- Installing: /home/y/works/ARM-Sim2sim-Isaaclab-to-Gazebo/install/robot_msgs/include/robot_msgs/robot_msgs/msg/detail/robot_state__struct.hpp
[3.302s] -- Installing: /home/y/works/ARM-Sim2sim-Isaaclab-to-Gazebo/install/robot_msgs/include/robot_msgs/robot_msgs/msg/detail/motor_state__type_support.hpp
[3.302s] -- Installing: /home/y/works/ARM-Sim2sim-Isaaclab-to-Gazebo/install/robot_msgs/include/robot_msgs/robot_msgs/msg/detail/motor_state__struct.hpp
[3.302s] -- Installing: /home/y/works/ARM-Sim2sim-Isaaclab-to-Gazebo/install/robot_msgs/include/robot_msgs/robot_msgs/msg/motor_state.hpp
[3.302s] -- Installing: /home/y/works/ARM-Sim2sim-Isaaclab-to-Gazebo/install/robot_msgs/include/robot_msgs/robot_msgs/msg/robot_command.hpp
[3.302s] -- Installing: /home/y/works/ARM-Sim2sim-Isaaclab-to-Gazebo/install/robot_msgs/include/robot_msgs/robot_msgs/msg/robot_state.hpp
[3.302s] -- Installing: /home/y/works/ARM-Sim2sim-Isaaclab-to-Gazebo/install/robot_msgs/include/robot_msgs/robot_msgs/msg/imu.hpp
[3.302s] -- Installing: /home/y/works/ARM-Sim2sim-Isaaclab-to-Gazebo/install/robot_msgs/include/robot_msgs/robot_msgs/msg/rosidl_generator_cpp__visibility_control.hpp
[3.302s] -- Installing: /home/y/works/ARM-Sim2sim-Isaaclab-to-Gazebo/install/robot_msgs/include/robot_msgs/robot_msgs/msg/motor_command.hpp
[3.302s] -- Up-to-date: /home/y/works/ARM-Sim2sim-Isaaclab-to-Gazebo/install/robot_msgs/include/robot_msgs/robot_msgs
[3.302s] -- Up-to-date: /home/y/works/ARM-Sim2sim-Isaaclab-to-Gazebo/install/robot_msgs/include/robot_msgs/robot_msgs/msg
[3.302s] -- Up-to-date: /home/y/works/ARM-Sim2sim-Isaaclab-to-Gazebo/install/robot_msgs/include/robot_msgs/robot_msgs/msg/detail
[3.302s] -- Installing: /home/y/works/ARM-Sim2sim-Isaaclab-to-Gazebo/install/robot_msgs/include/robot_msgs/robot_msgs/msg/detail/imu__rosidl_typesupport_fastrtps_cpp.hpp
[3.303s] -- Installing: /home/y/works/ARM-Sim2sim-Isaaclab-to-Gazebo/install/robot_msgs/include/robot_msgs/robot_msgs/msg/detail/robot_state__rosidl_typesupport_fastrtps_cpp.hpp
[3.303s] -- Installing: /home/y/works/ARM-Sim2sim-Isaaclab-to-Gazebo/install/robot_msgs/include/robot_msgs/robot_msgs/msg/detail/motor_command__rosidl_typesupport_fastrtps_cpp.hpp
[3.303s] -- Installing: /home/y/works/ARM-Sim2sim-Isaaclab-to-Gazebo/install/robot_msgs/include/robot_msgs/robot_msgs/msg/detail/dds_fastrtps
[3.303s] -- Installing: /home/y/works/ARM-Sim2sim-Isaaclab-to-Gazebo/install/robot_msgs/include/robot_msgs/robot_msgs/msg/detail/motor_state__rosidl_typesupport_fastrtps_cpp.hpp
[3.303s] -- Installing: /home/y/works/ARM-Sim2sim-Isaaclab-to-Gazebo/install/robot_msgs/include/robot_msgs/robot_msgs/msg/detail/robot_command__rosidl_typesupport_fastrtps_cpp.hpp
[3.303s] -- Installing: /home/y/works/ARM-Sim2sim-Isaaclab-to-Gazebo/install/robot_msgs/include/robot_msgs/robot_msgs/msg/rosidl_typesupport_fastrtps_cpp__visibility_control.h
[3.303s] -- Installing: /home/y/works/ARM-Sim2sim-Isaaclab-to-Gazebo/install/robot_msgs/lib/librobot_msgs__rosidl_typesupport_fastrtps_cpp.so
[3.303s] -- Set runtime path of "/home/y/works/ARM-Sim2sim-Isaaclab-to-Gazebo/install/robot_msgs/lib/librobot_msgs__rosidl_typesupport_fastrtps_cpp.so" to ""
[3.303s] -- Up-to-date: /home/y/works/ARM-Sim2sim-Isaaclab-to-Gazebo/install/robot_msgs/include/robot_msgs/robot_msgs
[3.303s] -- Up-to-date: /home/y/works/ARM-Sim2sim-Isaaclab-to-Gazebo/install/robot_msgs/include/robot_msgs/robot_msgs/msg
[3.303s] -- Up-to-date: /home/y/works/ARM-Sim2sim-Isaaclab-to-Gazebo/install/robot_msgs/include/robot_msgs/robot_msgs/msg/detail
[3.303s] -- Installing: /home/y/works/ARM-Sim2sim-Isaaclab-to-Gazebo/install/robot_msgs/include/robot_msgs/robot_msgs/msg/detail/robot_state__rosidl_typesupport_introspection_cpp.hpp
[3.304s] -- Installing: /home/y/works/ARM-Sim2sim-Isaaclab-to-Gazebo/install/robot_msgs/include/robot_msgs/robot_msgs/msg/detail/motor_command__rosidl_typesupport_introspection_cpp.hpp
[3.304s] -- Installing: /home/y/works/ARM-Sim2sim-Isaaclab-to-Gazebo/install/robot_msgs/include/robot_msgs/robot_msgs/msg/detail/robot_command__rosidl_typesupport_introspection_cpp.hpp
[3.304s] -- Installing: /home/y/works/ARM-Sim2sim-Isaaclab-to-Gazebo/install/robot_msgs/include/robot_msgs/robot_msgs/msg/detail/motor_state__rosidl_typesupport_introspection_cpp.hpp
[3.304s] -- Installing: /home/y/works/ARM-Sim2sim-Isaaclab-to-Gazebo/install/robot_msgs/include/robot_msgs/robot_msgs/msg/detail/robot_command__type_support.cpp
[3.304s] -- Installing: /home/y/works/ARM-Sim2sim-Isaaclab-to-Gazebo/install/robot_msgs/include/robot_msgs/robot_msgs/msg/detail/motor_command__type_support.cpp
[3.304s] -- Installing: /home/y/works/ARM-Sim2sim-Isaaclab-to-Gazebo/install/robot_msgs/include/robot_msgs/robot_msgs/msg/detail/imu__rosidl_typesupport_introspection_cpp.hpp
[3.304s] -- Installing: /home/y/works/ARM-Sim2sim-Isaaclab-to-Gazebo/install/robot_msgs/include/robot_msgs/robot_msgs/msg/detail/imu__type_support.cpp
[3.304s] -- Installing: /home/y/works/ARM-Sim2sim-Isaaclab-to-Gazebo/install/robot_msgs/include/robot_msgs/robot_msgs/msg/detail/motor_state__type_support.cpp
[3.304s] -- Installing: /home/y/works/ARM-Sim2sim-Isaaclab-to-Gazebo/install/robot_msgs/include/robot_msgs/robot_msgs/msg/detail/robot_state__type_support.cpp
[3.304s] -- Installing: /home/y/works/ARM-Sim2sim-Isaaclab-to-Gazebo/install/robot_msgs/lib/librobot_msgs__rosidl_typesupport_introspection_cpp.so
[3.305s] -- Set runtime path of "/home/y/works/ARM-Sim2sim-Isaaclab-to-Gazebo/install/robot_msgs/lib/librobot_msgs__rosidl_typesupport_introspection_cpp.so" to ""
[3.305s] -- Installing: /home/y/works/ARM-Sim2sim-Isaaclab-to-Gazebo/install/robot_msgs/lib/librobot_msgs__rosidl_typesupport_cpp.so
[3.305s] -- Set runtime path of "/home/y/works/ARM-Sim2sim-Isaaclab-to-Gazebo/install/robot_msgs/lib/librobot_msgs__rosidl_typesupport_cpp.so" to ""
[3.305s] -- Installing: /home/y/works/ARM-Sim2sim-Isaaclab-to-Gazebo/install/robot_msgs/share/robot_msgs/environment/pythonpath.sh
[3.305s] -- Installing: /home/y/works/ARM-Sim2sim-Isaaclab-to-Gazebo/install/robot_msgs/share/robot_msgs/environment/pythonpath.dsv
[3.305s] -- Installing: /home/y/works/ARM-Sim2sim-Isaaclab-to-Gazebo/install/robot_msgs/local/lib/python3.10/dist-packages/robot_msgs-1.0.0-py3.10.egg-info
[3.305s] -- Installing: /home/y/works/ARM-Sim2sim-Isaaclab-to-Gazebo/install/robot_msgs/local/lib/python3.10/dist-packages/robot_msgs-1.0.0-py3.10.egg-info/SOURCES.txt
[3.305s] -- Installing: /home/y/works/ARM-Sim2sim-Isaaclab-to-Gazebo/install/robot_msgs/local/lib/python3.10/dist-packages/robot_msgs-1.0.0-py3.10.egg-info/top_level.txt
[3.305s] -- Installing: /home/y/works/ARM-Sim2sim-Isaaclab-to-Gazebo/install/robot_msgs/local/lib/python3.10/dist-packages/robot_msgs-1.0.0-py3.10.egg-info/PKG-INFO
[3.305s] -- Installing: /home/y/works/ARM-Sim2sim-Isaaclab-to-Gazebo/install/robot_msgs/local/lib/python3.10/dist-packages/robot_msgs-1.0.0-py3.10.egg-info/dependency_links.txt
[3.306s] -- Installing: /home/y/works/ARM-Sim2sim-Isaaclab-to-Gazebo/install/robot_msgs/local/lib/python3.10/dist-packages/robot_msgs
[3.306s] -- Installing: /home/y/works/ARM-Sim2sim-Isaaclab-to-Gazebo/install/robot_msgs/local/lib/python3.10/dist-packages/robot_msgs/robot_msgs_s__rosidl_typesupport_introspection_c.cpython-310-x86_64-linux-gnu.so
[3.306s] -- Installing: /home/y/works/ARM-Sim2sim-Isaaclab-to-Gazebo/install/robot_msgs/local/lib/python3.10/dist-packages/robot_msgs/__init__.py
[3.306s] -- Installing: /home/y/works/ARM-Sim2sim-Isaaclab-to-Gazebo/install/robot_msgs/local/lib/python3.10/dist-packages/robot_msgs/_robot_msgs_s.ep.rosidl_typesupport_c.c
[3.306s] -- Installing: /home/y/works/ARM-Sim2sim-Isaaclab-to-Gazebo/install/robot_msgs/local/lib/python3.10/dist-packages/robot_msgs/_robot_msgs_s.ep.rosidl_typesupport_fastrtps_c.c
[3.306s] -- Installing: /home/y/works/ARM-Sim2sim-Isaaclab-to-Gazebo/install/robot_msgs/local/lib/python3.10/dist-packages/robot_msgs/librobot_msgs__rosidl_generator_py.so
[3.306s] -- Installing: /home/y/works/ARM-Sim2sim-Isaaclab-to-Gazebo/install/robot_msgs/local/lib/python3.10/dist-packages/robot_msgs/_robot_msgs_s.ep.rosidl_typesupport_introspection_c.c
[3.306s] -- Installing: /home/y/works/ARM-Sim2sim-Isaaclab-to-Gazebo/install/robot_msgs/local/lib/python3.10/dist-packages/robot_msgs/msg
[3.306s] -- Installing: /home/y/works/ARM-Sim2sim-Isaaclab-to-Gazebo/install/robot_msgs/local/lib/python3.10/dist-packages/robot_msgs/msg/__init__.py
[3.306s] -- Installing: /home/y/works/ARM-Sim2sim-Isaaclab-to-Gazebo/install/robot_msgs/local/lib/python3.10/dist-packages/robot_msgs/msg/_imu_s.c
[3.306s] -- Installing: /home/y/works/ARM-Sim2sim-Isaaclab-to-Gazebo/install/robot_msgs/local/lib/python3.10/dist-packages/robot_msgs/msg/_robot_state.py
[3.307s] -- Installing: /home/y/works/ARM-Sim2sim-Isaaclab-to-Gazebo/install/robot_msgs/local/lib/python3.10/dist-packages/robot_msgs/msg/_robot_state_s.c
[3.307s] -- Installing: /home/y/works/ARM-Sim2sim-Isaaclab-to-Gazebo/install/robot_msgs/local/lib/python3.10/dist-packages/robot_msgs/msg/_imu.py
[3.307s] -- Installing: /home/y/works/ARM-Sim2sim-Isaaclab-to-Gazebo/install/robot_msgs/local/lib/python3.10/dist-packages/robot_msgs/msg/_motor_state.py
[3.307s] -- Installing: /home/y/works/ARM-Sim2sim-Isaaclab-to-Gazebo/install/robot_msgs/local/lib/python3.10/dist-packages/robot_msgs/msg/_robot_command_s.c
[3.307s] -- Installing: /home/y/works/ARM-Sim2sim-Isaaclab-to-Gazebo/install/robot_msgs/local/lib/python3.10/dist-packages/robot_msgs/msg/_robot_command.py
[3.307s] -- Installing: /home/y/works/ARM-Sim2sim-Isaaclab-to-Gazebo/install/robot_msgs/local/lib/python3.10/dist-packages/robot_msgs/msg/_motor_command.py
[3.307s] -- Installing: /home/y/works/ARM-Sim2sim-Isaaclab-to-Gazebo/install/robot_msgs/local/lib/python3.10/dist-packages/robot_msgs/msg/_motor_state_s.c
[3.307s] -- Installing: /home/y/works/ARM-Sim2sim-Isaaclab-to-Gazebo/install/robot_msgs/local/lib/python3.10/dist-packages/robot_msgs/msg/_motor_command_s.c
[3.307s] -- Installing: /home/y/works/ARM-Sim2sim-Isaaclab-to-Gazebo/install/robot_msgs/local/lib/python3.10/dist-packages/robot_msgs/robot_msgs_s__rosidl_typesupport_fastrtps_c.cpython-310-x86_64-linux-gnu.so
[3.307s] -- Installing: /home/y/works/ARM-Sim2sim-Isaaclab-to-Gazebo/install/robot_msgs/local/lib/python3.10/dist-packages/robot_msgs/robot_msgs_s__rosidl_typesupport_c.cpython-310-x86_64-linux-gnu.so
[3.331s] Listing '/home/y/works/ARM-Sim2sim-Isaaclab-to-Gazebo/install/robot_msgs/local/lib/python3.10/dist-packages/robot_msgs'...
[3.331s] Compiling '/home/y/works/ARM-Sim2sim-Isaaclab-to-Gazebo/install/robot_msgs/local/lib/python3.10/dist-packages/robot_msgs/__init__.py'...
[3.331s] Listing '/home/y/works/ARM-Sim2sim-Isaaclab-to-Gazebo/install/robot_msgs/local/lib/python3.10/dist-packages/robot_msgs/msg'...
[3.332s] Compiling '/home/y/works/ARM-Sim2sim-Isaaclab-to-Gazebo/install/robot_msgs/local/lib/python3.10/dist-packages/robot_msgs/msg/__init__.py'...
[3.332s] Compiling '/home/y/works/ARM-Sim2sim-Isaaclab-to-Gazebo/install/robot_msgs/local/lib/python3.10/dist-packages/robot_msgs/msg/_imu.py'...
[3.332s] Compiling '/home/y/works/ARM-Sim2sim-Isaaclab-to-Gazebo/install/robot_msgs/local/lib/python3.10/dist-packages/robot_msgs/msg/_motor_command.py'...
[3.332s] Compiling '/home/y/works/ARM-Sim2sim-Isaaclab-to-Gazebo/install/robot_msgs/local/lib/python3.10/dist-packages/robot_msgs/msg/_motor_state.py'...
[3.332s] Compiling '/home/y/works/ARM-Sim2sim-Isaaclab-to-Gazebo/install/robot_msgs/local/lib/python3.10/dist-packages/robot_msgs/msg/_robot_command.py'...
[3.332s] Compiling '/home/y/works/ARM-Sim2sim-Isaaclab-to-Gazebo/install/robot_msgs/local/lib/python3.10/dist-packages/robot_msgs/msg/_robot_state.py'...
[3.336s] -- Installing: /home/y/works/ARM-Sim2sim-Isaaclab-to-Gazebo/install/robot_msgs/local/lib/python3.10/dist-packages/robot_msgs/robot_msgs_s__rosidl_typesupport_fastrtps_c.cpython-310-x86_64-linux-gnu.so
[3.337s] -- Set runtime path of "/home/y/works/ARM-Sim2sim-Isaaclab-to-Gazebo/install/robot_msgs/local/lib/python3.10/dist-packages/robot_msgs/robot_msgs_s__rosidl_typesupport_fastrtps_c.cpython-310-x86_64-linux-gnu.so" to ""
[3.337s] -- Installing: /home/y/works/ARM-Sim2sim-Isaaclab-to-Gazebo/install/robot_msgs/local/lib/python3.10/dist-packages/robot_msgs/robot_msgs_s__rosidl_typesupport_introspection_c.cpython-310-x86_64-linux-gnu.so
[3.337s] -- Set runtime path of "/home/y/works/ARM-Sim2sim-Isaaclab-to-Gazebo/install/robot_msgs/local/lib/python3.10/dist-packages/robot_msgs/robot_msgs_s__rosidl_typesupport_introspection_c.cpython-310-x86_64-linux-gnu.so" to ""
[3.337s] -- Installing: /home/y/works/ARM-Sim2sim-Isaaclab-to-Gazebo/install/robot_msgs/local/lib/python3.10/dist-packages/robot_msgs/robot_msgs_s__rosidl_typesupport_c.cpython-310-x86_64-linux-gnu.so
[3.338s] -- Set runtime path of "/home/y/works/ARM-Sim2sim-Isaaclab-to-Gazebo/install/robot_msgs/local/lib/python3.10/dist-packages/robot_msgs/robot_msgs_s__rosidl_typesupport_c.cpython-310-x86_64-linux-gnu.so" to ""
[3.338s] -- Installing: /home/y/works/ARM-Sim2sim-Isaaclab-to-Gazebo/install/robot_msgs/lib/librobot_msgs__rosidl_generator_py.so
[3.338s] -- Set runtime path of "/home/y/works/ARM-Sim2sim-Isaaclab-to-Gazebo/install/robot_msgs/lib/librobot_msgs__rosidl_generator_py.so" to ""
[3.338s] -- Installing: /home/y/works/ARM-Sim2sim-Isaaclab-to-Gazebo/install/robot_msgs/share/robot_msgs/msg/MotorCommand.idl
[3.338s] -- Installing: /home/y/works/ARM-Sim2sim-Isaaclab-to-Gazebo/install/robot_msgs/share/robot_msgs/msg/MotorState.idl
[3.338s] -- Installing: /home/y/works/ARM-Sim2sim-Isaaclab-to-Gazebo/install/robot_msgs/share/robot_msgs/msg/RobotCommand.idl
[3.338s] -- Installing: /home/y/works/ARM-Sim2sim-Isaaclab-to-Gazebo/install/robot_msgs/share/robot_msgs/msg/RobotState.idl
[3.338s] -- Installing: /home/y/works/ARM-Sim2sim-Isaaclab-to-Gazebo/install/robot_msgs/share/robot_msgs/msg/IMU.idl
[3.338s] -- Installing: /home/y/works/ARM-Sim2sim-Isaaclab-to-Gazebo/install/robot_msgs/share/robot_msgs/msg/MotorCommand.msg
[3.339s] -- Installing: /home/y/works/ARM-Sim2sim-Isaaclab-to-Gazebo/install/robot_msgs/share/robot_msgs/msg/MotorState.msg
[3.339s] -- Installing: /home/y/works/ARM-Sim2sim-Isaaclab-to-Gazebo/install/robot_msgs/share/robot_msgs/msg/RobotCommand.msg
[3.339s] -- Installing: /home/y/works/ARM-Sim2sim-Isaaclab-to-Gazebo/install/robot_msgs/share/robot_msgs/msg/RobotState.msg
[3.339s] -- Installing: /home/y/works/ARM-Sim2sim-Isaaclab-to-Gazebo/install/robot_msgs/share/robot_msgs/msg/IMU.msg
[3.339s] -- Installing: /home/y/works/ARM-Sim2sim-Isaaclab-to-Gazebo/install/robot_msgs/share/ament_index/resource_index/package_run_dependencies/robot_msgs
[3.339s] -- Installing: /home/y/works/ARM-Sim2sim-Isaaclab-to-Gazebo/install/robot_msgs/share/ament_index/resource_index/parent_prefix_path/robot_msgs
[3.339s] -- Installing: /home/y/works/ARM-Sim2sim-Isaaclab-to-Gazebo/install/robot_msgs/share/robot_msgs/environment/ament_prefix_path.sh
[3.339s] -- Installing: /home/y/works/ARM-Sim2sim-Isaaclab-to-Gazebo/install/robot_msgs/share/robot_msgs/environment/ament_prefix_path.dsv
[3.339s] -- Installing: /home/y/works/ARM-Sim2sim-Isaaclab-to-Gazebo/install/robot_msgs/share/robot_msgs/environment/path.sh
[3.339s] -- Installing: /home/y/works/ARM-Sim2sim-Isaaclab-to-Gazebo/install/robot_msgs/share/robot_msgs/environment/path.dsv
[3.340s] -- Installing: /home/y/works/ARM-Sim2sim-Isaaclab-to-Gazebo/install/robot_msgs/share/robot_msgs/local_setup.bash
[3.340s] -- Installing: /home/y/works/ARM-Sim2sim-Isaaclab-to-Gazebo/install/robot_msgs/share/robot_msgs/local_setup.sh
[3.340s] -- Installing: /home/y/works/ARM-Sim2sim-Isaaclab-to-Gazebo/install/robot_msgs/share/robot_msgs/local_setup.zsh
[3.340s] -- Installing: /home/y/works/ARM-Sim2sim-Isaaclab-to-Gazebo/install/robot_msgs/share/robot_msgs/local_setup.dsv
[3.340s] -- Installing: /home/y/works/ARM-Sim2sim-Isaaclab-to-Gazebo/install/robot_msgs/share/robot_msgs/package.dsv
[3.340s] -- Installing: /home/y/works/ARM-Sim2sim-Isaaclab-to-Gazebo/install/robot_msgs/share/ament_index/resource_index/packages/robot_msgs
[3.340s] -- Installing: /home/y/works/ARM-Sim2sim-Isaaclab-to-Gazebo/install/robot_msgs/share/robot_msgs/cmake/export_robot_msgs__rosidl_generator_cExport.cmake
[3.340s] -- Installing: /home/y/works/ARM-Sim2sim-Isaaclab-to-Gazebo/install/robot_msgs/share/robot_msgs/cmake/export_robot_msgs__rosidl_generator_cExport-noconfig.cmake
[3.340s] -- Installing: /home/y/works/ARM-Sim2sim-Isaaclab-to-Gazebo/install/robot_msgs/share/robot_msgs/cmake/export_robot_msgs__rosidl_typesupport_fastrtps_cExport.cmake
[3.341s] -- Installing: /home/y/works/ARM-Sim2sim-Isaaclab-to-Gazebo/install/robot_msgs/share/robot_msgs/cmake/export_robot_msgs__rosidl_typesupport_fastrtps_cExport-noconfig.cmake
[3.341s] -- Installing: /home/y/works/ARM-Sim2sim-Isaaclab-to-Gazebo/install/robot_msgs/share/robot_msgs/cmake/robot_msgs__rosidl_typesupport_introspection_cExport.cmake
[3.341s] -- Installing: /home/y/works/ARM-Sim2sim-Isaaclab-to-Gazebo/install/robot_msgs/share/robot_msgs/cmake/robot_msgs__rosidl_typesupport_introspection_cExport-noconfig.cmake
[3.341s] -- Installing: /home/y/works/ARM-Sim2sim-Isaaclab-to-Gazebo/install/robot_msgs/share/robot_msgs/cmake/robot_msgs__rosidl_typesupport_cExport.cmake
[3.341s] -- Installing: /home/y/works/ARM-Sim2sim-Isaaclab-to-Gazebo/install/robot_msgs/share/robot_msgs/cmake/robot_msgs__rosidl_typesupport_cExport-noconfig.cmake
[3.341s] -- Installing: /home/y/works/ARM-Sim2sim-Isaaclab-to-Gazebo/install/robot_msgs/share/robot_msgs/cmake/export_robot_msgs__rosidl_generator_cppExport.cmake
[3.341s] -- Installing: /home/y/works/ARM-Sim2sim-Isaaclab-to-Gazebo/install/robot_msgs/share/robot_msgs/cmake/export_robot_msgs__rosidl_typesupport_fastrtps_cppExport.cmake
[3.341s] -- Installing: /home/y/works/ARM-Sim2sim-Isaaclab-to-Gazebo/install/robot_msgs/share/robot_msgs/cmake/export_robot_msgs__rosidl_typesupport_fastrtps_cppExport-noconfig.cmake
[3.341s] -- Installing: /home/y/works/ARM-Sim2sim-Isaaclab-to-Gazebo/install/robot_msgs/share/robot_msgs/cmake/robot_msgs__rosidl_typesupport_introspection_cppExport.cmake
[3.341s] -- Installing: /home/y/works/ARM-Sim2sim-Isaaclab-to-Gazebo/install/robot_msgs/share/robot_msgs/cmake/robot_msgs__rosidl_typesupport_introspection_cppExport-noconfig.cmake
[3.342s] -- Installing: /home/y/works/ARM-Sim2sim-Isaaclab-to-Gazebo/install/robot_msgs/share/robot_msgs/cmake/robot_msgs__rosidl_typesupport_cppExport.cmake
[3.342s] -- Installing: /home/y/works/ARM-Sim2sim-Isaaclab-to-Gazebo/install/robot_msgs/share/robot_msgs/cmake/robot_msgs__rosidl_typesupport_cppExport-noconfig.cmake
[3.342s] -- Installing: /home/y/works/ARM-Sim2sim-Isaaclab-to-Gazebo/install/robot_msgs/share/robot_msgs/cmake/export_robot_msgs__rosidl_generator_pyExport.cmake
[3.342s] -- Installing: /home/y/works/ARM-Sim2sim-Isaaclab-to-Gazebo/install/robot_msgs/share/robot_msgs/cmake/export_robot_msgs__rosidl_generator_pyExport-noconfig.cmake
[3.342s] -- Installing: /home/y/works/ARM-Sim2sim-Isaaclab-to-Gazebo/install/robot_msgs/share/robot_msgs/cmake/rosidl_cmake-extras.cmake
[3.342s] -- Installing: /home/y/works/ARM-Sim2sim-Isaaclab-to-Gazebo/install/robot_msgs/share/robot_msgs/cmake/ament_cmake_export_dependencies-extras.cmake
[3.342s] -- Installing: /home/y/works/ARM-Sim2sim-Isaaclab-to-Gazebo/install/robot_msgs/share/robot_msgs/cmake/ament_cmake_export_include_directories-extras.cmake
[3.342s] -- Installing: /home/y/works/ARM-Sim2sim-Isaaclab-to-Gazebo/install/robot_msgs/share/robot_msgs/cmake/ament_cmake_export_libraries-extras.cmake
[3.343s] -- Installing: /home/y/works/ARM-Sim2sim-Isaaclab-to-Gazebo/install/robot_msgs/share/robot_msgs/cmake/ament_cmake_export_targets-extras.cmake
[3.343s] -- Installing: /home/y/works/ARM-Sim2sim-Isaaclab-to-Gazebo/install/robot_msgs/share/robot_msgs/cmake/rosidl_cmake_export_typesupport_targets-extras.cmake
[3.343s] -- Installing: /home/y/works/ARM-Sim2sim-Isaaclab-to-Gazebo/install/robot_msgs/share/robot_msgs/cmake/rosidl_cmake_export_typesupport_libraries-extras.cmake
[3.343s] -- Installing: /home/y/works/ARM-Sim2sim-Isaaclab-to-Gazebo/install/robot_msgs/share/robot_msgs/cmake/robot_msgsConfig.cmake
[3.343s] -- Installing: /home/y/works/ARM-Sim2sim-Isaaclab-to-Gazebo/install/robot_msgs/share/robot_msgs/cmake/robot_msgsConfig-version.cmake
[3.343s] -- Installing: /home/y/works/ARM-Sim2sim-Isaaclab-to-Gazebo/install/robot_msgs/share/robot_msgs/package.xml
[3.346s] Invoked command in '/home/y/works/ARM-Sim2sim-Isaaclab-to-Gazebo/build/robot_msgs' returned '0': CMAKE_PREFIX_PATH=/opt/ros/humble /usr/bin/cmake --install /home/y/works/ARM-Sim2sim-Isaaclab-to-Gazebo/build/robot_msgs
