[0.000000] (-) TimerEvent: {}
[0.000457] (-) JobUnselected: {'identifier': 'arm_description'}
[0.000602] (-) JobUnselected: {'identifier': 'arm_rl_sim'}
[0.000623] (-) JobUnselected: {'identifier': 'robot_joint_controller'}
[0.000638] (robot_msgs) JobQueued: {'identifier': 'robot_msgs', 'dependencies': OrderedDict()}
[0.000650] (robot_msgs) JobStarted: {'identifier': 'robot_msgs'}
[0.006518] (robot_msgs) JobProgress: {'identifier': 'robot_msgs', 'progress': 'cmake'}
[0.007289] (robot_msgs) Command: {'cmd': ['/usr/bin/cmake', '/home/y/works/ARM-Sim2sim-Isaaclab-to-Gazebo/src/robot_msgs', '-DAMENT_CMAKE_SYMLINK_INSTALL=1', '-DCMAKE_INSTALL_PREFIX=/home/y/works/ARM-Sim2sim-Isaaclab-to-Gazebo/install/robot_msgs'], 'cwd': '/home/y/works/ARM-Sim2sim-Isaaclab-to-Gazebo/build/robot_msgs', 'env': OrderedDict([('LESSOPEN', '| /usr/bin/lesspipe %s'), ('VSCODE_CWD', '/home/y/works/ARM-Sim2sim-Isaaclab-to-Gazebo'), ('VSCODE_ESM_ENTRYPOINT', 'vs/workbench/api/node/extensionHostProcess'), ('LANGUAGE', 'zh_CN:en_US:en'), ('USER', 'y'), ('LC_TIME', 'zh_CN.UTF-8'), ('VSCODE_NLS_CONFIG', '{"userLocale":"zh-cn","osLocale":"zh-cn","resolvedLanguage":"zh-cn","defaultMessagesFile":"/usr/share/cursor/resources/app/out/nls.messages.json","languagePack":{"translationsConfigFile":"/home/y/.config/Cursor/clp/6fe284ae87274d9cb2cdffc89b193492.zh-cn/tcf.json","messagesFile":"/home/y/.config/Cursor/clp/6fe284ae87274d9cb2cdffc89b193492.zh-cn/df79b2380cd32922cad03529b0dc0c946c311850/nls.messages.json","corruptMarkerFile":"/home/y/.config/Cursor/clp/6fe284ae87274d9cb2cdffc89b193492.zh-cn/corrupted.info"},"locale":"zh-cn","availableLanguages":{"*":"zh-cn"},"_languagePackId":"6fe284ae87274d9cb2cdffc89b193492.zh-cn","_languagePackSupport":true,"_translationsConfigFile":"/home/y/.config/Cursor/clp/6fe284ae87274d9cb2cdffc89b193492.zh-cn/tcf.json","_cacheRoot":"/home/y/.config/Cursor/clp/6fe284ae87274d9cb2cdffc89b193492.zh-cn","_resolvedLanguagePackCoreLocation":"/home/y/.config/Cursor/clp/6fe284ae87274d9cb2cdffc89b193492.zh-cn/df79b2380cd32922cad03529b0dc0c946c311850","_corruptedFile":"/home/y/.config/Cursor/clp/6fe284ae87274d9cb2cdffc89b193492.zh-cn/corrupted.info"}'), ('VSCODE_HANDLES_UNCAUGHT_ERRORS', 'true'), ('XDG_SESSION_TYPE', 'x11'), ('SHLVL', '2'), ('LD_LIBRARY_PATH', '/home/y/works/ARM-Sim2sim-Isaaclab-to-Gazebo/install/robot_joint_controller/lib:/home/y/works/ARM-Sim2sim-Isaaclab-to-Gazebo/install/robot_msgs/lib:/usr/local/cuda-12.4/lib64:/usr/lib/x86_64-linux-gnu/gazebo-11/plugins:/opt/ros/humble/opt/rviz_ogre_vendor/lib:/opt/ros/humble/lib/x86_64-linux-gnu:/opt/ros/humble/lib:/usr/local/cuda-12.4/lib64::/usr/share/gazebo/../../lib/x86_64-linux-gnu/gazebo-11/plugins::/usr/share/gazebo/../../lib/x86_64-linux-gnu/gazebo-11/plugins:/usr/share/gazebo/../../lib/x86_64-linux-gnu/gazebo-11/plugins:'), ('HOME', '/home/y'), ('CHROME_DESKTOP', 'cursor.desktop'), ('CONDA_SHLVL', '0'), ('OLDPWD', '/home/y/works/ARM-Sim2sim-Isaaclab-to-Gazebo'), ('DESKTOP_SESSION', 'ubuntu'), ('VSCODE_IPC_HOOK', '/run/user/1000/vscode-0c8af7b7-1.7.-main.sock'), ('GAZEBO_MASTER_URI', 'http://localhost:11345'), ('APPLICATION_INSIGHTS_NO_DIAGNOSTIC_CHANNEL', '1'), ('ROS_PYTHON_VERSION', '3'), ('GNOME_SHELL_SESSION_MODE', 'ubuntu'), ('GTK_MODULES', 'gail:atk-bridge'), ('LC_MONETARY', 'zh_CN.UTF-8'), ('DBUS_STARTER_BUS_TYPE', 'session'), ('SYSTEMD_EXEC_PID', '1522'), ('NO_COLOR', '1'), ('DBUS_SESSION_BUS_ADDRESS', 'unix:path=/run/user/1000/bus,guid=40f1875da67fde962b64bcaf68f1e1a3'), ('COLORTERM', 'truecolor'), ('_CE_M', ''), ('VSCODE_CRASH_REPORTER_PROCESS_TYPE', 'extensionHost'), ('VSCODE_L10N_BUNDLE_LOCATION', 'file:///home/y/.cursor/extensions/ms-ceintl.vscode-language-pack-zh-hans-1.99.0-universal/translations/extensions/vscode.markdown-language-features.i18n.json'), ('COLCON_PREFIX_PATH', '/home/y/works/ARM-Sim2sim-Isaaclab-to-Gazebo/install'), ('ROS_DISTRO', 'humble'), ('GTK_IM_MODULE', 'ibus'), ('LOGNAME', 'y'), ('FORCE_COLOR', '0'), ('_', '/usr/bin/colcon'), ('ROS_VERSION', '2'), ('XDG_SESSION_CLASS', 'user'), ('APPLICATIONINSIGHTS_CONFIGURATION_CONTENT', '{}'), ('USERNAME', 'y'), ('TERM', 'dumb'), ('GAZEBO_MODEL_PATH', '/usr/share/gazebo/../../share/gazebo-11/models:/usr/share/gazebo/../../share/gazebo-11/models:'), ('GNOME_DESKTOP_SESSION_ID', 'this-is-deprecated'), ('_CE_CONDA', ''), ('ROS_LOCALHOST_ONLY', '0'), ('COMPOSER_NO_INTERACTION', '1'), ('WINDOWPATH', '2'), ('OGRE_RESOURCE_PATH', '/usr/lib/x86_64-linux-gnu/OGRE-1.9.0'), ('PATH', '/home/y/.local/bin:/usr/local/cuda-12.4/bin:/opt/ros/humble/bin:/home/y/miniforge3/condabin:/usr/local/cuda-12.4/bin:/home/y/.local/bin:/usr/local/sbin:/usr/local/bin:/usr/sbin:/usr/bin:/sbin:/bin:/usr/games:/usr/local/games:/snap/bin:/snap/bin'), ('SESSION_MANAGER', 'local/YY:@/tmp/.ICE-unix/1522,unix/YY:/tmp/.ICE-unix/1522'), ('PAPERSIZE', 'a4'), ('XDG_MENU_PREFIX', 'gnome-'), ('LC_ADDRESS', 'zh_CN.UTF-8'), ('VSCODE_PROCESS_TITLE', 'extension-host  [1-2]'), ('GNOME_TERMINAL_SCREEN', '/org/gnome/Terminal/screen/4f41d521_c9c9_4506_bf8c_82c6813067a5'), ('XDG_RUNTIME_DIR', '/run/user/1000'), ('GDK_BACKEND', 'x11'), ('CURSOR_AGENT', '1'), ('DISPLAY', ':0'), ('LANG', 'zh_CN.UTF-8'), ('XDG_CURRENT_DESKTOP', 'Unity'), ('LC_TELEPHONE', 'zh_CN.UTF-8'), ('XMODIFIERS', '@im=ibus'), ('XDG_SESSION_DESKTOP', 'ubuntu'), ('XAUTHORITY', '/run/user/1000/gdm/Xauthority'), ('LS_COLORS', ''), ('GNOME_TERMINAL_SERVICE', ':1.132'), ('CURSOR_TRACE_ID', 'f162c85b085f4e89b450be07ef673d9d'), ('SSH_AGENT_LAUNCHER', 'gnome-keyring'), ('SSH_AUTH_SOCK', '/run/user/1000/keyring/ssh'), ('AMENT_PREFIX_PATH', '/home/y/works/ARM-Sim2sim-Isaaclab-to-Gazebo/install/arm_rl_sim:/home/y/works/ARM-Sim2sim-Isaaclab-to-Gazebo/install/robot_joint_controller:/home/y/works/ARM-Sim2sim-Isaaclab-to-Gazebo/install/robot_msgs:/home/y/works/ARM-Sim2sim-Isaaclab-to-Gazebo/install/arm_description:/opt/ros/humble'), ('CURSOR_CLI_MODE', 'local'), ('CONDA_PYTHON_EXE', '/home/y/miniforge3/bin/python'), ('ORIGINAL_XDG_CURRENT_DESKTOP', 'ubuntu:GNOME'), ('SHELL', '/bin/bash'), ('LC_NAME', 'zh_CN.UTF-8'), ('QT_ACCESSIBILITY', '1'), ('CURSOR_CLI', 'ELECTRON_RUN_AS_NODE=1 "/usr/share/cursor/bin/../cursor" "/usr/share/cursor/bin/../resources/app/out/cli.js"'), ('GDMSESSION', 'ubuntu'), ('LESSCLOSE', '/usr/bin/lesspipe %s %s'), ('LC_MEASUREMENT', 'zh_CN.UTF-8'), ('GPG_AGENT_INFO', '/run/user/1000/gnupg/S.gpg-agent:0:1'), ('GAZEBO_RESOURCE_PATH', '/usr/share/gazebo/../../share/gazebo-11:/usr/share/gazebo/../../share/gazebo-11:'), ('LC_IDENTIFICATION', 'zh_CN.UTF-8'), ('GAZEBO_MODEL_DATABASE_URI', 'http://models.gazebosim.org'), ('QT_IM_MODULE', 'ibus'), ('PWD', '/home/y/works/ARM-Sim2sim-Isaaclab-to-Gazebo/build/robot_msgs'), ('VSCODE_CLI', '1'), ('CUDA_HOME', '/usr/local/cuda-12.4'), ('XDG_CONFIG_DIRS', '/etc/xdg/xdg-ubuntu:/etc/xdg'), ('CONDA_EXE', '/home/y/miniforge3/bin/conda'), ('VSCODE_CODE_CACHE_PATH', '/home/y/.config/Cursor/CachedData/df79b2380cd32922cad03529b0dc0c946c311850'), ('GAZEBO_PLUGIN_PATH', '/usr/share/gazebo/../../lib/x86_64-linux-gnu/gazebo-11/plugins:/usr/share/gazebo/../../lib/x86_64-linux-gnu/gazebo-11/plugins:'), ('DBUS_STARTER_ADDRESS', 'unix:path=/run/user/1000/bus,guid=40f1875da67fde962b64bcaf68f1e1a3'), ('XDG_DATA_DIRS', '/usr/share/ubuntu:/usr/share/gnome:/usr/local/share/:/usr/share/:/var/lib/snapd/desktop'), ('PYTHONPATH', '/home/y/works/ARM-Sim2sim-Isaaclab-to-Gazebo/install/robot_msgs/local/lib/python3.10/dist-packages:/opt/ros/humble/lib/python3.10/site-packages:/opt/ros/humble/local/lib/python3.10/dist-packages::/home/y/Desktop/rl/Isaac-RL-Two-wheel-Legged-Bot:/home/y/Desktop/rl/Isaac-RL-Two-wheel-Legged-Bot'), ('LC_NUMERIC', 'zh_CN.UTF-8'), ('LC_PAPER', 'zh_CN.UTF-8'), ('COLCON', '1'), ('VTE_VERSION', '6800'), ('ELECTRON_NO_ATTACH_CONSOLE', '1'), ('CMAKE_PREFIX_PATH', '/home/y/works/ARM-Sim2sim-Isaaclab-to-Gazebo/install/arm_rl_sim:/home/y/works/ARM-Sim2sim-Isaaclab-to-Gazebo/install/robot_joint_controller:/home/y/works/ARM-Sim2sim-Isaaclab-to-Gazebo/install/robot_msgs:/home/y/works/ARM-Sim2sim-Isaaclab-to-Gazebo/install/arm_description:/opt/ros/humble'), ('VSCODE_PID', '8728')]), 'shell': False}
[0.071941] (robot_msgs) StdoutLine: {'line': b'-- The C compiler identification is GNU 11.4.0\n'}
[0.099210] (-) TimerEvent: {}
[0.113693] (robot_msgs) StdoutLine: {'line': b'-- The CXX compiler identification is GNU 11.4.0\n'}
[0.119660] (robot_msgs) StdoutLine: {'line': b'-- Detecting C compiler ABI info\n'}
[0.180460] (robot_msgs) StdoutLine: {'line': b'-- Detecting C compiler ABI info - done\n'}
[0.184561] (robot_msgs) StdoutLine: {'line': b'-- Check for working C compiler: /usr/bin/cc - skipped\n'}
[0.184773] (robot_msgs) StdoutLine: {'line': b'-- Detecting C compile features\n'}
[0.184929] (robot_msgs) StdoutLine: {'line': b'-- Detecting C compile features - done\n'}
[0.186629] (robot_msgs) StdoutLine: {'line': b'-- Detecting CXX compiler ABI info\n'}
[0.199312] (-) TimerEvent: {}
[0.257790] (robot_msgs) StdoutLine: {'line': b'-- Detecting CXX compiler ABI info - done\n'}
[0.262996] (robot_msgs) StdoutLine: {'line': b'-- Check for working CXX compiler: /usr/bin/c++ - skipped\n'}
[0.263162] (robot_msgs) StdoutLine: {'line': b'-- Detecting CXX compile features\n'}
[0.263387] (robot_msgs) StdoutLine: {'line': b'-- Detecting CXX compile features - done\n'}
[0.265543] (robot_msgs) StdoutLine: {'line': b'-- Found ament_cmake: 1.3.12 (/opt/ros/humble/share/ament_cmake/cmake)\n'}
[0.299407] (-) TimerEvent: {}
[0.389378] (robot_msgs) StdoutLine: {'line': b'-- Found Python3: /usr/bin/python3 (found version "3.10.12") found components: Interpreter \n'}
[0.399541] (-) TimerEvent: {}
[0.437008] (robot_msgs) StdoutLine: {'line': b'-- Override CMake install command with custom implementation using symlinks instead of copying resources\n'}
[0.465773] (robot_msgs) StdoutLine: {'line': b'-- Found rosidl_default_generators: 1.2.0 (/opt/ros/humble/share/rosidl_default_generators/cmake)\n'}
[0.467933] (robot_msgs) StdoutLine: {'line': b'-- Using all available rosidl_typesupport_c: rosidl_typesupport_fastrtps_c;rosidl_typesupport_introspection_c\n'}
[0.473789] (robot_msgs) StdoutLine: {'line': b'-- Found rosidl_adapter: 3.1.7 (/opt/ros/humble/share/rosidl_adapter/cmake)\n'}
[0.499671] (-) TimerEvent: {}
[0.506716] (robot_msgs) StdoutLine: {'line': b'-- Using all available rosidl_typesupport_cpp: rosidl_typesupport_fastrtps_cpp;rosidl_typesupport_introspection_cpp\n'}
[0.533134] (robot_msgs) StdoutLine: {'line': b'-- Found std_msgs: 4.9.0 (/opt/ros/humble/share/std_msgs/cmake)\n'}
[0.550828] (robot_msgs) StdoutLine: {'line': b'-- Found geometry_msgs: 4.9.0 (/opt/ros/humble/share/geometry_msgs/cmake)\n'}
[0.599805] (-) TimerEvent: {}
[0.700022] (-) TimerEvent: {}
[0.784447] (robot_msgs) StdoutLine: {'line': b'-- Found ament_cmake_ros: 0.10.0 (/opt/ros/humble/share/ament_cmake_ros/cmake)\n'}
[0.800127] (-) TimerEvent: {}
[0.900278] (-) TimerEvent: {}
[0.967603] (robot_msgs) StdoutLine: {'line': b'-- Using all available rosidl_typesupport_c: rosidl_typesupport_fastrtps_c;rosidl_typesupport_introspection_c\n'}
[1.000372] (-) TimerEvent: {}
[1.100553] (-) TimerEvent: {}
[1.200756] (-) TimerEvent: {}
[1.248575] (robot_msgs) StdoutLine: {'line': b'-- Using all available rosidl_typesupport_cpp: rosidl_typesupport_fastrtps_cpp;rosidl_typesupport_introspection_cpp\n'}
[1.266058] (robot_msgs) StdoutLine: {'line': b'-- Found PythonInterp: /usr/bin/python3 (found suitable version "3.10.12", minimum required is "3.6") \n'}
[1.267536] (robot_msgs) StdoutLine: {'line': b'-- Found python_cmake_module: 0.10.0 (/opt/ros/humble/share/python_cmake_module/cmake)\n'}
[1.289196] (robot_msgs) StdoutLine: {'line': b'-- Found PythonLibs: /usr/lib/x86_64-linux-gnu/libpython3.10.so (found suitable version "3.10.12", minimum required is "3.5") \n'}
[1.289409] (robot_msgs) StdoutLine: {'line': b'-- Using PYTHON_EXECUTABLE: /usr/bin/python3\n'}
[1.289459] (robot_msgs) StdoutLine: {'line': b'-- Using PYTHON_INCLUDE_DIRS: /usr/include/python3.10\n'}
[1.289500] (robot_msgs) StdoutLine: {'line': b'-- Using PYTHON_LIBRARIES: /usr/lib/x86_64-linux-gnu/libpython3.10.so\n'}
[1.300847] (-) TimerEvent: {}
[1.304190] (robot_msgs) StdoutLine: {'line': b'-- Found PythonExtra: .so  \n'}
[1.352438] (robot_msgs) StdoutLine: {'line': b'-- Configuring done\n'}
[1.381022] (robot_msgs) StdoutLine: {'line': b'-- Generating done\n'}
[1.388881] (robot_msgs) StdoutLine: {'line': b'-- Build files have been written to: /home/y/works/ARM-Sim2sim-Isaaclab-to-Gazebo/build/robot_msgs\n'}
[1.395705] (robot_msgs) CommandEnded: {'returncode': 0}
[1.396890] (robot_msgs) JobProgress: {'identifier': 'robot_msgs', 'progress': 'build'}
[1.396927] (robot_msgs) Command: {'cmd': ['/usr/bin/cmake', '--build', '/home/y/works/ARM-Sim2sim-Isaaclab-to-Gazebo/build/robot_msgs', '--', '-j16', '-l16'], 'cwd': '/home/y/works/ARM-Sim2sim-Isaaclab-to-Gazebo/build/robot_msgs', 'env': OrderedDict([('LESSOPEN', '| /usr/bin/lesspipe %s'), ('VSCODE_CWD', '/home/y/works/ARM-Sim2sim-Isaaclab-to-Gazebo'), ('VSCODE_ESM_ENTRYPOINT', 'vs/workbench/api/node/extensionHostProcess'), ('LANGUAGE', 'zh_CN:en_US:en'), ('USER', 'y'), ('LC_TIME', 'zh_CN.UTF-8'), ('VSCODE_NLS_CONFIG', '{"userLocale":"zh-cn","osLocale":"zh-cn","resolvedLanguage":"zh-cn","defaultMessagesFile":"/usr/share/cursor/resources/app/out/nls.messages.json","languagePack":{"translationsConfigFile":"/home/y/.config/Cursor/clp/6fe284ae87274d9cb2cdffc89b193492.zh-cn/tcf.json","messagesFile":"/home/y/.config/Cursor/clp/6fe284ae87274d9cb2cdffc89b193492.zh-cn/df79b2380cd32922cad03529b0dc0c946c311850/nls.messages.json","corruptMarkerFile":"/home/y/.config/Cursor/clp/6fe284ae87274d9cb2cdffc89b193492.zh-cn/corrupted.info"},"locale":"zh-cn","availableLanguages":{"*":"zh-cn"},"_languagePackId":"6fe284ae87274d9cb2cdffc89b193492.zh-cn","_languagePackSupport":true,"_translationsConfigFile":"/home/y/.config/Cursor/clp/6fe284ae87274d9cb2cdffc89b193492.zh-cn/tcf.json","_cacheRoot":"/home/y/.config/Cursor/clp/6fe284ae87274d9cb2cdffc89b193492.zh-cn","_resolvedLanguagePackCoreLocation":"/home/y/.config/Cursor/clp/6fe284ae87274d9cb2cdffc89b193492.zh-cn/df79b2380cd32922cad03529b0dc0c946c311850","_corruptedFile":"/home/y/.config/Cursor/clp/6fe284ae87274d9cb2cdffc89b193492.zh-cn/corrupted.info"}'), ('VSCODE_HANDLES_UNCAUGHT_ERRORS', 'true'), ('XDG_SESSION_TYPE', 'x11'), ('SHLVL', '2'), ('LD_LIBRARY_PATH', '/home/y/works/ARM-Sim2sim-Isaaclab-to-Gazebo/install/robot_joint_controller/lib:/home/y/works/ARM-Sim2sim-Isaaclab-to-Gazebo/install/robot_msgs/lib:/usr/local/cuda-12.4/lib64:/usr/lib/x86_64-linux-gnu/gazebo-11/plugins:/opt/ros/humble/opt/rviz_ogre_vendor/lib:/opt/ros/humble/lib/x86_64-linux-gnu:/opt/ros/humble/lib:/usr/local/cuda-12.4/lib64::/usr/share/gazebo/../../lib/x86_64-linux-gnu/gazebo-11/plugins::/usr/share/gazebo/../../lib/x86_64-linux-gnu/gazebo-11/plugins:/usr/share/gazebo/../../lib/x86_64-linux-gnu/gazebo-11/plugins:'), ('HOME', '/home/y'), ('CHROME_DESKTOP', 'cursor.desktop'), ('CONDA_SHLVL', '0'), ('OLDPWD', '/home/y/works/ARM-Sim2sim-Isaaclab-to-Gazebo'), ('DESKTOP_SESSION', 'ubuntu'), ('VSCODE_IPC_HOOK', '/run/user/1000/vscode-0c8af7b7-1.7.-main.sock'), ('GAZEBO_MASTER_URI', 'http://localhost:11345'), ('APPLICATION_INSIGHTS_NO_DIAGNOSTIC_CHANNEL', '1'), ('ROS_PYTHON_VERSION', '3'), ('GNOME_SHELL_SESSION_MODE', 'ubuntu'), ('GTK_MODULES', 'gail:atk-bridge'), ('LC_MONETARY', 'zh_CN.UTF-8'), ('DBUS_STARTER_BUS_TYPE', 'session'), ('SYSTEMD_EXEC_PID', '1522'), ('NO_COLOR', '1'), ('DBUS_SESSION_BUS_ADDRESS', 'unix:path=/run/user/1000/bus,guid=40f1875da67fde962b64bcaf68f1e1a3'), ('COLORTERM', 'truecolor'), ('_CE_M', ''), ('VSCODE_CRASH_REPORTER_PROCESS_TYPE', 'extensionHost'), ('VSCODE_L10N_BUNDLE_LOCATION', 'file:///home/y/.cursor/extensions/ms-ceintl.vscode-language-pack-zh-hans-1.99.0-universal/translations/extensions/vscode.markdown-language-features.i18n.json'), ('COLCON_PREFIX_PATH', '/home/y/works/ARM-Sim2sim-Isaaclab-to-Gazebo/install'), ('ROS_DISTRO', 'humble'), ('GTK_IM_MODULE', 'ibus'), ('LOGNAME', 'y'), ('FORCE_COLOR', '0'), ('_', '/usr/bin/colcon'), ('ROS_VERSION', '2'), ('XDG_SESSION_CLASS', 'user'), ('APPLICATIONINSIGHTS_CONFIGURATION_CONTENT', '{}'), ('USERNAME', 'y'), ('TERM', 'dumb'), ('GAZEBO_MODEL_PATH', '/usr/share/gazebo/../../share/gazebo-11/models:/usr/share/gazebo/../../share/gazebo-11/models:'), ('GNOME_DESKTOP_SESSION_ID', 'this-is-deprecated'), ('_CE_CONDA', ''), ('ROS_LOCALHOST_ONLY', '0'), ('COMPOSER_NO_INTERACTION', '1'), ('WINDOWPATH', '2'), ('OGRE_RESOURCE_PATH', '/usr/lib/x86_64-linux-gnu/OGRE-1.9.0'), ('PATH', '/home/y/.local/bin:/usr/local/cuda-12.4/bin:/opt/ros/humble/bin:/home/y/miniforge3/condabin:/usr/local/cuda-12.4/bin:/home/y/.local/bin:/usr/local/sbin:/usr/local/bin:/usr/sbin:/usr/bin:/sbin:/bin:/usr/games:/usr/local/games:/snap/bin:/snap/bin'), ('SESSION_MANAGER', 'local/YY:@/tmp/.ICE-unix/1522,unix/YY:/tmp/.ICE-unix/1522'), ('PAPERSIZE', 'a4'), ('XDG_MENU_PREFIX', 'gnome-'), ('LC_ADDRESS', 'zh_CN.UTF-8'), ('VSCODE_PROCESS_TITLE', 'extension-host  [1-2]'), ('GNOME_TERMINAL_SCREEN', '/org/gnome/Terminal/screen/4f41d521_c9c9_4506_bf8c_82c6813067a5'), ('XDG_RUNTIME_DIR', '/run/user/1000'), ('GDK_BACKEND', 'x11'), ('CURSOR_AGENT', '1'), ('DISPLAY', ':0'), ('LANG', 'zh_CN.UTF-8'), ('XDG_CURRENT_DESKTOP', 'Unity'), ('LC_TELEPHONE', 'zh_CN.UTF-8'), ('XMODIFIERS', '@im=ibus'), ('XDG_SESSION_DESKTOP', 'ubuntu'), ('XAUTHORITY', '/run/user/1000/gdm/Xauthority'), ('LS_COLORS', ''), ('GNOME_TERMINAL_SERVICE', ':1.132'), ('CURSOR_TRACE_ID', 'f162c85b085f4e89b450be07ef673d9d'), ('SSH_AGENT_LAUNCHER', 'gnome-keyring'), ('SSH_AUTH_SOCK', '/run/user/1000/keyring/ssh'), ('AMENT_PREFIX_PATH', '/home/y/works/ARM-Sim2sim-Isaaclab-to-Gazebo/install/arm_rl_sim:/home/y/works/ARM-Sim2sim-Isaaclab-to-Gazebo/install/robot_joint_controller:/home/y/works/ARM-Sim2sim-Isaaclab-to-Gazebo/install/robot_msgs:/home/y/works/ARM-Sim2sim-Isaaclab-to-Gazebo/install/arm_description:/opt/ros/humble'), ('CURSOR_CLI_MODE', 'local'), ('CONDA_PYTHON_EXE', '/home/y/miniforge3/bin/python'), ('ORIGINAL_XDG_CURRENT_DESKTOP', 'ubuntu:GNOME'), ('SHELL', '/bin/bash'), ('LC_NAME', 'zh_CN.UTF-8'), ('QT_ACCESSIBILITY', '1'), ('CURSOR_CLI', 'ELECTRON_RUN_AS_NODE=1 "/usr/share/cursor/bin/../cursor" "/usr/share/cursor/bin/../resources/app/out/cli.js"'), ('GDMSESSION', 'ubuntu'), ('LESSCLOSE', '/usr/bin/lesspipe %s %s'), ('LC_MEASUREMENT', 'zh_CN.UTF-8'), ('GPG_AGENT_INFO', '/run/user/1000/gnupg/S.gpg-agent:0:1'), ('GAZEBO_RESOURCE_PATH', '/usr/share/gazebo/../../share/gazebo-11:/usr/share/gazebo/../../share/gazebo-11:'), ('LC_IDENTIFICATION', 'zh_CN.UTF-8'), ('GAZEBO_MODEL_DATABASE_URI', 'http://models.gazebosim.org'), ('QT_IM_MODULE', 'ibus'), ('PWD', '/home/y/works/ARM-Sim2sim-Isaaclab-to-Gazebo/build/robot_msgs'), ('VSCODE_CLI', '1'), ('CUDA_HOME', '/usr/local/cuda-12.4'), ('XDG_CONFIG_DIRS', '/etc/xdg/xdg-ubuntu:/etc/xdg'), ('CONDA_EXE', '/home/y/miniforge3/bin/conda'), ('VSCODE_CODE_CACHE_PATH', '/home/y/.config/Cursor/CachedData/df79b2380cd32922cad03529b0dc0c946c311850'), ('GAZEBO_PLUGIN_PATH', '/usr/share/gazebo/../../lib/x86_64-linux-gnu/gazebo-11/plugins:/usr/share/gazebo/../../lib/x86_64-linux-gnu/gazebo-11/plugins:'), ('DBUS_STARTER_ADDRESS', 'unix:path=/run/user/1000/bus,guid=40f1875da67fde962b64bcaf68f1e1a3'), ('XDG_DATA_DIRS', '/usr/share/ubuntu:/usr/share/gnome:/usr/local/share/:/usr/share/:/var/lib/snapd/desktop'), ('PYTHONPATH', '/home/y/works/ARM-Sim2sim-Isaaclab-to-Gazebo/install/robot_msgs/local/lib/python3.10/dist-packages:/opt/ros/humble/lib/python3.10/site-packages:/opt/ros/humble/local/lib/python3.10/dist-packages::/home/y/Desktop/rl/Isaac-RL-Two-wheel-Legged-Bot:/home/y/Desktop/rl/Isaac-RL-Two-wheel-Legged-Bot'), ('LC_NUMERIC', 'zh_CN.UTF-8'), ('LC_PAPER', 'zh_CN.UTF-8'), ('COLCON', '1'), ('VTE_VERSION', '6800'), ('ELECTRON_NO_ATTACH_CONSOLE', '1'), ('CMAKE_PREFIX_PATH', '/home/y/works/ARM-Sim2sim-Isaaclab-to-Gazebo/install/arm_rl_sim:/home/y/works/ARM-Sim2sim-Isaaclab-to-Gazebo/install/robot_joint_controller:/home/y/works/ARM-Sim2sim-Isaaclab-to-Gazebo/install/robot_msgs:/home/y/works/ARM-Sim2sim-Isaaclab-to-Gazebo/install/arm_description:/opt/ros/humble'), ('VSCODE_PID', '8728')]), 'shell': False}
[1.400911] (-) TimerEvent: {}
[1.431840] (robot_msgs) StdoutLine: {'line': b'[  1%] Generating C code for ROS interfaces\n'}
[1.440306] (robot_msgs) StdoutLine: {'line': b'[  2%] Generating C++ code for ROS interfaces\n'}
[1.448402] (robot_msgs) StdoutLine: {'line': b'[  2%] Built target ament_cmake_python_symlink_robot_msgs\n'}
[1.501006] (-) TimerEvent: {}
[1.594545] (robot_msgs) StdoutLine: {'line': b'running egg_info\n'}
[1.594948] (robot_msgs) StdoutLine: {'line': b'creating robot_msgs.egg-info\n'}
[1.595164] (robot_msgs) StdoutLine: {'line': b'writing robot_msgs.egg-info/PKG-INFO\n'}
[1.595246] (robot_msgs) StdoutLine: {'line': b'writing dependency_links to robot_msgs.egg-info/dependency_links.txt\n'}
[1.595364] (robot_msgs) StdoutLine: {'line': b'writing top-level names to robot_msgs.egg-info/top_level.txt\n'}
[1.595409] (robot_msgs) StdoutLine: {'line': b"writing manifest file 'robot_msgs.egg-info/SOURCES.txt'\n"}
[1.596499] (robot_msgs) StdoutLine: {'line': b"reading manifest file 'robot_msgs.egg-info/SOURCES.txt'\n"}
[1.596739] (robot_msgs) StdoutLine: {'line': b"writing manifest file 'robot_msgs.egg-info/SOURCES.txt'\n"}
[1.601108] (-) TimerEvent: {}
[1.617166] (robot_msgs) StdoutLine: {'line': b'[  2%] Built target ament_cmake_python_build_robot_msgs_egg\n'}
[1.701218] (-) TimerEvent: {}
[1.801447] (-) TimerEvent: {}
[1.901648] (-) TimerEvent: {}
[1.903976] (robot_msgs) StdoutLine: {'line': b'[  4%] Building C object CMakeFiles/robot_msgs__rosidl_generator_c.dir/rosidl_generator_c/robot_msgs/msg/detail/motor_command__functions.c.o\n'}
[1.906658] (robot_msgs) StdoutLine: {'line': b'[  7%] Building C object CMakeFiles/robot_msgs__rosidl_generator_c.dir/rosidl_generator_c/robot_msgs/msg/detail/robot_command__functions.c.o\n'}
[1.906830] (robot_msgs) StdoutLine: {'line': b'[  7%] Building C object CMakeFiles/robot_msgs__rosidl_generator_c.dir/rosidl_generator_c/robot_msgs/msg/detail/motor_state__functions.c.o\n'}
[1.907093] (robot_msgs) StdoutLine: {'line': b'[  8%] Building C object CMakeFiles/robot_msgs__rosidl_generator_c.dir/rosidl_generator_c/robot_msgs/msg/detail/robot_state__functions.c.o\n'}
[1.907603] (robot_msgs) StdoutLine: {'line': b'[  9%] Building C object CMakeFiles/robot_msgs__rosidl_generator_c.dir/rosidl_generator_c/robot_msgs/msg/detail/imu__functions.c.o\n'}
[1.908838] (robot_msgs) StdoutLine: {'line': b'[ 11%] Building C object CMakeFiles/robot_msgs__rosidl_generator_c.dir/rosidl_generator_c/robot_msgs/msg/detail/arm_debug_status__functions.c.o\n'}
[1.913364] (robot_msgs) StdoutLine: {'line': b'[ 11%] Built target robot_msgs__cpp\n'}
[1.924467] (robot_msgs) StdoutLine: {'line': b'[ 14%] Generating C++ type support for eProsima Fast-RTPS\n'}
[1.924710] (robot_msgs) StdoutLine: {'line': b'[ 12%] Generating C++ introspection for ROS interfaces\n'}
[1.924843] (robot_msgs) StdoutLine: {'line': b'[ 15%] Generating C++ type support dispatch for ROS interfaces\n'}
[1.959335] (robot_msgs) StdoutLine: {'line': b'[ 16%] Linking C shared library librobot_msgs__rosidl_generator_c.so\n'}
[1.996479] (robot_msgs) StdoutLine: {'line': b'[ 16%] Built target robot_msgs__rosidl_generator_c\n'}
[2.001714] (-) TimerEvent: {}
[2.006561] (robot_msgs) StdoutLine: {'line': b'[ 21%] Generating C introspection for ROS interfaces\n'}
[2.006713] (robot_msgs) StdoutLine: {'line': b'[ 21%] Generating C type support for eProsima Fast-RTPS\n'}
[2.006779] (robot_msgs) StdoutLine: {'line': b'[ 21%] Generating C type support dispatch for ROS interfaces\n'}
[2.101848] (-) TimerEvent: {}
[2.202072] (-) TimerEvent: {}
[2.302304] (-) TimerEvent: {}
[2.355040] (robot_msgs) StdoutLine: {'line': b'[ 23%] Building CXX object CMakeFiles/robot_msgs__rosidl_typesupport_cpp.dir/rosidl_typesupport_cpp/robot_msgs/msg/imu__type_support.cpp.o\n'}
[2.355296] (robot_msgs) StdoutLine: {'line': b'[ 23%] Building CXX object CMakeFiles/robot_msgs__rosidl_typesupport_cpp.dir/rosidl_typesupport_cpp/robot_msgs/msg/robot_command__type_support.cpp.o\n'}
[2.355367] (robot_msgs) StdoutLine: {'line': b'[ 25%] Building CXX object CMakeFiles/robot_msgs__rosidl_typesupport_cpp.dir/rosidl_typesupport_cpp/robot_msgs/msg/motor_command__type_support.cpp.o\n'}
[2.355418] (robot_msgs) StdoutLine: {'line': b'[ 26%] Building CXX object CMakeFiles/robot_msgs__rosidl_typesupport_cpp.dir/rosidl_typesupport_cpp/robot_msgs/msg/robot_state__type_support.cpp.o\n'}
[2.355539] (robot_msgs) StdoutLine: {'line': b'[ 28%] Building CXX object CMakeFiles/robot_msgs__rosidl_typesupport_cpp.dir/rosidl_typesupport_cpp/robot_msgs/msg/motor_state__type_support.cpp.o\n'}
[2.356422] (robot_msgs) StdoutLine: {'line': b'[ 29%] Building CXX object CMakeFiles/robot_msgs__rosidl_typesupport_cpp.dir/rosidl_typesupport_cpp/robot_msgs/msg/arm_debug_status__type_support.cpp.o\n'}
[2.405296] (-) TimerEvent: {}
[2.420358] (robot_msgs) StdoutLine: {'line': b'[ 30%] Building CXX object CMakeFiles/robot_msgs__rosidl_typesupport_introspection_cpp.dir/rosidl_typesupport_introspection_cpp/robot_msgs/msg/detail/motor_command__type_support.cpp.o\n'}
[2.429362] (robot_msgs) StdoutLine: {'line': b'[ 32%] Building CXX object CMakeFiles/robot_msgs__rosidl_typesupport_introspection_cpp.dir/rosidl_typesupport_introspection_cpp/robot_msgs/msg/detail/motor_state__type_support.cpp.o\n'}
[2.430127] (robot_msgs) StdoutLine: {'line': b'[ 33%] Building CXX object CMakeFiles/robot_msgs__rosidl_typesupport_introspection_cpp.dir/rosidl_typesupport_introspection_cpp/robot_msgs/msg/detail/robot_command__type_support.cpp.o\n'}
[2.432349] (robot_msgs) StdoutLine: {'line': b'[ 36%] Building CXX object CMakeFiles/robot_msgs__rosidl_typesupport_introspection_cpp.dir/rosidl_typesupport_introspection_cpp/robot_msgs/msg/detail/imu__type_support.cpp.o\n'}
[2.432585] (robot_msgs) StdoutLine: {'line': b'[ 36%] Building CXX object CMakeFiles/robot_msgs__rosidl_typesupport_introspection_cpp.dir/rosidl_typesupport_introspection_cpp/robot_msgs/msg/detail/arm_debug_status__type_support.cpp.o\n'}
[2.439540] (robot_msgs) StdoutLine: {'line': b'[ 38%] Building CXX object CMakeFiles/robot_msgs__rosidl_typesupport_introspection_cpp.dir/rosidl_typesupport_introspection_cpp/robot_msgs/msg/detail/robot_state__type_support.cpp.o\n'}
[2.453346] (robot_msgs) StdoutLine: {'line': b'[ 39%] Building CXX object CMakeFiles/robot_msgs__rosidl_typesupport_fastrtps_cpp.dir/rosidl_typesupport_fastrtps_cpp/robot_msgs/msg/detail/dds_fastrtps/motor_command__type_support.cpp.o\n'}
[2.505398] (-) TimerEvent: {}
[2.565714] (robot_msgs) StdoutLine: {'line': b'[ 40%] Building CXX object CMakeFiles/robot_msgs__rosidl_typesupport_c.dir/rosidl_typesupport_c/robot_msgs/msg/motor_command__type_support.cpp.o\n'}
[2.605516] (-) TimerEvent: {}
[2.650225] (robot_msgs) StdoutLine: {'line': b'[ 42%] Building CXX object CMakeFiles/robot_msgs__rosidl_typesupport_c.dir/rosidl_typesupport_c/robot_msgs/msg/motor_state__type_support.cpp.o\n'}
[2.654859] (robot_msgs) StdoutLine: {'line': b'[ 43%] Building CXX object CMakeFiles/robot_msgs__rosidl_typesupport_fastrtps_cpp.dir/rosidl_typesupport_fastrtps_cpp/robot_msgs/msg/detail/dds_fastrtps/motor_state__type_support.cpp.o\n'}
[2.657226] (robot_msgs) StdoutLine: {'line': b'[ 45%] Building CXX object CMakeFiles/robot_msgs__rosidl_typesupport_c.dir/rosidl_typesupport_c/robot_msgs/msg/robot_command__type_support.cpp.o\n'}
[2.660138] (robot_msgs) StdoutLine: {'line': b'[ 46%] Building CXX object CMakeFiles/robot_msgs__rosidl_typesupport_fastrtps_cpp.dir/rosidl_typesupport_fastrtps_cpp/robot_msgs/msg/detail/dds_fastrtps/robot_command__type_support.cpp.o\n'}
[2.671326] (robot_msgs) StdoutLine: {'line': b'[ 49%] Building CXX object CMakeFiles/robot_msgs__rosidl_typesupport_c.dir/rosidl_typesupport_c/robot_msgs/msg/robot_state__type_support.cpp.o\n'}
[2.671543] (robot_msgs) StdoutLine: {'line': b'[ 47%] Building CXX object CMakeFiles/robot_msgs__rosidl_typesupport_c.dir/rosidl_typesupport_c/robot_msgs/msg/imu__type_support.cpp.o\n'}
[2.680634] (robot_msgs) StdoutLine: {'line': b'[ 50%] Linking CXX shared library librobot_msgs__rosidl_typesupport_cpp.so\n'}
[2.699162] (robot_msgs) StdoutLine: {'line': b'[ 52%] Building CXX object CMakeFiles/robot_msgs__rosidl_typesupport_fastrtps_cpp.dir/rosidl_typesupport_fastrtps_cpp/robot_msgs/msg/detail/dds_fastrtps/robot_state__type_support.cpp.o\n'}
[2.701850] (robot_msgs) StdoutLine: {'line': b'[ 53%] Building C object CMakeFiles/robot_msgs__rosidl_typesupport_introspection_c.dir/rosidl_typesupport_introspection_c/robot_msgs/msg/detail/motor_command__type_support.c.o\n'}
[2.706019] (robot_msgs) StdoutLine: {'line': b'[ 54%] Building CXX object CMakeFiles/robot_msgs__rosidl_typesupport_fastrtps_cpp.dir/rosidl_typesupport_fastrtps_cpp/robot_msgs/msg/detail/dds_fastrtps/imu__type_support.cpp.o\n'}
[2.706207] (-) TimerEvent: {}
[2.717513] (robot_msgs) StdoutLine: {'line': b'[ 56%] Building CXX object CMakeFiles/robot_msgs__rosidl_typesupport_fastrtps_cpp.dir/rosidl_typesupport_fastrtps_cpp/robot_msgs/msg/detail/dds_fastrtps/arm_debug_status__type_support.cpp.o\n'}
[2.717755] (robot_msgs) StdoutLine: {'line': b'[ 57%] Building CXX object CMakeFiles/robot_msgs__rosidl_typesupport_c.dir/rosidl_typesupport_c/robot_msgs/msg/arm_debug_status__type_support.cpp.o\n'}
[2.725244] (robot_msgs) StdoutLine: {'line': b'[ 59%] Building CXX object CMakeFiles/robot_msgs__rosidl_typesupport_fastrtps_c.dir/rosidl_typesupport_fastrtps_c/robot_msgs/msg/detail/motor_command__type_support_c.cpp.o\n'}
[2.739398] (robot_msgs) StdoutLine: {'line': b'[ 59%] Built target robot_msgs__rosidl_typesupport_cpp\n'}
[2.751207] (robot_msgs) StdoutLine: {'line': b'[ 60%] Building C object CMakeFiles/robot_msgs__rosidl_typesupport_introspection_c.dir/rosidl_typesupport_introspection_c/robot_msgs/msg/detail/motor_state__type_support.c.o\n'}
[2.752726] (robot_msgs) StdoutLine: {'line': b'[ 61%] Building CXX object CMakeFiles/robot_msgs__rosidl_typesupport_fastrtps_c.dir/rosidl_typesupport_fastrtps_c/robot_msgs/msg/detail/motor_state__type_support_c.cpp.o\n'}
[2.789706] (robot_msgs) StdoutLine: {'line': b'[ 63%] Linking CXX shared library librobot_msgs__rosidl_typesupport_c.so\n'}
[2.797466] (robot_msgs) StdoutLine: {'line': b'[ 64%] Building C object CMakeFiles/robot_msgs__rosidl_typesupport_introspection_c.dir/rosidl_typesupport_introspection_c/robot_msgs/msg/detail/robot_command__type_support.c.o\n'}
[2.806315] (-) TimerEvent: {}
[2.853807] (robot_msgs) StdoutLine: {'line': b'[ 66%] Building C object CMakeFiles/robot_msgs__rosidl_typesupport_introspection_c.dir/rosidl_typesupport_introspection_c/robot_msgs/msg/detail/robot_state__type_support.c.o\n'}
[2.861474] (robot_msgs) StdoutLine: {'line': b'[ 67%] Building CXX object CMakeFiles/robot_msgs__rosidl_typesupport_fastrtps_c.dir/rosidl_typesupport_fastrtps_c/robot_msgs/msg/detail/robot_command__type_support_c.cpp.o\n'}
[2.873724] (robot_msgs) StdoutLine: {'line': b'[ 67%] Built target robot_msgs__rosidl_typesupport_c\n'}
[2.889478] (robot_msgs) StdoutLine: {'line': b'[ 69%] Building CXX object CMakeFiles/robot_msgs__rosidl_typesupport_fastrtps_c.dir/rosidl_typesupport_fastrtps_c/robot_msgs/msg/detail/robot_state__type_support_c.cpp.o\n'}
[2.904745] (robot_msgs) StdoutLine: {'line': b'[ 70%] Building C object CMakeFiles/robot_msgs__rosidl_typesupport_introspection_c.dir/rosidl_typesupport_introspection_c/robot_msgs/msg/detail/arm_debug_status__type_support.c.o\n'}
[2.906395] (-) TimerEvent: {}
[2.910192] (robot_msgs) StdoutLine: {'line': b'[ 71%] Building CXX object CMakeFiles/robot_msgs__rosidl_typesupport_fastrtps_c.dir/rosidl_typesupport_fastrtps_c/robot_msgs/msg/detail/imu__type_support_c.cpp.o\n'}
[2.917300] (robot_msgs) StdoutLine: {'line': b'[ 73%] Building CXX object CMakeFiles/robot_msgs__rosidl_typesupport_fastrtps_c.dir/rosidl_typesupport_fastrtps_c/robot_msgs/msg/detail/arm_debug_status__type_support_c.cpp.o\n'}
[2.917528] (robot_msgs) StdoutLine: {'line': b'[ 74%] Building C object CMakeFiles/robot_msgs__rosidl_typesupport_introspection_c.dir/rosidl_typesupport_introspection_c/robot_msgs/msg/detail/imu__type_support.c.o\n'}
[2.969092] (robot_msgs) StdoutLine: {'line': b'[ 76%] Linking C shared library librobot_msgs__rosidl_typesupport_introspection_c.so\n'}
[2.982978] (robot_msgs) StdoutLine: {'line': b'[ 77%] Linking CXX shared library librobot_msgs__rosidl_typesupport_introspection_cpp.so\n'}
[3.006516] (-) TimerEvent: {}
[3.019429] (robot_msgs) StdoutLine: {'line': b'[ 77%] Built target robot_msgs__rosidl_typesupport_introspection_c\n'}
[3.106632] (-) TimerEvent: {}
[3.109384] (robot_msgs) StdoutLine: {'line': b'[ 77%] Built target robot_msgs__rosidl_typesupport_introspection_cpp\n'}
[3.175030] (robot_msgs) StdoutLine: {'line': b'[ 78%] Linking CXX shared library librobot_msgs__rosidl_typesupport_fastrtps_cpp.so\n'}
[3.206768] (-) TimerEvent: {}
[3.223747] (robot_msgs) StdoutLine: {'line': b'[ 80%] Linking CXX shared library librobot_msgs__rosidl_typesupport_fastrtps_c.so\n'}
[3.239684] (robot_msgs) StdoutLine: {'line': b'[ 80%] Built target robot_msgs__rosidl_typesupport_fastrtps_cpp\n'}
[3.283306] (robot_msgs) StdoutLine: {'line': b'[ 80%] Built target robot_msgs__rosidl_typesupport_fastrtps_c\n'}
[3.305104] (robot_msgs) StdoutLine: {'line': b'[ 80%] Built target robot_msgs\n'}
[3.306844] (-) TimerEvent: {}
[3.327109] (robot_msgs) StdoutLine: {'line': b'[ 81%] Generating Python code for ROS interfaces\n'}
[3.406953] (-) TimerEvent: {}
[3.507139] (-) TimerEvent: {}
[3.607319] (-) TimerEvent: {}
[3.707527] (-) TimerEvent: {}
[3.807692] (-) TimerEvent: {}
[3.907878] (-) TimerEvent: {}
[4.008074] (-) TimerEvent: {}
[4.061429] (robot_msgs) StdoutLine: {'line': b'[ 81%] Built target robot_msgs__py\n'}
[4.082840] (robot_msgs) StdoutLine: {'line': b'[ 87%] Building C object CMakeFiles/robot_msgs__rosidl_generator_py.dir/rosidl_generator_py/robot_msgs/msg/_robot_state_s.c.o\n'}
[4.082966] (robot_msgs) StdoutLine: {'line': b'[ 87%] Building C object CMakeFiles/robot_msgs__rosidl_generator_py.dir/rosidl_generator_py/robot_msgs/msg/_robot_command_s.c.o\n'}
[4.083006] (robot_msgs) StdoutLine: {'line': b'[ 87%] Building C object CMakeFiles/robot_msgs__rosidl_generator_py.dir/rosidl_generator_py/robot_msgs/msg/_motor_command_s.c.o\n'}
[4.083042] (robot_msgs) StdoutLine: {'line': b'[ 88%] Building C object CMakeFiles/robot_msgs__rosidl_generator_py.dir/rosidl_generator_py/robot_msgs/msg/_imu_s.c.o\n'}
[4.083074] (robot_msgs) StdoutLine: {'line': b'[ 88%] Building C object CMakeFiles/robot_msgs__rosidl_generator_py.dir/rosidl_generator_py/robot_msgs/msg/_motor_state_s.c.o\n'}
[4.083429] (robot_msgs) StdoutLine: {'line': b'[ 90%] Building C object CMakeFiles/robot_msgs__rosidl_generator_py.dir/rosidl_generator_py/robot_msgs/msg/_arm_debug_status_s.c.o\n'}
[4.108206] (-) TimerEvent: {}
[4.172344] (robot_msgs) StdoutLine: {'line': b'[ 91%] Linking C shared library rosidl_generator_py/robot_msgs/librobot_msgs__rosidl_generator_py.so\n'}
[4.208305] (-) TimerEvent: {}
[4.210164] (robot_msgs) StdoutLine: {'line': b'[ 91%] Built target robot_msgs__rosidl_generator_py\n'}
[4.229157] (robot_msgs) StdoutLine: {'line': b'[ 95%] Building C object CMakeFiles/robot_msgs__rosidl_typesupport_c__pyext.dir/rosidl_generator_py/robot_msgs/_robot_msgs_s.ep.rosidl_typesupport_c.c.o\n'}
[4.229348] (robot_msgs) StdoutLine: {'line': b'[ 95%] Building C object CMakeFiles/robot_msgs__rosidl_typesupport_introspection_c__pyext.dir/rosidl_generator_py/robot_msgs/_robot_msgs_s.ep.rosidl_typesupport_introspection_c.c.o\n'}
[4.229441] (robot_msgs) StdoutLine: {'line': b'[ 95%] Building C object CMakeFiles/robot_msgs__rosidl_typesupport_fastrtps_c__pyext.dir/rosidl_generator_py/robot_msgs/_robot_msgs_s.ep.rosidl_typesupport_fastrtps_c.c.o\n'}
[4.306082] (robot_msgs) StdoutLine: {'line': b'[ 98%] Linking C shared library rosidl_generator_py/robot_msgs/robot_msgs_s__rosidl_typesupport_introspection_c.cpython-310-x86_64-linux-gnu.so\n'}
[4.306332] (robot_msgs) StdoutLine: {'line': b'[ 98%] Linking C shared library rosidl_generator_py/robot_msgs/robot_msgs_s__rosidl_typesupport_c.cpython-310-x86_64-linux-gnu.so\n'}
[4.307378] (robot_msgs) StdoutLine: {'line': b'[100%] Linking C shared library rosidl_generator_py/robot_msgs/robot_msgs_s__rosidl_typesupport_fastrtps_c.cpython-310-x86_64-linux-gnu.so\n'}
[4.308362] (-) TimerEvent: {}
[4.339948] (robot_msgs) StdoutLine: {'line': b'[100%] Built target robot_msgs__rosidl_typesupport_introspection_c__pyext\n'}
[4.340115] (robot_msgs) StdoutLine: {'line': b'[100%] Built target robot_msgs__rosidl_typesupport_fastrtps_c__pyext\n'}
[4.340169] (robot_msgs) StdoutLine: {'line': b'[100%] Built target robot_msgs__rosidl_typesupport_c__pyext\n'}
[4.350687] (robot_msgs) CommandEnded: {'returncode': 0}
[4.351797] (robot_msgs) JobProgress: {'identifier': 'robot_msgs', 'progress': 'install'}
[4.360071] (robot_msgs) Command: {'cmd': ['/usr/bin/cmake', '--install', '/home/y/works/ARM-Sim2sim-Isaaclab-to-Gazebo/build/robot_msgs'], 'cwd': '/home/y/works/ARM-Sim2sim-Isaaclab-to-Gazebo/build/robot_msgs', 'env': OrderedDict([('LESSOPEN', '| /usr/bin/lesspipe %s'), ('VSCODE_CWD', '/home/y/works/ARM-Sim2sim-Isaaclab-to-Gazebo'), ('VSCODE_ESM_ENTRYPOINT', 'vs/workbench/api/node/extensionHostProcess'), ('LANGUAGE', 'zh_CN:en_US:en'), ('USER', 'y'), ('LC_TIME', 'zh_CN.UTF-8'), ('VSCODE_NLS_CONFIG', '{"userLocale":"zh-cn","osLocale":"zh-cn","resolvedLanguage":"zh-cn","defaultMessagesFile":"/usr/share/cursor/resources/app/out/nls.messages.json","languagePack":{"translationsConfigFile":"/home/y/.config/Cursor/clp/6fe284ae87274d9cb2cdffc89b193492.zh-cn/tcf.json","messagesFile":"/home/y/.config/Cursor/clp/6fe284ae87274d9cb2cdffc89b193492.zh-cn/df79b2380cd32922cad03529b0dc0c946c311850/nls.messages.json","corruptMarkerFile":"/home/y/.config/Cursor/clp/6fe284ae87274d9cb2cdffc89b193492.zh-cn/corrupted.info"},"locale":"zh-cn","availableLanguages":{"*":"zh-cn"},"_languagePackId":"6fe284ae87274d9cb2cdffc89b193492.zh-cn","_languagePackSupport":true,"_translationsConfigFile":"/home/y/.config/Cursor/clp/6fe284ae87274d9cb2cdffc89b193492.zh-cn/tcf.json","_cacheRoot":"/home/y/.config/Cursor/clp/6fe284ae87274d9cb2cdffc89b193492.zh-cn","_resolvedLanguagePackCoreLocation":"/home/y/.config/Cursor/clp/6fe284ae87274d9cb2cdffc89b193492.zh-cn/df79b2380cd32922cad03529b0dc0c946c311850","_corruptedFile":"/home/y/.config/Cursor/clp/6fe284ae87274d9cb2cdffc89b193492.zh-cn/corrupted.info"}'), ('VSCODE_HANDLES_UNCAUGHT_ERRORS', 'true'), ('XDG_SESSION_TYPE', 'x11'), ('SHLVL', '2'), ('LD_LIBRARY_PATH', '/home/y/works/ARM-Sim2sim-Isaaclab-to-Gazebo/install/robot_joint_controller/lib:/home/y/works/ARM-Sim2sim-Isaaclab-to-Gazebo/install/robot_msgs/lib:/usr/local/cuda-12.4/lib64:/usr/lib/x86_64-linux-gnu/gazebo-11/plugins:/opt/ros/humble/opt/rviz_ogre_vendor/lib:/opt/ros/humble/lib/x86_64-linux-gnu:/opt/ros/humble/lib:/usr/local/cuda-12.4/lib64::/usr/share/gazebo/../../lib/x86_64-linux-gnu/gazebo-11/plugins::/usr/share/gazebo/../../lib/x86_64-linux-gnu/gazebo-11/plugins:/usr/share/gazebo/../../lib/x86_64-linux-gnu/gazebo-11/plugins:'), ('HOME', '/home/y'), ('CHROME_DESKTOP', 'cursor.desktop'), ('CONDA_SHLVL', '0'), ('OLDPWD', '/home/y/works/ARM-Sim2sim-Isaaclab-to-Gazebo'), ('DESKTOP_SESSION', 'ubuntu'), ('VSCODE_IPC_HOOK', '/run/user/1000/vscode-0c8af7b7-1.7.-main.sock'), ('GAZEBO_MASTER_URI', 'http://localhost:11345'), ('APPLICATION_INSIGHTS_NO_DIAGNOSTIC_CHANNEL', '1'), ('ROS_PYTHON_VERSION', '3'), ('GNOME_SHELL_SESSION_MODE', 'ubuntu'), ('GTK_MODULES', 'gail:atk-bridge'), ('LC_MONETARY', 'zh_CN.UTF-8'), ('DBUS_STARTER_BUS_TYPE', 'session'), ('SYSTEMD_EXEC_PID', '1522'), ('NO_COLOR', '1'), ('DBUS_SESSION_BUS_ADDRESS', 'unix:path=/run/user/1000/bus,guid=40f1875da67fde962b64bcaf68f1e1a3'), ('COLORTERM', 'truecolor'), ('_CE_M', ''), ('VSCODE_CRASH_REPORTER_PROCESS_TYPE', 'extensionHost'), ('VSCODE_L10N_BUNDLE_LOCATION', 'file:///home/y/.cursor/extensions/ms-ceintl.vscode-language-pack-zh-hans-1.99.0-universal/translations/extensions/vscode.markdown-language-features.i18n.json'), ('COLCON_PREFIX_PATH', '/home/y/works/ARM-Sim2sim-Isaaclab-to-Gazebo/install'), ('ROS_DISTRO', 'humble'), ('GTK_IM_MODULE', 'ibus'), ('LOGNAME', 'y'), ('FORCE_COLOR', '0'), ('_', '/usr/bin/colcon'), ('ROS_VERSION', '2'), ('XDG_SESSION_CLASS', 'user'), ('APPLICATIONINSIGHTS_CONFIGURATION_CONTENT', '{}'), ('USERNAME', 'y'), ('TERM', 'dumb'), ('GAZEBO_MODEL_PATH', '/usr/share/gazebo/../../share/gazebo-11/models:/usr/share/gazebo/../../share/gazebo-11/models:'), ('GNOME_DESKTOP_SESSION_ID', 'this-is-deprecated'), ('_CE_CONDA', ''), ('ROS_LOCALHOST_ONLY', '0'), ('COMPOSER_NO_INTERACTION', '1'), ('WINDOWPATH', '2'), ('OGRE_RESOURCE_PATH', '/usr/lib/x86_64-linux-gnu/OGRE-1.9.0'), ('PATH', '/home/y/.local/bin:/usr/local/cuda-12.4/bin:/opt/ros/humble/bin:/home/y/miniforge3/condabin:/usr/local/cuda-12.4/bin:/home/y/.local/bin:/usr/local/sbin:/usr/local/bin:/usr/sbin:/usr/bin:/sbin:/bin:/usr/games:/usr/local/games:/snap/bin:/snap/bin'), ('SESSION_MANAGER', 'local/YY:@/tmp/.ICE-unix/1522,unix/YY:/tmp/.ICE-unix/1522'), ('PAPERSIZE', 'a4'), ('XDG_MENU_PREFIX', 'gnome-'), ('LC_ADDRESS', 'zh_CN.UTF-8'), ('VSCODE_PROCESS_TITLE', 'extension-host  [1-2]'), ('GNOME_TERMINAL_SCREEN', '/org/gnome/Terminal/screen/4f41d521_c9c9_4506_bf8c_82c6813067a5'), ('XDG_RUNTIME_DIR', '/run/user/1000'), ('GDK_BACKEND', 'x11'), ('CURSOR_AGENT', '1'), ('DISPLAY', ':0'), ('LANG', 'zh_CN.UTF-8'), ('XDG_CURRENT_DESKTOP', 'Unity'), ('LC_TELEPHONE', 'zh_CN.UTF-8'), ('XMODIFIERS', '@im=ibus'), ('XDG_SESSION_DESKTOP', 'ubuntu'), ('XAUTHORITY', '/run/user/1000/gdm/Xauthority'), ('LS_COLORS', ''), ('GNOME_TERMINAL_SERVICE', ':1.132'), ('CURSOR_TRACE_ID', 'f162c85b085f4e89b450be07ef673d9d'), ('SSH_AGENT_LAUNCHER', 'gnome-keyring'), ('SSH_AUTH_SOCK', '/run/user/1000/keyring/ssh'), ('AMENT_PREFIX_PATH', '/home/y/works/ARM-Sim2sim-Isaaclab-to-Gazebo/install/arm_rl_sim:/home/y/works/ARM-Sim2sim-Isaaclab-to-Gazebo/install/robot_joint_controller:/home/y/works/ARM-Sim2sim-Isaaclab-to-Gazebo/install/robot_msgs:/home/y/works/ARM-Sim2sim-Isaaclab-to-Gazebo/install/arm_description:/opt/ros/humble'), ('CURSOR_CLI_MODE', 'local'), ('CONDA_PYTHON_EXE', '/home/y/miniforge3/bin/python'), ('ORIGINAL_XDG_CURRENT_DESKTOP', 'ubuntu:GNOME'), ('SHELL', '/bin/bash'), ('LC_NAME', 'zh_CN.UTF-8'), ('QT_ACCESSIBILITY', '1'), ('CURSOR_CLI', 'ELECTRON_RUN_AS_NODE=1 "/usr/share/cursor/bin/../cursor" "/usr/share/cursor/bin/../resources/app/out/cli.js"'), ('GDMSESSION', 'ubuntu'), ('LESSCLOSE', '/usr/bin/lesspipe %s %s'), ('LC_MEASUREMENT', 'zh_CN.UTF-8'), ('GPG_AGENT_INFO', '/run/user/1000/gnupg/S.gpg-agent:0:1'), ('GAZEBO_RESOURCE_PATH', '/usr/share/gazebo/../../share/gazebo-11:/usr/share/gazebo/../../share/gazebo-11:'), ('LC_IDENTIFICATION', 'zh_CN.UTF-8'), ('GAZEBO_MODEL_DATABASE_URI', 'http://models.gazebosim.org'), ('QT_IM_MODULE', 'ibus'), ('PWD', '/home/y/works/ARM-Sim2sim-Isaaclab-to-Gazebo/build/robot_msgs'), ('VSCODE_CLI', '1'), ('CUDA_HOME', '/usr/local/cuda-12.4'), ('XDG_CONFIG_DIRS', '/etc/xdg/xdg-ubuntu:/etc/xdg'), ('CONDA_EXE', '/home/y/miniforge3/bin/conda'), ('VSCODE_CODE_CACHE_PATH', '/home/y/.config/Cursor/CachedData/df79b2380cd32922cad03529b0dc0c946c311850'), ('GAZEBO_PLUGIN_PATH', '/usr/share/gazebo/../../lib/x86_64-linux-gnu/gazebo-11/plugins:/usr/share/gazebo/../../lib/x86_64-linux-gnu/gazebo-11/plugins:'), ('DBUS_STARTER_ADDRESS', 'unix:path=/run/user/1000/bus,guid=40f1875da67fde962b64bcaf68f1e1a3'), ('XDG_DATA_DIRS', '/usr/share/ubuntu:/usr/share/gnome:/usr/local/share/:/usr/share/:/var/lib/snapd/desktop'), ('PYTHONPATH', '/home/y/works/ARM-Sim2sim-Isaaclab-to-Gazebo/install/robot_msgs/local/lib/python3.10/dist-packages:/opt/ros/humble/lib/python3.10/site-packages:/opt/ros/humble/local/lib/python3.10/dist-packages::/home/y/Desktop/rl/Isaac-RL-Two-wheel-Legged-Bot:/home/y/Desktop/rl/Isaac-RL-Two-wheel-Legged-Bot'), ('LC_NUMERIC', 'zh_CN.UTF-8'), ('LC_PAPER', 'zh_CN.UTF-8'), ('COLCON', '1'), ('VTE_VERSION', '6800'), ('ELECTRON_NO_ATTACH_CONSOLE', '1'), ('CMAKE_PREFIX_PATH', '/home/y/works/ARM-Sim2sim-Isaaclab-to-Gazebo/install/arm_rl_sim:/home/y/works/ARM-Sim2sim-Isaaclab-to-Gazebo/install/robot_joint_controller:/home/y/works/ARM-Sim2sim-Isaaclab-to-Gazebo/install/robot_msgs:/home/y/works/ARM-Sim2sim-Isaaclab-to-Gazebo/install/arm_description:/opt/ros/humble'), ('VSCODE_PID', '8728')]), 'shell': False}
[4.367113] (robot_msgs) StdoutLine: {'line': b'-- Install configuration: ""\n'}
[4.367556] (robot_msgs) StdoutLine: {'line': b'-- Execute custom install script\n'}
[4.367891] (robot_msgs) StdoutLine: {'line': b'-- Symlinking: /home/y/works/ARM-Sim2sim-Isaaclab-to-Gazebo/install/robot_msgs/share/ament_index/resource_index/rosidl_interfaces/robot_msgs\n'}
[4.375650] (robot_msgs) StdoutLine: {'line': b'-- Symlinking: /home/y/works/ARM-Sim2sim-Isaaclab-to-Gazebo/install/robot_msgs/include/robot_msgs/robot_msgs/msg/arm_debug_status.h\n'}
[4.383905] (robot_msgs) StdoutLine: {'line': b'-- Symlinking: /home/y/works/ARM-Sim2sim-Isaaclab-to-Gazebo/install/robot_msgs/include/robot_msgs/robot_msgs/msg/detail/arm_debug_status__functions.h\n'}
[4.392039] (robot_msgs) StdoutLine: {'line': b'-- Symlinking: /home/y/works/ARM-Sim2sim-Isaaclab-to-Gazebo/install/robot_msgs/include/robot_msgs/robot_msgs/msg/detail/arm_debug_status__struct.h\n'}
[4.400403] (robot_msgs) StdoutLine: {'line': b'-- Symlinking: /home/y/works/ARM-Sim2sim-Isaaclab-to-Gazebo/install/robot_msgs/include/robot_msgs/robot_msgs/msg/detail/arm_debug_status__type_support.h\n'}
[4.408475] (-) TimerEvent: {}
[4.409130] (robot_msgs) StdoutLine: {'line': b'-- Symlinking: /home/y/works/ARM-Sim2sim-Isaaclab-to-Gazebo/install/robot_msgs/include/robot_msgs/robot_msgs/msg/detail/imu__functions.h\n'}
[4.418646] (robot_msgs) StdoutLine: {'line': b'-- Symlinking: /home/y/works/ARM-Sim2sim-Isaaclab-to-Gazebo/install/robot_msgs/include/robot_msgs/robot_msgs/msg/detail/imu__struct.h\n'}
[4.427781] (robot_msgs) StdoutLine: {'line': b'-- Symlinking: /home/y/works/ARM-Sim2sim-Isaaclab-to-Gazebo/install/robot_msgs/include/robot_msgs/robot_msgs/msg/detail/imu__type_support.h\n'}
[4.437102] (robot_msgs) StdoutLine: {'line': b'-- Symlinking: /home/y/works/ARM-Sim2sim-Isaaclab-to-Gazebo/install/robot_msgs/include/robot_msgs/robot_msgs/msg/detail/motor_command__functions.h\n'}
[4.445639] (robot_msgs) StdoutLine: {'line': b'-- Symlinking: /home/y/works/ARM-Sim2sim-Isaaclab-to-Gazebo/install/robot_msgs/include/robot_msgs/robot_msgs/msg/detail/motor_command__struct.h\n'}
[4.453674] (robot_msgs) StdoutLine: {'line': b'-- Symlinking: /home/y/works/ARM-Sim2sim-Isaaclab-to-Gazebo/install/robot_msgs/include/robot_msgs/robot_msgs/msg/detail/motor_command__type_support.h\n'}
[4.461095] (robot_msgs) StdoutLine: {'line': b'-- Symlinking: /home/y/works/ARM-Sim2sim-Isaaclab-to-Gazebo/install/robot_msgs/include/robot_msgs/robot_msgs/msg/detail/motor_state__functions.h\n'}
[4.469796] (robot_msgs) StdoutLine: {'line': b'-- Symlinking: /home/y/works/ARM-Sim2sim-Isaaclab-to-Gazebo/install/robot_msgs/include/robot_msgs/robot_msgs/msg/detail/motor_state__struct.h\n'}
[4.479169] (robot_msgs) StdoutLine: {'line': b'-- Symlinking: /home/y/works/ARM-Sim2sim-Isaaclab-to-Gazebo/install/robot_msgs/include/robot_msgs/robot_msgs/msg/detail/motor_state__type_support.h\n'}
[4.486650] (robot_msgs) StdoutLine: {'line': b'-- Symlinking: /home/y/works/ARM-Sim2sim-Isaaclab-to-Gazebo/install/robot_msgs/include/robot_msgs/robot_msgs/msg/detail/robot_command__functions.h\n'}
[4.495606] (robot_msgs) StdoutLine: {'line': b'-- Symlinking: /home/y/works/ARM-Sim2sim-Isaaclab-to-Gazebo/install/robot_msgs/include/robot_msgs/robot_msgs/msg/detail/robot_command__struct.h\n'}
[4.503766] (robot_msgs) StdoutLine: {'line': b'-- Symlinking: /home/y/works/ARM-Sim2sim-Isaaclab-to-Gazebo/install/robot_msgs/include/robot_msgs/robot_msgs/msg/detail/robot_command__type_support.h\n'}
[4.508566] (-) TimerEvent: {}
[4.512682] (robot_msgs) StdoutLine: {'line': b'-- Symlinking: /home/y/works/ARM-Sim2sim-Isaaclab-to-Gazebo/install/robot_msgs/include/robot_msgs/robot_msgs/msg/detail/robot_state__functions.h\n'}
[4.519487] (robot_msgs) StdoutLine: {'line': b'-- Symlinking: /home/y/works/ARM-Sim2sim-Isaaclab-to-Gazebo/install/robot_msgs/include/robot_msgs/robot_msgs/msg/detail/robot_state__struct.h\n'}
[4.527070] (robot_msgs) StdoutLine: {'line': b'-- Symlinking: /home/y/works/ARM-Sim2sim-Isaaclab-to-Gazebo/install/robot_msgs/include/robot_msgs/robot_msgs/msg/detail/robot_state__type_support.h\n'}
[4.534720] (robot_msgs) StdoutLine: {'line': b'-- Symlinking: /home/y/works/ARM-Sim2sim-Isaaclab-to-Gazebo/install/robot_msgs/include/robot_msgs/robot_msgs/msg/imu.h\n'}
[4.543063] (robot_msgs) StdoutLine: {'line': b'-- Symlinking: /home/y/works/ARM-Sim2sim-Isaaclab-to-Gazebo/install/robot_msgs/include/robot_msgs/robot_msgs/msg/motor_command.h\n'}
[4.550430] (robot_msgs) StdoutLine: {'line': b'-- Symlinking: /home/y/works/ARM-Sim2sim-Isaaclab-to-Gazebo/install/robot_msgs/include/robot_msgs/robot_msgs/msg/motor_state.h\n'}
[4.559174] (robot_msgs) StdoutLine: {'line': b'-- Symlinking: /home/y/works/ARM-Sim2sim-Isaaclab-to-Gazebo/install/robot_msgs/include/robot_msgs/robot_msgs/msg/robot_command.h\n'}
[4.568441] (robot_msgs) StdoutLine: {'line': b'-- Symlinking: /home/y/works/ARM-Sim2sim-Isaaclab-to-Gazebo/install/robot_msgs/include/robot_msgs/robot_msgs/msg/robot_state.h\n'}
[4.575927] (robot_msgs) StdoutLine: {'line': b'-- Symlinking: /home/y/works/ARM-Sim2sim-Isaaclab-to-Gazebo/install/robot_msgs/include/robot_msgs/robot_msgs/msg/rosidl_generator_c__visibility_control.h\n'}
[4.583075] (robot_msgs) StdoutLine: {'line': b'-- Symlinking: /home/y/works/ARM-Sim2sim-Isaaclab-to-Gazebo/install/robot_msgs/share/robot_msgs/environment/library_path.sh\n'}
[4.590433] (robot_msgs) StdoutLine: {'line': b'-- Symlinking: /home/y/works/ARM-Sim2sim-Isaaclab-to-Gazebo/install/robot_msgs/share/robot_msgs/environment/library_path.dsv\n'}
[4.598429] (robot_msgs) StdoutLine: {'line': b'-- Symlinking: /home/y/works/ARM-Sim2sim-Isaaclab-to-Gazebo/install/robot_msgs/include/robot_msgs/robot_msgs/msg/detail/arm_debug_status__rosidl_typesupport_fastrtps_c.h\n'}
[4.607441] (robot_msgs) StdoutLine: {'line': b'-- Symlinking: /home/y/works/ARM-Sim2sim-Isaaclab-to-Gazebo/install/robot_msgs/include/robot_msgs/robot_msgs/msg/detail/imu__rosidl_typesupport_fastrtps_c.h\n'}
[4.608634] (-) TimerEvent: {}
[4.615695] (robot_msgs) StdoutLine: {'line': b'-- Symlinking: /home/y/works/ARM-Sim2sim-Isaaclab-to-Gazebo/install/robot_msgs/include/robot_msgs/robot_msgs/msg/detail/motor_command__rosidl_typesupport_fastrtps_c.h\n'}
[4.623424] (robot_msgs) StdoutLine: {'line': b'-- Symlinking: /home/y/works/ARM-Sim2sim-Isaaclab-to-Gazebo/install/robot_msgs/include/robot_msgs/robot_msgs/msg/detail/motor_state__rosidl_typesupport_fastrtps_c.h\n'}
[4.631410] (robot_msgs) StdoutLine: {'line': b'-- Symlinking: /home/y/works/ARM-Sim2sim-Isaaclab-to-Gazebo/install/robot_msgs/include/robot_msgs/robot_msgs/msg/detail/robot_command__rosidl_typesupport_fastrtps_c.h\n'}
[4.639410] (robot_msgs) StdoutLine: {'line': b'-- Symlinking: /home/y/works/ARM-Sim2sim-Isaaclab-to-Gazebo/install/robot_msgs/include/robot_msgs/robot_msgs/msg/detail/robot_state__rosidl_typesupport_fastrtps_c.h\n'}
[4.648110] (robot_msgs) StdoutLine: {'line': b'-- Symlinking: /home/y/works/ARM-Sim2sim-Isaaclab-to-Gazebo/install/robot_msgs/include/robot_msgs/robot_msgs/msg/rosidl_typesupport_fastrtps_c__visibility_control.h\n'}
[4.657148] (robot_msgs) StdoutLine: {'line': b'-- Symlinking: /home/y/works/ARM-Sim2sim-Isaaclab-to-Gazebo/install/robot_msgs/include/robot_msgs/robot_msgs/msg/detail/arm_debug_status__rosidl_typesupport_introspection_c.h\n'}
[4.664990] (robot_msgs) StdoutLine: {'line': b'-- Symlinking: /home/y/works/ARM-Sim2sim-Isaaclab-to-Gazebo/install/robot_msgs/include/robot_msgs/robot_msgs/msg/detail/imu__rosidl_typesupport_introspection_c.h\n'}
[4.673543] (robot_msgs) StdoutLine: {'line': b'-- Symlinking: /home/y/works/ARM-Sim2sim-Isaaclab-to-Gazebo/install/robot_msgs/include/robot_msgs/robot_msgs/msg/detail/motor_command__rosidl_typesupport_introspection_c.h\n'}
[4.682658] (robot_msgs) StdoutLine: {'line': b'-- Symlinking: /home/y/works/ARM-Sim2sim-Isaaclab-to-Gazebo/install/robot_msgs/include/robot_msgs/robot_msgs/msg/detail/motor_state__rosidl_typesupport_introspection_c.h\n'}
[4.691223] (robot_msgs) StdoutLine: {'line': b'-- Symlinking: /home/y/works/ARM-Sim2sim-Isaaclab-to-Gazebo/install/robot_msgs/include/robot_msgs/robot_msgs/msg/detail/robot_command__rosidl_typesupport_introspection_c.h\n'}
[4.699893] (robot_msgs) StdoutLine: {'line': b'-- Symlinking: /home/y/works/ARM-Sim2sim-Isaaclab-to-Gazebo/install/robot_msgs/include/robot_msgs/robot_msgs/msg/detail/robot_state__rosidl_typesupport_introspection_c.h\n'}
[4.708759] (-) TimerEvent: {}
[4.709817] (robot_msgs) StdoutLine: {'line': b'-- Symlinking: /home/y/works/ARM-Sim2sim-Isaaclab-to-Gazebo/install/robot_msgs/include/robot_msgs/robot_msgs/msg/rosidl_typesupport_introspection_c__visibility_control.h\n'}
[4.719299] (robot_msgs) StdoutLine: {'line': b'-- Symlinking: /home/y/works/ARM-Sim2sim-Isaaclab-to-Gazebo/install/robot_msgs/include/robot_msgs/robot_msgs/msg/arm_debug_status.hpp\n'}
[4.728262] (robot_msgs) StdoutLine: {'line': b'-- Symlinking: /home/y/works/ARM-Sim2sim-Isaaclab-to-Gazebo/install/robot_msgs/include/robot_msgs/robot_msgs/msg/detail/arm_debug_status__builder.hpp\n'}
[4.736571] (robot_msgs) StdoutLine: {'line': b'-- Symlinking: /home/y/works/ARM-Sim2sim-Isaaclab-to-Gazebo/install/robot_msgs/include/robot_msgs/robot_msgs/msg/detail/arm_debug_status__struct.hpp\n'}
[4.745607] (robot_msgs) StdoutLine: {'line': b'-- Symlinking: /home/y/works/ARM-Sim2sim-Isaaclab-to-Gazebo/install/robot_msgs/include/robot_msgs/robot_msgs/msg/detail/arm_debug_status__traits.hpp\n'}
[4.754379] (robot_msgs) StdoutLine: {'line': b'-- Symlinking: /home/y/works/ARM-Sim2sim-Isaaclab-to-Gazebo/install/robot_msgs/include/robot_msgs/robot_msgs/msg/detail/arm_debug_status__type_support.hpp\n'}
[4.762882] (robot_msgs) StdoutLine: {'line': b'-- Symlinking: /home/y/works/ARM-Sim2sim-Isaaclab-to-Gazebo/install/robot_msgs/include/robot_msgs/robot_msgs/msg/detail/imu__builder.hpp\n'}
[4.771887] (robot_msgs) StdoutLine: {'line': b'-- Symlinking: /home/y/works/ARM-Sim2sim-Isaaclab-to-Gazebo/install/robot_msgs/include/robot_msgs/robot_msgs/msg/detail/imu__struct.hpp\n'}
[4.779801] (robot_msgs) StdoutLine: {'line': b'-- Symlinking: /home/y/works/ARM-Sim2sim-Isaaclab-to-Gazebo/install/robot_msgs/include/robot_msgs/robot_msgs/msg/detail/imu__traits.hpp\n'}
[4.787183] (robot_msgs) StdoutLine: {'line': b'-- Symlinking: /home/y/works/ARM-Sim2sim-Isaaclab-to-Gazebo/install/robot_msgs/include/robot_msgs/robot_msgs/msg/detail/imu__type_support.hpp\n'}
[4.795278] (robot_msgs) StdoutLine: {'line': b'-- Symlinking: /home/y/works/ARM-Sim2sim-Isaaclab-to-Gazebo/install/robot_msgs/include/robot_msgs/robot_msgs/msg/detail/motor_command__builder.hpp\n'}
[4.803764] (robot_msgs) StdoutLine: {'line': b'-- Symlinking: /home/y/works/ARM-Sim2sim-Isaaclab-to-Gazebo/install/robot_msgs/include/robot_msgs/robot_msgs/msg/detail/motor_command__struct.hpp\n'}
[4.808847] (-) TimerEvent: {}
[4.812266] (robot_msgs) StdoutLine: {'line': b'-- Symlinking: /home/y/works/ARM-Sim2sim-Isaaclab-to-Gazebo/install/robot_msgs/include/robot_msgs/robot_msgs/msg/detail/motor_command__traits.hpp\n'}
[4.819741] (robot_msgs) StdoutLine: {'line': b'-- Symlinking: /home/y/works/ARM-Sim2sim-Isaaclab-to-Gazebo/install/robot_msgs/include/robot_msgs/robot_msgs/msg/detail/motor_command__type_support.hpp\n'}
[4.828247] (robot_msgs) StdoutLine: {'line': b'-- Symlinking: /home/y/works/ARM-Sim2sim-Isaaclab-to-Gazebo/install/robot_msgs/include/robot_msgs/robot_msgs/msg/detail/motor_state__builder.hpp\n'}
[4.837434] (robot_msgs) StdoutLine: {'line': b'-- Symlinking: /home/y/works/ARM-Sim2sim-Isaaclab-to-Gazebo/install/robot_msgs/include/robot_msgs/robot_msgs/msg/detail/motor_state__struct.hpp\n'}
[4.845565] (robot_msgs) StdoutLine: {'line': b'-- Symlinking: /home/y/works/ARM-Sim2sim-Isaaclab-to-Gazebo/install/robot_msgs/include/robot_msgs/robot_msgs/msg/detail/motor_state__traits.hpp\n'}
[4.853814] (robot_msgs) StdoutLine: {'line': b'-- Symlinking: /home/y/works/ARM-Sim2sim-Isaaclab-to-Gazebo/install/robot_msgs/include/robot_msgs/robot_msgs/msg/detail/motor_state__type_support.hpp\n'}
[4.862448] (robot_msgs) StdoutLine: {'line': b'-- Symlinking: /home/y/works/ARM-Sim2sim-Isaaclab-to-Gazebo/install/robot_msgs/include/robot_msgs/robot_msgs/msg/detail/robot_command__builder.hpp\n'}
[4.871557] (robot_msgs) StdoutLine: {'line': b'-- Symlinking: /home/y/works/ARM-Sim2sim-Isaaclab-to-Gazebo/install/robot_msgs/include/robot_msgs/robot_msgs/msg/detail/robot_command__struct.hpp\n'}
[4.879638] (robot_msgs) StdoutLine: {'line': b'-- Symlinking: /home/y/works/ARM-Sim2sim-Isaaclab-to-Gazebo/install/robot_msgs/include/robot_msgs/robot_msgs/msg/detail/robot_command__traits.hpp\n'}
[4.887197] (robot_msgs) StdoutLine: {'line': b'-- Symlinking: /home/y/works/ARM-Sim2sim-Isaaclab-to-Gazebo/install/robot_msgs/include/robot_msgs/robot_msgs/msg/detail/robot_command__type_support.hpp\n'}
[4.895718] (robot_msgs) StdoutLine: {'line': b'-- Symlinking: /home/y/works/ARM-Sim2sim-Isaaclab-to-Gazebo/install/robot_msgs/include/robot_msgs/robot_msgs/msg/detail/robot_state__builder.hpp\n'}
[4.904395] (robot_msgs) StdoutLine: {'line': b'-- Symlinking: /home/y/works/ARM-Sim2sim-Isaaclab-to-Gazebo/install/robot_msgs/include/robot_msgs/robot_msgs/msg/detail/robot_state__struct.hpp\n'}
[4.908953] (-) TimerEvent: {}
[4.912561] (robot_msgs) StdoutLine: {'line': b'-- Symlinking: /home/y/works/ARM-Sim2sim-Isaaclab-to-Gazebo/install/robot_msgs/include/robot_msgs/robot_msgs/msg/detail/robot_state__traits.hpp\n'}
[4.921441] (robot_msgs) StdoutLine: {'line': b'-- Symlinking: /home/y/works/ARM-Sim2sim-Isaaclab-to-Gazebo/install/robot_msgs/include/robot_msgs/robot_msgs/msg/detail/robot_state__type_support.hpp\n'}
[4.930107] (robot_msgs) StdoutLine: {'line': b'-- Symlinking: /home/y/works/ARM-Sim2sim-Isaaclab-to-Gazebo/install/robot_msgs/include/robot_msgs/robot_msgs/msg/imu.hpp\n'}
[4.938598] (robot_msgs) StdoutLine: {'line': b'-- Symlinking: /home/y/works/ARM-Sim2sim-Isaaclab-to-Gazebo/install/robot_msgs/include/robot_msgs/robot_msgs/msg/motor_command.hpp\n'}
[4.947164] (robot_msgs) StdoutLine: {'line': b'-- Symlinking: /home/y/works/ARM-Sim2sim-Isaaclab-to-Gazebo/install/robot_msgs/include/robot_msgs/robot_msgs/msg/motor_state.hpp\n'}
[4.956006] (robot_msgs) StdoutLine: {'line': b'-- Symlinking: /home/y/works/ARM-Sim2sim-Isaaclab-to-Gazebo/install/robot_msgs/include/robot_msgs/robot_msgs/msg/robot_command.hpp\n'}
[4.967182] (robot_msgs) StdoutLine: {'line': b'-- Symlinking: /home/y/works/ARM-Sim2sim-Isaaclab-to-Gazebo/install/robot_msgs/include/robot_msgs/robot_msgs/msg/robot_state.hpp\n'}
[4.977261] (robot_msgs) StdoutLine: {'line': b'-- Symlinking: /home/y/works/ARM-Sim2sim-Isaaclab-to-Gazebo/install/robot_msgs/include/robot_msgs/robot_msgs/msg/rosidl_generator_cpp__visibility_control.hpp\n'}
[4.985787] (robot_msgs) StdoutLine: {'line': b'-- Symlinking: /home/y/works/ARM-Sim2sim-Isaaclab-to-Gazebo/install/robot_msgs/include/robot_msgs/robot_msgs/msg/detail/arm_debug_status__rosidl_typesupport_fastrtps_cpp.hpp\n'}
[4.994527] (robot_msgs) StdoutLine: {'line': b'-- Symlinking: /home/y/works/ARM-Sim2sim-Isaaclab-to-Gazebo/install/robot_msgs/include/robot_msgs/robot_msgs/msg/detail/imu__rosidl_typesupport_fastrtps_cpp.hpp\n'}
[5.001955] (robot_msgs) StdoutLine: {'line': b'-- Symlinking: /home/y/works/ARM-Sim2sim-Isaaclab-to-Gazebo/install/robot_msgs/include/robot_msgs/robot_msgs/msg/detail/motor_command__rosidl_typesupport_fastrtps_cpp.hpp\n'}
[5.009080] (-) TimerEvent: {}
[5.010852] (robot_msgs) StdoutLine: {'line': b'-- Symlinking: /home/y/works/ARM-Sim2sim-Isaaclab-to-Gazebo/install/robot_msgs/include/robot_msgs/robot_msgs/msg/detail/motor_state__rosidl_typesupport_fastrtps_cpp.hpp\n'}
[5.021266] (robot_msgs) StdoutLine: {'line': b'-- Symlinking: /home/y/works/ARM-Sim2sim-Isaaclab-to-Gazebo/install/robot_msgs/include/robot_msgs/robot_msgs/msg/detail/robot_command__rosidl_typesupport_fastrtps_cpp.hpp\n'}
[5.029444] (robot_msgs) StdoutLine: {'line': b'-- Symlinking: /home/y/works/ARM-Sim2sim-Isaaclab-to-Gazebo/install/robot_msgs/include/robot_msgs/robot_msgs/msg/detail/robot_state__rosidl_typesupport_fastrtps_cpp.hpp\n'}
[5.038115] (robot_msgs) StdoutLine: {'line': b'-- Symlinking: /home/y/works/ARM-Sim2sim-Isaaclab-to-Gazebo/install/robot_msgs/include/robot_msgs/robot_msgs/msg/rosidl_typesupport_fastrtps_cpp__visibility_control.h\n'}
[5.047498] (robot_msgs) StdoutLine: {'line': b'-- Symlinking: /home/y/works/ARM-Sim2sim-Isaaclab-to-Gazebo/install/robot_msgs/include/robot_msgs/robot_msgs/msg/detail/arm_debug_status__rosidl_typesupport_introspection_cpp.hpp\n'}
[5.056424] (robot_msgs) StdoutLine: {'line': b'-- Symlinking: /home/y/works/ARM-Sim2sim-Isaaclab-to-Gazebo/install/robot_msgs/include/robot_msgs/robot_msgs/msg/detail/imu__rosidl_typesupport_introspection_cpp.hpp\n'}
[5.063914] (robot_msgs) StdoutLine: {'line': b'-- Symlinking: /home/y/works/ARM-Sim2sim-Isaaclab-to-Gazebo/install/robot_msgs/include/robot_msgs/robot_msgs/msg/detail/motor_command__rosidl_typesupport_introspection_cpp.hpp\n'}
[5.072917] (robot_msgs) StdoutLine: {'line': b'-- Symlinking: /home/y/works/ARM-Sim2sim-Isaaclab-to-Gazebo/install/robot_msgs/include/robot_msgs/robot_msgs/msg/detail/motor_state__rosidl_typesupport_introspection_cpp.hpp\n'}
[5.081197] (robot_msgs) StdoutLine: {'line': b'-- Symlinking: /home/y/works/ARM-Sim2sim-Isaaclab-to-Gazebo/install/robot_msgs/include/robot_msgs/robot_msgs/msg/detail/robot_command__rosidl_typesupport_introspection_cpp.hpp\n'}
[5.089449] (robot_msgs) StdoutLine: {'line': b'-- Symlinking: /home/y/works/ARM-Sim2sim-Isaaclab-to-Gazebo/install/robot_msgs/include/robot_msgs/robot_msgs/msg/detail/robot_state__rosidl_typesupport_introspection_cpp.hpp\n'}
[5.097400] (robot_msgs) StdoutLine: {'line': b'-- Symlinking: /home/y/works/ARM-Sim2sim-Isaaclab-to-Gazebo/install/robot_msgs/share/robot_msgs/environment/pythonpath.sh\n'}
[5.105641] (robot_msgs) StdoutLine: {'line': b'-- Symlinking: /home/y/works/ARM-Sim2sim-Isaaclab-to-Gazebo/install/robot_msgs/share/robot_msgs/environment/pythonpath.dsv\n'}
[5.109145] (-) TimerEvent: {}
[5.116024] (robot_msgs) StdoutLine: {'line': b'-- Symlinking: /home/y/works/ARM-Sim2sim-Isaaclab-to-Gazebo/install/robot_msgs/local/lib/python3.10/dist-packages/robot_msgs-1.0.0-py3.10.egg-info/PKG-INFO\n'}
[5.123680] (robot_msgs) StdoutLine: {'line': b'-- Symlinking: /home/y/works/ARM-Sim2sim-Isaaclab-to-Gazebo/install/robot_msgs/local/lib/python3.10/dist-packages/robot_msgs-1.0.0-py3.10.egg-info/SOURCES.txt\n'}
[5.131559] (robot_msgs) StdoutLine: {'line': b'-- Symlinking: /home/y/works/ARM-Sim2sim-Isaaclab-to-Gazebo/install/robot_msgs/local/lib/python3.10/dist-packages/robot_msgs-1.0.0-py3.10.egg-info/dependency_links.txt\n'}
[5.138867] (robot_msgs) StdoutLine: {'line': b'-- Symlinking: /home/y/works/ARM-Sim2sim-Isaaclab-to-Gazebo/install/robot_msgs/local/lib/python3.10/dist-packages/robot_msgs-1.0.0-py3.10.egg-info/top_level.txt\n'}
[5.148105] (robot_msgs) StdoutLine: {'line': b'-- Symlinking: /home/y/works/ARM-Sim2sim-Isaaclab-to-Gazebo/install/robot_msgs/local/lib/python3.10/dist-packages/robot_msgs/__init__.py\n'}
[5.155194] (robot_msgs) StdoutLine: {'line': b'-- Symlinking: /home/y/works/ARM-Sim2sim-Isaaclab-to-Gazebo/install/robot_msgs/local/lib/python3.10/dist-packages/robot_msgs/_robot_msgs_s.ep.rosidl_typesupport_c.c\n'}
[5.163277] (robot_msgs) StdoutLine: {'line': b'-- Symlinking: /home/y/works/ARM-Sim2sim-Isaaclab-to-Gazebo/install/robot_msgs/local/lib/python3.10/dist-packages/robot_msgs/_robot_msgs_s.ep.rosidl_typesupport_fastrtps_c.c\n'}
[5.171350] (robot_msgs) StdoutLine: {'line': b'-- Symlinking: /home/y/works/ARM-Sim2sim-Isaaclab-to-Gazebo/install/robot_msgs/local/lib/python3.10/dist-packages/robot_msgs/_robot_msgs_s.ep.rosidl_typesupport_introspection_c.c\n'}
[5.179648] (robot_msgs) StdoutLine: {'line': b'-- Symlinking: /home/y/works/ARM-Sim2sim-Isaaclab-to-Gazebo/install/robot_msgs/local/lib/python3.10/dist-packages/robot_msgs/librobot_msgs__rosidl_generator_py.so\n'}
[5.187363] (robot_msgs) StdoutLine: {'line': b'-- Symlinking: /home/y/works/ARM-Sim2sim-Isaaclab-to-Gazebo/install/robot_msgs/local/lib/python3.10/dist-packages/robot_msgs/msg/__init__.py\n'}
[5.195928] (robot_msgs) StdoutLine: {'line': b'-- Symlinking: /home/y/works/ARM-Sim2sim-Isaaclab-to-Gazebo/install/robot_msgs/local/lib/python3.10/dist-packages/robot_msgs/msg/_arm_debug_status.py\n'}
[5.204265] (robot_msgs) StdoutLine: {'line': b'-- Symlinking: /home/y/works/ARM-Sim2sim-Isaaclab-to-Gazebo/install/robot_msgs/local/lib/python3.10/dist-packages/robot_msgs/msg/_arm_debug_status_s.c\n'}
[5.209251] (-) TimerEvent: {}
[5.212693] (robot_msgs) StdoutLine: {'line': b'-- Symlinking: /home/y/works/ARM-Sim2sim-Isaaclab-to-Gazebo/install/robot_msgs/local/lib/python3.10/dist-packages/robot_msgs/msg/_imu.py\n'}
[5.222080] (robot_msgs) StdoutLine: {'line': b'-- Symlinking: /home/y/works/ARM-Sim2sim-Isaaclab-to-Gazebo/install/robot_msgs/local/lib/python3.10/dist-packages/robot_msgs/msg/_imu_s.c\n'}
[5.231734] (robot_msgs) StdoutLine: {'line': b'-- Symlinking: /home/y/works/ARM-Sim2sim-Isaaclab-to-Gazebo/install/robot_msgs/local/lib/python3.10/dist-packages/robot_msgs/msg/_motor_command.py\n'}
[5.239614] (robot_msgs) StdoutLine: {'line': b'-- Symlinking: /home/y/works/ARM-Sim2sim-Isaaclab-to-Gazebo/install/robot_msgs/local/lib/python3.10/dist-packages/robot_msgs/msg/_motor_command_s.c\n'}
[5.247716] (robot_msgs) StdoutLine: {'line': b'-- Symlinking: /home/y/works/ARM-Sim2sim-Isaaclab-to-Gazebo/install/robot_msgs/local/lib/python3.10/dist-packages/robot_msgs/msg/_motor_state.py\n'}
[5.256155] (robot_msgs) StdoutLine: {'line': b'-- Symlinking: /home/y/works/ARM-Sim2sim-Isaaclab-to-Gazebo/install/robot_msgs/local/lib/python3.10/dist-packages/robot_msgs/msg/_motor_state_s.c\n'}
[5.264506] (robot_msgs) StdoutLine: {'line': b'-- Symlinking: /home/y/works/ARM-Sim2sim-Isaaclab-to-Gazebo/install/robot_msgs/local/lib/python3.10/dist-packages/robot_msgs/msg/_robot_command.py\n'}
[5.273066] (robot_msgs) StdoutLine: {'line': b'-- Symlinking: /home/y/works/ARM-Sim2sim-Isaaclab-to-Gazebo/install/robot_msgs/local/lib/python3.10/dist-packages/robot_msgs/msg/_robot_command_s.c\n'}
[5.281575] (robot_msgs) StdoutLine: {'line': b'-- Symlinking: /home/y/works/ARM-Sim2sim-Isaaclab-to-Gazebo/install/robot_msgs/local/lib/python3.10/dist-packages/robot_msgs/msg/_robot_state.py\n'}
[5.291298] (robot_msgs) StdoutLine: {'line': b'-- Symlinking: /home/y/works/ARM-Sim2sim-Isaaclab-to-Gazebo/install/robot_msgs/local/lib/python3.10/dist-packages/robot_msgs/msg/_robot_state_s.c\n'}
[5.299179] (robot_msgs) StdoutLine: {'line': b'-- Symlinking: /home/y/works/ARM-Sim2sim-Isaaclab-to-Gazebo/install/robot_msgs/local/lib/python3.10/dist-packages/robot_msgs/robot_msgs_s__rosidl_typesupport_c.cpython-310-x86_64-linux-gnu.so\n'}
[5.309053] (robot_msgs) StdoutLine: {'line': b'-- Symlinking: /home/y/works/ARM-Sim2sim-Isaaclab-to-Gazebo/install/robot_msgs/local/lib/python3.10/dist-packages/robot_msgs/robot_msgs_s__rosidl_typesupport_fastrtps_c.cpython-310-x86_64-linux-gnu.so\n'}
[5.309308] (-) TimerEvent: {}
[5.317056] (robot_msgs) StdoutLine: {'line': b'-- Symlinking: /home/y/works/ARM-Sim2sim-Isaaclab-to-Gazebo/install/robot_msgs/local/lib/python3.10/dist-packages/robot_msgs/robot_msgs_s__rosidl_typesupport_introspection_c.cpython-310-x86_64-linux-gnu.so\n'}
[5.325881] (robot_msgs) StdoutLine: {'line': b'-- Up-to-date symlink: /home/y/works/ARM-Sim2sim-Isaaclab-to-Gazebo/install/robot_msgs/local/lib/python3.10/dist-packages/robot_msgs/robot_msgs_s__rosidl_typesupport_fastrtps_c.cpython-310-x86_64-linux-gnu.so\n'}
[5.326118] (robot_msgs) StdoutLine: {'line': b'-- Up-to-date symlink: /home/y/works/ARM-Sim2sim-Isaaclab-to-Gazebo/install/robot_msgs/local/lib/python3.10/dist-packages/robot_msgs/robot_msgs_s__rosidl_typesupport_introspection_c.cpython-310-x86_64-linux-gnu.so\n'}
[5.326206] (robot_msgs) StdoutLine: {'line': b'-- Up-to-date symlink: /home/y/works/ARM-Sim2sim-Isaaclab-to-Gazebo/install/robot_msgs/local/lib/python3.10/dist-packages/robot_msgs/robot_msgs_s__rosidl_typesupport_c.cpython-310-x86_64-linux-gnu.so\n'}
[5.326253] (robot_msgs) StdoutLine: {'line': b'-- Symlinking: /home/y/works/ARM-Sim2sim-Isaaclab-to-Gazebo/install/robot_msgs/share/robot_msgs/msg/MotorCommand.idl\n'}
[5.334647] (robot_msgs) StdoutLine: {'line': b'-- Symlinking: /home/y/works/ARM-Sim2sim-Isaaclab-to-Gazebo/install/robot_msgs/share/robot_msgs/msg/MotorState.idl\n'}
[5.343711] (robot_msgs) StdoutLine: {'line': b'-- Symlinking: /home/y/works/ARM-Sim2sim-Isaaclab-to-Gazebo/install/robot_msgs/share/robot_msgs/msg/RobotCommand.idl\n'}
[5.352551] (robot_msgs) StdoutLine: {'line': b'-- Symlinking: /home/y/works/ARM-Sim2sim-Isaaclab-to-Gazebo/install/robot_msgs/share/robot_msgs/msg/RobotState.idl\n'}
[5.361400] (robot_msgs) StdoutLine: {'line': b'-- Symlinking: /home/y/works/ARM-Sim2sim-Isaaclab-to-Gazebo/install/robot_msgs/share/robot_msgs/msg/IMU.idl\n'}
[5.370388] (robot_msgs) StdoutLine: {'line': b'-- Symlinking: /home/y/works/ARM-Sim2sim-Isaaclab-to-Gazebo/install/robot_msgs/share/robot_msgs/msg/ArmDebugStatus.idl\n'}
[5.380248] (robot_msgs) StdoutLine: {'line': b'-- Symlinking: /home/y/works/ARM-Sim2sim-Isaaclab-to-Gazebo/install/robot_msgs/share/robot_msgs/msg/MotorCommand.msg\n'}
[5.388800] (robot_msgs) StdoutLine: {'line': b'-- Symlinking: /home/y/works/ARM-Sim2sim-Isaaclab-to-Gazebo/install/robot_msgs/share/robot_msgs/msg/MotorState.msg\n'}
[5.399659] (robot_msgs) StdoutLine: {'line': b'-- Symlinking: /home/y/works/ARM-Sim2sim-Isaaclab-to-Gazebo/install/robot_msgs/share/robot_msgs/msg/RobotCommand.msg\n'}
[5.408526] (robot_msgs) StdoutLine: {'line': b'-- Symlinking: /home/y/works/ARM-Sim2sim-Isaaclab-to-Gazebo/install/robot_msgs/share/robot_msgs/msg/RobotState.msg\n'}
[5.409381] (-) TimerEvent: {}
[5.417340] (robot_msgs) StdoutLine: {'line': b'-- Symlinking: /home/y/works/ARM-Sim2sim-Isaaclab-to-Gazebo/install/robot_msgs/share/robot_msgs/msg/IMU.msg\n'}
[5.426865] (robot_msgs) StdoutLine: {'line': b'-- Symlinking: /home/y/works/ARM-Sim2sim-Isaaclab-to-Gazebo/install/robot_msgs/share/robot_msgs/msg/ArmDebugStatus.msg\n'}
[5.434893] (robot_msgs) StdoutLine: {'line': b'-- Symlinking: /home/y/works/ARM-Sim2sim-Isaaclab-to-Gazebo/install/robot_msgs/share/ament_index/resource_index/package_run_dependencies/robot_msgs\n'}
[5.444890] (robot_msgs) StdoutLine: {'line': b'-- Symlinking: /home/y/works/ARM-Sim2sim-Isaaclab-to-Gazebo/install/robot_msgs/share/ament_index/resource_index/parent_prefix_path/robot_msgs\n'}
[5.452965] (robot_msgs) StdoutLine: {'line': b'-- Symlinking: /home/y/works/ARM-Sim2sim-Isaaclab-to-Gazebo/install/robot_msgs/share/robot_msgs/environment/ament_prefix_path.sh\n'}
[5.461361] (robot_msgs) StdoutLine: {'line': b'-- Symlinking: /home/y/works/ARM-Sim2sim-Isaaclab-to-Gazebo/install/robot_msgs/share/robot_msgs/environment/ament_prefix_path.dsv\n'}
[5.468804] (robot_msgs) StdoutLine: {'line': b'-- Symlinking: /home/y/works/ARM-Sim2sim-Isaaclab-to-Gazebo/install/robot_msgs/share/robot_msgs/environment/path.sh\n'}
[5.477767] (robot_msgs) StdoutLine: {'line': b'-- Symlinking: /home/y/works/ARM-Sim2sim-Isaaclab-to-Gazebo/install/robot_msgs/share/robot_msgs/environment/path.dsv\n'}
[5.485733] (robot_msgs) StdoutLine: {'line': b'-- Symlinking: /home/y/works/ARM-Sim2sim-Isaaclab-to-Gazebo/install/robot_msgs/share/robot_msgs/local_setup.bash\n'}
[5.495643] (robot_msgs) StdoutLine: {'line': b'-- Symlinking: /home/y/works/ARM-Sim2sim-Isaaclab-to-Gazebo/install/robot_msgs/share/robot_msgs/local_setup.sh\n'}
[5.504912] (robot_msgs) StdoutLine: {'line': b'-- Symlinking: /home/y/works/ARM-Sim2sim-Isaaclab-to-Gazebo/install/robot_msgs/share/robot_msgs/local_setup.zsh\n'}
[5.509469] (-) TimerEvent: {}
[5.513476] (robot_msgs) StdoutLine: {'line': b'-- Symlinking: /home/y/works/ARM-Sim2sim-Isaaclab-to-Gazebo/install/robot_msgs/share/robot_msgs/local_setup.dsv\n'}
[5.521628] (robot_msgs) StdoutLine: {'line': b'-- Symlinking: /home/y/works/ARM-Sim2sim-Isaaclab-to-Gazebo/install/robot_msgs/share/robot_msgs/package.dsv\n'}
[5.531375] (robot_msgs) StdoutLine: {'line': b'-- Symlinking: /home/y/works/ARM-Sim2sim-Isaaclab-to-Gazebo/install/robot_msgs/share/ament_index/resource_index/packages/robot_msgs\n'}
[5.540245] (robot_msgs) StdoutLine: {'line': b'-- Symlinking: /home/y/works/ARM-Sim2sim-Isaaclab-to-Gazebo/install/robot_msgs/share/robot_msgs/cmake/rosidl_cmake-extras.cmake\n'}
[5.549144] (robot_msgs) StdoutLine: {'line': b'-- Symlinking: /home/y/works/ARM-Sim2sim-Isaaclab-to-Gazebo/install/robot_msgs/share/robot_msgs/cmake/ament_cmake_export_dependencies-extras.cmake\n'}
[5.557859] (robot_msgs) StdoutLine: {'line': b'-- Symlinking: /home/y/works/ARM-Sim2sim-Isaaclab-to-Gazebo/install/robot_msgs/share/robot_msgs/cmake/ament_cmake_export_include_directories-extras.cmake\n'}
[5.565461] (robot_msgs) StdoutLine: {'line': b'-- Symlinking: /home/y/works/ARM-Sim2sim-Isaaclab-to-Gazebo/install/robot_msgs/share/robot_msgs/cmake/ament_cmake_export_libraries-extras.cmake\n'}
[5.572901] (robot_msgs) StdoutLine: {'line': b'-- Symlinking: /home/y/works/ARM-Sim2sim-Isaaclab-to-Gazebo/install/robot_msgs/share/robot_msgs/cmake/ament_cmake_export_targets-extras.cmake\n'}
[5.580558] (robot_msgs) StdoutLine: {'line': b'-- Symlinking: /home/y/works/ARM-Sim2sim-Isaaclab-to-Gazebo/install/robot_msgs/share/robot_msgs/cmake/rosidl_cmake_export_typesupport_targets-extras.cmake\n'}
[5.588351] (robot_msgs) StdoutLine: {'line': b'-- Symlinking: /home/y/works/ARM-Sim2sim-Isaaclab-to-Gazebo/install/robot_msgs/share/robot_msgs/cmake/rosidl_cmake_export_typesupport_libraries-extras.cmake\n'}
[5.596465] (robot_msgs) StdoutLine: {'line': b'-- Symlinking: /home/y/works/ARM-Sim2sim-Isaaclab-to-Gazebo/install/robot_msgs/share/robot_msgs/cmake/robot_msgsConfig.cmake\n'}
[5.604193] (robot_msgs) StdoutLine: {'line': b'-- Symlinking: /home/y/works/ARM-Sim2sim-Isaaclab-to-Gazebo/install/robot_msgs/share/robot_msgs/cmake/robot_msgsConfig-version.cmake\n'}
[5.609563] (-) TimerEvent: {}
[5.612752] (robot_msgs) StdoutLine: {'line': b'-- Symlinking: /home/y/works/ARM-Sim2sim-Isaaclab-to-Gazebo/install/robot_msgs/share/robot_msgs/package.xml\n'}
[5.620510] (robot_msgs) StdoutLine: {'line': b'-- Installing: /home/y/works/ARM-Sim2sim-Isaaclab-to-Gazebo/install/robot_msgs/lib/librobot_msgs__rosidl_generator_c.so\n'}
[5.621098] (robot_msgs) StdoutLine: {'line': b'-- Set runtime path of "/home/y/works/ARM-Sim2sim-Isaaclab-to-Gazebo/install/robot_msgs/lib/librobot_msgs__rosidl_generator_c.so" to ""\n'}
[5.621258] (robot_msgs) StdoutLine: {'line': b'-- Installing: /home/y/works/ARM-Sim2sim-Isaaclab-to-Gazebo/install/robot_msgs/lib/librobot_msgs__rosidl_typesupport_fastrtps_c.so\n'}
[5.621654] (robot_msgs) StdoutLine: {'line': b'-- Set runtime path of "/home/y/works/ARM-Sim2sim-Isaaclab-to-Gazebo/install/robot_msgs/lib/librobot_msgs__rosidl_typesupport_fastrtps_c.so" to ""\n'}
[5.621835] (robot_msgs) StdoutLine: {'line': b'-- Installing: /home/y/works/ARM-Sim2sim-Isaaclab-to-Gazebo/install/robot_msgs/lib/librobot_msgs__rosidl_typesupport_introspection_c.so\n'}
[5.622023] (robot_msgs) StdoutLine: {'line': b'-- Set runtime path of "/home/y/works/ARM-Sim2sim-Isaaclab-to-Gazebo/install/robot_msgs/lib/librobot_msgs__rosidl_typesupport_introspection_c.so" to ""\n'}
[5.622118] (robot_msgs) StdoutLine: {'line': b'-- Installing: /home/y/works/ARM-Sim2sim-Isaaclab-to-Gazebo/install/robot_msgs/lib/librobot_msgs__rosidl_typesupport_c.so\n'}
[5.622307] (robot_msgs) StdoutLine: {'line': b'-- Set runtime path of "/home/y/works/ARM-Sim2sim-Isaaclab-to-Gazebo/install/robot_msgs/lib/librobot_msgs__rosidl_typesupport_c.so" to ""\n'}
[5.622413] (robot_msgs) StdoutLine: {'line': b'-- Installing: /home/y/works/ARM-Sim2sim-Isaaclab-to-Gazebo/install/robot_msgs/lib/librobot_msgs__rosidl_typesupport_fastrtps_cpp.so\n'}
[5.622693] (robot_msgs) StdoutLine: {'line': b'-- Set runtime path of "/home/y/works/ARM-Sim2sim-Isaaclab-to-Gazebo/install/robot_msgs/lib/librobot_msgs__rosidl_typesupport_fastrtps_cpp.so" to ""\n'}
[5.622767] (robot_msgs) StdoutLine: {'line': b'-- Installing: /home/y/works/ARM-Sim2sim-Isaaclab-to-Gazebo/install/robot_msgs/lib/librobot_msgs__rosidl_typesupport_introspection_cpp.so\n'}
[5.623100] (robot_msgs) StdoutLine: {'line': b'-- Set runtime path of "/home/y/works/ARM-Sim2sim-Isaaclab-to-Gazebo/install/robot_msgs/lib/librobot_msgs__rosidl_typesupport_introspection_cpp.so" to ""\n'}
[5.623179] (robot_msgs) StdoutLine: {'line': b'-- Installing: /home/y/works/ARM-Sim2sim-Isaaclab-to-Gazebo/install/robot_msgs/lib/librobot_msgs__rosidl_typesupport_cpp.so\n'}
[5.623470] (robot_msgs) StdoutLine: {'line': b'-- Set runtime path of "/home/y/works/ARM-Sim2sim-Isaaclab-to-Gazebo/install/robot_msgs/lib/librobot_msgs__rosidl_typesupport_cpp.so" to ""\n'}
[5.650807] (robot_msgs) StdoutLine: {'line': b"Listing '/home/y/works/ARM-Sim2sim-Isaaclab-to-Gazebo/install/robot_msgs/local/lib/python3.10/dist-packages/robot_msgs'...\n"}
[5.650995] (robot_msgs) StdoutLine: {'line': b"Compiling '/home/y/works/ARM-Sim2sim-Isaaclab-to-Gazebo/install/robot_msgs/local/lib/python3.10/dist-packages/robot_msgs/__init__.py'...\n"}
[5.651087] (robot_msgs) StdoutLine: {'line': b"Listing '/home/y/works/ARM-Sim2sim-Isaaclab-to-Gazebo/install/robot_msgs/local/lib/python3.10/dist-packages/robot_msgs/msg'...\n"}
[5.651167] (robot_msgs) StdoutLine: {'line': b"Compiling '/home/y/works/ARM-Sim2sim-Isaaclab-to-Gazebo/install/robot_msgs/local/lib/python3.10/dist-packages/robot_msgs/msg/__init__.py'...\n"}
[5.651249] (robot_msgs) StdoutLine: {'line': b"Compiling '/home/y/works/ARM-Sim2sim-Isaaclab-to-Gazebo/install/robot_msgs/local/lib/python3.10/dist-packages/robot_msgs/msg/_arm_debug_status.py'...\n"}
[5.651343] (robot_msgs) StdoutLine: {'line': b"Compiling '/home/y/works/ARM-Sim2sim-Isaaclab-to-Gazebo/install/robot_msgs/local/lib/python3.10/dist-packages/robot_msgs/msg/_imu.py'...\n"}
[5.651405] (robot_msgs) StdoutLine: {'line': b"Compiling '/home/y/works/ARM-Sim2sim-Isaaclab-to-Gazebo/install/robot_msgs/local/lib/python3.10/dist-packages/robot_msgs/msg/_motor_command.py'...\n"}
[5.651464] (robot_msgs) StdoutLine: {'line': b"Compiling '/home/y/works/ARM-Sim2sim-Isaaclab-to-Gazebo/install/robot_msgs/local/lib/python3.10/dist-packages/robot_msgs/msg/_motor_state.py'...\n"}
[5.651488] (robot_msgs) StdoutLine: {'line': b"Compiling '/home/y/works/ARM-Sim2sim-Isaaclab-to-Gazebo/install/robot_msgs/local/lib/python3.10/dist-packages/robot_msgs/msg/_robot_command.py'...\n"}
[5.651512] (robot_msgs) StdoutLine: {'line': b"Compiling '/home/y/works/ARM-Sim2sim-Isaaclab-to-Gazebo/install/robot_msgs/local/lib/python3.10/dist-packages/robot_msgs/msg/_robot_state.py'...\n"}
[5.653489] (robot_msgs) StdoutLine: {'line': b'-- Installing: /home/y/works/ARM-Sim2sim-Isaaclab-to-Gazebo/install/robot_msgs/lib/librobot_msgs__rosidl_generator_py.so\n'}
[5.653966] (robot_msgs) StdoutLine: {'line': b'-- Set runtime path of "/home/y/works/ARM-Sim2sim-Isaaclab-to-Gazebo/install/robot_msgs/lib/librobot_msgs__rosidl_generator_py.so" to ""\n'}
[5.654045] (robot_msgs) StdoutLine: {'line': b'-- Installing: /home/y/works/ARM-Sim2sim-Isaaclab-to-Gazebo/install/robot_msgs/share/robot_msgs/cmake/export_robot_msgs__rosidl_generator_cExport.cmake\n'}
[5.654263] (robot_msgs) StdoutLine: {'line': b'-- Installing: /home/y/works/ARM-Sim2sim-Isaaclab-to-Gazebo/install/robot_msgs/share/robot_msgs/cmake/export_robot_msgs__rosidl_generator_cExport-noconfig.cmake\n'}
[5.654339] (robot_msgs) StdoutLine: {'line': b'-- Installing: /home/y/works/ARM-Sim2sim-Isaaclab-to-Gazebo/install/robot_msgs/share/robot_msgs/cmake/export_robot_msgs__rosidl_typesupport_fastrtps_cExport.cmake\n'}
[5.654491] (robot_msgs) StdoutLine: {'line': b'-- Installing: /home/y/works/ARM-Sim2sim-Isaaclab-to-Gazebo/install/robot_msgs/share/robot_msgs/cmake/export_robot_msgs__rosidl_typesupport_fastrtps_cExport-noconfig.cmake\n'}
[5.654794] (robot_msgs) StdoutLine: {'line': b'-- Installing: /home/y/works/ARM-Sim2sim-Isaaclab-to-Gazebo/install/robot_msgs/share/robot_msgs/cmake/robot_msgs__rosidl_typesupport_introspection_cExport.cmake\n'}
[5.655037] (robot_msgs) StdoutLine: {'line': b'-- Installing: /home/y/works/ARM-Sim2sim-Isaaclab-to-Gazebo/install/robot_msgs/share/robot_msgs/cmake/robot_msgs__rosidl_typesupport_introspection_cExport-noconfig.cmake\n'}
[5.655150] (robot_msgs) StdoutLine: {'line': b'-- Installing: /home/y/works/ARM-Sim2sim-Isaaclab-to-Gazebo/install/robot_msgs/share/robot_msgs/cmake/robot_msgs__rosidl_typesupport_cExport.cmake\n'}
[5.655278] (robot_msgs) StdoutLine: {'line': b'-- Installing: /home/y/works/ARM-Sim2sim-Isaaclab-to-Gazebo/install/robot_msgs/share/robot_msgs/cmake/robot_msgs__rosidl_typesupport_cExport-noconfig.cmake\n'}
[5.655396] (robot_msgs) StdoutLine: {'line': b'-- Installing: /home/y/works/ARM-Sim2sim-Isaaclab-to-Gazebo/install/robot_msgs/share/robot_msgs/cmake/export_robot_msgs__rosidl_generator_cppExport.cmake\n'}
[5.655494] (robot_msgs) StdoutLine: {'line': b'-- Installing: /home/y/works/ARM-Sim2sim-Isaaclab-to-Gazebo/install/robot_msgs/share/robot_msgs/cmake/export_robot_msgs__rosidl_typesupport_fastrtps_cppExport.cmake\n'}
[5.655590] (robot_msgs) StdoutLine: {'line': b'-- Installing: /home/y/works/ARM-Sim2sim-Isaaclab-to-Gazebo/install/robot_msgs/share/robot_msgs/cmake/export_robot_msgs__rosidl_typesupport_fastrtps_cppExport-noconfig.cmake\n'}
[5.655691] (robot_msgs) StdoutLine: {'line': b'-- Installing: /home/y/works/ARM-Sim2sim-Isaaclab-to-Gazebo/install/robot_msgs/share/robot_msgs/cmake/robot_msgs__rosidl_typesupport_introspection_cppExport.cmake\n'}
[5.655785] (robot_msgs) StdoutLine: {'line': b'-- Installing: /home/y/works/ARM-Sim2sim-Isaaclab-to-Gazebo/install/robot_msgs/share/robot_msgs/cmake/robot_msgs__rosidl_typesupport_introspection_cppExport-noconfig.cmake\n'}
[5.655891] (robot_msgs) StdoutLine: {'line': b'-- Installing: /home/y/works/ARM-Sim2sim-Isaaclab-to-Gazebo/install/robot_msgs/share/robot_msgs/cmake/robot_msgs__rosidl_typesupport_cppExport.cmake\n'}
[5.655993] (robot_msgs) StdoutLine: {'line': b'-- Installing: /home/y/works/ARM-Sim2sim-Isaaclab-to-Gazebo/install/robot_msgs/share/robot_msgs/cmake/robot_msgs__rosidl_typesupport_cppExport-noconfig.cmake\n'}
[5.656112] (robot_msgs) StdoutLine: {'line': b'-- Installing: /home/y/works/ARM-Sim2sim-Isaaclab-to-Gazebo/install/robot_msgs/share/robot_msgs/cmake/export_robot_msgs__rosidl_generator_pyExport.cmake\n'}
[5.656252] (robot_msgs) StdoutLine: {'line': b'-- Installing: /home/y/works/ARM-Sim2sim-Isaaclab-to-Gazebo/install/robot_msgs/share/robot_msgs/cmake/export_robot_msgs__rosidl_generator_pyExport-noconfig.cmake\n'}
[5.658432] (robot_msgs) CommandEnded: {'returncode': 0}
[5.670591] (robot_msgs) JobEnded: {'identifier': 'robot_msgs', 'rc': 0}
[5.671025] (-) EventReactorShutdown: {}
